<?xml version="1.0" encoding="UTF-8"?>
<TestRun id="5e511ebc-fa57-4d6a-ae4e-ba7c0c0f7070" name="rNdm@RNDM-PC 2014-03-05 22:15:49" runUser="RNDM-PC\rNdm" xmlns="http://microsoft.com/schemas/VisualStudio/TeamTest/2010">
  <TestSettings name="Local" id="ab684e55-41fe-4872-9932-1149f5004a7c">
    <Description>These are default test settings for a local test run.</Description>
    <Deployment runDeploymentRoot="rNdm_RNDM-PC 2014-03-05 22_15_49">
      <DeploymentItem filename="E:\Work\C#\Stack Unit Testing\Stack Unit Testing\bin\Debug\Stack Unit Testing.exe" />
    </Deployment>
    <Execution>
      <TestTypeSpecific>
        <UnitTestRunConfig testTypeId="13cdc9d9-ddb5-4fa4-a97d-d965ccfc6d4b">
          <AssemblyResolution>
            <TestDirectory useLoadContext="true" />
          </AssemblyResolution>
        </UnitTestRunConfig>
        <WebTestRunConfiguration testTypeId="4e7599fa-5ecb-43e9-a887-cd63cf72d207">
          <Browser name="Internet Explorer 7.0">
            <Headers>
              <Header name="User-Agent" value="Mozilla/4.0 (compatible; MSIE 7.0; Windows NT 5.1)" />
              <Header name="Accept" value="*/*" />
              <Header name="Accept-Language" value="{{$IEAcceptLanguage}}" />
              <Header name="Accept-Encoding" value="GZIP" />
            </Headers>
          </Browser>
        </WebTestRunConfiguration>
      </TestTypeSpecific>
      <AgentRule name="LocalMachineDefaultRole">
      </AgentRule>
    </Execution>
  </TestSettings>
  <Times creation="2014-03-05T22:15:49.3675346+13:00" queuing="2014-03-05T22:15:49.4905744+13:00" start="2014-03-05T22:15:49.4965208+13:00" finish="2014-03-05T22:15:49.6755322+13:00" />
  <ResultSummary outcome="Completed">
    <Counters total="16" executed="16" passed="16" error="0" failed="0" timeout="0" aborted="0" inconclusive="0" passedButRunAborted="0" notRunnable="0" notExecuted="0" disconnected="0" warning="0" completed="0" inProgress="0" pending="0" />
  </ResultSummary>
  <TestDefinitions>
    <UnitTest name="PeekTestHelperEmptyStackTrue" storage="e:\work\c#\stack unit testing\stack unit testing tests\bin\debug\stack unit testing tests.dll" id="65690538-7b69-c615-ce70-9c6f2a87d103">
      <DeploymentItems>
        <DeploymentItem filename="Stack Unit Testing.exe" />
      </DeploymentItems>
      <Execution id="21bb9db2-c02d-4e04-85e8-58731a4ac258" />
      <TestMethod codeBase="E:/Work/C#/Stack Unit Testing/Stack Unit Testing Tests/bin/Debug/Stack Unit Testing Tests.DLL" adapterTypeName="Microsoft.VisualStudio.TestTools.TestTypes.Unit.UnitTestAdapter, Microsoft.VisualStudio.QualityTools.Tips.UnitTest.Adapter, Version=10.0.0.0, Culture=neutral, PublicKeyToken=b03f5f7f11d50a3a" className="Stack_Unit_Testing_Tests.StackTest, Stack Unit Testing Tests, Version=1.0.0.0, Culture=neutral, PublicKeyToken=null" name="PeekTestHelperEmptyStackTrue" />
    </UnitTest>
    <UnitTest name="CountTestEmptyStack" storage="e:\work\c#\stack unit testing\stack unit testing tests\bin\debug\stack unit testing tests.dll" id="820c65c9-3833-e6b0-bb49-8afe247a01bb">
      <DeploymentItems>
        <DeploymentItem filename="Stack Unit Testing.exe" />
      </DeploymentItems>
      <Execution id="e3006518-3213-4227-a29c-c99bbc7e15e9" />
      <TestMethod codeBase="E:/Work/C#/Stack Unit Testing/Stack Unit Testing Tests/bin/Debug/Stack Unit Testing Tests.DLL" adapterTypeName="Microsoft.VisualStudio.TestTools.TestTypes.Unit.UnitTestAdapter, Microsoft.VisualStudio.QualityTools.Tips.UnitTest.Adapter, Version=10.0.0.0, Culture=neutral, PublicKeyToken=b03f5f7f11d50a3a" className="Stack_Unit_Testing_Tests.StackTest, Stack Unit Testing Tests, Version=1.0.0.0, Culture=neutral, PublicKeyToken=null" name="CountTestEmptyStack" />
    </UnitTest>
    <UnitTest name="CountTestDefault" storage="e:\work\c#\stack unit testing\stack unit testing tests\bin\debug\stack unit testing tests.dll" id="6ebd3136-4d71-3c7c-96c2-a536d4b45671">
      <DeploymentItems>
        <DeploymentItem filename="Stack Unit Testing.exe" />
      </DeploymentItems>
      <Execution id="69d00cee-88b8-4c78-a48e-a30289ce4415" />
      <TestMethod codeBase="E:/Work/C#/Stack Unit Testing/Stack Unit Testing Tests/bin/Debug/Stack Unit Testing Tests.DLL" adapterTypeName="Microsoft.VisualStudio.TestTools.TestTypes.Unit.UnitTestAdapter, Microsoft.VisualStudio.QualityTools.Tips.UnitTest.Adapter, Version=10.0.0.0, Culture=neutral, PublicKeyToken=b03f5f7f11d50a3a" className="Stack_Unit_Testing_Tests.StackTest, Stack Unit Testing Tests, Version=1.0.0.0, Culture=neutral, PublicKeyToken=null" name="CountTestDefault" />
    </UnitTest>
    <UnitTest name="IsEmptyTestHelperTrue" storage="e:\work\c#\stack unit testing\stack unit testing tests\bin\debug\stack unit testing tests.dll" id="12a16b75-0f11-f887-c517-beef22b149c1">
      <DeploymentItems>
        <DeploymentItem filename="Stack Unit Testing.exe" />
      </DeploymentItems>
      <Execution id="18e14e50-7689-4ef8-a544-df5af05bd27f" />
      <TestMethod codeBase="E:/Work/C#/Stack Unit Testing/Stack Unit Testing Tests/bin/Debug/Stack Unit Testing Tests.DLL" adapterTypeName="Microsoft.VisualStudio.TestTools.TestTypes.Unit.UnitTestAdapter, Microsoft.VisualStudio.QualityTools.Tips.UnitTest.Adapter, Version=10.0.0.0, Culture=neutral, PublicKeyToken=b03f5f7f11d50a3a" className="Stack_Unit_Testing_Tests.StackTest, Stack Unit Testing Tests, Version=1.0.0.0, Culture=neutral, PublicKeyToken=null" name="IsEmptyTestHelperTrue" />
    </UnitTest>
    <UnitTest name="IsEmptyTestHelperFalse" storage="e:\work\c#\stack unit testing\stack unit testing tests\bin\debug\stack unit testing tests.dll" id="30478b2b-0337-381a-a03f-215419e77da5">
      <DeploymentItems>
        <DeploymentItem filename="Stack Unit Testing.exe" />
      </DeploymentItems>
      <Execution id="917eebb3-3086-493c-b9ab-7e25f763d9a8" />
      <TestMethod codeBase="E:/Work/C#/Stack Unit Testing/Stack Unit Testing Tests/bin/Debug/Stack Unit Testing Tests.DLL" adapterTypeName="Microsoft.VisualStudio.TestTools.TestTypes.Unit.UnitTestAdapter, Microsoft.VisualStudio.QualityTools.Tips.UnitTest.Adapter, Version=10.0.0.0, Culture=neutral, PublicKeyToken=b03f5f7f11d50a3a" className="Stack_Unit_Testing_Tests.StackTest, Stack Unit Testing Tests, Version=1.0.0.0, Culture=neutral, PublicKeyToken=null" name="IsEmptyTestHelperFalse" />
    </UnitTest>
    <UnitTest name="PopTestEmptyStack" storage="e:\work\c#\stack unit testing\stack unit testing tests\bin\debug\stack unit testing tests.dll" id="44ee2b87-7353-582f-c9be-19c3ef4480b9">
      <DeploymentItems>
        <DeploymentItem filename="Stack Unit Testing.exe" />
      </DeploymentItems>
      <Execution id="93871d86-1231-48fa-a990-4d4f99f756eb" />
      <TestMethod codeBase="E:/Work/C#/Stack Unit Testing/Stack Unit Testing Tests/bin/Debug/Stack Unit Testing Tests.DLL" adapterTypeName="Microsoft.VisualStudio.TestTools.TestTypes.Unit.UnitTestAdapter, Microsoft.VisualStudio.QualityTools.Tips.UnitTest.Adapter, Version=10.0.0.0, Culture=neutral, PublicKeyToken=b03f5f7f11d50a3a" className="Stack_Unit_Testing_Tests.StackTest, Stack Unit Testing Tests, Version=1.0.0.0, Culture=neutral, PublicKeyToken=null" name="PopTestEmptyStack" />
    </UnitTest>
    <UnitTest name="StackConstructorTestHelper" storage="e:\work\c#\stack unit testing\stack unit testing tests\bin\debug\stack unit testing tests.dll" id="193f48b6-43f5-4007-5761-69c8e6b597c9">
      <DeploymentItems>
        <DeploymentItem filename="Stack Unit Testing.exe" />
      </DeploymentItems>
      <Execution id="b076ddb3-bafe-4fea-99b1-71c4b95070ee" />
      <TestMethod codeBase="E:/Work/C#/Stack Unit Testing/Stack Unit Testing Tests/bin/Debug/Stack Unit Testing Tests.DLL" adapterTypeName="Microsoft.VisualStudio.TestTools.TestTypes.Unit.UnitTestAdapter, Microsoft.VisualStudio.QualityTools.Tips.UnitTest.Adapter, Version=10.0.0.0, Culture=neutral, PublicKeyToken=b03f5f7f11d50a3a" className="Stack_Unit_Testing_Tests.StackTest, Stack Unit Testing Tests, Version=1.0.0.0, Culture=neutral, PublicKeyToken=null" name="StackConstructorTestHelper" />
    </UnitTest>
    <UnitTest name="PushTestHelperPushTillStackIsFullException" storage="e:\work\c#\stack unit testing\stack unit testing tests\bin\debug\stack unit testing tests.dll" id="b5b83ddb-b301-8aa9-f517-1e900714238f">
      <Execution id="1ff02315-2f3f-4c67-b57a-9ba6f097919a" />
      <TestMethod codeBase="E:/Work/C#/Stack Unit Testing/Stack Unit Testing Tests/bin/Debug/Stack Unit Testing Tests.DLL" adapterTypeName="Microsoft.VisualStudio.TestTools.TestTypes.Unit.UnitTestAdapter, Microsoft.VisualStudio.QualityTools.Tips.UnitTest.Adapter, Version=10.0.0.0, Culture=neutral, PublicKeyToken=b03f5f7f11d50a3a" className="Stack_Unit_Testing_Tests.StackTest, Stack Unit Testing Tests, Version=1.0.0.0, Culture=neutral, PublicKeyToken=null" name="PushTestHelperPushTillStackIsFullException" />
    </UnitTest>
    <UnitTest name="CountTestFullStack" storage="e:\work\c#\stack unit testing\stack unit testing tests\bin\debug\stack unit testing tests.dll" id="4048ccfa-25fd-673c-3d3f-3fe1e5c1ac1c">
      <DeploymentItems>
        <DeploymentItem filename="Stack Unit Testing.exe" />
      </DeploymentItems>
      <Execution id="f7d8e3a8-b10b-4deb-891d-8d8421fada79" />
      <TestMethod codeBase="E:/Work/C#/Stack Unit Testing/Stack Unit Testing Tests/bin/Debug/Stack Unit Testing Tests.DLL" adapterTypeName="Microsoft.VisualStudio.TestTools.TestTypes.Unit.UnitTestAdapter, Microsoft.VisualStudio.QualityTools.Tips.UnitTest.Adapter, Version=10.0.0.0, Culture=neutral, PublicKeyToken=b03f5f7f11d50a3a" className="Stack_Unit_Testing_Tests.StackTest, Stack Unit Testing Tests, Version=1.0.0.0, Culture=neutral, PublicKeyToken=null" name="CountTestFullStack" />
    </UnitTest>
    <UnitTest name="IsEmptyTestHelperItemsPoppedTrue" storage="e:\work\c#\stack unit testing\stack unit testing tests\bin\debug\stack unit testing tests.dll" id="492f29e3-8fee-a77b-5d75-9fbf26e7c9dd">
      <DeploymentItems>
        <DeploymentItem filename="Stack Unit Testing.exe" />
      </DeploymentItems>
      <Execution id="fb2b6d54-19d7-4e30-9edc-87556c259b01" />
      <TestMethod codeBase="E:/Work/C#/Stack Unit Testing/Stack Unit Testing Tests/bin/Debug/Stack Unit Testing Tests.DLL" adapterTypeName="Microsoft.VisualStudio.TestTools.TestTypes.Unit.UnitTestAdapter, Microsoft.VisualStudio.QualityTools.Tips.UnitTest.Adapter, Version=10.0.0.0, Culture=neutral, PublicKeyToken=b03f5f7f11d50a3a" className="Stack_Unit_Testing_Tests.StackTest, Stack Unit Testing Tests, Version=1.0.0.0, Culture=neutral, PublicKeyToken=null" name="IsEmptyTestHelperItemsPoppedTrue" />
    </UnitTest>
    <UnitTest name="PeekTestHelperDoesntRemoveItemTrue" storage="e:\work\c#\stack unit testing\stack unit testing tests\bin\debug\stack unit testing tests.dll" id="a64e7c77-a8a1-e145-70a4-72fe1550366a">
      <DeploymentItems>
        <DeploymentItem filename="Stack Unit Testing.exe" />
      </DeploymentItems>
      <Execution id="10b71e92-98f1-4c07-8a18-3e21a29e233c" />
      <TestMethod codeBase="E:/Work/C#/Stack Unit Testing/Stack Unit Testing Tests/bin/Debug/Stack Unit Testing Tests.DLL" adapterTypeName="Microsoft.VisualStudio.TestTools.TestTypes.Unit.UnitTestAdapter, Microsoft.VisualStudio.QualityTools.Tips.UnitTest.Adapter, Version=10.0.0.0, Culture=neutral, PublicKeyToken=b03f5f7f11d50a3a" className="Stack_Unit_Testing_Tests.StackTest, Stack Unit Testing Tests, Version=1.0.0.0, Culture=neutral, PublicKeyToken=null" name="PeekTestHelperDoesntRemoveItemTrue" />
    </UnitTest>
    <UnitTest name="PushTestHelperDefault" storage="e:\work\c#\stack unit testing\stack unit testing tests\bin\debug\stack unit testing tests.dll" id="0fcb5239-e4f9-cb40-28e9-c0143ac6a413">
      <DeploymentItems>
        <DeploymentItem filename="Stack Unit Testing.exe" />
      </DeploymentItems>
      <Execution id="3c8d07f7-34a0-46dd-8c9b-e887904e9656" />
      <TestMethod codeBase="E:/Work/C#/Stack Unit Testing/Stack Unit Testing Tests/bin/Debug/Stack Unit Testing Tests.DLL" adapterTypeName="Microsoft.VisualStudio.TestTools.TestTypes.Unit.UnitTestAdapter, Microsoft.VisualStudio.QualityTools.Tips.UnitTest.Adapter, Version=10.0.0.0, Culture=neutral, PublicKeyToken=b03f5f7f11d50a3a" className="Stack_Unit_Testing_Tests.StackTest, Stack Unit Testing Tests, Version=1.0.0.0, Culture=neutral, PublicKeyToken=null" name="PushTestHelperDefault" />
    </UnitTest>
    <UnitTest name="PeekTestHelperDefault" storage="e:\work\c#\stack unit testing\stack unit testing tests\bin\debug\stack unit testing tests.dll" id="29d7a5f9-3970-194f-2682-903bcf519ef2">
      <DeploymentItems>
        <DeploymentItem filename="Stack Unit Testing.exe" />
      </DeploymentItems>
      <Execution id="bc2c4c59-b735-4ec6-92d8-2392fcd04bb2" />
      <TestMethod codeBase="E:/Work/C#/Stack Unit Testing/Stack Unit Testing Tests/bin/Debug/Stack Unit Testing Tests.DLL" adapterTypeName="Microsoft.VisualStudio.TestTools.TestTypes.Unit.UnitTestAdapter, Microsoft.VisualStudio.QualityTools.Tips.UnitTest.Adapter, Version=10.0.0.0, Culture=neutral, PublicKeyToken=b03f5f7f11d50a3a" className="Stack_Unit_Testing_Tests.StackTest, Stack Unit Testing Tests, Version=1.0.0.0, Culture=neutral, PublicKeyToken=null" name="PeekTestHelperDefault" />
    </UnitTest>
    <UnitTest name="PopTestEmptyStackThenPush" storage="e:\work\c#\stack unit testing\stack unit testing tests\bin\debug\stack unit testing tests.dll" id="1422b94e-4575-c4b8-584e-a8452e706be7">
      <DeploymentItems>
        <DeploymentItem filename="Stack Unit Testing.exe" />
      </DeploymentItems>
      <Execution id="e07e149e-eed5-4f3a-b944-0f4c90a61c5d" />
      <TestMethod codeBase="E:/Work/C#/Stack Unit Testing/Stack Unit Testing Tests/bin/Debug/Stack Unit Testing Tests.DLL" adapterTypeName="Microsoft.VisualStudio.TestTools.TestTypes.Unit.UnitTestAdapter, Microsoft.VisualStudio.QualityTools.Tips.UnitTest.Adapter, Version=10.0.0.0, Culture=neutral, PublicKeyToken=b03f5f7f11d50a3a" className="Stack_Unit_Testing_Tests.StackTest, Stack Unit Testing Tests, Version=1.0.0.0, Culture=neutral, PublicKeyToken=null" name="PopTestEmptyStackThenPush" />
    </UnitTest>
    <UnitTest name="PopTestEmptyStackMultipleTimes" storage="e:\work\c#\stack unit testing\stack unit testing tests\bin\debug\stack unit testing tests.dll" id="2092c165-ea5b-bef2-a186-abe14a38f351">
      <DeploymentItems>
        <DeploymentItem filename="Stack Unit Testing.exe" />
      </DeploymentItems>
      <Execution id="6d459608-cf04-40e0-9d35-04798c396155" />
      <TestMethod codeBase="E:/Work/C#/Stack Unit Testing/Stack Unit Testing Tests/bin/Debug/Stack Unit Testing Tests.DLL" adapterTypeName="Microsoft.VisualStudio.TestTools.TestTypes.Unit.UnitTestAdapter, Microsoft.VisualStudio.QualityTools.Tips.UnitTest.Adapter, Version=10.0.0.0, Culture=neutral, PublicKeyToken=b03f5f7f11d50a3a" className="Stack_Unit_Testing_Tests.StackTest, Stack Unit Testing Tests, Version=1.0.0.0, Culture=neutral, PublicKeyToken=null" name="PopTestEmptyStackMultipleTimes" />
    </UnitTest>
    <UnitTest name="PopTestDefault" storage="e:\work\c#\stack unit testing\stack unit testing tests\bin\debug\stack unit testing tests.dll" id="e38817d2-8ab1-b8ee-2b1a-ae48d2250d61">
      <DeploymentItems>
        <DeploymentItem filename="Stack Unit Testing.exe" />
      </DeploymentItems>
      <Execution id="30065ab1-982c-4759-b8d3-8d845f8b433b" />
      <TestMethod codeBase="E:/Work/C#/Stack Unit Testing/Stack Unit Testing Tests/bin/Debug/Stack Unit Testing Tests.DLL" adapterTypeName="Microsoft.VisualStudio.TestTools.TestTypes.Unit.UnitTestAdapter, Microsoft.VisualStudio.QualityTools.Tips.UnitTest.Adapter, Version=10.0.0.0, Culture=neutral, PublicKeyToken=b03f5f7f11d50a3a" className="Stack_Unit_Testing_Tests.StackTest, Stack Unit Testing Tests, Version=1.0.0.0, Culture=neutral, PublicKeyToken=null" name="PopTestDefault" />
    </UnitTest>
  </TestDefinitions>
  <TestLists>
    <TestList name="Results Not in a List" id="8c84fa94-04c1-424b-9868-57a2d4851a1d" />
    <TestList name="All Loaded Results" id="19431567-8539-422a-85d7-44ee4e166bda" />
  </TestLists>
  <TestEntries>
    <TestEntry testId="0fcb5239-e4f9-cb40-28e9-c0143ac6a413" executionId="3c8d07f7-34a0-46dd-8c9b-e887904e9656" testListId="8c84fa94-04c1-424b-9868-57a2d4851a1d" />
    <TestEntry testId="12a16b75-0f11-f887-c517-beef22b149c1" executionId="18e14e50-7689-4ef8-a544-df5af05bd27f" testListId="8c84fa94-04c1-424b-9868-57a2d4851a1d" />
    <TestEntry testId="1422b94e-4575-c4b8-584e-a8452e706be7" executionId="e07e149e-eed5-4f3a-b944-0f4c90a61c5d" testListId="8c84fa94-04c1-424b-9868-57a2d4851a1d" />
    <TestEntry testId="193f48b6-43f5-4007-5761-69c8e6b597c9" executionId="b076ddb3-bafe-4fea-99b1-71c4b95070ee" testListId="8c84fa94-04c1-424b-9868-57a2d4851a1d" />
    <TestEntry testId="2092c165-ea5b-bef2-a186-abe14a38f351" executionId="6d459608-cf04-40e0-9d35-04798c396155" testListId="8c84fa94-04c1-424b-9868-57a2d4851a1d" />
    <TestEntry testId="29d7a5f9-3970-194f-2682-903bcf519ef2" executionId="bc2c4c59-b735-4ec6-92d8-2392fcd04bb2" testListId="8c84fa94-04c1-424b-9868-57a2d4851a1d" />
    <TestEntry testId="30478b2b-0337-381a-a03f-215419e77da5" executionId="917eebb3-3086-493c-b9ab-7e25f763d9a8" testListId="8c84fa94-04c1-424b-9868-57a2d4851a1d" />
    <TestEntry testId="4048ccfa-25fd-673c-3d3f-3fe1e5c1ac1c" executionId="f7d8e3a8-b10b-4deb-891d-8d8421fada79" testListId="8c84fa94-04c1-424b-9868-57a2d4851a1d" />
    <TestEntry testId="44ee2b87-7353-582f-c9be-19c3ef4480b9" executionId="93871d86-1231-48fa-a990-4d4f99f756eb" testListId="8c84fa94-04c1-424b-9868-57a2d4851a1d" />
    <TestEntry testId="492f29e3-8fee-a77b-5d75-9fbf26e7c9dd" executionId="fb2b6d54-19d7-4e30-9edc-87556c259b01" testListId="8c84fa94-04c1-424b-9868-57a2d4851a1d" />
    <TestEntry testId="65690538-7b69-c615-ce70-9c6f2a87d103" executionId="21bb9db2-c02d-4e04-85e8-58731a4ac258" testListId="8c84fa94-04c1-424b-9868-57a2d4851a1d" />
    <TestEntry testId="6ebd3136-4d71-3c7c-96c2-a536d4b45671" executionId="69d00cee-88b8-4c78-a48e-a30289ce4415" testListId="8c84fa94-04c1-424b-9868-57a2d4851a1d" />
    <TestEntry testId="820c65c9-3833-e6b0-bb49-8afe247a01bb" executionId="e3006518-3213-4227-a29c-c99bbc7e15e9" testListId="8c84fa94-04c1-424b-9868-57a2d4851a1d" />
    <TestEntry testId="a64e7c77-a8a1-e145-70a4-72fe1550366a" executionId="10b71e92-98f1-4c07-8a18-3e21a29e233c" testListId="8c84fa94-04c1-424b-9868-57a2d4851a1d" />
    <TestEntry testId="b5b83ddb-b301-8aa9-f517-1e900714238f" executionId="1ff02315-2f3f-4c67-b57a-9ba6f097919a" testListId="8c84fa94-04c1-424b-9868-57a2d4851a1d" />
    <TestEntry testId="e38817d2-8ab1-b8ee-2b1a-ae48d2250d61" executionId="30065ab1-982c-4759-b8d3-8d845f8b433b" testListId="8c84fa94-04c1-424b-9868-57a2d4851a1d" />
  </TestEntries>
  <Results>
    <UnitTestResult executionId="3c8d07f7-34a0-46dd-8c9b-e887904e9656" testId="0fcb5239-e4f9-cb40-28e9-c0143ac6a413" testName="PushTestHelperDefault" computerName="RNDM-PC" duration="00:00:00.0139176" startTime="2014-03-05T22:15:49.4965208+13:00" endTime="2014-03-05T22:15:49.6275583+13:00" testType="13cdc9d9-ddb5-4fa4-a97d-d965ccfc6d4b" outcome="Passed" testListId="8c84fa94-04c1-424b-9868-57a2d4851a1d" relativeResultsDirectory="3c8d07f7-34a0-46dd-8c9b-e887904e9656">
    </UnitTestResult>
    <UnitTestResult executionId="18e14e50-7689-4ef8-a544-df5af05bd27f" testId="12a16b75-0f11-f887-c517-beef22b149c1" testName="IsEmptyTestHelperTrue" computerName="RNDM-PC" duration="00:00:00.0003819" startTime="2014-03-05T22:15:49.6275583+13:00" endTime="2014-03-05T22:15:49.6295582+13:00" testType="13cdc9d9-ddb5-4fa4-a97d-d965ccfc6d4b" outcome="Passed" testListId="8c84fa94-04c1-424b-9868-57a2d4851a1d" relativeResultsDirectory="18e14e50-7689-4ef8-a544-df5af05bd27f">
    </UnitTestResult>
    <UnitTestResult executionId="e07e149e-eed5-4f3a-b944-0f4c90a61c5d" testId="1422b94e-4575-c4b8-584e-a8452e706be7" testName="PopTestEmptyStackThenPush" computerName="RNDM-PC" duration="00:00:00.0008372" startTime="2014-03-05T22:15:49.6305277+13:00" endTime="2014-03-05T22:15:49.6325598+13:00" testType="13cdc9d9-ddb5-4fa4-a97d-d965ccfc6d4b" outcome="Passed" testListId="8c84fa94-04c1-424b-9868-57a2d4851a1d" relativeResultsDirectory="e07e149e-eed5-4f3a-b944-0f4c90a61c5d">
    </UnitTestResult>
    <UnitTestResult executionId="b076ddb3-bafe-4fea-99b1-71c4b95070ee" testId="193f48b6-43f5-4007-5761-69c8e6b597c9" testName="StackConstructorTestHelper" computerName="RNDM-PC" duration="00:00:00.0001504" startTime="2014-03-05T22:15:49.6335283+13:00" endTime="2014-03-05T22:15:49.6345583+13:00" testType="13cdc9d9-ddb5-4fa4-a97d-d965ccfc6d4b" outcome="Passed" testListId="8c84fa94-04c1-424b-9868-57a2d4851a1d" relativeResultsDirectory="b076ddb3-bafe-4fea-99b1-71c4b95070ee">
    </UnitTestResult>
    <UnitTestResult executionId="6d459608-cf04-40e0-9d35-04798c396155" testId="2092c165-ea5b-bef2-a186-abe14a38f351" testName="PopTestEmptyStackMultipleTimes" computerName="RNDM-PC" duration="00:00:00.0001814" startTime="2014-03-05T22:15:49.6355447+13:00" endTime="2014-03-05T22:15:49.6365284+13:00" testType="13cdc9d9-ddb5-4fa4-a97d-d965ccfc6d4b" outcome="Passed" testListId="8c84fa94-04c1-424b-9868-57a2d4851a1d" relativeResultsDirectory="6d459608-cf04-40e0-9d35-04798c396155">
    </UnitTestResult>
    <UnitTestResult executionId="bc2c4c59-b735-4ec6-92d8-2392fcd04bb2" testId="29d7a5f9-3970-194f-2682-903bcf519ef2" testName="PeekTestHelperDefault" computerName="RNDM-PC" duration="00:00:00.0002425" startTime="2014-03-05T22:15:49.6375283+13:00" endTime="2014-03-05T22:15:49.6395537+13:00" testType="13cdc9d9-ddb5-4fa4-a97d-d965ccfc6d4b" outcome="Passed" testListId="8c84fa94-04c1-424b-9868-57a2d4851a1d" relativeResultsDirectory="bc2c4c59-b735-4ec6-92d8-2392fcd04bb2">
    </UnitTestResult>
    <UnitTestResult executionId="917eebb3-3086-493c-b9ab-7e25f763d9a8" testId="30478b2b-0337-381a-a03f-215419e77da5" testName="IsEmptyTestHelperFalse" computerName="RNDM-PC" duration="00:00:00.0002543" startTime="2014-03-05T22:15:49.6395537+13:00" endTime="2014-03-05T22:15:49.6415285+13:00" testType="13cdc9d9-ddb5-4fa4-a97d-d965ccfc6d4b" outcome="Passed" testListId="8c84fa94-04c1-424b-9868-57a2d4851a1d" relativeResultsDirectory="917eebb3-3086-493c-b9ab-7e25f763d9a8">
    </UnitTestResult>
    <UnitTestResult executionId="f7d8e3a8-b10b-4deb-891d-8d8421fada79" testId="4048ccfa-25fd-673c-3d3f-3fe1e5c1ac1c" testName="CountTestFullStack" computerName="RNDM-PC" duration="00:00:00.0005898" startTime="2014-03-05T22:15:49.6415285+13:00" endTime="2014-03-05T22:15:49.6445282+13:00" testType="13cdc9d9-ddb5-4fa4-a97d-d965ccfc6d4b" outcome="Passed" testListId="8c84fa94-04c1-424b-9868-57a2d4851a1d" relativeResultsDirectory="f7d8e3a8-b10b-4deb-891d-8d8421fada79">
    </UnitTestResult>
    <UnitTestResult executionId="93871d86-1231-48fa-a990-4d4f99f756eb" testId="44ee2b87-7353-582f-c9be-19c3ef4480b9" testName="PopTestEmptyStack" computerName="RNDM-PC" duration="00:00:00.0001862" startTime="2014-03-05T22:15:49.6445282+13:00" endTime="2014-03-05T22:15:49.6465306+13:00" testType="13cdc9d9-ddb5-4fa4-a97d-d965ccfc6d4b" outcome="Passed" testListId="8c84fa94-04c1-424b-9868-57a2d4851a1d" relativeResultsDirectory="93871d86-1231-48fa-a990-4d4f99f756eb">
    </UnitTestResult>
    <UnitTestResult executionId="fb2b6d54-19d7-4e30-9edc-87556c259b01" testId="492f29e3-8fee-a77b-5d75-9fbf26e7c9dd" testName="IsEmptyTestHelperItemsPoppedTrue" computerName="RNDM-PC" duration="00:00:00.0003117" startTime="2014-03-05T22:15:49.6465306+13:00" endTime="2014-03-05T22:15:49.6495301+13:00" testType="13cdc9d9-ddb5-4fa4-a97d-d965ccfc6d4b" outcome="Passed" testListId="8c84fa94-04c1-424b-9868-57a2d4851a1d" relativeResultsDirectory="fb2b6d54-19d7-4e30-9edc-87556c259b01">
    </UnitTestResult>
    <UnitTestResult executionId="21bb9db2-c02d-4e04-85e8-58731a4ac258" testId="65690538-7b69-c615-ce70-9c6f2a87d103" testName="PeekTestHelperEmptyStackTrue" computerName="RNDM-PC" duration="00:00:00.0002191" startTime="2014-03-05T22:15:49.6495301+13:00" endTime="2014-03-05T22:15:49.6515291+13:00" testType="13cdc9d9-ddb5-4fa4-a97d-d965ccfc6d4b" outcome="Passed" testListId="8c84fa94-04c1-424b-9868-57a2d4851a1d" relativeResultsDirectory="21bb9db2-c02d-4e04-85e8-58731a4ac258">
    </UnitTestResult>
    <UnitTestResult executionId="69d00cee-88b8-4c78-a48e-a30289ce4415" testId="6ebd3136-4d71-3c7c-96c2-a536d4b45671" testName="CountTestDefault" computerName="RNDM-PC" duration="00:00:00.0003707" startTime="2014-03-05T22:15:49.6525290+13:00" endTime="2014-03-05T22:15:49.6545292+13:00" testType="13cdc9d9-ddb5-4fa4-a97d-d965ccfc6d4b" outcome="Passed" testListId="8c84fa94-04c1-424b-9868-57a2d4851a1d" relativeResultsDirectory="69d00cee-88b8-4c78-a48e-a30289ce4415">
    </UnitTestResult>
    <UnitTestResult executionId="e3006518-3213-4227-a29c-c99bbc7e15e9" testId="820c65c9-3833-e6b0-bb49-8afe247a01bb" testName="CountTestEmptyStack" computerName="RNDM-PC" duration="00:00:00.0001829" startTime="2014-03-05T22:15:49.6545292+13:00" endTime="2014-03-05T22:15:49.6565310+13:00" testType="13cdc9d9-ddb5-4fa4-a97d-d965ccfc6d4b" outcome="Passed" testListId="8c84fa94-04c1-424b-9868-57a2d4851a1d" relativeResultsDirectory="e3006518-3213-4227-a29c-c99bbc7e15e9">
    </UnitTestResult>
    <UnitTestResult executionId="10b71e92-98f1-4c07-8a18-3e21a29e233c" testId="a64e7c77-a8a1-e145-70a4-72fe1550366a" testName="PeekTestHelperDoesntRemoveItemTrue" computerName="RNDM-PC" duration="00:00:00.0003540" startTime="2014-03-05T22:15:49.6565310+13:00" endTime="2014-03-05T22:15:49.6595320+13:00" testType="13cdc9d9-ddb5-4fa4-a97d-d965ccfc6d4b" outcome="Passed" testListId="8c84fa94-04c1-424b-9868-57a2d4851a1d" relativeResultsDirectory="10b71e92-98f1-4c07-8a18-3e21a29e233c">
    </UnitTestResult>
    <UnitTestResult executionId="1ff02315-2f3f-4c67-b57a-9ba6f097919a" testId="b5b83ddb-b301-8aa9-f517-1e900714238f" testName="PushTestHelperPushTillStackIsFullException" computerName="RNDM-PC" duration="00:00:00.0040746" startTime="2014-03-05T22:15:49.6605300+13:00" endTime="2014-03-05T22:15:49.6655316+13:00" testType="13cdc9d9-ddb5-4fa4-a97d-d965ccfc6d4b" outcome="Passed" testListId="8c84fa94-04c1-424b-9868-57a2d4851a1d" relativeResultsDirectory="1ff02315-2f3f-4c67-b57a-9ba6f097919a">
    </UnitTestResult>
    <UnitTestResult executionId="30065ab1-982c-4759-b8d3-8d845f8b433b" testId="e38817d2-8ab1-b8ee-2b1a-ae48d2250d61" testName="PopTestDefault" computerName="RNDM-PC" duration="00:00:00.0003038" startTime="2014-03-05T22:15:49.6665317+13:00" endTime="2014-03-05T22:15:49.6685477+13:00" testType="13cdc9d9-ddb5-4fa4-a97d-d965ccfc6d4b" outcome="Passed" testListId="8c84fa94-04c1-424b-9868-57a2d4851a1d" relativeResultsDirectory="30065ab1-982c-4759-b8d3-8d845f8b433b">
    </UnitTestResult>
  </Results>
</TestRun>