<?xml version="1.0" encoding="UTF-8"?>
<TestRun id="da897db6-d382-4354-b429-61fa36efcbab" name="rNdm@RNDM-LAPTOP 2014-03-06 12:30:00" runUser="RNDM-LAPTOP\rNdm" xmlns="http://microsoft.com/schemas/VisualStudio/TeamTest/2010">
  <TestSettings name="Local" id="ab684e55-41fe-4872-9932-1149f5004a7c">
    <Description>These are default test settings for a local test run.</Description>
    <Deployment runDeploymentRoot="rNdm_RNDM-LAPTOP 2014-03-06 12_30_00">
      <DeploymentItem filename="C:\Users\rNdm\Work\C-\Stack Unit Testing\Stack Unit Testing\bin\Debug\Stack Unit Testing.exe" />
    </Deployment>
    <Execution>
      <TestTypeSpecific>
        <UnitTestRunConfig testTypeId="13cdc9d9-ddb5-4fa4-a97d-d965ccfc6d4b">
          <AssemblyResolution>
            <TestDirectory useLoadContext="true" />
          </AssemblyResolution>
        </UnitTestRunConfig>
        <WebTestRunConfiguration testTypeId="4e7599fa-5ecb-43e9-a887-cd63cf72d207">
          <Browser name="Internet Explorer 7.0">
            <Headers>
              <Header name="User-Agent" value="Mozilla/4.0 (compatible; MSIE 7.0; Windows NT 5.1)" />
              <Header name="Accept" value="*/*" />
              <Header name="Accept-Language" value="{{$IEAcceptLanguage}}" />
              <Header name="Accept-Encoding" value="GZIP" />
            </Headers>
          </Browser>
        </WebTestRunConfiguration>
      </TestTypeSpecific>
      <AgentRule name="LocalMachineDefaultRole">
      </AgentRule>
    </Execution>
  </TestSettings>
  <Times creation="2014-03-06T12:30:00.2845635+13:00" queuing="2014-03-06T12:30:00.4246547+13:00" start="2014-03-06T12:30:00.4366645+13:00" finish="2014-03-06T12:30:00.8349287+13:00" />
  <ResultSummary outcome="Completed">
    <Counters total="22" executed="22" passed="22" error="0" failed="0" timeout="0" aborted="0" inconclusive="0" passedButRunAborted="0" notRunnable="0" notExecuted="0" disconnected="0" warning="0" completed="0" inProgress="0" pending="0" />
  </ResultSummary>
  <TestDefinitions>
    <UnitTest name="PushTestEmptyStack" storage="c:\users\rndm\work\c-\stack unit testing\stack unit testing tests\bin\debug\stack unit testing tests.dll" id="191a40ab-4423-431d-aa2a-72f4d5a00a72">
      <DeploymentItems>
        <DeploymentItem filename="Stack Unit Testing.exe" />
      </DeploymentItems>
      <Execution id="4706d675-2c97-49c2-826f-17ee561468dd" />
      <TestMethod codeBase="C:/Users/rNdm/Work/C-/Stack Unit Testing/Stack Unit Testing Tests/bin/Debug/Stack Unit Testing Tests.DLL" adapterTypeName="Microsoft.VisualStudio.TestTools.TestTypes.Unit.UnitTestAdapter, Microsoft.VisualStudio.QualityTools.Tips.UnitTest.Adapter, Version=10.0.0.0, Culture=neutral, PublicKeyToken=b03f5f7f11d50a3a" className="Stack_Unit_Testing_Tests.StackTest, Stack Unit Testing Tests, Version=1.0.0.0, Culture=neutral, PublicKeyToken=null" name="PushTestEmptyStack" />
    </UnitTest>
    <UnitTest name="StackConstructorTestInt" storage="c:\users\rndm\work\c-\stack unit testing\stack unit testing tests\bin\debug\stack unit testing tests.dll" id="f32f5769-b613-09c1-73f2-5e3fc8469d55">
      <DeploymentItems>
        <DeploymentItem filename="Stack Unit Testing.exe" />
      </DeploymentItems>
      <Execution id="729640d8-111f-42e2-9167-a480309322bc" />
      <TestMethod codeBase="C:/Users/rNdm/Work/C-/Stack Unit Testing/Stack Unit Testing Tests/bin/Debug/Stack Unit Testing Tests.DLL" adapterTypeName="Microsoft.VisualStudio.TestTools.TestTypes.Unit.UnitTestAdapter, Microsoft.VisualStudio.QualityTools.Tips.UnitTest.Adapter, Version=10.0.0.0, Culture=neutral, PublicKeyToken=b03f5f7f11d50a3a" className="Stack_Unit_Testing_Tests.StackTest, Stack Unit Testing Tests, Version=1.0.0.0, Culture=neutral, PublicKeyToken=null" name="StackConstructorTestInt" />
    </UnitTest>
    <UnitTest name="PeekTestFullStack" storage="c:\users\rndm\work\c-\stack unit testing\stack unit testing tests\bin\debug\stack unit testing tests.dll" id="7fc471fb-1bdb-a100-f4a2-cad93ff0122c">
      <DeploymentItems>
        <DeploymentItem filename="Stack Unit Testing.exe" />
      </DeploymentItems>
      <Execution id="3f4a29a1-4f9f-4789-bf8d-c29990d9b9e8" />
      <TestMethod codeBase="C:/Users/rNdm/Work/C-/Stack Unit Testing/Stack Unit Testing Tests/bin/Debug/Stack Unit Testing Tests.DLL" adapterTypeName="Microsoft.VisualStudio.TestTools.TestTypes.Unit.UnitTestAdapter, Microsoft.VisualStudio.QualityTools.Tips.UnitTest.Adapter, Version=10.0.0.0, Culture=neutral, PublicKeyToken=b03f5f7f11d50a3a" className="Stack_Unit_Testing_Tests.StackTest, Stack Unit Testing Tests, Version=1.0.0.0, Culture=neutral, PublicKeyToken=null" name="PeekTestFullStack" />
    </UnitTest>
    <UnitTest name="CountTestEmptyStack" storage="c:\users\rndm\work\c-\stack unit testing\stack unit testing tests\bin\debug\stack unit testing tests.dll" id="820c65c9-3833-e6b0-bb49-8afe247a01bb">
      <DeploymentItems>
        <DeploymentItem filename="Stack Unit Testing.exe" />
      </DeploymentItems>
      <Execution id="d1573bc4-b7b5-4e6e-986f-20fb17f03c14" />
      <TestMethod codeBase="C:/Users/rNdm/Work/C-/Stack Unit Testing/Stack Unit Testing Tests/bin/Debug/Stack Unit Testing Tests.DLL" adapterTypeName="Microsoft.VisualStudio.TestTools.TestTypes.Unit.UnitTestAdapter, Microsoft.VisualStudio.QualityTools.Tips.UnitTest.Adapter, Version=10.0.0.0, Culture=neutral, PublicKeyToken=b03f5f7f11d50a3a" className="Stack_Unit_Testing_Tests.StackTest, Stack Unit Testing Tests, Version=1.0.0.0, Culture=neutral, PublicKeyToken=null" name="CountTestEmptyStack" />
    </UnitTest>
    <UnitTest name="PeekTestCheckDoesntRemoveItem" storage="c:\users\rndm\work\c-\stack unit testing\stack unit testing tests\bin\debug\stack unit testing tests.dll" id="3410c63c-7184-40ea-224e-b18bdcd38d3c">
      <DeploymentItems>
        <DeploymentItem filename="Stack Unit Testing.exe" />
      </DeploymentItems>
      <Execution id="16814d38-3959-4359-ab8e-31cea5bd444c" />
      <TestMethod codeBase="C:/Users/rNdm/Work/C-/Stack Unit Testing/Stack Unit Testing Tests/bin/Debug/Stack Unit Testing Tests.DLL" adapterTypeName="Microsoft.VisualStudio.TestTools.TestTypes.Unit.UnitTestAdapter, Microsoft.VisualStudio.QualityTools.Tips.UnitTest.Adapter, Version=10.0.0.0, Culture=neutral, PublicKeyToken=b03f5f7f11d50a3a" className="Stack_Unit_Testing_Tests.StackTest, Stack Unit Testing Tests, Version=1.0.0.0, Culture=neutral, PublicKeyToken=null" name="PeekTestCheckDoesntRemoveItem" />
    </UnitTest>
    <UnitTest name="CountTestDefault" storage="c:\users\rndm\work\c-\stack unit testing\stack unit testing tests\bin\debug\stack unit testing tests.dll" id="6ebd3136-4d71-3c7c-96c2-a536d4b45671">
      <DeploymentItems>
        <DeploymentItem filename="Stack Unit Testing.exe" />
      </DeploymentItems>
      <Execution id="557b5f7b-1f74-4102-9149-ce388bd2d347" />
      <TestMethod codeBase="C:/Users/rNdm/Work/C-/Stack Unit Testing/Stack Unit Testing Tests/bin/Debug/Stack Unit Testing Tests.DLL" adapterTypeName="Microsoft.VisualStudio.TestTools.TestTypes.Unit.UnitTestAdapter, Microsoft.VisualStudio.QualityTools.Tips.UnitTest.Adapter, Version=10.0.0.0, Culture=neutral, PublicKeyToken=b03f5f7f11d50a3a" className="Stack_Unit_Testing_Tests.StackTest, Stack Unit Testing Tests, Version=1.0.0.0, Culture=neutral, PublicKeyToken=null" name="CountTestDefault" />
    </UnitTest>
    <UnitTest name="IsEmptyTestAfterItemsPopped" storage="c:\users\rndm\work\c-\stack unit testing\stack unit testing tests\bin\debug\stack unit testing tests.dll" id="5e258829-cc77-e96d-b472-cbc97488bf7e">
      <DeploymentItems>
        <DeploymentItem filename="Stack Unit Testing.exe" />
      </DeploymentItems>
      <Execution id="c6fde554-a515-4d7d-a00f-8c08dff11b60" />
      <TestMethod codeBase="C:/Users/rNdm/Work/C-/Stack Unit Testing/Stack Unit Testing Tests/bin/Debug/Stack Unit Testing Tests.DLL" adapterTypeName="Microsoft.VisualStudio.TestTools.TestTypes.Unit.UnitTestAdapter, Microsoft.VisualStudio.QualityTools.Tips.UnitTest.Adapter, Version=10.0.0.0, Culture=neutral, PublicKeyToken=b03f5f7f11d50a3a" className="Stack_Unit_Testing_Tests.StackTest, Stack Unit Testing Tests, Version=1.0.0.0, Culture=neutral, PublicKeyToken=null" name="IsEmptyTestAfterItemsPopped" />
    </UnitTest>
    <UnitTest name="PopTestEmptyStackThenPush" storage="c:\users\rndm\work\c-\stack unit testing\stack unit testing tests\bin\debug\stack unit testing tests.dll" id="1422b94e-4575-c4b8-584e-a8452e706be7">
      <DeploymentItems>
        <DeploymentItem filename="Stack Unit Testing.exe" />
      </DeploymentItems>
      <Execution id="176f32ff-6cd9-4505-b5d3-351d2261e1e5" />
      <TestMethod codeBase="C:/Users/rNdm/Work/C-/Stack Unit Testing/Stack Unit Testing Tests/bin/Debug/Stack Unit Testing Tests.DLL" adapterTypeName="Microsoft.VisualStudio.TestTools.TestTypes.Unit.UnitTestAdapter, Microsoft.VisualStudio.QualityTools.Tips.UnitTest.Adapter, Version=10.0.0.0, Culture=neutral, PublicKeyToken=b03f5f7f11d50a3a" className="Stack_Unit_Testing_Tests.StackTest, Stack Unit Testing Tests, Version=1.0.0.0, Culture=neutral, PublicKeyToken=null" name="PopTestEmptyStackThenPush" />
    </UnitTest>
    <UnitTest name="PopTestFullStack" storage="c:\users\rndm\work\c-\stack unit testing\stack unit testing tests\bin\debug\stack unit testing tests.dll" id="8df35220-232b-2878-7d78-b522bb84d71c">
      <DeploymentItems>
        <DeploymentItem filename="Stack Unit Testing.exe" />
      </DeploymentItems>
      <Execution id="5cfc57ab-c7f6-4cbf-9861-b59e5d0dd9c7" />
      <TestMethod codeBase="C:/Users/rNdm/Work/C-/Stack Unit Testing/Stack Unit Testing Tests/bin/Debug/Stack Unit Testing Tests.DLL" adapterTypeName="Microsoft.VisualStudio.TestTools.TestTypes.Unit.UnitTestAdapter, Microsoft.VisualStudio.QualityTools.Tips.UnitTest.Adapter, Version=10.0.0.0, Culture=neutral, PublicKeyToken=b03f5f7f11d50a3a" className="Stack_Unit_Testing_Tests.StackTest, Stack Unit Testing Tests, Version=1.0.0.0, Culture=neutral, PublicKeyToken=null" name="PopTestFullStack" />
    </UnitTest>
    <UnitTest name="PopTestEmptyStack" storage="c:\users\rndm\work\c-\stack unit testing\stack unit testing tests\bin\debug\stack unit testing tests.dll" id="44ee2b87-7353-582f-c9be-19c3ef4480b9">
      <DeploymentItems>
        <DeploymentItem filename="Stack Unit Testing.exe" />
      </DeploymentItems>
      <Execution id="3bceb5b6-db98-4615-833f-de3a14bcc09b" />
      <TestMethod codeBase="C:/Users/rNdm/Work/C-/Stack Unit Testing/Stack Unit Testing Tests/bin/Debug/Stack Unit Testing Tests.DLL" adapterTypeName="Microsoft.VisualStudio.TestTools.TestTypes.Unit.UnitTestAdapter, Microsoft.VisualStudio.QualityTools.Tips.UnitTest.Adapter, Version=10.0.0.0, Culture=neutral, PublicKeyToken=b03f5f7f11d50a3a" className="Stack_Unit_Testing_Tests.StackTest, Stack Unit Testing Tests, Version=1.0.0.0, Culture=neutral, PublicKeyToken=null" name="PopTestEmptyStack" />
    </UnitTest>
    <UnitTest name="PopTestDefault" storage="c:\users\rndm\work\c-\stack unit testing\stack unit testing tests\bin\debug\stack unit testing tests.dll" id="e38817d2-8ab1-b8ee-2b1a-ae48d2250d61">
      <DeploymentItems>
        <DeploymentItem filename="Stack Unit Testing.exe" />
      </DeploymentItems>
      <Execution id="87b77bb0-bf9e-47c1-a372-8a18e1f7cab6" />
      <TestMethod codeBase="C:/Users/rNdm/Work/C-/Stack Unit Testing/Stack Unit Testing Tests/bin/Debug/Stack Unit Testing Tests.DLL" adapterTypeName="Microsoft.VisualStudio.TestTools.TestTypes.Unit.UnitTestAdapter, Microsoft.VisualStudio.QualityTools.Tips.UnitTest.Adapter, Version=10.0.0.0, Culture=neutral, PublicKeyToken=b03f5f7f11d50a3a" className="Stack_Unit_Testing_Tests.StackTest, Stack Unit Testing Tests, Version=1.0.0.0, Culture=neutral, PublicKeyToken=null" name="PopTestDefault" />
    </UnitTest>
    <UnitTest name="IsEmptyTestAfterFillingStackThenPoppingStack" storage="c:\users\rndm\work\c-\stack unit testing\stack unit testing tests\bin\debug\stack unit testing tests.dll" id="e5535dc2-7316-e1a1-30d2-d3ba312de76b">
      <DeploymentItems>
        <DeploymentItem filename="Stack Unit Testing.exe" />
      </DeploymentItems>
      <Execution id="a89f0de1-3694-467c-8fbc-de09532f6c8d" />
      <TestMethod codeBase="C:/Users/rNdm/Work/C-/Stack Unit Testing/Stack Unit Testing Tests/bin/Debug/Stack Unit Testing Tests.DLL" adapterTypeName="Microsoft.VisualStudio.TestTools.TestTypes.Unit.UnitTestAdapter, Microsoft.VisualStudio.QualityTools.Tips.UnitTest.Adapter, Version=10.0.0.0, Culture=neutral, PublicKeyToken=b03f5f7f11d50a3a" className="Stack_Unit_Testing_Tests.StackTest, Stack Unit Testing Tests, Version=1.0.0.0, Culture=neutral, PublicKeyToken=null" name="IsEmptyTestAfterFillingStackThenPoppingStack" />
    </UnitTest>
    <UnitTest name="CountTestFullStack" storage="c:\users\rndm\work\c-\stack unit testing\stack unit testing tests\bin\debug\stack unit testing tests.dll" id="4048ccfa-25fd-673c-3d3f-3fe1e5c1ac1c">
      <DeploymentItems>
        <DeploymentItem filename="Stack Unit Testing.exe" />
      </DeploymentItems>
      <Execution id="9c705a66-3a54-4abf-a03b-fcbcbc231e1c" />
      <TestMethod codeBase="C:/Users/rNdm/Work/C-/Stack Unit Testing/Stack Unit Testing Tests/bin/Debug/Stack Unit Testing Tests.DLL" adapterTypeName="Microsoft.VisualStudio.TestTools.TestTypes.Unit.UnitTestAdapter, Microsoft.VisualStudio.QualityTools.Tips.UnitTest.Adapter, Version=10.0.0.0, Culture=neutral, PublicKeyToken=b03f5f7f11d50a3a" className="Stack_Unit_Testing_Tests.StackTest, Stack Unit Testing Tests, Version=1.0.0.0, Culture=neutral, PublicKeyToken=null" name="CountTestFullStack" />
    </UnitTest>
    <UnitTest name="PeekTestEmptyStack" storage="c:\users\rndm\work\c-\stack unit testing\stack unit testing tests\bin\debug\stack unit testing tests.dll" id="5acfe1ea-6f45-add4-d3f4-173f208845e1">
      <DeploymentItems>
        <DeploymentItem filename="Stack Unit Testing.exe" />
      </DeploymentItems>
      <Execution id="105dfb57-4251-497e-b1b6-4b19d7a9691d" />
      <TestMethod codeBase="C:/Users/rNdm/Work/C-/Stack Unit Testing/Stack Unit Testing Tests/bin/Debug/Stack Unit Testing Tests.DLL" adapterTypeName="Microsoft.VisualStudio.TestTools.TestTypes.Unit.UnitTestAdapter, Microsoft.VisualStudio.QualityTools.Tips.UnitTest.Adapter, Version=10.0.0.0, Culture=neutral, PublicKeyToken=b03f5f7f11d50a3a" className="Stack_Unit_Testing_Tests.StackTest, Stack Unit Testing Tests, Version=1.0.0.0, Culture=neutral, PublicKeyToken=null" name="PeekTestEmptyStack" />
    </UnitTest>
    <UnitTest name="IsEmptyTestStackHasItem" storage="c:\users\rndm\work\c-\stack unit testing\stack unit testing tests\bin\debug\stack unit testing tests.dll" id="88237b91-80b2-6cb4-d6aa-be7ec347b5c2">
      <DeploymentItems>
        <DeploymentItem filename="Stack Unit Testing.exe" />
      </DeploymentItems>
      <Execution id="fe252ad4-fd0c-4a16-ba4d-233e5e63ef15" />
      <TestMethod codeBase="C:/Users/rNdm/Work/C-/Stack Unit Testing/Stack Unit Testing Tests/bin/Debug/Stack Unit Testing Tests.DLL" adapterTypeName="Microsoft.VisualStudio.TestTools.TestTypes.Unit.UnitTestAdapter, Microsoft.VisualStudio.QualityTools.Tips.UnitTest.Adapter, Version=10.0.0.0, Culture=neutral, PublicKeyToken=b03f5f7f11d50a3a" className="Stack_Unit_Testing_Tests.StackTest, Stack Unit Testing Tests, Version=1.0.0.0, Culture=neutral, PublicKeyToken=null" name="IsEmptyTestStackHasItem" />
    </UnitTest>
    <UnitTest name="PeekTestHelperDefault" storage="c:\users\rndm\work\c-\stack unit testing\stack unit testing tests\bin\debug\stack unit testing tests.dll" id="29d7a5f9-3970-194f-2682-903bcf519ef2">
      <DeploymentItems>
        <DeploymentItem filename="Stack Unit Testing.exe" />
      </DeploymentItems>
      <Execution id="ae4cc783-a8da-4a06-8e25-9547e2042561" />
      <TestMethod codeBase="C:/Users/rNdm/Work/C-/Stack Unit Testing/Stack Unit Testing Tests/bin/Debug/Stack Unit Testing Tests.DLL" adapterTypeName="Microsoft.VisualStudio.TestTools.TestTypes.Unit.UnitTestAdapter, Microsoft.VisualStudio.QualityTools.Tips.UnitTest.Adapter, Version=10.0.0.0, Culture=neutral, PublicKeyToken=b03f5f7f11d50a3a" className="Stack_Unit_Testing_Tests.StackTest, Stack Unit Testing Tests, Version=1.0.0.0, Culture=neutral, PublicKeyToken=null" name="PeekTestHelperDefault" />
    </UnitTest>
    <UnitTest name="PushTestFillStackWithStringArray" storage="c:\users\rndm\work\c-\stack unit testing\stack unit testing tests\bin\debug\stack unit testing tests.dll" id="07509e84-617b-ccec-1f9c-c0515e2b0b8a">
      <DeploymentItems>
        <DeploymentItem filename="Stack Unit Testing.exe" />
      </DeploymentItems>
      <Execution id="74f942f2-4243-4727-9fa5-64e4e98df06e" />
      <TestMethod codeBase="C:/Users/rNdm/Work/C-/Stack Unit Testing/Stack Unit Testing Tests/bin/Debug/Stack Unit Testing Tests.DLL" adapterTypeName="Microsoft.VisualStudio.TestTools.TestTypes.Unit.UnitTestAdapter, Microsoft.VisualStudio.QualityTools.Tips.UnitTest.Adapter, Version=10.0.0.0, Culture=neutral, PublicKeyToken=b03f5f7f11d50a3a" className="Stack_Unit_Testing_Tests.StackTest, Stack Unit Testing Tests, Version=1.0.0.0, Culture=neutral, PublicKeyToken=null" name="PushTestFillStackWithStringArray" />
    </UnitTest>
    <UnitTest name="PopTestEmptyStackMultipleTimes" storage="c:\users\rndm\work\c-\stack unit testing\stack unit testing tests\bin\debug\stack unit testing tests.dll" id="2092c165-ea5b-bef2-a186-abe14a38f351">
      <DeploymentItems>
        <DeploymentItem filename="Stack Unit Testing.exe" />
      </DeploymentItems>
      <Execution id="ca853dae-b703-4a2e-b6a9-1bbf012604f4" />
      <TestMethod codeBase="C:/Users/rNdm/Work/C-/Stack Unit Testing/Stack Unit Testing Tests/bin/Debug/Stack Unit Testing Tests.DLL" adapterTypeName="Microsoft.VisualStudio.TestTools.TestTypes.Unit.UnitTestAdapter, Microsoft.VisualStudio.QualityTools.Tips.UnitTest.Adapter, Version=10.0.0.0, Culture=neutral, PublicKeyToken=b03f5f7f11d50a3a" className="Stack_Unit_Testing_Tests.StackTest, Stack Unit Testing Tests, Version=1.0.0.0, Culture=neutral, PublicKeyToken=null" name="PopTestEmptyStackMultipleTimes" />
    </UnitTest>
    <UnitTest name="IsEmptyTestStackEmpty" storage="c:\users\rndm\work\c-\stack unit testing\stack unit testing tests\bin\debug\stack unit testing tests.dll" id="61e1c6ab-3d6a-0658-7312-ea878f4b1bc3">
      <DeploymentItems>
        <DeploymentItem filename="Stack Unit Testing.exe" />
      </DeploymentItems>
      <Execution id="51f24a7e-8831-4559-ba91-e868ae3e3b0b" />
      <TestMethod codeBase="C:/Users/rNdm/Work/C-/Stack Unit Testing/Stack Unit Testing Tests/bin/Debug/Stack Unit Testing Tests.DLL" adapterTypeName="Microsoft.VisualStudio.TestTools.TestTypes.Unit.UnitTestAdapter, Microsoft.VisualStudio.QualityTools.Tips.UnitTest.Adapter, Version=10.0.0.0, Culture=neutral, PublicKeyToken=b03f5f7f11d50a3a" className="Stack_Unit_Testing_Tests.StackTest, Stack Unit Testing Tests, Version=1.0.0.0, Culture=neutral, PublicKeyToken=null" name="IsEmptyTestStackEmpty" />
    </UnitTest>
    <UnitTest name="StackConstructorTestString" storage="c:\users\rndm\work\c-\stack unit testing\stack unit testing tests\bin\debug\stack unit testing tests.dll" id="6bb811b9-d4dc-2204-d9cf-46d1889ab054">
      <DeploymentItems>
        <DeploymentItem filename="Stack Unit Testing.exe" />
      </DeploymentItems>
      <Execution id="c6b8c5ec-4adb-4f2e-9c9d-6de0f3f1f5e8" />
      <TestMethod codeBase="C:/Users/rNdm/Work/C-/Stack Unit Testing/Stack Unit Testing Tests/bin/Debug/Stack Unit Testing Tests.DLL" adapterTypeName="Microsoft.VisualStudio.TestTools.TestTypes.Unit.UnitTestAdapter, Microsoft.VisualStudio.QualityTools.Tips.UnitTest.Adapter, Version=10.0.0.0, Culture=neutral, PublicKeyToken=b03f5f7f11d50a3a" className="Stack_Unit_Testing_Tests.StackTest, Stack Unit Testing Tests, Version=1.0.0.0, Culture=neutral, PublicKeyToken=null" name="StackConstructorTestString" />
    </UnitTest>
    <UnitTest name="PushTestPushStackIsFullException" storage="c:\users\rndm\work\c-\stack unit testing\stack unit testing tests\bin\debug\stack unit testing tests.dll" id="6e2d0e9e-99e5-4678-fb3c-5436cacf6e8d">
      <Execution id="d0787a04-cfc8-4cc5-b4ec-0b86022e5d15" />
      <TestMethod codeBase="C:/Users/rNdm/Work/C-/Stack Unit Testing/Stack Unit Testing Tests/bin/Debug/Stack Unit Testing Tests.DLL" adapterTypeName="Microsoft.VisualStudio.TestTools.TestTypes.Unit.UnitTestAdapter, Microsoft.VisualStudio.QualityTools.Tips.UnitTest.Adapter, Version=10.0.0.0, Culture=neutral, PublicKeyToken=b03f5f7f11d50a3a" className="Stack_Unit_Testing_Tests.StackTest, Stack Unit Testing Tests, Version=1.0.0.0, Culture=neutral, PublicKeyToken=null" name="PushTestPushStackIsFullException" />
    </UnitTest>
    <UnitTest name="PushTestItemsInStack" storage="c:\users\rndm\work\c-\stack unit testing\stack unit testing tests\bin\debug\stack unit testing tests.dll" id="3a5b2cbc-24e5-5729-ebec-48dd90e9eb17">
      <DeploymentItems>
        <DeploymentItem filename="Stack Unit Testing.exe" />
      </DeploymentItems>
      <Execution id="d571d17f-f30b-4bcc-8a51-bb8c33e36dd6" />
      <TestMethod codeBase="C:/Users/rNdm/Work/C-/Stack Unit Testing/Stack Unit Testing Tests/bin/Debug/Stack Unit Testing Tests.DLL" adapterTypeName="Microsoft.VisualStudio.TestTools.TestTypes.Unit.UnitTestAdapter, Microsoft.VisualStudio.QualityTools.Tips.UnitTest.Adapter, Version=10.0.0.0, Culture=neutral, PublicKeyToken=b03f5f7f11d50a3a" className="Stack_Unit_Testing_Tests.StackTest, Stack Unit Testing Tests, Version=1.0.0.0, Culture=neutral, PublicKeyToken=null" name="PushTestItemsInStack" />
    </UnitTest>
  </TestDefinitions>
  <TestLists>
    <TestList name="Results Not in a List" id="8c84fa94-04c1-424b-9868-57a2d4851a1d" />
    <TestList name="All Loaded Results" id="19431567-8539-422a-85d7-44ee4e166bda" />
  </TestLists>
  <TestEntries>
    <TestEntry testId="07509e84-617b-ccec-1f9c-c0515e2b0b8a" executionId="74f942f2-4243-4727-9fa5-64e4e98df06e" testListId="8c84fa94-04c1-424b-9868-57a2d4851a1d" />
    <TestEntry testId="1422b94e-4575-c4b8-584e-a8452e706be7" executionId="176f32ff-6cd9-4505-b5d3-351d2261e1e5" testListId="8c84fa94-04c1-424b-9868-57a2d4851a1d" />
    <TestEntry testId="191a40ab-4423-431d-aa2a-72f4d5a00a72" executionId="4706d675-2c97-49c2-826f-17ee561468dd" testListId="8c84fa94-04c1-424b-9868-57a2d4851a1d" />
    <TestEntry testId="2092c165-ea5b-bef2-a186-abe14a38f351" executionId="ca853dae-b703-4a2e-b6a9-1bbf012604f4" testListId="8c84fa94-04c1-424b-9868-57a2d4851a1d" />
    <TestEntry testId="29d7a5f9-3970-194f-2682-903bcf519ef2" executionId="ae4cc783-a8da-4a06-8e25-9547e2042561" testListId="8c84fa94-04c1-424b-9868-57a2d4851a1d" />
    <TestEntry testId="3410c63c-7184-40ea-224e-b18bdcd38d3c" executionId="16814d38-3959-4359-ab8e-31cea5bd444c" testListId="8c84fa94-04c1-424b-9868-57a2d4851a1d" />
    <TestEntry testId="3a5b2cbc-24e5-5729-ebec-48dd90e9eb17" executionId="d571d17f-f30b-4bcc-8a51-bb8c33e36dd6" testListId="8c84fa94-04c1-424b-9868-57a2d4851a1d" />
    <TestEntry testId="4048ccfa-25fd-673c-3d3f-3fe1e5c1ac1c" executionId="9c705a66-3a54-4abf-a03b-fcbcbc231e1c" testListId="8c84fa94-04c1-424b-9868-57a2d4851a1d" />
    <TestEntry testId="44ee2b87-7353-582f-c9be-19c3ef4480b9" executionId="3bceb5b6-db98-4615-833f-de3a14bcc09b" testListId="8c84fa94-04c1-424b-9868-57a2d4851a1d" />
    <TestEntry testId="5acfe1ea-6f45-add4-d3f4-173f208845e1" executionId="105dfb57-4251-497e-b1b6-4b19d7a9691d" testListId="8c84fa94-04c1-424b-9868-57a2d4851a1d" />
    <TestEntry testId="5e258829-cc77-e96d-b472-cbc97488bf7e" executionId="c6fde554-a515-4d7d-a00f-8c08dff11b60" testListId="8c84fa94-04c1-424b-9868-57a2d4851a1d" />
    <TestEntry testId="61e1c6ab-3d6a-0658-7312-ea878f4b1bc3" executionId="51f24a7e-8831-4559-ba91-e868ae3e3b0b" testListId="8c84fa94-04c1-424b-9868-57a2d4851a1d" />
    <TestEntry testId="6bb811b9-d4dc-2204-d9cf-46d1889ab054" executionId="c6b8c5ec-4adb-4f2e-9c9d-6de0f3f1f5e8" testListId="8c84fa94-04c1-424b-9868-57a2d4851a1d" />
    <TestEntry testId="6e2d0e9e-99e5-4678-fb3c-5436cacf6e8d" executionId="d0787a04-cfc8-4cc5-b4ec-0b86022e5d15" testListId="8c84fa94-04c1-424b-9868-57a2d4851a1d" />
    <TestEntry testId="6ebd3136-4d71-3c7c-96c2-a536d4b45671" executionId="557b5f7b-1f74-4102-9149-ce388bd2d347" testListId="8c84fa94-04c1-424b-9868-57a2d4851a1d" />
    <TestEntry testId="7fc471fb-1bdb-a100-f4a2-cad93ff0122c" executionId="3f4a29a1-4f9f-4789-bf8d-c29990d9b9e8" testListId="8c84fa94-04c1-424b-9868-57a2d4851a1d" />
    <TestEntry testId="820c65c9-3833-e6b0-bb49-8afe247a01bb" executionId="d1573bc4-b7b5-4e6e-986f-20fb17f03c14" testListId="8c84fa94-04c1-424b-9868-57a2d4851a1d" />
    <TestEntry testId="88237b91-80b2-6cb4-d6aa-be7ec347b5c2" executionId="fe252ad4-fd0c-4a16-ba4d-233e5e63ef15" testListId="8c84fa94-04c1-424b-9868-57a2d4851a1d" />
    <TestEntry testId="8df35220-232b-2878-7d78-b522bb84d71c" executionId="5cfc57ab-c7f6-4cbf-9861-b59e5d0dd9c7" testListId="8c84fa94-04c1-424b-9868-57a2d4851a1d" />
    <TestEntry testId="e38817d2-8ab1-b8ee-2b1a-ae48d2250d61" executionId="87b77bb0-bf9e-47c1-a372-8a18e1f7cab6" testListId="8c84fa94-04c1-424b-9868-57a2d4851a1d" />
    <TestEntry testId="e5535dc2-7316-e1a1-30d2-d3ba312de76b" executionId="a89f0de1-3694-467c-8fbc-de09532f6c8d" testListId="8c84fa94-04c1-424b-9868-57a2d4851a1d" />
    <TestEntry testId="f32f5769-b613-09c1-73f2-5e3fc8469d55" executionId="729640d8-111f-42e2-9167-a480309322bc" testListId="8c84fa94-04c1-424b-9868-57a2d4851a1d" />
  </TestEntries>
  <Results>
    <UnitTestResult executionId="74f942f2-4243-4727-9fa5-64e4e98df06e" testId="07509e84-617b-ccec-1f9c-c0515e2b0b8a" testName="PushTestFillStackWithStringArray" computerName="RNDM-LAPTOP" duration="00:00:00.0287705" startTime="2014-03-06T12:30:00.4416667+13:00" endTime="2014-03-06T12:30:00.6578108+13:00" testType="13cdc9d9-ddb5-4fa4-a97d-d965ccfc6d4b" outcome="Passed" testListId="8c84fa94-04c1-424b-9868-57a2d4851a1d" relativeResultsDirectory="74f942f2-4243-4727-9fa5-64e4e98df06e">
    </UnitTestResult>
    <UnitTestResult executionId="176f32ff-6cd9-4505-b5d3-351d2261e1e5" testId="1422b94e-4575-c4b8-584e-a8452e706be7" testName="PopTestEmptyStackThenPush" computerName="RNDM-LAPTOP" duration="00:00:00.0009009" startTime="2014-03-06T12:30:00.6608126+13:00" endTime="2014-03-06T12:30:00.6638166+13:00" testType="13cdc9d9-ddb5-4fa4-a97d-d965ccfc6d4b" outcome="Passed" testListId="8c84fa94-04c1-424b-9868-57a2d4851a1d" relativeResultsDirectory="176f32ff-6cd9-4505-b5d3-351d2261e1e5">
    </UnitTestResult>
    <UnitTestResult executionId="4706d675-2c97-49c2-826f-17ee561468dd" testId="191a40ab-4423-431d-aa2a-72f4d5a00a72" testName="PushTestEmptyStack" computerName="RNDM-LAPTOP" duration="00:00:00.0004033" startTime="2014-03-06T12:30:00.6668170+13:00" endTime="2014-03-06T12:30:00.6698188+13:00" testType="13cdc9d9-ddb5-4fa4-a97d-d965ccfc6d4b" outcome="Passed" testListId="8c84fa94-04c1-424b-9868-57a2d4851a1d" relativeResultsDirectory="4706d675-2c97-49c2-826f-17ee561468dd">
    </UnitTestResult>
    <UnitTestResult executionId="ca853dae-b703-4a2e-b6a9-1bbf012604f4" testId="2092c165-ea5b-bef2-a186-abe14a38f351" testName="PopTestEmptyStackMultipleTimes" computerName="RNDM-LAPTOP" duration="00:00:00.0002918" startTime="2014-03-06T12:30:00.6728210+13:00" endTime="2014-03-06T12:30:00.6758233+13:00" testType="13cdc9d9-ddb5-4fa4-a97d-d965ccfc6d4b" outcome="Passed" testListId="8c84fa94-04c1-424b-9868-57a2d4851a1d" relativeResultsDirectory="ca853dae-b703-4a2e-b6a9-1bbf012604f4">
    </UnitTestResult>
    <UnitTestResult executionId="ae4cc783-a8da-4a06-8e25-9547e2042561" testId="29d7a5f9-3970-194f-2682-903bcf519ef2" testName="PeekTestHelperDefault" computerName="RNDM-LAPTOP" duration="00:00:00.0003592" startTime="2014-03-06T12:30:00.6788246+13:00" endTime="2014-03-06T12:30:00.6818282+13:00" testType="13cdc9d9-ddb5-4fa4-a97d-d965ccfc6d4b" outcome="Passed" testListId="8c84fa94-04c1-424b-9868-57a2d4851a1d" relativeResultsDirectory="ae4cc783-a8da-4a06-8e25-9547e2042561">
    </UnitTestResult>
    <UnitTestResult executionId="16814d38-3959-4359-ab8e-31cea5bd444c" testId="3410c63c-7184-40ea-224e-b18bdcd38d3c" testName="PeekTestCheckDoesntRemoveItem" computerName="RNDM-LAPTOP" duration="00:00:00.0017456" startTime="2014-03-06T12:30:00.6848290+13:00" endTime="2014-03-06T12:30:00.6898321+13:00" testType="13cdc9d9-ddb5-4fa4-a97d-d965ccfc6d4b" outcome="Passed" testListId="8c84fa94-04c1-424b-9868-57a2d4851a1d" relativeResultsDirectory="16814d38-3959-4359-ab8e-31cea5bd444c">
    </UnitTestResult>
    <UnitTestResult executionId="d571d17f-f30b-4bcc-8a51-bb8c33e36dd6" testId="3a5b2cbc-24e5-5729-ebec-48dd90e9eb17" testName="PushTestItemsInStack" computerName="RNDM-LAPTOP" duration="00:00:00.0005568" startTime="2014-03-06T12:30:00.6928344+13:00" endTime="2014-03-06T12:30:00.6958357+13:00" testType="13cdc9d9-ddb5-4fa4-a97d-d965ccfc6d4b" outcome="Passed" testListId="8c84fa94-04c1-424b-9868-57a2d4851a1d" relativeResultsDirectory="d571d17f-f30b-4bcc-8a51-bb8c33e36dd6">
    </UnitTestResult>
    <UnitTestResult executionId="9c705a66-3a54-4abf-a03b-fcbcbc231e1c" testId="4048ccfa-25fd-673c-3d3f-3fe1e5c1ac1c" testName="CountTestFullStack" computerName="RNDM-LAPTOP" duration="00:00:00.0007420" startTime="2014-03-06T12:30:00.6988384+13:00" endTime="2014-03-06T12:30:00.7018402+13:00" testType="13cdc9d9-ddb5-4fa4-a97d-d965ccfc6d4b" outcome="Passed" testListId="8c84fa94-04c1-424b-9868-57a2d4851a1d" relativeResultsDirectory="9c705a66-3a54-4abf-a03b-fcbcbc231e1c">
    </UnitTestResult>
    <UnitTestResult executionId="3bceb5b6-db98-4615-833f-de3a14bcc09b" testId="44ee2b87-7353-582f-c9be-19c3ef4480b9" testName="PopTestEmptyStack" computerName="RNDM-LAPTOP" duration="00:00:00.0003038" startTime="2014-03-06T12:30:00.7048437+13:00" endTime="2014-03-06T12:30:00.7078437+13:00" testType="13cdc9d9-ddb5-4fa4-a97d-d965ccfc6d4b" outcome="Passed" testListId="8c84fa94-04c1-424b-9868-57a2d4851a1d" relativeResultsDirectory="3bceb5b6-db98-4615-833f-de3a14bcc09b">
    </UnitTestResult>
    <UnitTestResult executionId="105dfb57-4251-497e-b1b6-4b19d7a9691d" testId="5acfe1ea-6f45-add4-d3f4-173f208845e1" testName="PeekTestEmptyStack" computerName="RNDM-LAPTOP" duration="00:00:00.0002962" startTime="2014-03-06T12:30:00.7108459+13:00" endTime="2014-03-06T12:30:00.7128486+13:00" testType="13cdc9d9-ddb5-4fa4-a97d-d965ccfc6d4b" outcome="Passed" testListId="8c84fa94-04c1-424b-9868-57a2d4851a1d" relativeResultsDirectory="105dfb57-4251-497e-b1b6-4b19d7a9691d">
    </UnitTestResult>
    <UnitTestResult executionId="c6fde554-a515-4d7d-a00f-8c08dff11b60" testId="5e258829-cc77-e96d-b472-cbc97488bf7e" testName="IsEmptyTestAfterItemsPopped" computerName="RNDM-LAPTOP" duration="00:00:00.0006439" startTime="2014-03-06T12:30:00.7248553+13:00" endTime="2014-03-06T12:30:00.7268566+13:00" testType="13cdc9d9-ddb5-4fa4-a97d-d965ccfc6d4b" outcome="Passed" testListId="8c84fa94-04c1-424b-9868-57a2d4851a1d" relativeResultsDirectory="c6fde554-a515-4d7d-a00f-8c08dff11b60">
    </UnitTestResult>
    <UnitTestResult executionId="51f24a7e-8831-4559-ba91-e868ae3e3b0b" testId="61e1c6ab-3d6a-0658-7312-ea878f4b1bc3" testName="IsEmptyTestStackEmpty" computerName="RNDM-LAPTOP" duration="00:00:00.0004265" startTime="2014-03-06T12:30:00.7298602+13:00" endTime="2014-03-06T12:30:00.7338619+13:00" testType="13cdc9d9-ddb5-4fa4-a97d-d965ccfc6d4b" outcome="Passed" testListId="8c84fa94-04c1-424b-9868-57a2d4851a1d" relativeResultsDirectory="51f24a7e-8831-4559-ba91-e868ae3e3b0b">
    </UnitTestResult>
    <UnitTestResult executionId="c6b8c5ec-4adb-4f2e-9c9d-6de0f3f1f5e8" testId="6bb811b9-d4dc-2204-d9cf-46d1889ab054" testName="StackConstructorTestString" computerName="RNDM-LAPTOP" duration="00:00:00.0003141" startTime="2014-03-06T12:30:00.7368642+13:00" endTime="2014-03-06T12:30:00.7398660+13:00" testType="13cdc9d9-ddb5-4fa4-a97d-d965ccfc6d4b" outcome="Passed" testListId="8c84fa94-04c1-424b-9868-57a2d4851a1d" relativeResultsDirectory="c6b8c5ec-4adb-4f2e-9c9d-6de0f3f1f5e8">
    </UnitTestResult>
    <UnitTestResult executionId="d0787a04-cfc8-4cc5-b4ec-0b86022e5d15" testId="6e2d0e9e-99e5-4678-fb3c-5436cacf6e8d" testName="PushTestPushStackIsFullException" computerName="RNDM-LAPTOP" duration="00:00:00.0065323" startTime="2014-03-06T12:30:00.7428677+13:00" endTime="2014-03-06T12:30:00.7528766+13:00" testType="13cdc9d9-ddb5-4fa4-a97d-d965ccfc6d4b" outcome="Passed" testListId="8c84fa94-04c1-424b-9868-57a2d4851a1d" relativeResultsDirectory="d0787a04-cfc8-4cc5-b4ec-0b86022e5d15">
    </UnitTestResult>
    <UnitTestResult executionId="557b5f7b-1f74-4102-9149-ce388bd2d347" testId="6ebd3136-4d71-3c7c-96c2-a536d4b45671" testName="CountTestDefault" computerName="RNDM-LAPTOP" duration="00:00:00.0005082" startTime="2014-03-06T12:30:00.7558762+13:00" endTime="2014-03-06T12:30:00.7598788+13:00" testType="13cdc9d9-ddb5-4fa4-a97d-d965ccfc6d4b" outcome="Passed" testListId="8c84fa94-04c1-424b-9868-57a2d4851a1d" relativeResultsDirectory="557b5f7b-1f74-4102-9149-ce388bd2d347">
    </UnitTestResult>
    <UnitTestResult executionId="3f4a29a1-4f9f-4789-bf8d-c29990d9b9e8" testId="7fc471fb-1bdb-a100-f4a2-cad93ff0122c" testName="PeekTestFullStack" computerName="RNDM-LAPTOP" duration="00:00:00.0007483" startTime="2014-03-06T12:30:00.7628815+13:00" endTime="2014-03-06T12:30:00.7668828+13:00" testType="13cdc9d9-ddb5-4fa4-a97d-d965ccfc6d4b" outcome="Passed" testListId="8c84fa94-04c1-424b-9868-57a2d4851a1d" relativeResultsDirectory="3f4a29a1-4f9f-4789-bf8d-c29990d9b9e8">
    </UnitTestResult>
    <UnitTestResult executionId="d1573bc4-b7b5-4e6e-986f-20fb17f03c14" testId="820c65c9-3833-e6b0-bb49-8afe247a01bb" testName="CountTestEmptyStack" computerName="RNDM-LAPTOP" duration="00:00:00.0004257" startTime="2014-03-06T12:30:00.7708864+13:00" endTime="2014-03-06T12:30:00.7738895+13:00" testType="13cdc9d9-ddb5-4fa4-a97d-d965ccfc6d4b" outcome="Passed" testListId="8c84fa94-04c1-424b-9868-57a2d4851a1d" relativeResultsDirectory="d1573bc4-b7b5-4e6e-986f-20fb17f03c14">
    </UnitTestResult>
    <UnitTestResult executionId="fe252ad4-fd0c-4a16-ba4d-233e5e63ef15" testId="88237b91-80b2-6cb4-d6aa-be7ec347b5c2" testName="IsEmptyTestStackHasItem" computerName="RNDM-LAPTOP" duration="00:00:00.0005252" startTime="2014-03-06T12:30:00.7898993+13:00" endTime="2014-03-06T12:30:00.7929015+13:00" testType="13cdc9d9-ddb5-4fa4-a97d-d965ccfc6d4b" outcome="Passed" testListId="8c84fa94-04c1-424b-9868-57a2d4851a1d" relativeResultsDirectory="fe252ad4-fd0c-4a16-ba4d-233e5e63ef15">
    </UnitTestResult>
    <UnitTestResult executionId="5cfc57ab-c7f6-4cbf-9861-b59e5d0dd9c7" testId="8df35220-232b-2878-7d78-b522bb84d71c" testName="PopTestFullStack" computerName="RNDM-LAPTOP" duration="00:00:00.0008000" startTime="2014-03-06T12:30:00.7959033+13:00" endTime="2014-03-06T12:30:00.7999060+13:00" testType="13cdc9d9-ddb5-4fa4-a97d-d965ccfc6d4b" outcome="Passed" testListId="8c84fa94-04c1-424b-9868-57a2d4851a1d" relativeResultsDirectory="5cfc57ab-c7f6-4cbf-9861-b59e5d0dd9c7">
    </UnitTestResult>
    <UnitTestResult executionId="87b77bb0-bf9e-47c1-a372-8a18e1f7cab6" testId="e38817d2-8ab1-b8ee-2b1a-ae48d2250d61" testName="PopTestDefault" computerName="RNDM-LAPTOP" duration="00:00:00.0006760" startTime="2014-03-06T12:30:00.8039095+13:00" endTime="2014-03-06T12:30:00.8069113+13:00" testType="13cdc9d9-ddb5-4fa4-a97d-d965ccfc6d4b" outcome="Passed" testListId="8c84fa94-04c1-424b-9868-57a2d4851a1d" relativeResultsDirectory="87b77bb0-bf9e-47c1-a372-8a18e1f7cab6">
    </UnitTestResult>
    <UnitTestResult executionId="a89f0de1-3694-467c-8fbc-de09532f6c8d" testId="e5535dc2-7316-e1a1-30d2-d3ba312de76b" testName="IsEmptyTestAfterFillingStackThenPoppingStack" computerName="RNDM-LAPTOP" duration="00:00:00.0005658" startTime="2014-03-06T12:30:00.8099122+13:00" endTime="2014-03-06T12:30:00.8129140+13:00" testType="13cdc9d9-ddb5-4fa4-a97d-d965ccfc6d4b" outcome="Passed" testListId="8c84fa94-04c1-424b-9868-57a2d4851a1d" relativeResultsDirectory="a89f0de1-3694-467c-8fbc-de09532f6c8d">
    </UnitTestResult>
    <UnitTestResult executionId="729640d8-111f-42e2-9167-a480309322bc" testId="f32f5769-b613-09c1-73f2-5e3fc8469d55" testName="StackConstructorTestInt" computerName="RNDM-LAPTOP" duration="00:00:00.0009892" startTime="2014-03-06T12:30:00.8159162+13:00" endTime="2014-03-06T12:30:00.8189184+13:00" testType="13cdc9d9-ddb5-4fa4-a97d-d965ccfc6d4b" outcome="Passed" testListId="8c84fa94-04c1-424b-9868-57a2d4851a1d" relativeResultsDirectory="729640d8-111f-42e2-9167-a480309322bc">
    </UnitTestResult>
  </Results>
</TestRun>