<?xml version="1.0" encoding="UTF-8"?>
<TestRun id="4a2270df-b5f1-4409-8c94-113616258135" name="rNdm@RNDM-PC 2014-03-05 22:06:21" runUser="RNDM-PC\rNdm" xmlns="http://microsoft.com/schemas/VisualStudio/TeamTest/2010">
  <TestSettings name="Local" id="ab684e55-41fe-4872-9932-1149f5004a7c">
    <Description>These are default test settings for a local test run.</Description>
    <Deployment runDeploymentRoot="rNdm_RNDM-PC 2014-03-05 22_06_21">
      <DeploymentItem filename="E:\Work\C#\Stack Unit Testing\Stack Unit Testing\bin\Debug\Stack Unit Testing.exe" />
    </Deployment>
    <Execution>
      <TestTypeSpecific>
        <UnitTestRunConfig testTypeId="13cdc9d9-ddb5-4fa4-a97d-d965ccfc6d4b">
          <AssemblyResolution>
            <TestDirectory useLoadContext="true" />
          </AssemblyResolution>
        </UnitTestRunConfig>
        <WebTestRunConfiguration testTypeId="4e7599fa-5ecb-43e9-a887-cd63cf72d207">
          <Browser name="Internet Explorer 7.0">
            <Headers>
              <Header name="User-Agent" value="Mozilla/4.0 (compatible; MSIE 7.0; Windows NT 5.1)" />
              <Header name="Accept" value="*/*" />
              <Header name="Accept-Language" value="{{$IEAcceptLanguage}}" />
              <Header name="Accept-Encoding" value="GZIP" />
            </Headers>
          </Browser>
        </WebTestRunConfiguration>
      </TestTypeSpecific>
      <AgentRule name="LocalMachineDefaultRole">
      </AgentRule>
    </Execution>
  </TestSettings>
  <Times creation="2014-03-05T22:06:21.4900079+13:00" queuing="2014-03-05T22:06:21.6480176+13:00" start="2014-03-05T22:06:21.6539834+13:00" finish="2014-03-05T22:06:21.8709949+13:00" />
  <ResultSummary outcome="Completed">
    <Counters total="13" executed="13" passed="13" error="0" failed="0" timeout="0" aborted="0" inconclusive="0" passedButRunAborted="0" notRunnable="0" notExecuted="0" disconnected="0" warning="0" completed="0" inProgress="0" pending="0" />
  </ResultSummary>
  <TestDefinitions>
    <UnitTest name="PeekTestHelperEmptyStackTrue" storage="e:\work\c#\stack unit testing\stack unit testing tests\bin\debug\stack unit testing tests.dll" id="65690538-7b69-c615-ce70-9c6f2a87d103">
      <DeploymentItems>
        <DeploymentItem filename="Stack Unit Testing.exe" />
      </DeploymentItems>
      <Execution id="1242759c-a734-407b-b286-4c649bb09ddb" />
      <TestMethod codeBase="E:/Work/C#/Stack Unit Testing/Stack Unit Testing Tests/bin/Debug/Stack Unit Testing Tests.DLL" adapterTypeName="Microsoft.VisualStudio.TestTools.TestTypes.Unit.UnitTestAdapter, Microsoft.VisualStudio.QualityTools.Tips.UnitTest.Adapter, Version=10.0.0.0, Culture=neutral, PublicKeyToken=b03f5f7f11d50a3a" className="Stack_Unit_Testing_Tests.StackTest, Stack Unit Testing Tests, Version=1.0.0.0, Culture=neutral, PublicKeyToken=null" name="PeekTestHelperEmptyStackTrue" />
    </UnitTest>
    <UnitTest name="CountTest" storage="e:\work\c#\stack unit testing\stack unit testing tests\bin\debug\stack unit testing tests.dll" id="f6a16e3b-46d3-cdfb-0603-80020653299b">
      <DeploymentItems>
        <DeploymentItem filename="Stack Unit Testing.exe" />
      </DeploymentItems>
      <Execution id="88bac34d-220d-4dd1-8248-a9ec05dfb522" />
      <TestMethod codeBase="E:/Work/C#/Stack Unit Testing/Stack Unit Testing Tests/bin/Debug/Stack Unit Testing Tests.DLL" adapterTypeName="Microsoft.VisualStudio.TestTools.TestTypes.Unit.UnitTestAdapter, Microsoft.VisualStudio.QualityTools.Tips.UnitTest.Adapter, Version=10.0.0.0, Culture=neutral, PublicKeyToken=b03f5f7f11d50a3a" className="Stack_Unit_Testing_Tests.StackTest, Stack Unit Testing Tests, Version=1.0.0.0, Culture=neutral, PublicKeyToken=null" name="CountTest" />
    </UnitTest>
    <UnitTest name="IsEmptyTestHelperTrue" storage="e:\work\c#\stack unit testing\stack unit testing tests\bin\debug\stack unit testing tests.dll" id="12a16b75-0f11-f887-c517-beef22b149c1">
      <DeploymentItems>
        <DeploymentItem filename="Stack Unit Testing.exe" />
      </DeploymentItems>
      <Execution id="eb490f1b-da6f-41c6-a44a-d6b1f987c3d6" />
      <TestMethod codeBase="E:/Work/C#/Stack Unit Testing/Stack Unit Testing Tests/bin/Debug/Stack Unit Testing Tests.DLL" adapterTypeName="Microsoft.VisualStudio.TestTools.TestTypes.Unit.UnitTestAdapter, Microsoft.VisualStudio.QualityTools.Tips.UnitTest.Adapter, Version=10.0.0.0, Culture=neutral, PublicKeyToken=b03f5f7f11d50a3a" className="Stack_Unit_Testing_Tests.StackTest, Stack Unit Testing Tests, Version=1.0.0.0, Culture=neutral, PublicKeyToken=null" name="IsEmptyTestHelperTrue" />
    </UnitTest>
    <UnitTest name="IsEmptyTestHelperFalse" storage="e:\work\c#\stack unit testing\stack unit testing tests\bin\debug\stack unit testing tests.dll" id="30478b2b-0337-381a-a03f-215419e77da5">
      <DeploymentItems>
        <DeploymentItem filename="Stack Unit Testing.exe" />
      </DeploymentItems>
      <Execution id="07bedaf1-cba7-4edf-a3df-ad5b4a9705d2" />
      <TestMethod codeBase="E:/Work/C#/Stack Unit Testing/Stack Unit Testing Tests/bin/Debug/Stack Unit Testing Tests.DLL" adapterTypeName="Microsoft.VisualStudio.TestTools.TestTypes.Unit.UnitTestAdapter, Microsoft.VisualStudio.QualityTools.Tips.UnitTest.Adapter, Version=10.0.0.0, Culture=neutral, PublicKeyToken=b03f5f7f11d50a3a" className="Stack_Unit_Testing_Tests.StackTest, Stack Unit Testing Tests, Version=1.0.0.0, Culture=neutral, PublicKeyToken=null" name="IsEmptyTestHelperFalse" />
    </UnitTest>
    <UnitTest name="PopTestEmptyStack" storage="e:\work\c#\stack unit testing\stack unit testing tests\bin\debug\stack unit testing tests.dll" id="44ee2b87-7353-582f-c9be-19c3ef4480b9">
      <DeploymentItems>
        <DeploymentItem filename="Stack Unit Testing.exe" />
      </DeploymentItems>
      <Execution id="bd1fce95-7b38-413f-b92d-0126454941ed" />
      <TestMethod codeBase="E:/Work/C#/Stack Unit Testing/Stack Unit Testing Tests/bin/Debug/Stack Unit Testing Tests.DLL" adapterTypeName="Microsoft.VisualStudio.TestTools.TestTypes.Unit.UnitTestAdapter, Microsoft.VisualStudio.QualityTools.Tips.UnitTest.Adapter, Version=10.0.0.0, Culture=neutral, PublicKeyToken=b03f5f7f11d50a3a" className="Stack_Unit_Testing_Tests.StackTest, Stack Unit Testing Tests, Version=1.0.0.0, Culture=neutral, PublicKeyToken=null" name="PopTestEmptyStack" />
    </UnitTest>
    <UnitTest name="StackConstructorTestHelper" storage="e:\work\c#\stack unit testing\stack unit testing tests\bin\debug\stack unit testing tests.dll" id="193f48b6-43f5-4007-5761-69c8e6b597c9">
      <DeploymentItems>
        <DeploymentItem filename="Stack Unit Testing.exe" />
      </DeploymentItems>
      <Execution id="c63d621d-b45d-45cd-b267-bd55582d629e" />
      <TestMethod codeBase="E:/Work/C#/Stack Unit Testing/Stack Unit Testing Tests/bin/Debug/Stack Unit Testing Tests.DLL" adapterTypeName="Microsoft.VisualStudio.TestTools.TestTypes.Unit.UnitTestAdapter, Microsoft.VisualStudio.QualityTools.Tips.UnitTest.Adapter, Version=10.0.0.0, Culture=neutral, PublicKeyToken=b03f5f7f11d50a3a" className="Stack_Unit_Testing_Tests.StackTest, Stack Unit Testing Tests, Version=1.0.0.0, Culture=neutral, PublicKeyToken=null" name="StackConstructorTestHelper" />
    </UnitTest>
    <UnitTest name="PushTestHelperPushTillStackIsFullException" storage="e:\work\c#\stack unit testing\stack unit testing tests\bin\debug\stack unit testing tests.dll" id="b5b83ddb-b301-8aa9-f517-1e900714238f">
      <Execution id="6531aa1b-72f3-4cda-9a3d-7dae270d2a6a" />
      <TestMethod codeBase="E:/Work/C#/Stack Unit Testing/Stack Unit Testing Tests/bin/Debug/Stack Unit Testing Tests.DLL" adapterTypeName="Microsoft.VisualStudio.TestTools.TestTypes.Unit.UnitTestAdapter, Microsoft.VisualStudio.QualityTools.Tips.UnitTest.Adapter, Version=10.0.0.0, Culture=neutral, PublicKeyToken=b03f5f7f11d50a3a" className="Stack_Unit_Testing_Tests.StackTest, Stack Unit Testing Tests, Version=1.0.0.0, Culture=neutral, PublicKeyToken=null" name="PushTestHelperPushTillStackIsFullException" />
    </UnitTest>
    <UnitTest name="PopTestDefault" storage="e:\work\c#\stack unit testing\stack unit testing tests\bin\debug\stack unit testing tests.dll" id="e38817d2-8ab1-b8ee-2b1a-ae48d2250d61">
      <DeploymentItems>
        <DeploymentItem filename="Stack Unit Testing.exe" />
      </DeploymentItems>
      <Execution id="bf1ab7c1-3110-4d0e-9582-ba175b4583ef" />
      <TestMethod codeBase="E:/Work/C#/Stack Unit Testing/Stack Unit Testing Tests/bin/Debug/Stack Unit Testing Tests.DLL" adapterTypeName="Microsoft.VisualStudio.TestTools.TestTypes.Unit.UnitTestAdapter, Microsoft.VisualStudio.QualityTools.Tips.UnitTest.Adapter, Version=10.0.0.0, Culture=neutral, PublicKeyToken=b03f5f7f11d50a3a" className="Stack_Unit_Testing_Tests.StackTest, Stack Unit Testing Tests, Version=1.0.0.0, Culture=neutral, PublicKeyToken=null" name="PopTestDefault" />
    </UnitTest>
    <UnitTest name="IsEmptyTestHelperItemsPoppedTrue" storage="e:\work\c#\stack unit testing\stack unit testing tests\bin\debug\stack unit testing tests.dll" id="492f29e3-8fee-a77b-5d75-9fbf26e7c9dd">
      <DeploymentItems>
        <DeploymentItem filename="Stack Unit Testing.exe" />
      </DeploymentItems>
      <Execution id="ff4e0f86-3006-49ae-b330-bc6e6b0d3112" />
      <TestMethod codeBase="E:/Work/C#/Stack Unit Testing/Stack Unit Testing Tests/bin/Debug/Stack Unit Testing Tests.DLL" adapterTypeName="Microsoft.VisualStudio.TestTools.TestTypes.Unit.UnitTestAdapter, Microsoft.VisualStudio.QualityTools.Tips.UnitTest.Adapter, Version=10.0.0.0, Culture=neutral, PublicKeyToken=b03f5f7f11d50a3a" className="Stack_Unit_Testing_Tests.StackTest, Stack Unit Testing Tests, Version=1.0.0.0, Culture=neutral, PublicKeyToken=null" name="IsEmptyTestHelperItemsPoppedTrue" />
    </UnitTest>
    <UnitTest name="PeekTestHelperDoesntRemoveItemTrue" storage="e:\work\c#\stack unit testing\stack unit testing tests\bin\debug\stack unit testing tests.dll" id="a64e7c77-a8a1-e145-70a4-72fe1550366a">
      <DeploymentItems>
        <DeploymentItem filename="Stack Unit Testing.exe" />
      </DeploymentItems>
      <Execution id="46a2fbd7-1cc5-4dba-9dfb-819e4f6fad5e" />
      <TestMethod codeBase="E:/Work/C#/Stack Unit Testing/Stack Unit Testing Tests/bin/Debug/Stack Unit Testing Tests.DLL" adapterTypeName="Microsoft.VisualStudio.TestTools.TestTypes.Unit.UnitTestAdapter, Microsoft.VisualStudio.QualityTools.Tips.UnitTest.Adapter, Version=10.0.0.0, Culture=neutral, PublicKeyToken=b03f5f7f11d50a3a" className="Stack_Unit_Testing_Tests.StackTest, Stack Unit Testing Tests, Version=1.0.0.0, Culture=neutral, PublicKeyToken=null" name="PeekTestHelperDoesntRemoveItemTrue" />
    </UnitTest>
    <UnitTest name="PushTestHelperDefault" storage="e:\work\c#\stack unit testing\stack unit testing tests\bin\debug\stack unit testing tests.dll" id="0fcb5239-e4f9-cb40-28e9-c0143ac6a413">
      <DeploymentItems>
        <DeploymentItem filename="Stack Unit Testing.exe" />
      </DeploymentItems>
      <Execution id="103a6c20-65f5-47b7-931f-9f375312e230" />
      <TestMethod codeBase="E:/Work/C#/Stack Unit Testing/Stack Unit Testing Tests/bin/Debug/Stack Unit Testing Tests.DLL" adapterTypeName="Microsoft.VisualStudio.TestTools.TestTypes.Unit.UnitTestAdapter, Microsoft.VisualStudio.QualityTools.Tips.UnitTest.Adapter, Version=10.0.0.0, Culture=neutral, PublicKeyToken=b03f5f7f11d50a3a" className="Stack_Unit_Testing_Tests.StackTest, Stack Unit Testing Tests, Version=1.0.0.0, Culture=neutral, PublicKeyToken=null" name="PushTestHelperDefault" />
    </UnitTest>
    <UnitTest name="PeekTestHelperDefault" storage="e:\work\c#\stack unit testing\stack unit testing tests\bin\debug\stack unit testing tests.dll" id="29d7a5f9-3970-194f-2682-903bcf519ef2">
      <DeploymentItems>
        <DeploymentItem filename="Stack Unit Testing.exe" />
      </DeploymentItems>
      <Execution id="de892a04-6253-4893-a498-ded6fbf1ee17" />
      <TestMethod codeBase="E:/Work/C#/Stack Unit Testing/Stack Unit Testing Tests/bin/Debug/Stack Unit Testing Tests.DLL" adapterTypeName="Microsoft.VisualStudio.TestTools.TestTypes.Unit.UnitTestAdapter, Microsoft.VisualStudio.QualityTools.Tips.UnitTest.Adapter, Version=10.0.0.0, Culture=neutral, PublicKeyToken=b03f5f7f11d50a3a" className="Stack_Unit_Testing_Tests.StackTest, Stack Unit Testing Tests, Version=1.0.0.0, Culture=neutral, PublicKeyToken=null" name="PeekTestHelperDefault" />
    </UnitTest>
    <UnitTest name="PopTestEmptyStackThenPush" storage="e:\work\c#\stack unit testing\stack unit testing tests\bin\debug\stack unit testing tests.dll" id="1422b94e-4575-c4b8-584e-a8452e706be7">
      <DeploymentItems>
        <DeploymentItem filename="Stack Unit Testing.exe" />
      </DeploymentItems>
      <Execution id="3513c520-61fe-4423-bb2b-4bd965cbe4be" />
      <TestMethod codeBase="E:/Work/C#/Stack Unit Testing/Stack Unit Testing Tests/bin/Debug/Stack Unit Testing Tests.DLL" adapterTypeName="Microsoft.VisualStudio.TestTools.TestTypes.Unit.UnitTestAdapter, Microsoft.VisualStudio.QualityTools.Tips.UnitTest.Adapter, Version=10.0.0.0, Culture=neutral, PublicKeyToken=b03f5f7f11d50a3a" className="Stack_Unit_Testing_Tests.StackTest, Stack Unit Testing Tests, Version=1.0.0.0, Culture=neutral, PublicKeyToken=null" name="PopTestEmptyStackThenPush" />
    </UnitTest>
  </TestDefinitions>
  <TestLists>
    <TestList name="Results Not in a List" id="8c84fa94-04c1-424b-9868-57a2d4851a1d" />
    <TestList name="All Loaded Results" id="19431567-8539-422a-85d7-44ee4e166bda" />
  </TestLists>
  <TestEntries>
    <TestEntry testId="0fcb5239-e4f9-cb40-28e9-c0143ac6a413" executionId="103a6c20-65f5-47b7-931f-9f375312e230" testListId="8c84fa94-04c1-424b-9868-57a2d4851a1d" />
    <TestEntry testId="12a16b75-0f11-f887-c517-beef22b149c1" executionId="eb490f1b-da6f-41c6-a44a-d6b1f987c3d6" testListId="8c84fa94-04c1-424b-9868-57a2d4851a1d" />
    <TestEntry testId="1422b94e-4575-c4b8-584e-a8452e706be7" executionId="3513c520-61fe-4423-bb2b-4bd965cbe4be" testListId="8c84fa94-04c1-424b-9868-57a2d4851a1d" />
    <TestEntry testId="193f48b6-43f5-4007-5761-69c8e6b597c9" executionId="c63d621d-b45d-45cd-b267-bd55582d629e" testListId="8c84fa94-04c1-424b-9868-57a2d4851a1d" />
    <TestEntry testId="29d7a5f9-3970-194f-2682-903bcf519ef2" executionId="de892a04-6253-4893-a498-ded6fbf1ee17" testListId="8c84fa94-04c1-424b-9868-57a2d4851a1d" />
    <TestEntry testId="30478b2b-0337-381a-a03f-215419e77da5" executionId="07bedaf1-cba7-4edf-a3df-ad5b4a9705d2" testListId="8c84fa94-04c1-424b-9868-57a2d4851a1d" />
    <TestEntry testId="44ee2b87-7353-582f-c9be-19c3ef4480b9" executionId="bd1fce95-7b38-413f-b92d-0126454941ed" testListId="8c84fa94-04c1-424b-9868-57a2d4851a1d" />
    <TestEntry testId="492f29e3-8fee-a77b-5d75-9fbf26e7c9dd" executionId="ff4e0f86-3006-49ae-b330-bc6e6b0d3112" testListId="8c84fa94-04c1-424b-9868-57a2d4851a1d" />
    <TestEntry testId="65690538-7b69-c615-ce70-9c6f2a87d103" executionId="1242759c-a734-407b-b286-4c649bb09ddb" testListId="8c84fa94-04c1-424b-9868-57a2d4851a1d" />
    <TestEntry testId="a64e7c77-a8a1-e145-70a4-72fe1550366a" executionId="46a2fbd7-1cc5-4dba-9dfb-819e4f6fad5e" testListId="8c84fa94-04c1-424b-9868-57a2d4851a1d" />
    <TestEntry testId="b5b83ddb-b301-8aa9-f517-1e900714238f" executionId="6531aa1b-72f3-4cda-9a3d-7dae270d2a6a" testListId="8c84fa94-04c1-424b-9868-57a2d4851a1d" />
    <TestEntry testId="e38817d2-8ab1-b8ee-2b1a-ae48d2250d61" executionId="bf1ab7c1-3110-4d0e-9582-ba175b4583ef" testListId="8c84fa94-04c1-424b-9868-57a2d4851a1d" />
    <TestEntry testId="f6a16e3b-46d3-cdfb-0603-80020653299b" executionId="88bac34d-220d-4dd1-8248-a9ec05dfb522" testListId="8c84fa94-04c1-424b-9868-57a2d4851a1d" />
  </TestEntries>
  <Results>
    <UnitTestResult executionId="103a6c20-65f5-47b7-931f-9f375312e230" testId="0fcb5239-e4f9-cb40-28e9-c0143ac6a413" testName="PushTestHelperDefault" computerName="RNDM-PC" duration="00:00:00.0141859" startTime="2014-03-05T22:06:21.6549845+13:00" endTime="2014-03-05T22:06:21.7879900+13:00" testType="13cdc9d9-ddb5-4fa4-a97d-d965ccfc6d4b" outcome="Passed" testListId="8c84fa94-04c1-424b-9868-57a2d4851a1d" relativeResultsDirectory="103a6c20-65f5-47b7-931f-9f375312e230">
    </UnitTestResult>
    <UnitTestResult executionId="eb490f1b-da6f-41c6-a44a-d6b1f987c3d6" testId="12a16b75-0f11-f887-c517-beef22b149c1" testName="IsEmptyTestHelperTrue" computerName="RNDM-PC" duration="00:00:00.0005254" startTime="2014-03-05T22:06:21.7889950+13:00" endTime="2014-03-05T22:06:21.7910229+13:00" testType="13cdc9d9-ddb5-4fa4-a97d-d965ccfc6d4b" outcome="Passed" testListId="8c84fa94-04c1-424b-9868-57a2d4851a1d" relativeResultsDirectory="eb490f1b-da6f-41c6-a44a-d6b1f987c3d6">
    </UnitTestResult>
    <UnitTestResult executionId="3513c520-61fe-4423-bb2b-4bd965cbe4be" testId="1422b94e-4575-c4b8-584e-a8452e706be7" testName="PopTestEmptyStackThenPush" computerName="RNDM-PC" duration="00:00:00.0008351" startTime="2014-03-05T22:06:21.7910229+13:00" endTime="2014-03-05T22:06:21.7940248+13:00" testType="13cdc9d9-ddb5-4fa4-a97d-d965ccfc6d4b" outcome="Passed" testListId="8c84fa94-04c1-424b-9868-57a2d4851a1d" relativeResultsDirectory="3513c520-61fe-4423-bb2b-4bd965cbe4be">
    </UnitTestResult>
    <UnitTestResult executionId="c63d621d-b45d-45cd-b267-bd55582d629e" testId="193f48b6-43f5-4007-5761-69c8e6b597c9" testName="StackConstructorTestHelper" computerName="RNDM-PC" duration="00:00:00.0001464" startTime="2014-03-05T22:06:21.7940248+13:00" endTime="2014-03-05T22:06:21.7959911+13:00" testType="13cdc9d9-ddb5-4fa4-a97d-d965ccfc6d4b" outcome="Passed" testListId="8c84fa94-04c1-424b-9868-57a2d4851a1d" relativeResultsDirectory="c63d621d-b45d-45cd-b267-bd55582d629e">
    </UnitTestResult>
    <UnitTestResult executionId="de892a04-6253-4893-a498-ded6fbf1ee17" testId="29d7a5f9-3970-194f-2682-903bcf519ef2" testName="PeekTestHelperDefault" computerName="RNDM-PC" duration="00:00:00.0002081" startTime="2014-03-05T22:06:21.7959911+13:00" endTime="2014-03-05T22:06:21.7980418+13:00" testType="13cdc9d9-ddb5-4fa4-a97d-d965ccfc6d4b" outcome="Passed" testListId="8c84fa94-04c1-424b-9868-57a2d4851a1d" relativeResultsDirectory="de892a04-6253-4893-a498-ded6fbf1ee17">
    </UnitTestResult>
    <UnitTestResult executionId="07bedaf1-cba7-4edf-a3df-ad5b4a9705d2" testId="30478b2b-0337-381a-a03f-215419e77da5" testName="IsEmptyTestHelperFalse" computerName="RNDM-PC" duration="00:00:00.0002096" startTime="2014-03-05T22:06:21.7989908+13:00" endTime="2014-03-05T22:06:21.7999928+13:00" testType="13cdc9d9-ddb5-4fa4-a97d-d965ccfc6d4b" outcome="Passed" testListId="8c84fa94-04c1-424b-9868-57a2d4851a1d" relativeResultsDirectory="07bedaf1-cba7-4edf-a3df-ad5b4a9705d2">
    </UnitTestResult>
    <UnitTestResult executionId="bd1fce95-7b38-413f-b92d-0126454941ed" testId="44ee2b87-7353-582f-c9be-19c3ef4480b9" testName="PopTestEmptyStack" computerName="RNDM-PC" duration="00:00:00.0001732" startTime="2014-03-05T22:06:21.8009908+13:00" endTime="2014-03-05T22:06:21.8019933+13:00" testType="13cdc9d9-ddb5-4fa4-a97d-d965ccfc6d4b" outcome="Passed" testListId="8c84fa94-04c1-424b-9868-57a2d4851a1d" relativeResultsDirectory="bd1fce95-7b38-413f-b92d-0126454941ed">
    </UnitTestResult>
    <UnitTestResult executionId="ff4e0f86-3006-49ae-b330-bc6e6b0d3112" testId="492f29e3-8fee-a77b-5d75-9fbf26e7c9dd" testName="IsEmptyTestHelperItemsPoppedTrue" computerName="RNDM-PC" duration="00:00:00.0002312" startTime="2014-03-05T22:06:21.8019933+13:00" endTime="2014-03-05T22:06:21.8039915+13:00" testType="13cdc9d9-ddb5-4fa4-a97d-d965ccfc6d4b" outcome="Passed" testListId="8c84fa94-04c1-424b-9868-57a2d4851a1d" relativeResultsDirectory="ff4e0f86-3006-49ae-b330-bc6e6b0d3112">
    </UnitTestResult>
    <UnitTestResult executionId="1242759c-a734-407b-b286-4c649bb09ddb" testId="65690538-7b69-c615-ce70-9c6f2a87d103" testName="PeekTestHelperEmptyStackTrue" computerName="RNDM-PC" duration="00:00:00.0001777" startTime="2014-03-05T22:06:21.8039915+13:00" endTime="2014-03-05T22:06:21.8060434+13:00" testType="13cdc9d9-ddb5-4fa4-a97d-d965ccfc6d4b" outcome="Passed" testListId="8c84fa94-04c1-424b-9868-57a2d4851a1d" relativeResultsDirectory="1242759c-a734-407b-b286-4c649bb09ddb">
    </UnitTestResult>
    <UnitTestResult executionId="46a2fbd7-1cc5-4dba-9dfb-819e4f6fad5e" testId="a64e7c77-a8a1-e145-70a4-72fe1550366a" testName="PeekTestHelperDoesntRemoveItemTrue" computerName="RNDM-PC" duration="00:00:00.0006071" startTime="2014-03-05T22:06:21.8060434+13:00" endTime="2014-03-05T22:06:21.8090410+13:00" testType="13cdc9d9-ddb5-4fa4-a97d-d965ccfc6d4b" outcome="Passed" testListId="8c84fa94-04c1-424b-9868-57a2d4851a1d" relativeResultsDirectory="46a2fbd7-1cc5-4dba-9dfb-819e4f6fad5e">
    </UnitTestResult>
    <UnitTestResult executionId="6531aa1b-72f3-4cda-9a3d-7dae270d2a6a" testId="b5b83ddb-b301-8aa9-f517-1e900714238f" testName="PushTestHelperPushTillStackIsFullException" computerName="RNDM-PC" duration="00:00:00.0043059" startTime="2014-03-05T22:06:21.8090410+13:00" endTime="2014-03-05T22:06:21.8150406+13:00" testType="13cdc9d9-ddb5-4fa4-a97d-d965ccfc6d4b" outcome="Passed" testListId="8c84fa94-04c1-424b-9868-57a2d4851a1d" relativeResultsDirectory="6531aa1b-72f3-4cda-9a3d-7dae270d2a6a">
    </UnitTestResult>
    <UnitTestResult executionId="bf1ab7c1-3110-4d0e-9582-ba175b4583ef" testId="e38817d2-8ab1-b8ee-2b1a-ae48d2250d61" testName="PopTestDefault" computerName="RNDM-PC" duration="00:00:00.0003203" startTime="2014-03-05T22:06:21.8159924+13:00" endTime="2014-03-05T22:06:21.8169941+13:00" testType="13cdc9d9-ddb5-4fa4-a97d-d965ccfc6d4b" outcome="Passed" testListId="8c84fa94-04c1-424b-9868-57a2d4851a1d" relativeResultsDirectory="bf1ab7c1-3110-4d0e-9582-ba175b4583ef">
    </UnitTestResult>
    <UnitTestResult executionId="88bac34d-220d-4dd1-8248-a9ec05dfb522" testId="f6a16e3b-46d3-cdfb-0603-80020653299b" testName="CountTest" computerName="RNDM-PC" duration="00:00:00.0002589" startTime="2014-03-05T22:06:21.8179978+13:00" endTime="2014-03-05T22:06:21.8189940+13:00" testType="13cdc9d9-ddb5-4fa4-a97d-d965ccfc6d4b" outcome="Passed" testListId="8c84fa94-04c1-424b-9868-57a2d4851a1d" relativeResultsDirectory="88bac34d-220d-4dd1-8248-a9ec05dfb522">
    </UnitTestResult>
  </Results>
</TestRun>