<?xml version="1.0" encoding="UTF-8"?>
<TestRun id="7f25473f-8e1c-404b-9b3c-6f420b286cdb" name="rNdm@RNDM-PC 2014-03-05 22:24:41" runUser="RNDM-PC\rNdm" xmlns="http://microsoft.com/schemas/VisualStudio/TeamTest/2010">
  <TestSettings name="Local" id="ab684e55-41fe-4872-9932-1149f5004a7c">
    <Description>These are default test settings for a local test run.</Description>
    <Deployment runDeploymentRoot="rNdm_RNDM-PC 2014-03-05 22_24_41">
      <DeploymentItem filename="E:\Work\C#\Stack Unit Testing\Stack Unit Testing\bin\Debug\Stack Unit Testing.exe" />
    </Deployment>
    <Execution>
      <TestTypeSpecific>
        <UnitTestRunConfig testTypeId="13cdc9d9-ddb5-4fa4-a97d-d965ccfc6d4b">
          <AssemblyResolution>
            <TestDirectory useLoadContext="true" />
          </AssemblyResolution>
        </UnitTestRunConfig>
        <WebTestRunConfiguration testTypeId="4e7599fa-5ecb-43e9-a887-cd63cf72d207">
          <Browser name="Internet Explorer 7.0">
            <Headers>
              <Header name="User-Agent" value="Mozilla/4.0 (compatible; MSIE 7.0; Windows NT 5.1)" />
              <Header name="Accept" value="*/*" />
              <Header name="Accept-Language" value="{{$IEAcceptLanguage}}" />
              <Header name="Accept-Encoding" value="GZIP" />
            </Headers>
          </Browser>
        </WebTestRunConfiguration>
      </TestTypeSpecific>
      <AgentRule name="LocalMachineDefaultRole">
      </AgentRule>
    </Execution>
  </TestSettings>
  <Times creation="2014-03-05T22:24:41.3491074+13:00" queuing="2014-03-05T22:24:41.4550657+13:00" start="2014-03-05T22:24:41.4630655+13:00" finish="2014-03-05T22:24:41.8880892+13:00" />
  <ResultSummary outcome="Completed">
    <Counters total="17" executed="17" passed="17" error="0" failed="0" timeout="0" aborted="0" inconclusive="0" passedButRunAborted="0" notRunnable="0" notExecuted="0" disconnected="0" warning="0" completed="0" inProgress="0" pending="0" />
  </ResultSummary>
  <TestDefinitions>
    <UnitTest name="PeekTestFullStack" storage="e:\work\c#\stack unit testing\stack unit testing tests\bin\debug\stack unit testing tests.dll" id="7fc471fb-1bdb-a100-f4a2-cad93ff0122c">
      <DeploymentItems>
        <DeploymentItem filename="Stack Unit Testing.exe" />
      </DeploymentItems>
      <Execution id="34162439-6246-4a2a-aa68-2463def6569b" />
      <TestMethod codeBase="E:/Work/C#/Stack Unit Testing/Stack Unit Testing Tests/bin/Debug/Stack Unit Testing Tests.DLL" adapterTypeName="Microsoft.VisualStudio.TestTools.TestTypes.Unit.UnitTestAdapter, Microsoft.VisualStudio.QualityTools.Tips.UnitTest.Adapter, Version=10.0.0.0, Culture=neutral, PublicKeyToken=b03f5f7f11d50a3a" className="Stack_Unit_Testing_Tests.StackTest, Stack Unit Testing Tests, Version=1.0.0.0, Culture=neutral, PublicKeyToken=null" name="PeekTestFullStack" />
    </UnitTest>
    <UnitTest name="CountTestEmptyStack" storage="e:\work\c#\stack unit testing\stack unit testing tests\bin\debug\stack unit testing tests.dll" id="820c65c9-3833-e6b0-bb49-8afe247a01bb">
      <DeploymentItems>
        <DeploymentItem filename="Stack Unit Testing.exe" />
      </DeploymentItems>
      <Execution id="7e49582c-bedd-495e-9b46-d437507e4c87" />
      <TestMethod codeBase="E:/Work/C#/Stack Unit Testing/Stack Unit Testing Tests/bin/Debug/Stack Unit Testing Tests.DLL" adapterTypeName="Microsoft.VisualStudio.TestTools.TestTypes.Unit.UnitTestAdapter, Microsoft.VisualStudio.QualityTools.Tips.UnitTest.Adapter, Version=10.0.0.0, Culture=neutral, PublicKeyToken=b03f5f7f11d50a3a" className="Stack_Unit_Testing_Tests.StackTest, Stack Unit Testing Tests, Version=1.0.0.0, Culture=neutral, PublicKeyToken=null" name="CountTestEmptyStack" />
    </UnitTest>
    <UnitTest name="PeekTestCheckDoesntRemoveItem" storage="e:\work\c#\stack unit testing\stack unit testing tests\bin\debug\stack unit testing tests.dll" id="3410c63c-7184-40ea-224e-b18bdcd38d3c">
      <DeploymentItems>
        <DeploymentItem filename="Stack Unit Testing.exe" />
      </DeploymentItems>
      <Execution id="484337d7-4fe1-4054-b139-5d79320edd58" />
      <TestMethod codeBase="E:/Work/C#/Stack Unit Testing/Stack Unit Testing Tests/bin/Debug/Stack Unit Testing Tests.DLL" adapterTypeName="Microsoft.VisualStudio.TestTools.TestTypes.Unit.UnitTestAdapter, Microsoft.VisualStudio.QualityTools.Tips.UnitTest.Adapter, Version=10.0.0.0, Culture=neutral, PublicKeyToken=b03f5f7f11d50a3a" className="Stack_Unit_Testing_Tests.StackTest, Stack Unit Testing Tests, Version=1.0.0.0, Culture=neutral, PublicKeyToken=null" name="PeekTestCheckDoesntRemoveItem" />
    </UnitTest>
    <UnitTest name="CountTestDefault" storage="e:\work\c#\stack unit testing\stack unit testing tests\bin\debug\stack unit testing tests.dll" id="6ebd3136-4d71-3c7c-96c2-a536d4b45671">
      <DeploymentItems>
        <DeploymentItem filename="Stack Unit Testing.exe" />
      </DeploymentItems>
      <Execution id="e8f4c360-d4fd-4453-b60b-9ae6f481fd02" />
      <TestMethod codeBase="E:/Work/C#/Stack Unit Testing/Stack Unit Testing Tests/bin/Debug/Stack Unit Testing Tests.DLL" adapterTypeName="Microsoft.VisualStudio.TestTools.TestTypes.Unit.UnitTestAdapter, Microsoft.VisualStudio.QualityTools.Tips.UnitTest.Adapter, Version=10.0.0.0, Culture=neutral, PublicKeyToken=b03f5f7f11d50a3a" className="Stack_Unit_Testing_Tests.StackTest, Stack Unit Testing Tests, Version=1.0.0.0, Culture=neutral, PublicKeyToken=null" name="CountTestDefault" />
    </UnitTest>
    <UnitTest name="IsEmptyTestHelperTrue" storage="e:\work\c#\stack unit testing\stack unit testing tests\bin\debug\stack unit testing tests.dll" id="12a16b75-0f11-f887-c517-beef22b149c1">
      <DeploymentItems>
        <DeploymentItem filename="Stack Unit Testing.exe" />
      </DeploymentItems>
      <Execution id="6c450afb-2563-4e76-af6a-796f3a7de7af" />
      <TestMethod codeBase="E:/Work/C#/Stack Unit Testing/Stack Unit Testing Tests/bin/Debug/Stack Unit Testing Tests.DLL" adapterTypeName="Microsoft.VisualStudio.TestTools.TestTypes.Unit.UnitTestAdapter, Microsoft.VisualStudio.QualityTools.Tips.UnitTest.Adapter, Version=10.0.0.0, Culture=neutral, PublicKeyToken=b03f5f7f11d50a3a" className="Stack_Unit_Testing_Tests.StackTest, Stack Unit Testing Tests, Version=1.0.0.0, Culture=neutral, PublicKeyToken=null" name="IsEmptyTestHelperTrue" />
    </UnitTest>
    <UnitTest name="PeekTestEmptyStack" storage="e:\work\c#\stack unit testing\stack unit testing tests\bin\debug\stack unit testing tests.dll" id="5acfe1ea-6f45-add4-d3f4-173f208845e1">
      <DeploymentItems>
        <DeploymentItem filename="Stack Unit Testing.exe" />
      </DeploymentItems>
      <Execution id="04bd0e40-1961-4da8-b106-e890a4c1a53a" />
      <TestMethod codeBase="E:/Work/C#/Stack Unit Testing/Stack Unit Testing Tests/bin/Debug/Stack Unit Testing Tests.DLL" adapterTypeName="Microsoft.VisualStudio.TestTools.TestTypes.Unit.UnitTestAdapter, Microsoft.VisualStudio.QualityTools.Tips.UnitTest.Adapter, Version=10.0.0.0, Culture=neutral, PublicKeyToken=b03f5f7f11d50a3a" className="Stack_Unit_Testing_Tests.StackTest, Stack Unit Testing Tests, Version=1.0.0.0, Culture=neutral, PublicKeyToken=null" name="PeekTestEmptyStack" />
    </UnitTest>
    <UnitTest name="IsEmptyTestHelperFalse" storage="e:\work\c#\stack unit testing\stack unit testing tests\bin\debug\stack unit testing tests.dll" id="30478b2b-0337-381a-a03f-215419e77da5">
      <DeploymentItems>
        <DeploymentItem filename="Stack Unit Testing.exe" />
      </DeploymentItems>
      <Execution id="9f568913-a9d6-4153-9cc8-f419f3b1dd6e" />
      <TestMethod codeBase="E:/Work/C#/Stack Unit Testing/Stack Unit Testing Tests/bin/Debug/Stack Unit Testing Tests.DLL" adapterTypeName="Microsoft.VisualStudio.TestTools.TestTypes.Unit.UnitTestAdapter, Microsoft.VisualStudio.QualityTools.Tips.UnitTest.Adapter, Version=10.0.0.0, Culture=neutral, PublicKeyToken=b03f5f7f11d50a3a" className="Stack_Unit_Testing_Tests.StackTest, Stack Unit Testing Tests, Version=1.0.0.0, Culture=neutral, PublicKeyToken=null" name="IsEmptyTestHelperFalse" />
    </UnitTest>
    <UnitTest name="PopTestEmptyStack" storage="e:\work\c#\stack unit testing\stack unit testing tests\bin\debug\stack unit testing tests.dll" id="44ee2b87-7353-582f-c9be-19c3ef4480b9">
      <DeploymentItems>
        <DeploymentItem filename="Stack Unit Testing.exe" />
      </DeploymentItems>
      <Execution id="80bedcef-3294-49ca-8429-3aa826bb135a" />
      <TestMethod codeBase="E:/Work/C#/Stack Unit Testing/Stack Unit Testing Tests/bin/Debug/Stack Unit Testing Tests.DLL" adapterTypeName="Microsoft.VisualStudio.TestTools.TestTypes.Unit.UnitTestAdapter, Microsoft.VisualStudio.QualityTools.Tips.UnitTest.Adapter, Version=10.0.0.0, Culture=neutral, PublicKeyToken=b03f5f7f11d50a3a" className="Stack_Unit_Testing_Tests.StackTest, Stack Unit Testing Tests, Version=1.0.0.0, Culture=neutral, PublicKeyToken=null" name="PopTestEmptyStack" />
    </UnitTest>
    <UnitTest name="StackConstructorTestHelper" storage="e:\work\c#\stack unit testing\stack unit testing tests\bin\debug\stack unit testing tests.dll" id="193f48b6-43f5-4007-5761-69c8e6b597c9">
      <DeploymentItems>
        <DeploymentItem filename="Stack Unit Testing.exe" />
      </DeploymentItems>
      <Execution id="9e4583ac-8b58-4783-9f13-82d3c585208f" />
      <TestMethod codeBase="E:/Work/C#/Stack Unit Testing/Stack Unit Testing Tests/bin/Debug/Stack Unit Testing Tests.DLL" adapterTypeName="Microsoft.VisualStudio.TestTools.TestTypes.Unit.UnitTestAdapter, Microsoft.VisualStudio.QualityTools.Tips.UnitTest.Adapter, Version=10.0.0.0, Culture=neutral, PublicKeyToken=b03f5f7f11d50a3a" className="Stack_Unit_Testing_Tests.StackTest, Stack Unit Testing Tests, Version=1.0.0.0, Culture=neutral, PublicKeyToken=null" name="StackConstructorTestHelper" />
    </UnitTest>
    <UnitTest name="PushTestHelperPushTillStackIsFullException" storage="e:\work\c#\stack unit testing\stack unit testing tests\bin\debug\stack unit testing tests.dll" id="b5b83ddb-b301-8aa9-f517-1e900714238f">
      <Execution id="ea79296f-32d4-45e6-91a1-07ce90662e8c" />
      <TestMethod codeBase="E:/Work/C#/Stack Unit Testing/Stack Unit Testing Tests/bin/Debug/Stack Unit Testing Tests.DLL" adapterTypeName="Microsoft.VisualStudio.TestTools.TestTypes.Unit.UnitTestAdapter, Microsoft.VisualStudio.QualityTools.Tips.UnitTest.Adapter, Version=10.0.0.0, Culture=neutral, PublicKeyToken=b03f5f7f11d50a3a" className="Stack_Unit_Testing_Tests.StackTest, Stack Unit Testing Tests, Version=1.0.0.0, Culture=neutral, PublicKeyToken=null" name="PushTestHelperPushTillStackIsFullException" />
    </UnitTest>
    <UnitTest name="CountTestFullStack" storage="e:\work\c#\stack unit testing\stack unit testing tests\bin\debug\stack unit testing tests.dll" id="4048ccfa-25fd-673c-3d3f-3fe1e5c1ac1c">
      <DeploymentItems>
        <DeploymentItem filename="Stack Unit Testing.exe" />
      </DeploymentItems>
      <Execution id="9632f207-7df7-49c6-b65f-be1ec1c90c2f" />
      <TestMethod codeBase="E:/Work/C#/Stack Unit Testing/Stack Unit Testing Tests/bin/Debug/Stack Unit Testing Tests.DLL" adapterTypeName="Microsoft.VisualStudio.TestTools.TestTypes.Unit.UnitTestAdapter, Microsoft.VisualStudio.QualityTools.Tips.UnitTest.Adapter, Version=10.0.0.0, Culture=neutral, PublicKeyToken=b03f5f7f11d50a3a" className="Stack_Unit_Testing_Tests.StackTest, Stack Unit Testing Tests, Version=1.0.0.0, Culture=neutral, PublicKeyToken=null" name="CountTestFullStack" />
    </UnitTest>
    <UnitTest name="IsEmptyTestHelperItemsPoppedTrue" storage="e:\work\c#\stack unit testing\stack unit testing tests\bin\debug\stack unit testing tests.dll" id="492f29e3-8fee-a77b-5d75-9fbf26e7c9dd">
      <DeploymentItems>
        <DeploymentItem filename="Stack Unit Testing.exe" />
      </DeploymentItems>
      <Execution id="1116cb66-796f-4532-9d41-4cb34d9cc7e5" />
      <TestMethod codeBase="E:/Work/C#/Stack Unit Testing/Stack Unit Testing Tests/bin/Debug/Stack Unit Testing Tests.DLL" adapterTypeName="Microsoft.VisualStudio.TestTools.TestTypes.Unit.UnitTestAdapter, Microsoft.VisualStudio.QualityTools.Tips.UnitTest.Adapter, Version=10.0.0.0, Culture=neutral, PublicKeyToken=b03f5f7f11d50a3a" className="Stack_Unit_Testing_Tests.StackTest, Stack Unit Testing Tests, Version=1.0.0.0, Culture=neutral, PublicKeyToken=null" name="IsEmptyTestHelperItemsPoppedTrue" />
    </UnitTest>
    <UnitTest name="PushTestHelperDefault" storage="e:\work\c#\stack unit testing\stack unit testing tests\bin\debug\stack unit testing tests.dll" id="0fcb5239-e4f9-cb40-28e9-c0143ac6a413">
      <DeploymentItems>
        <DeploymentItem filename="Stack Unit Testing.exe" />
      </DeploymentItems>
      <Execution id="3702b603-e5d1-440a-8f22-55febbe36ac3" />
      <TestMethod codeBase="E:/Work/C#/Stack Unit Testing/Stack Unit Testing Tests/bin/Debug/Stack Unit Testing Tests.DLL" adapterTypeName="Microsoft.VisualStudio.TestTools.TestTypes.Unit.UnitTestAdapter, Microsoft.VisualStudio.QualityTools.Tips.UnitTest.Adapter, Version=10.0.0.0, Culture=neutral, PublicKeyToken=b03f5f7f11d50a3a" className="Stack_Unit_Testing_Tests.StackTest, Stack Unit Testing Tests, Version=1.0.0.0, Culture=neutral, PublicKeyToken=null" name="PushTestHelperDefault" />
    </UnitTest>
    <UnitTest name="PeekTestHelperDefault" storage="e:\work\c#\stack unit testing\stack unit testing tests\bin\debug\stack unit testing tests.dll" id="29d7a5f9-3970-194f-2682-903bcf519ef2">
      <DeploymentItems>
        <DeploymentItem filename="Stack Unit Testing.exe" />
      </DeploymentItems>
      <Execution id="f0d290cd-3b05-4a37-b92a-68924fa15d17" />
      <TestMethod codeBase="E:/Work/C#/Stack Unit Testing/Stack Unit Testing Tests/bin/Debug/Stack Unit Testing Tests.DLL" adapterTypeName="Microsoft.VisualStudio.TestTools.TestTypes.Unit.UnitTestAdapter, Microsoft.VisualStudio.QualityTools.Tips.UnitTest.Adapter, Version=10.0.0.0, Culture=neutral, PublicKeyToken=b03f5f7f11d50a3a" className="Stack_Unit_Testing_Tests.StackTest, Stack Unit Testing Tests, Version=1.0.0.0, Culture=neutral, PublicKeyToken=null" name="PeekTestHelperDefault" />
    </UnitTest>
    <UnitTest name="PopTestEmptyStackThenPush" storage="e:\work\c#\stack unit testing\stack unit testing tests\bin\debug\stack unit testing tests.dll" id="1422b94e-4575-c4b8-584e-a8452e706be7">
      <DeploymentItems>
        <DeploymentItem filename="Stack Unit Testing.exe" />
      </DeploymentItems>
      <Execution id="fb28d573-8a01-46b9-9161-9bc52dc6821c" />
      <TestMethod codeBase="E:/Work/C#/Stack Unit Testing/Stack Unit Testing Tests/bin/Debug/Stack Unit Testing Tests.DLL" adapterTypeName="Microsoft.VisualStudio.TestTools.TestTypes.Unit.UnitTestAdapter, Microsoft.VisualStudio.QualityTools.Tips.UnitTest.Adapter, Version=10.0.0.0, Culture=neutral, PublicKeyToken=b03f5f7f11d50a3a" className="Stack_Unit_Testing_Tests.StackTest, Stack Unit Testing Tests, Version=1.0.0.0, Culture=neutral, PublicKeyToken=null" name="PopTestEmptyStackThenPush" />
    </UnitTest>
    <UnitTest name="PopTestEmptyStackMultipleTimes" storage="e:\work\c#\stack unit testing\stack unit testing tests\bin\debug\stack unit testing tests.dll" id="2092c165-ea5b-bef2-a186-abe14a38f351">
      <DeploymentItems>
        <DeploymentItem filename="Stack Unit Testing.exe" />
      </DeploymentItems>
      <Execution id="0100eb61-bed5-44c3-8865-4177e7b1985f" />
      <TestMethod codeBase="E:/Work/C#/Stack Unit Testing/Stack Unit Testing Tests/bin/Debug/Stack Unit Testing Tests.DLL" adapterTypeName="Microsoft.VisualStudio.TestTools.TestTypes.Unit.UnitTestAdapter, Microsoft.VisualStudio.QualityTools.Tips.UnitTest.Adapter, Version=10.0.0.0, Culture=neutral, PublicKeyToken=b03f5f7f11d50a3a" className="Stack_Unit_Testing_Tests.StackTest, Stack Unit Testing Tests, Version=1.0.0.0, Culture=neutral, PublicKeyToken=null" name="PopTestEmptyStackMultipleTimes" />
    </UnitTest>
    <UnitTest name="PopTestDefault" storage="e:\work\c#\stack unit testing\stack unit testing tests\bin\debug\stack unit testing tests.dll" id="e38817d2-8ab1-b8ee-2b1a-ae48d2250d61">
      <DeploymentItems>
        <DeploymentItem filename="Stack Unit Testing.exe" />
      </DeploymentItems>
      <Execution id="46542733-0fbf-4c6d-9004-49b31bc38eee" />
      <TestMethod codeBase="E:/Work/C#/Stack Unit Testing/Stack Unit Testing Tests/bin/Debug/Stack Unit Testing Tests.DLL" adapterTypeName="Microsoft.VisualStudio.TestTools.TestTypes.Unit.UnitTestAdapter, Microsoft.VisualStudio.QualityTools.Tips.UnitTest.Adapter, Version=10.0.0.0, Culture=neutral, PublicKeyToken=b03f5f7f11d50a3a" className="Stack_Unit_Testing_Tests.StackTest, Stack Unit Testing Tests, Version=1.0.0.0, Culture=neutral, PublicKeyToken=null" name="PopTestDefault" />
    </UnitTest>
  </TestDefinitions>
  <TestLists>
    <TestList name="Results Not in a List" id="8c84fa94-04c1-424b-9868-57a2d4851a1d" />
    <TestList name="All Loaded Results" id="19431567-8539-422a-85d7-44ee4e166bda" />
  </TestLists>
  <TestEntries>
    <TestEntry testId="0fcb5239-e4f9-cb40-28e9-c0143ac6a413" executionId="3702b603-e5d1-440a-8f22-55febbe36ac3" testListId="8c84fa94-04c1-424b-9868-57a2d4851a1d" />
    <TestEntry testId="12a16b75-0f11-f887-c517-beef22b149c1" executionId="6c450afb-2563-4e76-af6a-796f3a7de7af" testListId="8c84fa94-04c1-424b-9868-57a2d4851a1d" />
    <TestEntry testId="1422b94e-4575-c4b8-584e-a8452e706be7" executionId="fb28d573-8a01-46b9-9161-9bc52dc6821c" testListId="8c84fa94-04c1-424b-9868-57a2d4851a1d" />
    <TestEntry testId="193f48b6-43f5-4007-5761-69c8e6b597c9" executionId="9e4583ac-8b58-4783-9f13-82d3c585208f" testListId="8c84fa94-04c1-424b-9868-57a2d4851a1d" />
    <TestEntry testId="2092c165-ea5b-bef2-a186-abe14a38f351" executionId="0100eb61-bed5-44c3-8865-4177e7b1985f" testListId="8c84fa94-04c1-424b-9868-57a2d4851a1d" />
    <TestEntry testId="29d7a5f9-3970-194f-2682-903bcf519ef2" executionId="f0d290cd-3b05-4a37-b92a-68924fa15d17" testListId="8c84fa94-04c1-424b-9868-57a2d4851a1d" />
    <TestEntry testId="30478b2b-0337-381a-a03f-215419e77da5" executionId="9f568913-a9d6-4153-9cc8-f419f3b1dd6e" testListId="8c84fa94-04c1-424b-9868-57a2d4851a1d" />
    <TestEntry testId="3410c63c-7184-40ea-224e-b18bdcd38d3c" executionId="484337d7-4fe1-4054-b139-5d79320edd58" testListId="8c84fa94-04c1-424b-9868-57a2d4851a1d" />
    <TestEntry testId="4048ccfa-25fd-673c-3d3f-3fe1e5c1ac1c" executionId="9632f207-7df7-49c6-b65f-be1ec1c90c2f" testListId="8c84fa94-04c1-424b-9868-57a2d4851a1d" />
    <TestEntry testId="44ee2b87-7353-582f-c9be-19c3ef4480b9" executionId="80bedcef-3294-49ca-8429-3aa826bb135a" testListId="8c84fa94-04c1-424b-9868-57a2d4851a1d" />
    <TestEntry testId="492f29e3-8fee-a77b-5d75-9fbf26e7c9dd" executionId="1116cb66-796f-4532-9d41-4cb34d9cc7e5" testListId="8c84fa94-04c1-424b-9868-57a2d4851a1d" />
    <TestEntry testId="5acfe1ea-6f45-add4-d3f4-173f208845e1" executionId="04bd0e40-1961-4da8-b106-e890a4c1a53a" testListId="8c84fa94-04c1-424b-9868-57a2d4851a1d" />
    <TestEntry testId="6ebd3136-4d71-3c7c-96c2-a536d4b45671" executionId="e8f4c360-d4fd-4453-b60b-9ae6f481fd02" testListId="8c84fa94-04c1-424b-9868-57a2d4851a1d" />
    <TestEntry testId="7fc471fb-1bdb-a100-f4a2-cad93ff0122c" executionId="34162439-6246-4a2a-aa68-2463def6569b" testListId="8c84fa94-04c1-424b-9868-57a2d4851a1d" />
    <TestEntry testId="820c65c9-3833-e6b0-bb49-8afe247a01bb" executionId="7e49582c-bedd-495e-9b46-d437507e4c87" testListId="8c84fa94-04c1-424b-9868-57a2d4851a1d" />
    <TestEntry testId="b5b83ddb-b301-8aa9-f517-1e900714238f" executionId="ea79296f-32d4-45e6-91a1-07ce90662e8c" testListId="8c84fa94-04c1-424b-9868-57a2d4851a1d" />
    <TestEntry testId="e38817d2-8ab1-b8ee-2b1a-ae48d2250d61" executionId="46542733-0fbf-4c6d-9004-49b31bc38eee" testListId="8c84fa94-04c1-424b-9868-57a2d4851a1d" />
  </TestEntries>
  <Results>
    <UnitTestResult executionId="3702b603-e5d1-440a-8f22-55febbe36ac3" testId="0fcb5239-e4f9-cb40-28e9-c0143ac6a413" testName="PushTestHelperDefault" computerName="RNDM-PC" duration="00:00:00.0148138" startTime="2014-03-05T22:24:41.4640663+13:00" endTime="2014-03-05T22:24:41.8410880+13:00" testType="13cdc9d9-ddb5-4fa4-a97d-d965ccfc6d4b" outcome="Passed" testListId="8c84fa94-04c1-424b-9868-57a2d4851a1d" relativeResultsDirectory="3702b603-e5d1-440a-8f22-55febbe36ac3">
    </UnitTestResult>
    <UnitTestResult executionId="6c450afb-2563-4e76-af6a-796f3a7de7af" testId="12a16b75-0f11-f887-c517-beef22b149c1" testName="IsEmptyTestHelperTrue" computerName="RNDM-PC" duration="00:00:00.0003850" startTime="2014-03-05T22:24:41.8420863+13:00" endTime="2014-03-05T22:24:41.8431043+13:00" testType="13cdc9d9-ddb5-4fa4-a97d-d965ccfc6d4b" outcome="Passed" testListId="8c84fa94-04c1-424b-9868-57a2d4851a1d" relativeResultsDirectory="6c450afb-2563-4e76-af6a-796f3a7de7af">
    </UnitTestResult>
    <UnitTestResult executionId="fb28d573-8a01-46b9-9161-9bc52dc6821c" testId="1422b94e-4575-c4b8-584e-a8452e706be7" testName="PopTestEmptyStackThenPush" computerName="RNDM-PC" duration="00:00:00.0005998" startTime="2014-03-05T22:24:41.8440872+13:00" endTime="2014-03-05T22:24:41.8461066+13:00" testType="13cdc9d9-ddb5-4fa4-a97d-d965ccfc6d4b" outcome="Passed" testListId="8c84fa94-04c1-424b-9868-57a2d4851a1d" relativeResultsDirectory="fb28d573-8a01-46b9-9161-9bc52dc6821c">
    </UnitTestResult>
    <UnitTestResult executionId="9e4583ac-8b58-4783-9f13-82d3c585208f" testId="193f48b6-43f5-4007-5761-69c8e6b597c9" testName="StackConstructorTestHelper" computerName="RNDM-PC" duration="00:00:00.0001492" startTime="2014-03-05T22:24:41.8461066+13:00" endTime="2014-03-05T22:24:41.8481202+13:00" testType="13cdc9d9-ddb5-4fa4-a97d-d965ccfc6d4b" outcome="Passed" testListId="8c84fa94-04c1-424b-9868-57a2d4851a1d" relativeResultsDirectory="9e4583ac-8b58-4783-9f13-82d3c585208f">
    </UnitTestResult>
    <UnitTestResult executionId="0100eb61-bed5-44c3-8865-4177e7b1985f" testId="2092c165-ea5b-bef2-a186-abe14a38f351" testName="PopTestEmptyStackMultipleTimes" computerName="RNDM-PC" duration="00:00:00.0001735" startTime="2014-03-05T22:24:41.8481202+13:00" endTime="2014-03-05T22:24:41.8501147+13:00" testType="13cdc9d9-ddb5-4fa4-a97d-d965ccfc6d4b" outcome="Passed" testListId="8c84fa94-04c1-424b-9868-57a2d4851a1d" relativeResultsDirectory="0100eb61-bed5-44c3-8865-4177e7b1985f">
    </UnitTestResult>
    <UnitTestResult executionId="f0d290cd-3b05-4a37-b92a-68924fa15d17" testId="29d7a5f9-3970-194f-2682-903bcf519ef2" testName="PeekTestHelperDefault" computerName="RNDM-PC" duration="00:00:00.0002081" startTime="2014-03-05T22:24:41.8501147+13:00" endTime="2014-03-05T22:24:41.8521219+13:00" testType="13cdc9d9-ddb5-4fa4-a97d-d965ccfc6d4b" outcome="Passed" testListId="8c84fa94-04c1-424b-9868-57a2d4851a1d" relativeResultsDirectory="f0d290cd-3b05-4a37-b92a-68924fa15d17">
    </UnitTestResult>
    <UnitTestResult executionId="9f568913-a9d6-4153-9cc8-f419f3b1dd6e" testId="30478b2b-0337-381a-a03f-215419e77da5" testName="IsEmptyTestHelperFalse" computerName="RNDM-PC" duration="00:00:00.0002087" startTime="2014-03-05T22:24:41.8521219+13:00" endTime="2014-03-05T22:24:41.8540872+13:00" testType="13cdc9d9-ddb5-4fa4-a97d-d965ccfc6d4b" outcome="Passed" testListId="8c84fa94-04c1-424b-9868-57a2d4851a1d" relativeResultsDirectory="9f568913-a9d6-4153-9cc8-f419f3b1dd6e">
    </UnitTestResult>
    <UnitTestResult executionId="484337d7-4fe1-4054-b139-5d79320edd58" testId="3410c63c-7184-40ea-224e-b18bdcd38d3c" testName="PeekTestCheckDoesntRemoveItem" computerName="RNDM-PC" duration="00:00:00.0004549" startTime="2014-03-05T22:24:41.8540872+13:00" endTime="2014-03-05T22:24:41.8560875+13:00" testType="13cdc9d9-ddb5-4fa4-a97d-d965ccfc6d4b" outcome="Passed" testListId="8c84fa94-04c1-424b-9868-57a2d4851a1d" relativeResultsDirectory="484337d7-4fe1-4054-b139-5d79320edd58">
    </UnitTestResult>
    <UnitTestResult executionId="9632f207-7df7-49c6-b65f-be1ec1c90c2f" testId="4048ccfa-25fd-673c-3d3f-3fe1e5c1ac1c" testName="CountTestFullStack" computerName="RNDM-PC" duration="00:00:00.0003029" startTime="2014-03-05T22:24:41.8560875+13:00" endTime="2014-03-05T22:24:41.8580871+13:00" testType="13cdc9d9-ddb5-4fa4-a97d-d965ccfc6d4b" outcome="Passed" testListId="8c84fa94-04c1-424b-9868-57a2d4851a1d" relativeResultsDirectory="9632f207-7df7-49c6-b65f-be1ec1c90c2f">
    </UnitTestResult>
    <UnitTestResult executionId="80bedcef-3294-49ca-8429-3aa826bb135a" testId="44ee2b87-7353-582f-c9be-19c3ef4480b9" testName="PopTestEmptyStack" computerName="RNDM-PC" duration="00:00:00.0002349" startTime="2014-03-05T22:24:41.8580871+13:00" endTime="2014-03-05T22:24:41.8600874+13:00" testType="13cdc9d9-ddb5-4fa4-a97d-d965ccfc6d4b" outcome="Passed" testListId="8c84fa94-04c1-424b-9868-57a2d4851a1d" relativeResultsDirectory="80bedcef-3294-49ca-8429-3aa826bb135a">
    </UnitTestResult>
    <UnitTestResult executionId="1116cb66-796f-4532-9d41-4cb34d9cc7e5" testId="492f29e3-8fee-a77b-5d75-9fbf26e7c9dd" testName="IsEmptyTestHelperItemsPoppedTrue" computerName="RNDM-PC" duration="00:00:00.0002835" startTime="2014-03-05T22:24:41.8610872+13:00" endTime="2014-03-05T22:24:41.8630881+13:00" testType="13cdc9d9-ddb5-4fa4-a97d-d965ccfc6d4b" outcome="Passed" testListId="8c84fa94-04c1-424b-9868-57a2d4851a1d" relativeResultsDirectory="1116cb66-796f-4532-9d41-4cb34d9cc7e5">
    </UnitTestResult>
    <UnitTestResult executionId="04bd0e40-1961-4da8-b106-e890a4c1a53a" testId="5acfe1ea-6f45-add4-d3f4-173f208845e1" testName="PeekTestEmptyStack" computerName="RNDM-PC" duration="00:00:00.0002406" startTime="2014-03-05T22:24:41.8640879+13:00" endTime="2014-03-05T22:24:41.8650892+13:00" testType="13cdc9d9-ddb5-4fa4-a97d-d965ccfc6d4b" outcome="Passed" testListId="8c84fa94-04c1-424b-9868-57a2d4851a1d" relativeResultsDirectory="04bd0e40-1961-4da8-b106-e890a4c1a53a">
    </UnitTestResult>
    <UnitTestResult executionId="e8f4c360-d4fd-4453-b60b-9ae6f481fd02" testId="6ebd3136-4d71-3c7c-96c2-a536d4b45671" testName="CountTestDefault" computerName="RNDM-PC" duration="00:00:00.0003212" startTime="2014-03-05T22:24:41.8660879+13:00" endTime="2014-03-05T22:24:41.8680881+13:00" testType="13cdc9d9-ddb5-4fa4-a97d-d965ccfc6d4b" outcome="Passed" testListId="8c84fa94-04c1-424b-9868-57a2d4851a1d" relativeResultsDirectory="e8f4c360-d4fd-4453-b60b-9ae6f481fd02">
    </UnitTestResult>
    <UnitTestResult executionId="34162439-6246-4a2a-aa68-2463def6569b" testId="7fc471fb-1bdb-a100-f4a2-cad93ff0122c" testName="PeekTestFullStack" computerName="RNDM-PC" duration="00:00:00.0003130" startTime="2014-03-05T22:24:41.8680881+13:00" endTime="2014-03-05T22:24:41.8700881+13:00" testType="13cdc9d9-ddb5-4fa4-a97d-d965ccfc6d4b" outcome="Passed" testListId="8c84fa94-04c1-424b-9868-57a2d4851a1d" relativeResultsDirectory="34162439-6246-4a2a-aa68-2463def6569b">
    </UnitTestResult>
    <UnitTestResult executionId="7e49582c-bedd-495e-9b46-d437507e4c87" testId="820c65c9-3833-e6b0-bb49-8afe247a01bb" testName="CountTestEmptyStack" computerName="RNDM-PC" duration="00:00:00.0001811" startTime="2014-03-05T22:24:41.8700881+13:00" endTime="2014-03-05T22:24:41.8720880+13:00" testType="13cdc9d9-ddb5-4fa4-a97d-d965ccfc6d4b" outcome="Passed" testListId="8c84fa94-04c1-424b-9868-57a2d4851a1d" relativeResultsDirectory="7e49582c-bedd-495e-9b46-d437507e4c87">
    </UnitTestResult>
    <UnitTestResult executionId="ea79296f-32d4-45e6-91a1-07ce90662e8c" testId="b5b83ddb-b301-8aa9-f517-1e900714238f" testName="PushTestHelperPushTillStackIsFullException" computerName="RNDM-PC" duration="00:00:00.0043819" startTime="2014-03-05T22:24:41.8720880+13:00" endTime="2014-03-05T22:24:41.8780885+13:00" testType="13cdc9d9-ddb5-4fa4-a97d-d965ccfc6d4b" outcome="Passed" testListId="8c84fa94-04c1-424b-9868-57a2d4851a1d" relativeResultsDirectory="ea79296f-32d4-45e6-91a1-07ce90662e8c">
    </UnitTestResult>
    <UnitTestResult executionId="46542733-0fbf-4c6d-9004-49b31bc38eee" testId="e38817d2-8ab1-b8ee-2b1a-ae48d2250d61" testName="PopTestDefault" computerName="RNDM-PC" duration="00:00:00.0003272" startTime="2014-03-05T22:24:41.8790889+13:00" endTime="2014-03-05T22:24:41.8810886+13:00" testType="13cdc9d9-ddb5-4fa4-a97d-d965ccfc6d4b" outcome="Passed" testListId="8c84fa94-04c1-424b-9868-57a2d4851a1d" relativeResultsDirectory="46542733-0fbf-4c6d-9004-49b31bc38eee">
    </UnitTestResult>
  </Results>
</TestRun>