<?xml version="1.0" encoding="UTF-8"?>
<TestRun id="d3db940a-d8cb-4958-b0b4-062904b87102" name="rndm@RNDM-VM 2014-03-09 21:24:06" runUser="RNDM-VM\rndm" xmlns="http://microsoft.com/schemas/VisualStudio/TeamTest/2010">
  <TestSettings name="Local" id="ab684e55-41fe-4872-9932-1149f5004a7c">
    <Description>These are default test settings for a local test run.</Description>
    <Deployment runDeploymentRoot="rndm_RNDM-VM 2014-03-09 21_24_06">
      <DeploymentItem filename="Z:\Work\C-\Stack Unit Testing\Stack Unit Testing\bin\Debug\Stack Unit Testing.exe" />
    </Deployment>
    <Execution>
      <TestTypeSpecific>
        <UnitTestRunConfig testTypeId="13cdc9d9-ddb5-4fa4-a97d-d965ccfc6d4b">
          <AssemblyResolution>
            <TestDirectory useLoadContext="true" />
          </AssemblyResolution>
        </UnitTestRunConfig>
        <WebTestRunConfiguration testTypeId="4e7599fa-5ecb-43e9-a887-cd63cf72d207">
          <Browser name="Internet Explorer 7.0">
            <Headers>
              <Header name="User-Agent" value="Mozilla/4.0 (compatible; MSIE 7.0; Windows NT 5.1)" />
              <Header name="Accept" value="*/*" />
              <Header name="Accept-Language" value="{{$IEAcceptLanguage}}" />
              <Header name="Accept-Encoding" value="GZIP" />
            </Headers>
          </Browser>
        </WebTestRunConfiguration>
      </TestTypeSpecific>
      <AgentRule name="LocalMachineDefaultRole">
      </AgentRule>
    </Execution>
  </TestSettings>
  <Times creation="2014-03-09T21:24:06.3721130+13:00" queuing="2014-03-09T21:24:06.5801373+13:00" start="2014-03-09T21:24:06.5930979+13:00" finish="2014-03-09T21:24:07.1740965+13:00" />
  <ResultSummary outcome="Failed">
    <Counters total="25" executed="25" passed="23" error="0" failed="2" timeout="0" aborted="0" inconclusive="0" passedButRunAborted="0" notRunnable="0" notExecuted="0" disconnected="0" warning="0" completed="0" inProgress="0" pending="0" />
  </ResultSummary>
  <TestDefinitions>
    <UnitTest name="PushTestEmptyStack" storage="z:\work\c-\stack unit testing\stack unit testing tests\bin\debug\stack unit testing tests.dll" id="191a40ab-4423-431d-aa2a-72f4d5a00a72">
      <DeploymentItems>
        <DeploymentItem filename="Stack Unit Testing.exe" />
      </DeploymentItems>
      <Execution id="3aadcf01-0de1-4ba9-9bed-452c3afec9f2" />
      <TestMethod codeBase="Z:/Work/C-/Stack Unit Testing/Stack Unit Testing Tests/bin/Debug/Stack Unit Testing Tests.DLL" adapterTypeName="Microsoft.VisualStudio.TestTools.TestTypes.Unit.UnitTestAdapter, Microsoft.VisualStudio.QualityTools.Tips.UnitTest.Adapter, Version=10.0.0.0, Culture=neutral, PublicKeyToken=b03f5f7f11d50a3a" className="Stack_Unit_Testing_Tests.StackTest, Stack Unit Testing Tests, Version=1.0.0.0, Culture=neutral, PublicKeyToken=null" name="PushTestEmptyStack" />
    </UnitTest>
    <UnitTest name="StackConstructorTestInt" storage="z:\work\c-\stack unit testing\stack unit testing tests\bin\debug\stack unit testing tests.dll" id="f32f5769-b613-09c1-73f2-5e3fc8469d55">
      <DeploymentItems>
        <DeploymentItem filename="Stack Unit Testing.exe" />
      </DeploymentItems>
      <Execution id="98e08cad-44c4-4127-95c7-21a024ede741" />
      <TestMethod codeBase="Z:/Work/C-/Stack Unit Testing/Stack Unit Testing Tests/bin/Debug/Stack Unit Testing Tests.DLL" adapterTypeName="Microsoft.VisualStudio.TestTools.TestTypes.Unit.UnitTestAdapter, Microsoft.VisualStudio.QualityTools.Tips.UnitTest.Adapter, Version=10.0.0.0, Culture=neutral, PublicKeyToken=b03f5f7f11d50a3a" className="Stack_Unit_Testing_Tests.StackTest, Stack Unit Testing Tests, Version=1.0.0.0, Culture=neutral, PublicKeyToken=null" name="StackConstructorTestInt" />
    </UnitTest>
    <UnitTest name="PeekTestFullStack" storage="z:\work\c-\stack unit testing\stack unit testing tests\bin\debug\stack unit testing tests.dll" id="7fc471fb-1bdb-a100-f4a2-cad93ff0122c">
      <DeploymentItems>
        <DeploymentItem filename="Stack Unit Testing.exe" />
      </DeploymentItems>
      <Execution id="d7aab8b0-55c3-454d-a81d-4440d6fb795c" />
      <TestMethod codeBase="Z:/Work/C-/Stack Unit Testing/Stack Unit Testing Tests/bin/Debug/Stack Unit Testing Tests.DLL" adapterTypeName="Microsoft.VisualStudio.TestTools.TestTypes.Unit.UnitTestAdapter, Microsoft.VisualStudio.QualityTools.Tips.UnitTest.Adapter, Version=10.0.0.0, Culture=neutral, PublicKeyToken=b03f5f7f11d50a3a" className="Stack_Unit_Testing_Tests.StackTest, Stack Unit Testing Tests, Version=1.0.0.0, Culture=neutral, PublicKeyToken=null" name="PeekTestFullStack" />
    </UnitTest>
    <UnitTest name="PushTestPushNullFullStack" storage="z:\work\c-\stack unit testing\stack unit testing tests\bin\debug\stack unit testing tests.dll" id="41fac766-54a9-7ba7-1de8-eb9165ed613e">
      <DeploymentItems>
        <DeploymentItem filename="Stack Unit Testing.exe" />
      </DeploymentItems>
      <Execution id="17a3e9b1-7cde-44ab-9b8a-8e542e3f2b9b" />
      <TestMethod codeBase="Z:/Work/C-/Stack Unit Testing/Stack Unit Testing Tests/bin/Debug/Stack Unit Testing Tests.DLL" adapterTypeName="Microsoft.VisualStudio.TestTools.TestTypes.Unit.UnitTestAdapter, Microsoft.VisualStudio.QualityTools.Tips.UnitTest.Adapter, Version=10.0.0.0, Culture=neutral, PublicKeyToken=b03f5f7f11d50a3a" className="Stack_Unit_Testing_Tests.StackTest, Stack Unit Testing Tests, Version=1.0.0.0, Culture=neutral, PublicKeyToken=null" name="PushTestPushNullFullStack" />
    </UnitTest>
    <UnitTest name="CountTestEmptyStack" storage="z:\work\c-\stack unit testing\stack unit testing tests\bin\debug\stack unit testing tests.dll" id="820c65c9-3833-e6b0-bb49-8afe247a01bb">
      <DeploymentItems>
        <DeploymentItem filename="Stack Unit Testing.exe" />
      </DeploymentItems>
      <Execution id="f53b2c79-7b8f-454d-ac83-d5abfae995f9" />
      <TestMethod codeBase="Z:/Work/C-/Stack Unit Testing/Stack Unit Testing Tests/bin/Debug/Stack Unit Testing Tests.DLL" adapterTypeName="Microsoft.VisualStudio.TestTools.TestTypes.Unit.UnitTestAdapter, Microsoft.VisualStudio.QualityTools.Tips.UnitTest.Adapter, Version=10.0.0.0, Culture=neutral, PublicKeyToken=b03f5f7f11d50a3a" className="Stack_Unit_Testing_Tests.StackTest, Stack Unit Testing Tests, Version=1.0.0.0, Culture=neutral, PublicKeyToken=null" name="CountTestEmptyStack" />
    </UnitTest>
    <UnitTest name="IsEmptyTestStackEmpty" storage="z:\work\c-\stack unit testing\stack unit testing tests\bin\debug\stack unit testing tests.dll" id="61e1c6ab-3d6a-0658-7312-ea878f4b1bc3">
      <DeploymentItems>
        <DeploymentItem filename="Stack Unit Testing.exe" />
      </DeploymentItems>
      <Execution id="8dfc36ea-f38d-4bed-b7ab-a6af8280321f" />
      <TestMethod codeBase="Z:/Work/C-/Stack Unit Testing/Stack Unit Testing Tests/bin/Debug/Stack Unit Testing Tests.DLL" adapterTypeName="Microsoft.VisualStudio.TestTools.TestTypes.Unit.UnitTestAdapter, Microsoft.VisualStudio.QualityTools.Tips.UnitTest.Adapter, Version=10.0.0.0, Culture=neutral, PublicKeyToken=b03f5f7f11d50a3a" className="Stack_Unit_Testing_Tests.StackTest, Stack Unit Testing Tests, Version=1.0.0.0, Culture=neutral, PublicKeyToken=null" name="IsEmptyTestStackEmpty" />
    </UnitTest>
    <UnitTest name="PeekTestCheckDoesntRemoveItem" storage="z:\work\c-\stack unit testing\stack unit testing tests\bin\debug\stack unit testing tests.dll" id="3410c63c-7184-40ea-224e-b18bdcd38d3c">
      <DeploymentItems>
        <DeploymentItem filename="Stack Unit Testing.exe" />
      </DeploymentItems>
      <Execution id="0f6f076f-b89a-481b-9fdf-9ec1b17a8dd9" />
      <TestMethod codeBase="Z:/Work/C-/Stack Unit Testing/Stack Unit Testing Tests/bin/Debug/Stack Unit Testing Tests.DLL" adapterTypeName="Microsoft.VisualStudio.TestTools.TestTypes.Unit.UnitTestAdapter, Microsoft.VisualStudio.QualityTools.Tips.UnitTest.Adapter, Version=10.0.0.0, Culture=neutral, PublicKeyToken=b03f5f7f11d50a3a" className="Stack_Unit_Testing_Tests.StackTest, Stack Unit Testing Tests, Version=1.0.0.0, Culture=neutral, PublicKeyToken=null" name="PeekTestCheckDoesntRemoveItem" />
    </UnitTest>
    <UnitTest name="CountTestDefault" storage="z:\work\c-\stack unit testing\stack unit testing tests\bin\debug\stack unit testing tests.dll" id="6ebd3136-4d71-3c7c-96c2-a536d4b45671">
      <DeploymentItems>
        <DeploymentItem filename="Stack Unit Testing.exe" />
      </DeploymentItems>
      <Execution id="87a3e11d-0f21-487a-9b6e-36e99438bb78" />
      <TestMethod codeBase="Z:/Work/C-/Stack Unit Testing/Stack Unit Testing Tests/bin/Debug/Stack Unit Testing Tests.DLL" adapterTypeName="Microsoft.VisualStudio.TestTools.TestTypes.Unit.UnitTestAdapter, Microsoft.VisualStudio.QualityTools.Tips.UnitTest.Adapter, Version=10.0.0.0, Culture=neutral, PublicKeyToken=b03f5f7f11d50a3a" className="Stack_Unit_Testing_Tests.StackTest, Stack Unit Testing Tests, Version=1.0.0.0, Culture=neutral, PublicKeyToken=null" name="CountTestDefault" />
    </UnitTest>
    <UnitTest name="IsEmptyTestAfterItemsPopped" storage="z:\work\c-\stack unit testing\stack unit testing tests\bin\debug\stack unit testing tests.dll" id="5e258829-cc77-e96d-b472-cbc97488bf7e">
      <DeploymentItems>
        <DeploymentItem filename="Stack Unit Testing.exe" />
      </DeploymentItems>
      <Execution id="d5b31930-94ef-44ad-9374-33a4d2779427" />
      <TestMethod codeBase="Z:/Work/C-/Stack Unit Testing/Stack Unit Testing Tests/bin/Debug/Stack Unit Testing Tests.DLL" adapterTypeName="Microsoft.VisualStudio.TestTools.TestTypes.Unit.UnitTestAdapter, Microsoft.VisualStudio.QualityTools.Tips.UnitTest.Adapter, Version=10.0.0.0, Culture=neutral, PublicKeyToken=b03f5f7f11d50a3a" className="Stack_Unit_Testing_Tests.StackTest, Stack Unit Testing Tests, Version=1.0.0.0, Culture=neutral, PublicKeyToken=null" name="IsEmptyTestAfterItemsPopped" />
    </UnitTest>
    <UnitTest name="PeekTestEmptyStack" storage="z:\work\c-\stack unit testing\stack unit testing tests\bin\debug\stack unit testing tests.dll" id="5acfe1ea-6f45-add4-d3f4-173f208845e1">
      <DeploymentItems>
        <DeploymentItem filename="Stack Unit Testing.exe" />
      </DeploymentItems>
      <Execution id="63348010-1d1a-4568-998a-495aaed3546a" />
      <TestMethod codeBase="Z:/Work/C-/Stack Unit Testing/Stack Unit Testing Tests/bin/Debug/Stack Unit Testing Tests.DLL" adapterTypeName="Microsoft.VisualStudio.TestTools.TestTypes.Unit.UnitTestAdapter, Microsoft.VisualStudio.QualityTools.Tips.UnitTest.Adapter, Version=10.0.0.0, Culture=neutral, PublicKeyToken=b03f5f7f11d50a3a" className="Stack_Unit_Testing_Tests.StackTest, Stack Unit Testing Tests, Version=1.0.0.0, Culture=neutral, PublicKeyToken=null" name="PeekTestEmptyStack" />
    </UnitTest>
    <UnitTest name="PushTestPushCastsStack" storage="z:\work\c-\stack unit testing\stack unit testing tests\bin\debug\stack unit testing tests.dll" id="5f0fbed1-753d-5c2e-7054-b46567138854">
      <DeploymentItems>
        <DeploymentItem filename="Stack Unit Testing.exe" />
      </DeploymentItems>
      <Execution id="8dca5414-d87e-4c84-a4e1-b455178064ed" />
      <TestMethod codeBase="Z:/Work/C-/Stack Unit Testing/Stack Unit Testing Tests/bin/Debug/Stack Unit Testing Tests.DLL" adapterTypeName="Microsoft.VisualStudio.TestTools.TestTypes.Unit.UnitTestAdapter, Microsoft.VisualStudio.QualityTools.Tips.UnitTest.Adapter, Version=10.0.0.0, Culture=neutral, PublicKeyToken=b03f5f7f11d50a3a" className="Stack_Unit_Testing_Tests.StackTest, Stack Unit Testing Tests, Version=1.0.0.0, Culture=neutral, PublicKeyToken=null" name="PushTestPushCastsStack" />
    </UnitTest>
    <UnitTest name="PopTestEmptyStack" storage="z:\work\c-\stack unit testing\stack unit testing tests\bin\debug\stack unit testing tests.dll" id="44ee2b87-7353-582f-c9be-19c3ef4480b9">
      <Execution id="99bf4d07-c54c-4610-b53b-acdb7b5882ba" />
      <TestMethod codeBase="Z:/Work/C-/Stack Unit Testing/Stack Unit Testing Tests/bin/Debug/Stack Unit Testing Tests.DLL" adapterTypeName="Microsoft.VisualStudio.TestTools.TestTypes.Unit.UnitTestAdapter, Microsoft.VisualStudio.QualityTools.Tips.UnitTest.Adapter, Version=10.0.0.0, Culture=neutral, PublicKeyToken=b03f5f7f11d50a3a" className="Stack_Unit_Testing_Tests.StackTest, Stack Unit Testing Tests, Version=1.0.0.0, Culture=neutral, PublicKeyToken=null" name="PopTestEmptyStack" />
    </UnitTest>
    <UnitTest name="PopTestDefault" storage="z:\work\c-\stack unit testing\stack unit testing tests\bin\debug\stack unit testing tests.dll" id="e38817d2-8ab1-b8ee-2b1a-ae48d2250d61">
      <DeploymentItems>
        <DeploymentItem filename="Stack Unit Testing.exe" />
      </DeploymentItems>
      <Execution id="49421296-acf2-41c3-8974-73ba3143b9e5" />
      <TestMethod codeBase="Z:/Work/C-/Stack Unit Testing/Stack Unit Testing Tests/bin/Debug/Stack Unit Testing Tests.DLL" adapterTypeName="Microsoft.VisualStudio.TestTools.TestTypes.Unit.UnitTestAdapter, Microsoft.VisualStudio.QualityTools.Tips.UnitTest.Adapter, Version=10.0.0.0, Culture=neutral, PublicKeyToken=b03f5f7f11d50a3a" className="Stack_Unit_Testing_Tests.StackTest, Stack Unit Testing Tests, Version=1.0.0.0, Culture=neutral, PublicKeyToken=null" name="PopTestDefault" />
    </UnitTest>
    <UnitTest name="IsEmptyTestAfterFillingStackThenPoppingStack" storage="z:\work\c-\stack unit testing\stack unit testing tests\bin\debug\stack unit testing tests.dll" id="e5535dc2-7316-e1a1-30d2-d3ba312de76b">
      <DeploymentItems>
        <DeploymentItem filename="Stack Unit Testing.exe" />
      </DeploymentItems>
      <Execution id="2ee09f98-5317-4410-8863-a48f8421ea01" />
      <TestMethod codeBase="Z:/Work/C-/Stack Unit Testing/Stack Unit Testing Tests/bin/Debug/Stack Unit Testing Tests.DLL" adapterTypeName="Microsoft.VisualStudio.TestTools.TestTypes.Unit.UnitTestAdapter, Microsoft.VisualStudio.QualityTools.Tips.UnitTest.Adapter, Version=10.0.0.0, Culture=neutral, PublicKeyToken=b03f5f7f11d50a3a" className="Stack_Unit_Testing_Tests.StackTest, Stack Unit Testing Tests, Version=1.0.0.0, Culture=neutral, PublicKeyToken=null" name="IsEmptyTestAfterFillingStackThenPoppingStack" />
    </UnitTest>
    <UnitTest name="CountTestFullStack" storage="z:\work\c-\stack unit testing\stack unit testing tests\bin\debug\stack unit testing tests.dll" id="4048ccfa-25fd-673c-3d3f-3fe1e5c1ac1c">
      <DeploymentItems>
        <DeploymentItem filename="Stack Unit Testing.exe" />
      </DeploymentItems>
      <Execution id="3563d938-a35f-418f-9e59-d5465e01d4c0" />
      <TestMethod codeBase="Z:/Work/C-/Stack Unit Testing/Stack Unit Testing Tests/bin/Debug/Stack Unit Testing Tests.DLL" adapterTypeName="Microsoft.VisualStudio.TestTools.TestTypes.Unit.UnitTestAdapter, Microsoft.VisualStudio.QualityTools.Tips.UnitTest.Adapter, Version=10.0.0.0, Culture=neutral, PublicKeyToken=b03f5f7f11d50a3a" className="Stack_Unit_Testing_Tests.StackTest, Stack Unit Testing Tests, Version=1.0.0.0, Culture=neutral, PublicKeyToken=null" name="CountTestFullStack" />
    </UnitTest>
    <UnitTest name="PopTestFullStack" storage="z:\work\c-\stack unit testing\stack unit testing tests\bin\debug\stack unit testing tests.dll" id="8df35220-232b-2878-7d78-b522bb84d71c">
      <DeploymentItems>
        <DeploymentItem filename="Stack Unit Testing.exe" />
      </DeploymentItems>
      <Execution id="999d85cd-e47f-4510-91c8-aac3c73cad44" />
      <TestMethod codeBase="Z:/Work/C-/Stack Unit Testing/Stack Unit Testing Tests/bin/Debug/Stack Unit Testing Tests.DLL" adapterTypeName="Microsoft.VisualStudio.TestTools.TestTypes.Unit.UnitTestAdapter, Microsoft.VisualStudio.QualityTools.Tips.UnitTest.Adapter, Version=10.0.0.0, Culture=neutral, PublicKeyToken=b03f5f7f11d50a3a" className="Stack_Unit_Testing_Tests.StackTest, Stack Unit Testing Tests, Version=1.0.0.0, Culture=neutral, PublicKeyToken=null" name="PopTestFullStack" />
    </UnitTest>
    <UnitTest name="PopTestFullNullStack" storage="z:\work\c-\stack unit testing\stack unit testing tests\bin\debug\stack unit testing tests.dll" id="04a3547c-fbd0-7b1c-cefb-711b8011586c">
      <DeploymentItems>
        <DeploymentItem filename="Stack Unit Testing.exe" />
      </DeploymentItems>
      <Execution id="d9266f39-24b9-48e9-9bb7-ccb900fd64c6" />
      <TestMethod codeBase="Z:/Work/C-/Stack Unit Testing/Stack Unit Testing Tests/bin/Debug/Stack Unit Testing Tests.DLL" adapterTypeName="Microsoft.VisualStudio.TestTools.TestTypes.Unit.UnitTestAdapter, Microsoft.VisualStudio.QualityTools.Tips.UnitTest.Adapter, Version=10.0.0.0, Culture=neutral, PublicKeyToken=b03f5f7f11d50a3a" className="Stack_Unit_Testing_Tests.StackTest, Stack Unit Testing Tests, Version=1.0.0.0, Culture=neutral, PublicKeyToken=null" name="PopTestFullNullStack" />
    </UnitTest>
    <UnitTest name="IsEmptyTestStackHasItem" storage="z:\work\c-\stack unit testing\stack unit testing tests\bin\debug\stack unit testing tests.dll" id="88237b91-80b2-6cb4-d6aa-be7ec347b5c2">
      <DeploymentItems>
        <DeploymentItem filename="Stack Unit Testing.exe" />
      </DeploymentItems>
      <Execution id="c62de61b-3f6d-4e19-81a9-153de23362df" />
      <TestMethod codeBase="Z:/Work/C-/Stack Unit Testing/Stack Unit Testing Tests/bin/Debug/Stack Unit Testing Tests.DLL" adapterTypeName="Microsoft.VisualStudio.TestTools.TestTypes.Unit.UnitTestAdapter, Microsoft.VisualStudio.QualityTools.Tips.UnitTest.Adapter, Version=10.0.0.0, Culture=neutral, PublicKeyToken=b03f5f7f11d50a3a" className="Stack_Unit_Testing_Tests.StackTest, Stack Unit Testing Tests, Version=1.0.0.0, Culture=neutral, PublicKeyToken=null" name="IsEmptyTestStackHasItem" />
    </UnitTest>
    <UnitTest name="PeekTestHelperDefault" storage="z:\work\c-\stack unit testing\stack unit testing tests\bin\debug\stack unit testing tests.dll" id="29d7a5f9-3970-194f-2682-903bcf519ef2">
      <DeploymentItems>
        <DeploymentItem filename="Stack Unit Testing.exe" />
      </DeploymentItems>
      <Execution id="0cf886c3-0fc0-498d-b410-633030adb157" />
      <TestMethod codeBase="Z:/Work/C-/Stack Unit Testing/Stack Unit Testing Tests/bin/Debug/Stack Unit Testing Tests.DLL" adapterTypeName="Microsoft.VisualStudio.TestTools.TestTypes.Unit.UnitTestAdapter, Microsoft.VisualStudio.QualityTools.Tips.UnitTest.Adapter, Version=10.0.0.0, Culture=neutral, PublicKeyToken=b03f5f7f11d50a3a" className="Stack_Unit_Testing_Tests.StackTest, Stack Unit Testing Tests, Version=1.0.0.0, Culture=neutral, PublicKeyToken=null" name="PeekTestHelperDefault" />
    </UnitTest>
    <UnitTest name="PopTestEmptyStackThenPush" storage="z:\work\c-\stack unit testing\stack unit testing tests\bin\debug\stack unit testing tests.dll" id="1422b94e-4575-c4b8-584e-a8452e706be7">
      <Execution id="125e24f8-b78f-4dcb-b332-e982921aa098" />
      <TestMethod codeBase="Z:/Work/C-/Stack Unit Testing/Stack Unit Testing Tests/bin/Debug/Stack Unit Testing Tests.DLL" adapterTypeName="Microsoft.VisualStudio.TestTools.TestTypes.Unit.UnitTestAdapter, Microsoft.VisualStudio.QualityTools.Tips.UnitTest.Adapter, Version=10.0.0.0, Culture=neutral, PublicKeyToken=b03f5f7f11d50a3a" className="Stack_Unit_Testing_Tests.StackTest, Stack Unit Testing Tests, Version=1.0.0.0, Culture=neutral, PublicKeyToken=null" name="PopTestEmptyStackThenPush" />
    </UnitTest>
    <UnitTest name="PopTestEmptyStackMultipleTimes" storage="z:\work\c-\stack unit testing\stack unit testing tests\bin\debug\stack unit testing tests.dll" id="2092c165-ea5b-bef2-a186-abe14a38f351">
      <DeploymentItems>
        <DeploymentItem filename="Stack Unit Testing.exe" />
      </DeploymentItems>
      <Execution id="903b76a0-886f-4650-af80-885ad10236a2" />
      <TestMethod codeBase="Z:/Work/C-/Stack Unit Testing/Stack Unit Testing Tests/bin/Debug/Stack Unit Testing Tests.DLL" adapterTypeName="Microsoft.VisualStudio.TestTools.TestTypes.Unit.UnitTestAdapter, Microsoft.VisualStudio.QualityTools.Tips.UnitTest.Adapter, Version=10.0.0.0, Culture=neutral, PublicKeyToken=b03f5f7f11d50a3a" className="Stack_Unit_Testing_Tests.StackTest, Stack Unit Testing Tests, Version=1.0.0.0, Culture=neutral, PublicKeyToken=null" name="PopTestEmptyStackMultipleTimes" />
    </UnitTest>
    <UnitTest name="PushTestFillStackWithStringArray" storage="z:\work\c-\stack unit testing\stack unit testing tests\bin\debug\stack unit testing tests.dll" id="07509e84-617b-ccec-1f9c-c0515e2b0b8a">
      <DeploymentItems>
        <DeploymentItem filename="Stack Unit Testing.exe" />
      </DeploymentItems>
      <Execution id="e325b11f-9432-41ec-b4e4-2595f9246e3c" />
      <TestMethod codeBase="Z:/Work/C-/Stack Unit Testing/Stack Unit Testing Tests/bin/Debug/Stack Unit Testing Tests.DLL" adapterTypeName="Microsoft.VisualStudio.TestTools.TestTypes.Unit.UnitTestAdapter, Microsoft.VisualStudio.QualityTools.Tips.UnitTest.Adapter, Version=10.0.0.0, Culture=neutral, PublicKeyToken=b03f5f7f11d50a3a" className="Stack_Unit_Testing_Tests.StackTest, Stack Unit Testing Tests, Version=1.0.0.0, Culture=neutral, PublicKeyToken=null" name="PushTestFillStackWithStringArray" />
    </UnitTest>
    <UnitTest name="StackConstructorTestString" storage="z:\work\c-\stack unit testing\stack unit testing tests\bin\debug\stack unit testing tests.dll" id="6bb811b9-d4dc-2204-d9cf-46d1889ab054">
      <DeploymentItems>
        <DeploymentItem filename="Stack Unit Testing.exe" />
      </DeploymentItems>
      <Execution id="9ed64f5a-48b9-4cdb-a9f2-26ddcc107b29" />
      <TestMethod codeBase="Z:/Work/C-/Stack Unit Testing/Stack Unit Testing Tests/bin/Debug/Stack Unit Testing Tests.DLL" adapterTypeName="Microsoft.VisualStudio.TestTools.TestTypes.Unit.UnitTestAdapter, Microsoft.VisualStudio.QualityTools.Tips.UnitTest.Adapter, Version=10.0.0.0, Culture=neutral, PublicKeyToken=b03f5f7f11d50a3a" className="Stack_Unit_Testing_Tests.StackTest, Stack Unit Testing Tests, Version=1.0.0.0, Culture=neutral, PublicKeyToken=null" name="StackConstructorTestString" />
    </UnitTest>
    <UnitTest name="PushTestPushStackIsFullException" storage="z:\work\c-\stack unit testing\stack unit testing tests\bin\debug\stack unit testing tests.dll" id="6e2d0e9e-99e5-4678-fb3c-5436cacf6e8d">
      <Execution id="1c40513b-985e-4632-aae2-3a2ccabc7c37" />
      <TestMethod codeBase="Z:/Work/C-/Stack Unit Testing/Stack Unit Testing Tests/bin/Debug/Stack Unit Testing Tests.DLL" adapterTypeName="Microsoft.VisualStudio.TestTools.TestTypes.Unit.UnitTestAdapter, Microsoft.VisualStudio.QualityTools.Tips.UnitTest.Adapter, Version=10.0.0.0, Culture=neutral, PublicKeyToken=b03f5f7f11d50a3a" className="Stack_Unit_Testing_Tests.StackTest, Stack Unit Testing Tests, Version=1.0.0.0, Culture=neutral, PublicKeyToken=null" name="PushTestPushStackIsFullException" />
    </UnitTest>
    <UnitTest name="PushTestItemsInStack" storage="z:\work\c-\stack unit testing\stack unit testing tests\bin\debug\stack unit testing tests.dll" id="3a5b2cbc-24e5-5729-ebec-48dd90e9eb17">
      <DeploymentItems>
        <DeploymentItem filename="Stack Unit Testing.exe" />
      </DeploymentItems>
      <Execution id="a4969a04-8833-43fd-a5b1-c312e3b40680" />
      <TestMethod codeBase="Z:/Work/C-/Stack Unit Testing/Stack Unit Testing Tests/bin/Debug/Stack Unit Testing Tests.DLL" adapterTypeName="Microsoft.VisualStudio.TestTools.TestTypes.Unit.UnitTestAdapter, Microsoft.VisualStudio.QualityTools.Tips.UnitTest.Adapter, Version=10.0.0.0, Culture=neutral, PublicKeyToken=b03f5f7f11d50a3a" className="Stack_Unit_Testing_Tests.StackTest, Stack Unit Testing Tests, Version=1.0.0.0, Culture=neutral, PublicKeyToken=null" name="PushTestItemsInStack" />
    </UnitTest>
  </TestDefinitions>
  <TestLists>
    <TestList name="Results Not in a List" id="8c84fa94-04c1-424b-9868-57a2d4851a1d" />
    <TestList name="All Loaded Results" id="19431567-8539-422a-85d7-44ee4e166bda" />
  </TestLists>
  <TestEntries>
    <TestEntry testId="04a3547c-fbd0-7b1c-cefb-711b8011586c" executionId="d9266f39-24b9-48e9-9bb7-ccb900fd64c6" testListId="8c84fa94-04c1-424b-9868-57a2d4851a1d" />
    <TestEntry testId="07509e84-617b-ccec-1f9c-c0515e2b0b8a" executionId="e325b11f-9432-41ec-b4e4-2595f9246e3c" testListId="8c84fa94-04c1-424b-9868-57a2d4851a1d" />
    <TestEntry testId="1422b94e-4575-c4b8-584e-a8452e706be7" executionId="125e24f8-b78f-4dcb-b332-e982921aa098" testListId="8c84fa94-04c1-424b-9868-57a2d4851a1d" />
    <TestEntry testId="191a40ab-4423-431d-aa2a-72f4d5a00a72" executionId="3aadcf01-0de1-4ba9-9bed-452c3afec9f2" testListId="8c84fa94-04c1-424b-9868-57a2d4851a1d" />
    <TestEntry testId="2092c165-ea5b-bef2-a186-abe14a38f351" executionId="903b76a0-886f-4650-af80-885ad10236a2" testListId="8c84fa94-04c1-424b-9868-57a2d4851a1d" />
    <TestEntry testId="29d7a5f9-3970-194f-2682-903bcf519ef2" executionId="0cf886c3-0fc0-498d-b410-633030adb157" testListId="8c84fa94-04c1-424b-9868-57a2d4851a1d" />
    <TestEntry testId="3410c63c-7184-40ea-224e-b18bdcd38d3c" executionId="0f6f076f-b89a-481b-9fdf-9ec1b17a8dd9" testListId="8c84fa94-04c1-424b-9868-57a2d4851a1d" />
    <TestEntry testId="3a5b2cbc-24e5-5729-ebec-48dd90e9eb17" executionId="a4969a04-8833-43fd-a5b1-c312e3b40680" testListId="8c84fa94-04c1-424b-9868-57a2d4851a1d" />
    <TestEntry testId="4048ccfa-25fd-673c-3d3f-3fe1e5c1ac1c" executionId="3563d938-a35f-418f-9e59-d5465e01d4c0" testListId="8c84fa94-04c1-424b-9868-57a2d4851a1d" />
    <TestEntry testId="41fac766-54a9-7ba7-1de8-eb9165ed613e" executionId="17a3e9b1-7cde-44ab-9b8a-8e542e3f2b9b" testListId="8c84fa94-04c1-424b-9868-57a2d4851a1d" />
    <TestEntry testId="44ee2b87-7353-582f-c9be-19c3ef4480b9" executionId="99bf4d07-c54c-4610-b53b-acdb7b5882ba" testListId="8c84fa94-04c1-424b-9868-57a2d4851a1d" />
    <TestEntry testId="5acfe1ea-6f45-add4-d3f4-173f208845e1" executionId="63348010-1d1a-4568-998a-495aaed3546a" testListId="8c84fa94-04c1-424b-9868-57a2d4851a1d" />
    <TestEntry testId="5e258829-cc77-e96d-b472-cbc97488bf7e" executionId="d5b31930-94ef-44ad-9374-33a4d2779427" testListId="8c84fa94-04c1-424b-9868-57a2d4851a1d" />
    <TestEntry testId="5f0fbed1-753d-5c2e-7054-b46567138854" executionId="8dca5414-d87e-4c84-a4e1-b455178064ed" testListId="8c84fa94-04c1-424b-9868-57a2d4851a1d" />
    <TestEntry testId="61e1c6ab-3d6a-0658-7312-ea878f4b1bc3" executionId="8dfc36ea-f38d-4bed-b7ab-a6af8280321f" testListId="8c84fa94-04c1-424b-9868-57a2d4851a1d" />
    <TestEntry testId="6bb811b9-d4dc-2204-d9cf-46d1889ab054" executionId="9ed64f5a-48b9-4cdb-a9f2-26ddcc107b29" testListId="8c84fa94-04c1-424b-9868-57a2d4851a1d" />
    <TestEntry testId="6e2d0e9e-99e5-4678-fb3c-5436cacf6e8d" executionId="1c40513b-985e-4632-aae2-3a2ccabc7c37" testListId="8c84fa94-04c1-424b-9868-57a2d4851a1d" />
    <TestEntry testId="6ebd3136-4d71-3c7c-96c2-a536d4b45671" executionId="87a3e11d-0f21-487a-9b6e-36e99438bb78" testListId="8c84fa94-04c1-424b-9868-57a2d4851a1d" />
    <TestEntry testId="7fc471fb-1bdb-a100-f4a2-cad93ff0122c" executionId="d7aab8b0-55c3-454d-a81d-4440d6fb795c" testListId="8c84fa94-04c1-424b-9868-57a2d4851a1d" />
    <TestEntry testId="820c65c9-3833-e6b0-bb49-8afe247a01bb" executionId="f53b2c79-7b8f-454d-ac83-d5abfae995f9" testListId="8c84fa94-04c1-424b-9868-57a2d4851a1d" />
    <TestEntry testId="88237b91-80b2-6cb4-d6aa-be7ec347b5c2" executionId="c62de61b-3f6d-4e19-81a9-153de23362df" testListId="8c84fa94-04c1-424b-9868-57a2d4851a1d" />
    <TestEntry testId="8df35220-232b-2878-7d78-b522bb84d71c" executionId="999d85cd-e47f-4510-91c8-aac3c73cad44" testListId="8c84fa94-04c1-424b-9868-57a2d4851a1d" />
    <TestEntry testId="e38817d2-8ab1-b8ee-2b1a-ae48d2250d61" executionId="49421296-acf2-41c3-8974-73ba3143b9e5" testListId="8c84fa94-04c1-424b-9868-57a2d4851a1d" />
    <TestEntry testId="e5535dc2-7316-e1a1-30d2-d3ba312de76b" executionId="2ee09f98-5317-4410-8863-a48f8421ea01" testListId="8c84fa94-04c1-424b-9868-57a2d4851a1d" />
    <TestEntry testId="f32f5769-b613-09c1-73f2-5e3fc8469d55" executionId="98e08cad-44c4-4127-95c7-21a024ede741" testListId="8c84fa94-04c1-424b-9868-57a2d4851a1d" />
  </TestEntries>
  <Results>
    <UnitTestResult executionId="d9266f39-24b9-48e9-9bb7-ccb900fd64c6" testId="04a3547c-fbd0-7b1c-cefb-711b8011586c" testName="PopTestFullNullStack" computerName="RNDM-VM" duration="00:00:00.0332972" startTime="2014-03-09T21:24:06.6520948+13:00" endTime="2014-03-09T21:24:06.8762012+13:00" testType="13cdc9d9-ddb5-4fa4-a97d-d965ccfc6d4b" outcome="Passed" testListId="8c84fa94-04c1-424b-9868-57a2d4851a1d" relativeResultsDirectory="d9266f39-24b9-48e9-9bb7-ccb900fd64c6">
    </UnitTestResult>
    <UnitTestResult executionId="e325b11f-9432-41ec-b4e4-2595f9246e3c" testId="07509e84-617b-ccec-1f9c-c0515e2b0b8a" testName="PushTestFillStackWithStringArray" computerName="RNDM-VM" duration="00:00:00.0011802" startTime="2014-03-09T21:24:06.8790948+13:00" endTime="2014-03-09T21:24:06.8941077+13:00" testType="13cdc9d9-ddb5-4fa4-a97d-d965ccfc6d4b" outcome="Passed" testListId="8c84fa94-04c1-424b-9868-57a2d4851a1d" relativeResultsDirectory="e325b11f-9432-41ec-b4e4-2595f9246e3c">
    </UnitTestResult>
    <UnitTestResult executionId="125e24f8-b78f-4dcb-b332-e982921aa098" testId="1422b94e-4575-c4b8-584e-a8452e706be7" testName="PopTestEmptyStackThenPush" computerName="RNDM-VM" duration="00:00:00.0147288" startTime="2014-03-09T21:24:06.8971102+13:00" endTime="2014-03-09T21:24:06.9151040+13:00" testType="13cdc9d9-ddb5-4fa4-a97d-d965ccfc6d4b" outcome="Passed" testListId="8c84fa94-04c1-424b-9868-57a2d4851a1d" relativeResultsDirectory="125e24f8-b78f-4dcb-b332-e982921aa098">
    </UnitTestResult>
    <UnitTestResult executionId="3aadcf01-0de1-4ba9-9bed-452c3afec9f2" testId="191a40ab-4423-431d-aa2a-72f4d5a00a72" testName="PushTestEmptyStack" computerName="RNDM-VM" duration="00:00:00.0003799" startTime="2014-03-09T21:24:06.9170965+13:00" endTime="2014-03-09T21:24:06.9211671+13:00" testType="13cdc9d9-ddb5-4fa4-a97d-d965ccfc6d4b" outcome="Passed" testListId="8c84fa94-04c1-424b-9868-57a2d4851a1d" relativeResultsDirectory="3aadcf01-0de1-4ba9-9bed-452c3afec9f2">
    </UnitTestResult>
    <UnitTestResult executionId="903b76a0-886f-4650-af80-885ad10236a2" testId="2092c165-ea5b-bef2-a186-abe14a38f351" testName="PopTestEmptyStackMultipleTimes" computerName="RNDM-VM" duration="00:00:00.0254636" startTime="2014-03-09T21:24:06.9230977+13:00" endTime="2014-03-09T21:24:06.9521657+13:00" testType="13cdc9d9-ddb5-4fa4-a97d-d965ccfc6d4b" outcome="Failed" testListId="8c84fa94-04c1-424b-9868-57a2d4851a1d" relativeResultsDirectory="903b76a0-886f-4650-af80-885ad10236a2">
      <Output>
        <ErrorInfo>
          <Message>Test method Stack_Unit_Testing_Tests.StackTest.PopTestEmptyStackMultipleTimes threw exception: 
System.InvalidOperationException: Cannot pop an empty stack</Message>
          <StackTrace>   at Stack_Unit_Testing.Stack_Accessor`1.Pop()
   at Stack_Unit_Testing_Tests.StackTest.PopTestEmptyStackMultipleTimes() in Z:\Work\C-\Stack Unit Testing\Stack Unit Testing Tests\StackTest.cs:line 332
</StackTrace>
        </ErrorInfo>
      </Output>
    </UnitTestResult>
    <UnitTestResult executionId="0cf886c3-0fc0-498d-b410-633030adb157" testId="29d7a5f9-3970-194f-2682-903bcf519ef2" testName="PeekTestHelperDefault" computerName="RNDM-VM" duration="00:00:00.0024193" startTime="2014-03-09T21:24:06.9550992+13:00" endTime="2014-03-09T21:24:06.9620980+13:00" testType="13cdc9d9-ddb5-4fa4-a97d-d965ccfc6d4b" outcome="Passed" testListId="8c84fa94-04c1-424b-9868-57a2d4851a1d" relativeResultsDirectory="0cf886c3-0fc0-498d-b410-633030adb157">
    </UnitTestResult>
    <UnitTestResult executionId="0f6f076f-b89a-481b-9fdf-9ec1b17a8dd9" testId="3410c63c-7184-40ea-224e-b18bdcd38d3c" testName="PeekTestCheckDoesntRemoveItem" computerName="RNDM-VM" duration="00:00:00.0007534" startTime="2014-03-09T21:24:06.9650978+13:00" endTime="2014-03-09T21:24:06.9690984+13:00" testType="13cdc9d9-ddb5-4fa4-a97d-d965ccfc6d4b" outcome="Passed" testListId="8c84fa94-04c1-424b-9868-57a2d4851a1d" relativeResultsDirectory="0f6f076f-b89a-481b-9fdf-9ec1b17a8dd9">
    </UnitTestResult>
    <UnitTestResult executionId="a4969a04-8833-43fd-a5b1-c312e3b40680" testId="3a5b2cbc-24e5-5729-ebec-48dd90e9eb17" testName="PushTestItemsInStack" computerName="RNDM-VM" duration="00:00:00.0007874" startTime="2014-03-09T21:24:06.9720971+13:00" endTime="2014-03-09T21:24:06.9801015+13:00" testType="13cdc9d9-ddb5-4fa4-a97d-d965ccfc6d4b" outcome="Passed" testListId="8c84fa94-04c1-424b-9868-57a2d4851a1d" relativeResultsDirectory="a4969a04-8833-43fd-a5b1-c312e3b40680">
    </UnitTestResult>
    <UnitTestResult executionId="3563d938-a35f-418f-9e59-d5465e01d4c0" testId="4048ccfa-25fd-673c-3d3f-3fe1e5c1ac1c" testName="CountTestFullStack" computerName="RNDM-VM" duration="00:00:00.0009571" startTime="2014-03-09T21:24:06.9841005+13:00" endTime="2014-03-09T21:24:06.9900963+13:00" testType="13cdc9d9-ddb5-4fa4-a97d-d965ccfc6d4b" outcome="Passed" testListId="8c84fa94-04c1-424b-9868-57a2d4851a1d" relativeResultsDirectory="3563d938-a35f-418f-9e59-d5465e01d4c0">
    </UnitTestResult>
    <UnitTestResult executionId="17a3e9b1-7cde-44ab-9b8a-8e542e3f2b9b" testId="41fac766-54a9-7ba7-1de8-eb9165ed613e" testName="PushTestPushNullFullStack" computerName="RNDM-VM" duration="00:00:00.0006025" startTime="2014-03-09T21:24:06.9950955+13:00" endTime="2014-03-09T21:24:07.0001002+13:00" testType="13cdc9d9-ddb5-4fa4-a97d-d965ccfc6d4b" outcome="Passed" testListId="8c84fa94-04c1-424b-9868-57a2d4851a1d" relativeResultsDirectory="17a3e9b1-7cde-44ab-9b8a-8e542e3f2b9b">
    </UnitTestResult>
    <UnitTestResult executionId="99bf4d07-c54c-4610-b53b-acdb7b5882ba" testId="44ee2b87-7353-582f-c9be-19c3ef4480b9" testName="PopTestEmptyStack" computerName="RNDM-VM" duration="00:00:00.0048327" startTime="2014-03-09T21:24:07.0030994+13:00" endTime="2014-03-09T21:24:07.0111190+13:00" testType="13cdc9d9-ddb5-4fa4-a97d-d965ccfc6d4b" outcome="Passed" testListId="8c84fa94-04c1-424b-9868-57a2d4851a1d" relativeResultsDirectory="99bf4d07-c54c-4610-b53b-acdb7b5882ba">
    </UnitTestResult>
    <UnitTestResult executionId="63348010-1d1a-4568-998a-495aaed3546a" testId="5acfe1ea-6f45-add4-d3f4-173f208845e1" testName="PeekTestEmptyStack" computerName="RNDM-VM" duration="00:00:00.0064468" startTime="2014-03-09T21:24:07.0140977+13:00" endTime="2014-03-09T21:24:07.0240990+13:00" testType="13cdc9d9-ddb5-4fa4-a97d-d965ccfc6d4b" outcome="Failed" testListId="8c84fa94-04c1-424b-9868-57a2d4851a1d" relativeResultsDirectory="63348010-1d1a-4568-998a-495aaed3546a">
      <Output>
        <ErrorInfo>
          <Message>Test method Stack_Unit_Testing_Tests.StackTest.PeekTestEmptyStack threw exception: 
System.InvalidOperationException: Cannot pop an empty stack</Message>
          <StackTrace>   at Stack_Unit_Testing.Stack_Accessor`1.Peek()
   at Stack_Unit_Testing_Tests.StackTest.PeekTestEmptyStack() in Z:\Work\C-\Stack Unit Testing\Stack Unit Testing Tests\StackTest.cs:line 196
</StackTrace>
        </ErrorInfo>
      </Output>
    </UnitTestResult>
    <UnitTestResult executionId="d5b31930-94ef-44ad-9374-33a4d2779427" testId="5e258829-cc77-e96d-b472-cbc97488bf7e" testName="IsEmptyTestAfterItemsPopped" computerName="RNDM-VM" duration="00:00:00.0007847" startTime="2014-03-09T21:24:07.0270982+13:00" endTime="2014-03-09T21:24:07.0341509+13:00" testType="13cdc9d9-ddb5-4fa4-a97d-d965ccfc6d4b" outcome="Passed" testListId="8c84fa94-04c1-424b-9868-57a2d4851a1d" relativeResultsDirectory="d5b31930-94ef-44ad-9374-33a4d2779427">
    </UnitTestResult>
    <UnitTestResult executionId="8dca5414-d87e-4c84-a4e1-b455178064ed" testId="5f0fbed1-753d-5c2e-7054-b46567138854" testName="PushTestPushCastsStack" computerName="RNDM-VM" duration="00:00:00.0005249" startTime="2014-03-09T21:24:07.0361051+13:00" endTime="2014-03-09T21:24:07.0411453+13:00" testType="13cdc9d9-ddb5-4fa4-a97d-d965ccfc6d4b" outcome="Passed" testListId="8c84fa94-04c1-424b-9868-57a2d4851a1d" relativeResultsDirectory="8dca5414-d87e-4c84-a4e1-b455178064ed">
    </UnitTestResult>
    <UnitTestResult executionId="8dfc36ea-f38d-4bed-b7ab-a6af8280321f" testId="61e1c6ab-3d6a-0658-7312-ea878f4b1bc3" testName="IsEmptyTestStackEmpty" computerName="RNDM-VM" duration="00:00:00.0005157" startTime="2014-03-09T21:24:07.0430963+13:00" endTime="2014-03-09T21:24:07.0472354+13:00" testType="13cdc9d9-ddb5-4fa4-a97d-d965ccfc6d4b" outcome="Passed" testListId="8c84fa94-04c1-424b-9868-57a2d4851a1d" relativeResultsDirectory="8dfc36ea-f38d-4bed-b7ab-a6af8280321f">
    </UnitTestResult>
    <UnitTestResult executionId="9ed64f5a-48b9-4cdb-a9f2-26ddcc107b29" testId="6bb811b9-d4dc-2204-d9cf-46d1889ab054" testName="StackConstructorTestString" computerName="RNDM-VM" duration="00:00:00.0003147" startTime="2014-03-09T21:24:07.0500978+13:00" endTime="2014-03-09T21:24:07.0541000+13:00" testType="13cdc9d9-ddb5-4fa4-a97d-d965ccfc6d4b" outcome="Passed" testListId="8c84fa94-04c1-424b-9868-57a2d4851a1d" relativeResultsDirectory="9ed64f5a-48b9-4cdb-a9f2-26ddcc107b29">
    </UnitTestResult>
    <UnitTestResult executionId="1c40513b-985e-4632-aae2-3a2ccabc7c37" testId="6e2d0e9e-99e5-4678-fb3c-5436cacf6e8d" testName="PushTestPushStackIsFullException" computerName="RNDM-VM" duration="00:00:00.0046263" startTime="2014-03-09T21:24:07.0570949+13:00" endTime="2014-03-09T21:24:07.0661551+13:00" testType="13cdc9d9-ddb5-4fa4-a97d-d965ccfc6d4b" outcome="Passed" testListId="8c84fa94-04c1-424b-9868-57a2d4851a1d" relativeResultsDirectory="1c40513b-985e-4632-aae2-3a2ccabc7c37">
    </UnitTestResult>
    <UnitTestResult executionId="87a3e11d-0f21-487a-9b6e-36e99438bb78" testId="6ebd3136-4d71-3c7c-96c2-a536d4b45671" testName="CountTestDefault" computerName="RNDM-VM" duration="00:00:00.0004909" startTime="2014-03-09T21:24:07.0690972+13:00" endTime="2014-03-09T21:24:07.0731259+13:00" testType="13cdc9d9-ddb5-4fa4-a97d-d965ccfc6d4b" outcome="Passed" testListId="8c84fa94-04c1-424b-9868-57a2d4851a1d" relativeResultsDirectory="87a3e11d-0f21-487a-9b6e-36e99438bb78">
    </UnitTestResult>
    <UnitTestResult executionId="d7aab8b0-55c3-454d-a81d-4440d6fb795c" testId="7fc471fb-1bdb-a100-f4a2-cad93ff0122c" testName="PeekTestFullStack" computerName="RNDM-VM" duration="00:00:00.0004769" startTime="2014-03-09T21:24:07.0762658+13:00" endTime="2014-03-09T21:24:07.0801376+13:00" testType="13cdc9d9-ddb5-4fa4-a97d-d965ccfc6d4b" outcome="Passed" testListId="8c84fa94-04c1-424b-9868-57a2d4851a1d" relativeResultsDirectory="d7aab8b0-55c3-454d-a81d-4440d6fb795c">
    </UnitTestResult>
    <UnitTestResult executionId="f53b2c79-7b8f-454d-ac83-d5abfae995f9" testId="820c65c9-3833-e6b0-bb49-8afe247a01bb" testName="CountTestEmptyStack" computerName="RNDM-VM" duration="00:00:00.0002985" startTime="2014-03-09T21:24:07.0830958+13:00" endTime="2014-03-09T21:24:07.0861075+13:00" testType="13cdc9d9-ddb5-4fa4-a97d-d965ccfc6d4b" outcome="Passed" testListId="8c84fa94-04c1-424b-9868-57a2d4851a1d" relativeResultsDirectory="f53b2c79-7b8f-454d-ac83-d5abfae995f9">
    </UnitTestResult>
    <UnitTestResult executionId="c62de61b-3f6d-4e19-81a9-153de23362df" testId="88237b91-80b2-6cb4-d6aa-be7ec347b5c2" testName="IsEmptyTestStackHasItem" computerName="RNDM-VM" duration="00:00:00.0008305" startTime="2014-03-09T21:24:07.0900962+13:00" endTime="2014-03-09T21:24:07.0941178+13:00" testType="13cdc9d9-ddb5-4fa4-a97d-d965ccfc6d4b" outcome="Passed" testListId="8c84fa94-04c1-424b-9868-57a2d4851a1d" relativeResultsDirectory="c62de61b-3f6d-4e19-81a9-153de23362df">
    </UnitTestResult>
    <UnitTestResult executionId="999d85cd-e47f-4510-91c8-aac3c73cad44" testId="8df35220-232b-2878-7d78-b522bb84d71c" testName="PopTestFullStack" computerName="RNDM-VM" duration="00:00:00.0005443" startTime="2014-03-09T21:24:07.0980985+13:00" endTime="2014-03-09T21:24:07.1011064+13:00" testType="13cdc9d9-ddb5-4fa4-a97d-d965ccfc6d4b" outcome="Passed" testListId="8c84fa94-04c1-424b-9868-57a2d4851a1d" relativeResultsDirectory="999d85cd-e47f-4510-91c8-aac3c73cad44">
    </UnitTestResult>
    <UnitTestResult executionId="49421296-acf2-41c3-8974-73ba3143b9e5" testId="e38817d2-8ab1-b8ee-2b1a-ae48d2250d61" testName="PopTestDefault" computerName="RNDM-VM" duration="00:00:00.0004554" startTime="2014-03-09T21:24:07.1041013+13:00" endTime="2014-03-09T21:24:07.1071070+13:00" testType="13cdc9d9-ddb5-4fa4-a97d-d965ccfc6d4b" outcome="Passed" testListId="8c84fa94-04c1-424b-9868-57a2d4851a1d" relativeResultsDirectory="49421296-acf2-41c3-8974-73ba3143b9e5">
    </UnitTestResult>
    <UnitTestResult executionId="2ee09f98-5317-4410-8863-a48f8421ea01" testId="e5535dc2-7316-e1a1-30d2-d3ba312de76b" testName="IsEmptyTestAfterFillingStackThenPoppingStack" computerName="RNDM-VM" duration="00:00:00.0008159" startTime="2014-03-09T21:24:07.1100955+13:00" endTime="2014-03-09T21:24:07.1160972+13:00" testType="13cdc9d9-ddb5-4fa4-a97d-d965ccfc6d4b" outcome="Passed" testListId="8c84fa94-04c1-424b-9868-57a2d4851a1d" relativeResultsDirectory="2ee09f98-5317-4410-8863-a48f8421ea01">
    </UnitTestResult>
    <UnitTestResult executionId="98e08cad-44c4-4127-95c7-21a024ede741" testId="f32f5769-b613-09c1-73f2-5e3fc8469d55" testName="StackConstructorTestInt" computerName="RNDM-VM" duration="00:00:00.0010854" startTime="2014-03-09T21:24:07.1190948+13:00" endTime="2014-03-09T21:24:07.1231676+13:00" testType="13cdc9d9-ddb5-4fa4-a97d-d965ccfc6d4b" outcome="Passed" testListId="8c84fa94-04c1-424b-9868-57a2d4851a1d" relativeResultsDirectory="98e08cad-44c4-4127-95c7-21a024ede741">
    </UnitTestResult>
  </Results>
</TestRun>