<?xml version="1.0" encoding="UTF-8"?>
<TestRun id="cd9572f9-3083-43af-b1c1-19350a7c228c" name="rNdm@RNDM-PC 2014-03-05 21:40:56" runUser="RNDM-PC\rNdm" xmlns="http://microsoft.com/schemas/VisualStudio/TeamTest/2010">
  <TestSettings name="Local" id="ab684e55-41fe-4872-9932-1149f5004a7c">
    <Description>These are default test settings for a local test run.</Description>
    <Deployment runDeploymentRoot="rNdm_RNDM-PC 2014-03-05 21_40_56">
      <DeploymentItem filename="E:\Work\C#\Stack Unit Testing\Stack Unit Testing\bin\Debug\Stack Unit Testing.exe" />
    </Deployment>
    <Execution>
      <TestTypeSpecific>
        <UnitTestRunConfig testTypeId="13cdc9d9-ddb5-4fa4-a97d-d965ccfc6d4b">
          <AssemblyResolution>
            <TestDirectory useLoadContext="true" />
          </AssemblyResolution>
        </UnitTestRunConfig>
        <WebTestRunConfiguration testTypeId="4e7599fa-5ecb-43e9-a887-cd63cf72d207">
          <Browser name="Internet Explorer 7.0">
            <Headers>
              <Header name="User-Agent" value="Mozilla/4.0 (compatible; MSIE 7.0; Windows NT 5.1)" />
              <Header name="Accept" value="*/*" />
              <Header name="Accept-Language" value="{{$IEAcceptLanguage}}" />
              <Header name="Accept-Encoding" value="GZIP" />
            </Headers>
          </Browser>
        </WebTestRunConfiguration>
      </TestTypeSpecific>
      <AgentRule name="LocalMachineDefaultRole">
      </AgentRule>
    </Execution>
  </TestSettings>
  <Times creation="2014-03-05T21:40:56.7293475+13:00" queuing="2014-03-05T21:40:57.2413805+13:00" start="2014-03-05T21:40:57.2473521+13:00" finish="2014-03-05T21:40:57.4293290+13:00" />
  <ResultSummary outcome="Completed">
    <Counters total="9" executed="9" passed="9" error="0" failed="0" timeout="0" aborted="0" inconclusive="0" passedButRunAborted="0" notRunnable="0" notExecuted="0" disconnected="0" warning="0" completed="0" inProgress="0" pending="0" />
  </ResultSummary>
  <TestDefinitions>
    <UnitTest name="PushTestHelperPushTillStackIsFullException" storage="e:\work\c#\stack unit testing\stack unit testing tests\bin\debug\stack unit testing tests.dll" id="b5b83ddb-b301-8aa9-f517-1e900714238f">
      <Execution id="715e2520-20f5-4b45-a760-bb1c88c9b319" />
      <TestMethod codeBase="E:/Work/C#/Stack Unit Testing/Stack Unit Testing Tests/bin/Debug/Stack Unit Testing Tests.DLL" adapterTypeName="Microsoft.VisualStudio.TestTools.TestTypes.Unit.UnitTestAdapter, Microsoft.VisualStudio.QualityTools.Tips.UnitTest.Adapter, Version=10.0.0.0, Culture=neutral, PublicKeyToken=b03f5f7f11d50a3a" className="Stack_Unit_Testing_Tests.StackTest, Stack Unit Testing Tests, Version=1.0.0.0, Culture=neutral, PublicKeyToken=null" name="PushTestHelperPushTillStackIsFullException" />
    </UnitTest>
    <UnitTest name="IsEmptyTestHelperFalse" storage="e:\work\c#\stack unit testing\stack unit testing tests\bin\debug\stack unit testing tests.dll" id="30478b2b-0337-381a-a03f-215419e77da5">
      <DeploymentItems>
        <DeploymentItem filename="Stack Unit Testing.exe" />
      </DeploymentItems>
      <Execution id="99960d2d-7a52-4918-b631-343df2320bda" />
      <TestMethod codeBase="E:/Work/C#/Stack Unit Testing/Stack Unit Testing Tests/bin/Debug/Stack Unit Testing Tests.DLL" adapterTypeName="Microsoft.VisualStudio.TestTools.TestTypes.Unit.UnitTestAdapter, Microsoft.VisualStudio.QualityTools.Tips.UnitTest.Adapter, Version=10.0.0.0, Culture=neutral, PublicKeyToken=b03f5f7f11d50a3a" className="Stack_Unit_Testing_Tests.StackTest, Stack Unit Testing Tests, Version=1.0.0.0, Culture=neutral, PublicKeyToken=null" name="IsEmptyTestHelperFalse" />
    </UnitTest>
    <UnitTest name="PushTest" storage="e:\work\c#\stack unit testing\stack unit testing tests\bin\debug\stack unit testing tests.dll" id="4950bc99-cc0f-a83c-85ea-438fe2a2cc4c">
      <DeploymentItems>
        <DeploymentItem filename="Stack Unit Testing.exe" />
      </DeploymentItems>
      <Execution id="872f8749-4d11-4542-a9d6-fc385ae8f687" />
      <TestMethod codeBase="E:/Work/C#/Stack Unit Testing/Stack Unit Testing Tests/bin/Debug/Stack Unit Testing Tests.DLL" adapterTypeName="Microsoft.VisualStudio.TestTools.TestTypes.Unit.UnitTestAdapter, Microsoft.VisualStudio.QualityTools.Tips.UnitTest.Adapter, Version=10.0.0.0, Culture=neutral, PublicKeyToken=b03f5f7f11d50a3a" className="Stack_Unit_Testing_Tests.StackTest, Stack Unit Testing Tests, Version=1.0.0.0, Culture=neutral, PublicKeyToken=null" name="PushTest" />
    </UnitTest>
    <UnitTest name="StackConstructorTest" storage="e:\work\c#\stack unit testing\stack unit testing tests\bin\debug\stack unit testing tests.dll" id="480b0ea4-f2b6-138f-8d27-f25cc30d63ce">
      <DeploymentItems>
        <DeploymentItem filename="Stack Unit Testing.exe" />
      </DeploymentItems>
      <Execution id="9d5ace00-1e4c-4ef8-b7e1-4dabf9a5db66" />
      <TestMethod codeBase="E:/Work/C#/Stack Unit Testing/Stack Unit Testing Tests/bin/Debug/Stack Unit Testing Tests.DLL" adapterTypeName="Microsoft.VisualStudio.TestTools.TestTypes.Unit.UnitTestAdapter, Microsoft.VisualStudio.QualityTools.Tips.UnitTest.Adapter, Version=10.0.0.0, Culture=neutral, PublicKeyToken=b03f5f7f11d50a3a" className="Stack_Unit_Testing_Tests.StackTest, Stack Unit Testing Tests, Version=1.0.0.0, Culture=neutral, PublicKeyToken=null" name="StackConstructorTest" />
    </UnitTest>
    <UnitTest name="CountTest" storage="e:\work\c#\stack unit testing\stack unit testing tests\bin\debug\stack unit testing tests.dll" id="f6a16e3b-46d3-cdfb-0603-80020653299b">
      <DeploymentItems>
        <DeploymentItem filename="Stack Unit Testing.exe" />
      </DeploymentItems>
      <Execution id="16ee0878-5d46-45b7-aab7-dcc445c6f683" />
      <TestMethod codeBase="E:/Work/C#/Stack Unit Testing/Stack Unit Testing Tests/bin/Debug/Stack Unit Testing Tests.DLL" adapterTypeName="Microsoft.VisualStudio.TestTools.TestTypes.Unit.UnitTestAdapter, Microsoft.VisualStudio.QualityTools.Tips.UnitTest.Adapter, Version=10.0.0.0, Culture=neutral, PublicKeyToken=b03f5f7f11d50a3a" className="Stack_Unit_Testing_Tests.StackTest, Stack Unit Testing Tests, Version=1.0.0.0, Culture=neutral, PublicKeyToken=null" name="CountTest" />
    </UnitTest>
    <UnitTest name="PopTest" storage="e:\work\c#\stack unit testing\stack unit testing tests\bin\debug\stack unit testing tests.dll" id="a6d8d5a3-b15b-a6bf-942e-6276b5820c37">
      <DeploymentItems>
        <DeploymentItem filename="Stack Unit Testing.exe" />
      </DeploymentItems>
      <Execution id="525fc58d-b87c-4f64-8f7d-58dad4fa8098" />
      <TestMethod codeBase="E:/Work/C#/Stack Unit Testing/Stack Unit Testing Tests/bin/Debug/Stack Unit Testing Tests.DLL" adapterTypeName="Microsoft.VisualStudio.TestTools.TestTypes.Unit.UnitTestAdapter, Microsoft.VisualStudio.QualityTools.Tips.UnitTest.Adapter, Version=10.0.0.0, Culture=neutral, PublicKeyToken=b03f5f7f11d50a3a" className="Stack_Unit_Testing_Tests.StackTest, Stack Unit Testing Tests, Version=1.0.0.0, Culture=neutral, PublicKeyToken=null" name="PopTest" />
    </UnitTest>
    <UnitTest name="PeekTest" storage="e:\work\c#\stack unit testing\stack unit testing tests\bin\debug\stack unit testing tests.dll" id="74e9a0d3-612d-34c2-9084-efc2a9f6953f">
      <DeploymentItems>
        <DeploymentItem filename="Stack Unit Testing.exe" />
      </DeploymentItems>
      <Execution id="da4b3e14-235f-4f16-9ede-d55ae9a4a198" />
      <TestMethod codeBase="E:/Work/C#/Stack Unit Testing/Stack Unit Testing Tests/bin/Debug/Stack Unit Testing Tests.DLL" adapterTypeName="Microsoft.VisualStudio.TestTools.TestTypes.Unit.UnitTestAdapter, Microsoft.VisualStudio.QualityTools.Tips.UnitTest.Adapter, Version=10.0.0.0, Culture=neutral, PublicKeyToken=b03f5f7f11d50a3a" className="Stack_Unit_Testing_Tests.StackTest, Stack Unit Testing Tests, Version=1.0.0.0, Culture=neutral, PublicKeyToken=null" name="PeekTest" />
    </UnitTest>
    <UnitTest name="IsEmptyTestHelperTrue" storage="e:\work\c#\stack unit testing\stack unit testing tests\bin\debug\stack unit testing tests.dll" id="12a16b75-0f11-f887-c517-beef22b149c1">
      <DeploymentItems>
        <DeploymentItem filename="Stack Unit Testing.exe" />
      </DeploymentItems>
      <Execution id="5833dbc4-728f-48f3-b26b-ab5bdce8cdab" />
      <TestMethod codeBase="E:/Work/C#/Stack Unit Testing/Stack Unit Testing Tests/bin/Debug/Stack Unit Testing Tests.DLL" adapterTypeName="Microsoft.VisualStudio.TestTools.TestTypes.Unit.UnitTestAdapter, Microsoft.VisualStudio.QualityTools.Tips.UnitTest.Adapter, Version=10.0.0.0, Culture=neutral, PublicKeyToken=b03f5f7f11d50a3a" className="Stack_Unit_Testing_Tests.StackTest, Stack Unit Testing Tests, Version=1.0.0.0, Culture=neutral, PublicKeyToken=null" name="IsEmptyTestHelperTrue" />
    </UnitTest>
    <UnitTest name="IsEmptyTestHelperItemsPoppedTrue" storage="e:\work\c#\stack unit testing\stack unit testing tests\bin\debug\stack unit testing tests.dll" id="492f29e3-8fee-a77b-5d75-9fbf26e7c9dd">
      <DeploymentItems>
        <DeploymentItem filename="Stack Unit Testing.exe" />
      </DeploymentItems>
      <Execution id="3085301a-38b1-4d14-a0dc-b44a5c68aecb" />
      <TestMethod codeBase="E:/Work/C#/Stack Unit Testing/Stack Unit Testing Tests/bin/Debug/Stack Unit Testing Tests.DLL" adapterTypeName="Microsoft.VisualStudio.TestTools.TestTypes.Unit.UnitTestAdapter, Microsoft.VisualStudio.QualityTools.Tips.UnitTest.Adapter, Version=10.0.0.0, Culture=neutral, PublicKeyToken=b03f5f7f11d50a3a" className="Stack_Unit_Testing_Tests.StackTest, Stack Unit Testing Tests, Version=1.0.0.0, Culture=neutral, PublicKeyToken=null" name="IsEmptyTestHelperItemsPoppedTrue" />
    </UnitTest>
  </TestDefinitions>
  <TestLists>
    <TestList name="Results Not in a List" id="8c84fa94-04c1-424b-9868-57a2d4851a1d" />
    <TestList name="All Loaded Results" id="19431567-8539-422a-85d7-44ee4e166bda" />
  </TestLists>
  <TestEntries>
    <TestEntry testId="12a16b75-0f11-f887-c517-beef22b149c1" executionId="5833dbc4-728f-48f3-b26b-ab5bdce8cdab" testListId="8c84fa94-04c1-424b-9868-57a2d4851a1d" />
    <TestEntry testId="30478b2b-0337-381a-a03f-215419e77da5" executionId="99960d2d-7a52-4918-b631-343df2320bda" testListId="8c84fa94-04c1-424b-9868-57a2d4851a1d" />
    <TestEntry testId="480b0ea4-f2b6-138f-8d27-f25cc30d63ce" executionId="9d5ace00-1e4c-4ef8-b7e1-4dabf9a5db66" testListId="8c84fa94-04c1-424b-9868-57a2d4851a1d" />
    <TestEntry testId="492f29e3-8fee-a77b-5d75-9fbf26e7c9dd" executionId="3085301a-38b1-4d14-a0dc-b44a5c68aecb" testListId="8c84fa94-04c1-424b-9868-57a2d4851a1d" />
    <TestEntry testId="4950bc99-cc0f-a83c-85ea-438fe2a2cc4c" executionId="872f8749-4d11-4542-a9d6-fc385ae8f687" testListId="8c84fa94-04c1-424b-9868-57a2d4851a1d" />
    <TestEntry testId="74e9a0d3-612d-34c2-9084-efc2a9f6953f" executionId="da4b3e14-235f-4f16-9ede-d55ae9a4a198" testListId="8c84fa94-04c1-424b-9868-57a2d4851a1d" />
    <TestEntry testId="a6d8d5a3-b15b-a6bf-942e-6276b5820c37" executionId="525fc58d-b87c-4f64-8f7d-58dad4fa8098" testListId="8c84fa94-04c1-424b-9868-57a2d4851a1d" />
    <TestEntry testId="b5b83ddb-b301-8aa9-f517-1e900714238f" executionId="715e2520-20f5-4b45-a760-bb1c88c9b319" testListId="8c84fa94-04c1-424b-9868-57a2d4851a1d" />
    <TestEntry testId="f6a16e3b-46d3-cdfb-0603-80020653299b" executionId="16ee0878-5d46-45b7-aab7-dcc445c6f683" testListId="8c84fa94-04c1-424b-9868-57a2d4851a1d" />
  </TestEntries>
  <Results>
    <UnitTestResult executionId="5833dbc4-728f-48f3-b26b-ab5bdce8cdab" testId="12a16b75-0f11-f887-c517-beef22b149c1" testName="IsEmptyTestHelperTrue" computerName="RNDM-PC" duration="00:00:00.0135125" startTime="2014-03-05T21:40:57.2483698+13:00" endTime="2014-03-05T21:40:57.3813267+13:00" testType="13cdc9d9-ddb5-4fa4-a97d-d965ccfc6d4b" outcome="Passed" testListId="8c84fa94-04c1-424b-9868-57a2d4851a1d" relativeResultsDirectory="5833dbc4-728f-48f3-b26b-ab5bdce8cdab">
    </UnitTestResult>
    <UnitTestResult executionId="99960d2d-7a52-4918-b631-343df2320bda" testId="30478b2b-0337-381a-a03f-215419e77da5" testName="IsEmptyTestHelperFalse" computerName="RNDM-PC" duration="00:00:00.0005919" startTime="2014-03-05T21:40:57.3823269+13:00" endTime="2014-03-05T21:40:57.3843265+13:00" testType="13cdc9d9-ddb5-4fa4-a97d-d965ccfc6d4b" outcome="Passed" testListId="8c84fa94-04c1-424b-9868-57a2d4851a1d" relativeResultsDirectory="99960d2d-7a52-4918-b631-343df2320bda">
    </UnitTestResult>
    <UnitTestResult executionId="9d5ace00-1e4c-4ef8-b7e1-4dabf9a5db66" testId="480b0ea4-f2b6-138f-8d27-f25cc30d63ce" testName="StackConstructorTest" computerName="RNDM-PC" duration="00:00:00.0002194" startTime="2014-03-05T21:40:57.3843265+13:00" endTime="2014-03-05T21:40:57.3863268+13:00" testType="13cdc9d9-ddb5-4fa4-a97d-d965ccfc6d4b" outcome="Passed" testListId="8c84fa94-04c1-424b-9868-57a2d4851a1d" relativeResultsDirectory="9d5ace00-1e4c-4ef8-b7e1-4dabf9a5db66">
    </UnitTestResult>
    <UnitTestResult executionId="3085301a-38b1-4d14-a0dc-b44a5c68aecb" testId="492f29e3-8fee-a77b-5d75-9fbf26e7c9dd" testName="IsEmptyTestHelperItemsPoppedTrue" computerName="RNDM-PC" duration="00:00:00.0006439" startTime="2014-03-05T21:40:57.3863268+13:00" endTime="2014-03-05T21:40:57.3883267+13:00" testType="13cdc9d9-ddb5-4fa4-a97d-d965ccfc6d4b" outcome="Passed" testListId="8c84fa94-04c1-424b-9868-57a2d4851a1d" relativeResultsDirectory="3085301a-38b1-4d14-a0dc-b44a5c68aecb">
    </UnitTestResult>
    <UnitTestResult executionId="872f8749-4d11-4542-a9d6-fc385ae8f687" testId="4950bc99-cc0f-a83c-85ea-438fe2a2cc4c" testName="PushTest" computerName="RNDM-PC" duration="00:00:00.0002710" startTime="2014-03-05T21:40:57.3893268+13:00" endTime="2014-03-05T21:40:57.3903267+13:00" testType="13cdc9d9-ddb5-4fa4-a97d-d965ccfc6d4b" outcome="Passed" testListId="8c84fa94-04c1-424b-9868-57a2d4851a1d" relativeResultsDirectory="872f8749-4d11-4542-a9d6-fc385ae8f687">
    </UnitTestResult>
    <UnitTestResult executionId="da4b3e14-235f-4f16-9ede-d55ae9a4a198" testId="74e9a0d3-612d-34c2-9084-efc2a9f6953f" testName="PeekTest" computerName="RNDM-PC" duration="00:00:00.0011900" startTime="2014-03-05T21:40:57.3913268+13:00" endTime="2014-03-05T21:40:57.3933286+13:00" testType="13cdc9d9-ddb5-4fa4-a97d-d965ccfc6d4b" outcome="Passed" testListId="8c84fa94-04c1-424b-9868-57a2d4851a1d" relativeResultsDirectory="da4b3e14-235f-4f16-9ede-d55ae9a4a198">
    </UnitTestResult>
    <UnitTestResult executionId="525fc58d-b87c-4f64-8f7d-58dad4fa8098" testId="a6d8d5a3-b15b-a6bf-942e-6276b5820c37" testName="PopTest" computerName="RNDM-PC" duration="00:00:00.0003570" startTime="2014-03-05T21:40:57.3943281+13:00" endTime="2014-03-05T21:40:57.3963375+13:00" testType="13cdc9d9-ddb5-4fa4-a97d-d965ccfc6d4b" outcome="Passed" testListId="8c84fa94-04c1-424b-9868-57a2d4851a1d" relativeResultsDirectory="525fc58d-b87c-4f64-8f7d-58dad4fa8098">
    </UnitTestResult>
    <UnitTestResult executionId="715e2520-20f5-4b45-a760-bb1c88c9b319" testId="b5b83ddb-b301-8aa9-f517-1e900714238f" testName="PushTestHelperPushTillStackIsFullException" computerName="RNDM-PC" duration="00:00:00.0041272" startTime="2014-03-05T21:40:57.3963375+13:00" endTime="2014-03-05T21:40:57.4023285+13:00" testType="13cdc9d9-ddb5-4fa4-a97d-d965ccfc6d4b" outcome="Passed" testListId="8c84fa94-04c1-424b-9868-57a2d4851a1d" relativeResultsDirectory="715e2520-20f5-4b45-a760-bb1c88c9b319">
    </UnitTestResult>
    <UnitTestResult executionId="16ee0878-5d46-45b7-aab7-dcc445c6f683" testId="f6a16e3b-46d3-cdfb-0603-80020653299b" testName="CountTest" computerName="RNDM-PC" duration="00:00:00.0003145" startTime="2014-03-05T21:40:57.4023285+13:00" endTime="2014-03-05T21:40:57.4043534+13:00" testType="13cdc9d9-ddb5-4fa4-a97d-d965ccfc6d4b" outcome="Passed" testListId="8c84fa94-04c1-424b-9868-57a2d4851a1d" relativeResultsDirectory="16ee0878-5d46-45b7-aab7-dcc445c6f683">
    </UnitTestResult>
  </Results>
</TestRun>