<?xml version="1.0" encoding="UTF-8"?>
<TestRun id="068bce59-7072-44d6-a62f-534ea153534f" name="rndm@RNDM-VM 2014-03-17 22:44:24" runUser="RNDM-VM\rndm" xmlns="http://microsoft.com/schemas/VisualStudio/TeamTest/2010">
  <TestSettings name="Local" id="83b1a813-1c94-4de7-acba-7abacfc42ec6">
    <Description>These are default test settings for a local test run.</Description>
    <Deployment enabled="false" runDeploymentRoot="rndm_RNDM-VM 2014-03-17 22_44_24">
      <DeploymentItem filename="Z:\Work\C-\Clocks\Clocks\bin\Debug\Clocks.exe" />
      <DeploymentItem filename="Z:\Work\C-\Clocks\AnalogClockControl.dll" />
    </Deployment>
    <Execution>
      <TestTypeSpecific />
      <AgentRule name="Execution Agents">
      </AgentRule>
    </Execution>
  </TestSettings>
  <Times creation="2014-03-17T22:44:24.7260360+13:00" queuing="2014-03-17T22:44:24.7728414+13:00" start="2014-03-17T22:44:24.7728414+13:00" finish="2014-03-17T22:44:25.0697085+13:00" />
  <ResultSummary outcome="Failed">
    <Counters total="3" executed="3" passed="1" error="0" failed="1" timeout="0" aborted="0" inconclusive="1" passedButRunAborted="0" notRunnable="0" notExecuted="0" disconnected="0" warning="0" completed="0" inProgress="0" pending="0" />
    <RunInfos>
      <RunInfo computerName="RNDM-VM" outcome="Warning" timestamp="2014-03-17T22:44:24.7728414+13:00">
        <Text>Deployment is currently disabled. The deployment item 'Clocks.exe' on test 'ClocksTests.Form1_DigitalTest.hideTest' was not deployed.</Text>
      </RunInfo>
    </RunInfos>
  </ResultSummary>
  <TestDefinitions>
    <UnitTest name="hideTest" storage="z:\work\c-\clocks\clockstests\bin\debug\clockstests.dll" id="9b490b3d-abc6-4d54-f90e-668d92c121ff">
      <DeploymentItems>
        <DeploymentItem filename="Clocks.exe" />
      </DeploymentItems>
      <Execution id="085aebfa-e4e8-4807-b444-49e0b0a16ea5" />
      <TestMethod codeBase="Z:/Work/C-/Clocks/ClocksTests/bin/Debug/ClocksTests.DLL" adapterTypeName="Microsoft.VisualStudio.TestTools.TestTypes.Unit.UnitTestAdapter, Microsoft.VisualStudio.QualityTools.Tips.UnitTest.Adapter, Version=10.0.0.0, Culture=neutral, PublicKeyToken=b03f5f7f11d50a3a" className="ClocksTests.Form1_DigitalTest, ClocksTests, Version=1.0.0.0, Culture=neutral, PublicKeyToken=null" name="hideTest" />
    </UnitTest>
    <UnitTest name="Form1_DigitalConstructorTest" storage="z:\work\c-\clocks\clockstests\bin\debug\clockstests.dll" id="1b4d1bc7-155b-c841-1600-5ec986a94bfb">
      <DeploymentItems>
        <DeploymentItem filename="Clocks.exe" />
      </DeploymentItems>
      <Execution id="e1e10593-64f5-4a1d-a6e0-1ca2360e3c72" />
      <TestMethod codeBase="Z:/Work/C-/Clocks/ClocksTests/bin/Debug/ClocksTests.DLL" adapterTypeName="Microsoft.VisualStudio.TestTools.TestTypes.Unit.UnitTestAdapter, Microsoft.VisualStudio.QualityTools.Tips.UnitTest.Adapter, Version=10.0.0.0, Culture=neutral, PublicKeyToken=b03f5f7f11d50a3a" className="ClocksTests.Form1_DigitalTest, ClocksTests, Version=1.0.0.0, Culture=neutral, PublicKeyToken=null" name="Form1_DigitalConstructorTest" />
    </UnitTest>
    <UnitTest name="showTest" storage="z:\work\c-\clocks\clockstests\bin\debug\clockstests.dll" id="84a0ae22-8674-9688-51ea-8686b8186af1">
      <DeploymentItems>
        <DeploymentItem filename="Clocks.exe" />
      </DeploymentItems>
      <Execution id="2d9da88c-5a10-402d-bb97-a12d314327e4" />
      <TestMethod codeBase="Z:/Work/C-/Clocks/ClocksTests/bin/Debug/ClocksTests.DLL" adapterTypeName="Microsoft.VisualStudio.TestTools.TestTypes.Unit.UnitTestAdapter, Microsoft.VisualStudio.QualityTools.Tips.UnitTest.Adapter, Version=10.0.0.0, Culture=neutral, PublicKeyToken=b03f5f7f11d50a3a" className="ClocksTests.Form1_DigitalTest, ClocksTests, Version=1.0.0.0, Culture=neutral, PublicKeyToken=null" name="showTest" />
    </UnitTest>
  </TestDefinitions>
  <TestLists>
    <TestList name="Results Not in a List" id="8c84fa94-04c1-424b-9868-57a2d4851a1d" />
    <TestList name="All Loaded Results" id="19431567-8539-422a-85d7-44ee4e166bda" />
  </TestLists>
  <TestEntries>
    <TestEntry testId="1b4d1bc7-155b-c841-1600-5ec986a94bfb" executionId="e1e10593-64f5-4a1d-a6e0-1ca2360e3c72" testListId="8c84fa94-04c1-424b-9868-57a2d4851a1d" />
    <TestEntry testId="84a0ae22-8674-9688-51ea-8686b8186af1" executionId="2d9da88c-5a10-402d-bb97-a12d314327e4" testListId="8c84fa94-04c1-424b-9868-57a2d4851a1d" />
    <TestEntry testId="9b490b3d-abc6-4d54-f90e-668d92c121ff" executionId="085aebfa-e4e8-4807-b444-49e0b0a16ea5" testListId="8c84fa94-04c1-424b-9868-57a2d4851a1d" />
  </TestEntries>
  <Results>
    <UnitTestResult executionId="e1e10593-64f5-4a1d-a6e0-1ca2360e3c72" testId="1b4d1bc7-155b-c841-1600-5ec986a94bfb" testName="Form1_DigitalConstructorTest" computerName="RNDM-VM" duration="00:00:00.0456849" startTime="2014-03-17T22:44:24.7884557+13:00" endTime="2014-03-17T22:44:25.0072057+13:00" testType="13cdc9d9-ddb5-4fa4-a97d-d965ccfc6d4b" outcome="Inconclusive" testListId="8c84fa94-04c1-424b-9868-57a2d4851a1d" relativeResultsDirectory="e1e10593-64f5-4a1d-a6e0-1ca2360e3c72">
      <Output>
        <ErrorInfo>
          <Message>Assert.Inconclusive failed. TODO: Implement code to verify target</Message>
          <StackTrace>   at ClocksTests.Form1_DigitalTest.Form1_DigitalConstructorTest() in Z:\Work\C-\Clocks\ClocksTests\Form1_DigitalTest.cs:line 77
</StackTrace>
        </ErrorInfo>
      </Output>
    </UnitTestResult>
    <UnitTestResult executionId="2d9da88c-5a10-402d-bb97-a12d314327e4" testId="84a0ae22-8674-9688-51ea-8686b8186af1" testName="showTest" computerName="RNDM-VM" duration="00:00:00.0173169" startTime="2014-03-17T22:44:25.0072057+13:00" endTime="2014-03-17T22:44:25.0384587+13:00" testType="13cdc9d9-ddb5-4fa4-a97d-d965ccfc6d4b" outcome="Failed" testListId="8c84fa94-04c1-424b-9868-57a2d4851a1d" relativeResultsDirectory="2d9da88c-5a10-402d-bb97-a12d314327e4">
      <Output>
        <ErrorInfo>
          <Message>Test method ClocksTests.Form1_DigitalTest.showTest threw exception: 
System.NullReferenceException: Object reference not set to an instance of an object.</Message>
          <StackTrace>   at Clocks.Form1_Accessor.Digital.Clocks.Form1.IClock.show()
   at ClocksTests.Form1_DigitalTest.showTest() in Z:\Work\C-\Clocks\ClocksTests\Form1_DigitalTest.cs:line 107
</StackTrace>
        </ErrorInfo>
      </Output>
    </UnitTestResult>
    <UnitTestResult executionId="085aebfa-e4e8-4807-b444-49e0b0a16ea5" testId="9b490b3d-abc6-4d54-f90e-668d92c121ff" testName="hideTest" computerName="RNDM-VM" duration="00:00:00.0037225" startTime="2014-03-17T22:44:25.0384587+13:00" endTime="2014-03-17T22:44:25.0540866+13:00" testType="13cdc9d9-ddb5-4fa4-a97d-d965ccfc6d4b" outcome="Passed" testListId="8c84fa94-04c1-424b-9868-57a2d4851a1d" relativeResultsDirectory="085aebfa-e4e8-4807-b444-49e0b0a16ea5">
    </UnitTestResult>
  </Results>
</TestRun>