<?xml version="1.0" encoding="UTF-8"?>
<TestRun id="0bdd93d0-0c55-431e-aac0-f211a15de05b" name="Patricia@PATRICIA-LAPTOP 2013-03-30 10:04:46" runUser="Patricia-Laptop\Patricia" xmlns="http://microsoft.com/schemas/VisualStudio/TeamTest/2010">
  <TestSettings name="Local" id="a96afccd-8255-4800-ab31-fa7b7837bac7">
    <Description>These are default test settings for a local test run.</Description>
    <Deployment enabled="false" runDeploymentRoot="Patricia_PATRICIA-LAPTOP 2013-03-30 10_04_46">
      <DeploymentItem filename="C:\Users\Patricia\Desktop\Garden Reporter 2013\Garden Reporter 2013\bin\Debug\Garden Reporter 2013.exe" />
    </Deployment>
    <Execution>
      <TestTypeSpecific />
      <AgentRule name="Execution Agents">
      </AgentRule>
    </Execution>
  </TestSettings>
  <Times creation="2013-03-30T10:04:46.2793126+13:00" queuing="2013-03-30T10:04:46.3885128+13:00" start="2013-03-30T10:04:46.4197128+13:00" finish="2013-03-30T10:04:46.7785135+13:00" />
  <ResultSummary outcome="Completed">
    <Counters total="3" executed="3" passed="3" error="0" failed="0" timeout="0" aborted="0" inconclusive="0" passedButRunAborted="0" notRunnable="0" notExecuted="0" disconnected="0" warning="0" completed="0" inProgress="0" pending="0" />
  </ResultSummary>
  <TestDefinitions>
    <UnitTest name="GetAccountBalanceTest" storage="c:\users\patricia\desktop\garden reporter 2013\testproject1\bin\debug\testproject1.dll" id="2b4886cd-7a6e-4213-cc1a-793bf0ca436e">
      <Execution id="c086e30e-cb5a-4057-b4a9-7776322d10df" />
      <TestMethod codeBase="C:/Users/Patricia/Desktop/Garden Reporter 2013/TestProject1/bin/Debug/TestProject1.DLL" adapterTypeName="Microsoft.VisualStudio.TestTools.TestTypes.Unit.UnitTestAdapter, Microsoft.VisualStudio.QualityTools.Tips.UnitTest.Adapter, Version=10.0.0.0, Culture=neutral, PublicKeyToken=b03f5f7f11d50a3a" className="TestProject1.GardenTest, TestProject1, Version=1.0.0.0, Culture=neutral, PublicKeyToken=null" name="GetAccountBalanceTest" />
    </UnitTest>
    <UnitTest name="AreaReporterTest" storage="c:\users\patricia\desktop\garden reporter 2013\testproject1\bin\debug\testproject1.dll" id="06a8ada6-0fb0-5b91-271b-dac93b9ac4c8">
      <Execution id="79dad1e6-494d-4db0-b11d-7573accceaa9" />
      <TestMethod codeBase="C:/Users/Patricia/Desktop/Garden Reporter 2013/TestProject1/bin/Debug/TestProject1.DLL" adapterTypeName="Microsoft.VisualStudio.TestTools.TestTypes.Unit.UnitTestAdapter, Microsoft.VisualStudio.QualityTools.Tips.UnitTest.Adapter, Version=10.0.0.0, Culture=neutral, PublicKeyToken=b03f5f7f11d50a3a" className="TestProject1.GardenManagerTest, TestProject1, Version=1.0.0.0, Culture=neutral, PublicKeyToken=null" name="AreaReporterTest" />
    </UnitTest>
    <UnitTest name="ChargesReporterTest" storage="c:\users\patricia\desktop\garden reporter 2013\testproject1\bin\debug\testproject1.dll" id="77b73c43-4e9e-e9c1-9ea9-f3f25923e04a">
      <Execution id="a6b5d35f-6611-4d18-98d7-1a9d7c6433a9" />
      <TestMethod codeBase="C:/Users/Patricia/Desktop/Garden Reporter 2013/TestProject1/bin/Debug/TestProject1.DLL" adapterTypeName="Microsoft.VisualStudio.TestTools.TestTypes.Unit.UnitTestAdapter, Microsoft.VisualStudio.QualityTools.Tips.UnitTest.Adapter, Version=10.0.0.0, Culture=neutral, PublicKeyToken=b03f5f7f11d50a3a" className="TestProject1.GardenManagerTest, TestProject1, Version=1.0.0.0, Culture=neutral, PublicKeyToken=null" name="ChargesReporterTest" />
    </UnitTest>
  </TestDefinitions>
  <TestLists>
    <TestList name="Results Not in a List" id="8c84fa94-04c1-424b-9868-57a2d4851a1d" />
    <TestList name="All Loaded Results" id="19431567-8539-422a-85d7-44ee4e166bda" />
  </TestLists>
  <TestEntries>
    <TestEntry testId="06a8ada6-0fb0-5b91-271b-dac93b9ac4c8" executionId="79dad1e6-494d-4db0-b11d-7573accceaa9" testListId="8c84fa94-04c1-424b-9868-57a2d4851a1d" />
    <TestEntry testId="2b4886cd-7a6e-4213-cc1a-793bf0ca436e" executionId="c086e30e-cb5a-4057-b4a9-7776322d10df" testListId="8c84fa94-04c1-424b-9868-57a2d4851a1d" />
    <TestEntry testId="77b73c43-4e9e-e9c1-9ea9-f3f25923e04a" executionId="a6b5d35f-6611-4d18-98d7-1a9d7c6433a9" testListId="8c84fa94-04c1-424b-9868-57a2d4851a1d" />
  </TestEntries>
  <Results>
    <UnitTestResult executionId="79dad1e6-494d-4db0-b11d-7573accceaa9" testId="06a8ada6-0fb0-5b91-271b-dac93b9ac4c8" testName="AreaReporterTest" computerName="PATRICIA-LAPTOP" duration="00:00:00.0183193" startTime="2013-03-30T10:04:46.4821129+13:00" endTime="2013-03-30T10:04:46.7317134+13:00" testType="13cdc9d9-ddb5-4fa4-a97d-d965ccfc6d4b" outcome="Passed" testListId="8c84fa94-04c1-424b-9868-57a2d4851a1d" relativeResultsDirectory="79dad1e6-494d-4db0-b11d-7573accceaa9">
    </UnitTestResult>
    <UnitTestResult executionId="c086e30e-cb5a-4057-b4a9-7776322d10df" testId="2b4886cd-7a6e-4213-cc1a-793bf0ca436e" testName="GetAccountBalanceTest" computerName="PATRICIA-LAPTOP" duration="00:00:00.0006710" startTime="2013-03-30T10:04:46.7473134+13:00" endTime="2013-03-30T10:04:46.7473134+13:00" testType="13cdc9d9-ddb5-4fa4-a97d-d965ccfc6d4b" outcome="Passed" testListId="8c84fa94-04c1-424b-9868-57a2d4851a1d" relativeResultsDirectory="c086e30e-cb5a-4057-b4a9-7776322d10df">
    </UnitTestResult>
    <UnitTestResult executionId="a6b5d35f-6611-4d18-98d7-1a9d7c6433a9" testId="77b73c43-4e9e-e9c1-9ea9-f3f25923e04a" testName="ChargesReporterTest" computerName="PATRICIA-LAPTOP" duration="00:00:00.0004125" startTime="2013-03-30T10:04:46.7473134+13:00" endTime="2013-03-30T10:04:46.7473134+13:00" testType="13cdc9d9-ddb5-4fa4-a97d-d965ccfc6d4b" outcome="Passed" testListId="8c84fa94-04c1-424b-9868-57a2d4851a1d" relativeResultsDirectory="a6b5d35f-6611-4d18-98d7-1a9d7c6433a9">
    </UnitTestResult>
  </Results>
</TestRun>