<?xml version="1.0" encoding="UTF-8"?>
<TestRun id="c1ac6925-b956-4327-b2b0-763b89bd9714" name="Patricia@PATRICIA-LAPTOP 2013-03-30 09:58:52" runUser="Patricia-Laptop\Patricia" xmlns="http://microsoft.com/schemas/VisualStudio/TeamTest/2010">
  <TestSettings name="Local" id="a96afccd-8255-4800-ab31-fa7b7837bac7">
    <Description>These are default test settings for a local test run.</Description>
    <Deployment enabled="false" runDeploymentRoot="Patricia_PATRICIA-LAPTOP 2013-03-30 09_58_52">
      <DeploymentItem filename="C:\Users\Patricia\Desktop\Garden Reporter 2013\Garden Reporter 2013\bin\Debug\Garden Reporter 2013.exe" />
    </Deployment>
    <Execution>
      <TestTypeSpecific />
      <AgentRule name="Execution Agents">
      </AgentRule>
    </Execution>
  </TestSettings>
  <Times creation="2013-03-30T09:58:52.2576165+13:00" queuing="2013-03-30T09:58:52.3906241+13:00" start="2013-03-30T09:58:52.4356267+13:00" finish="2013-03-30T09:58:52.8806521+13:00" />
  <ResultSummary outcome="Failed">
    <Counters total="2" executed="2" passed="1" error="0" failed="1" timeout="0" aborted="0" inconclusive="0" passedButRunAborted="0" notRunnable="0" notExecuted="0" disconnected="0" warning="0" completed="0" inProgress="0" pending="0" />
  </ResultSummary>
  <TestDefinitions>
    <UnitTest name="AreaReporterTest" storage="c:\users\patricia\desktop\garden reporter 2013\testproject1\bin\debug\testproject1.dll" id="06a8ada6-0fb0-5b91-271b-dac93b9ac4c8">
      <Execution id="b7aa6eee-5cee-4a21-82bd-26b9f05c97ab" />
      <TestMethod codeBase="C:/Users/Patricia/Desktop/Garden Reporter 2013/TestProject1/bin/Debug/TestProject1.DLL" adapterTypeName="Microsoft.VisualStudio.TestTools.TestTypes.Unit.UnitTestAdapter, Microsoft.VisualStudio.QualityTools.Tips.UnitTest.Adapter, Version=10.0.0.0, Culture=neutral, PublicKeyToken=b03f5f7f11d50a3a" className="TestProject1.GardenManagerTest, TestProject1, Version=1.0.0.0, Culture=neutral, PublicKeyToken=null" name="AreaReporterTest" />
    </UnitTest>
    <UnitTest name="GetAccountBalanceTest" storage="c:\users\patricia\desktop\garden reporter 2013\testproject1\bin\debug\testproject1.dll" id="2b4886cd-7a6e-4213-cc1a-793bf0ca436e">
      <Execution id="dfa2133f-7078-451a-8bfa-5f861cd14e46" />
      <TestMethod codeBase="C:/Users/Patricia/Desktop/Garden Reporter 2013/TestProject1/bin/Debug/TestProject1.DLL" adapterTypeName="Microsoft.VisualStudio.TestTools.TestTypes.Unit.UnitTestAdapter, Microsoft.VisualStudio.QualityTools.Tips.UnitTest.Adapter, Version=10.0.0.0, Culture=neutral, PublicKeyToken=b03f5f7f11d50a3a" className="TestProject1.GardenTest, TestProject1, Version=1.0.0.0, Culture=neutral, PublicKeyToken=null" name="GetAccountBalanceTest" />
    </UnitTest>
  </TestDefinitions>
  <TestLists>
    <TestList name="Results Not in a List" id="8c84fa94-04c1-424b-9868-57a2d4851a1d" />
    <TestList name="All Loaded Results" id="19431567-8539-422a-85d7-44ee4e166bda" />
  </TestLists>
  <TestEntries>
    <TestEntry testId="06a8ada6-0fb0-5b91-271b-dac93b9ac4c8" executionId="b7aa6eee-5cee-4a21-82bd-26b9f05c97ab" testListId="8c84fa94-04c1-424b-9868-57a2d4851a1d" />
    <TestEntry testId="2b4886cd-7a6e-4213-cc1a-793bf0ca436e" executionId="dfa2133f-7078-451a-8bfa-5f861cd14e46" testListId="8c84fa94-04c1-424b-9868-57a2d4851a1d" />
  </TestEntries>
  <Results>
    <UnitTestResult executionId="b7aa6eee-5cee-4a21-82bd-26b9f05c97ab" testId="06a8ada6-0fb0-5b91-271b-dac93b9ac4c8" testName="AreaReporterTest" computerName="PATRICIA-LAPTOP" duration="00:00:00.1064286" startTime="2013-03-30T09:58:52.4746289+13:00" endTime="2013-03-30T09:58:52.8416499+13:00" testType="13cdc9d9-ddb5-4fa4-a97d-d965ccfc6d4b" outcome="Failed" testListId="8c84fa94-04c1-424b-9868-57a2d4851a1d" relativeResultsDirectory="b7aa6eee-5cee-4a21-82bd-26b9f05c97ab">
      <Output>
        <ErrorInfo>
          <Message>Assert.AreEqual failed. Expected:&lt;Bob             :  200.00&gt;. Actual:&lt;Bob             :   200.00&gt;. </Message>
          <StackTrace>   at TestProject1.GardenManagerTest.AreaReporterTest() in C:\Users\Patricia\Desktop\Garden Reporter 2013\TestProject1\GardenManagerTest.cs:line 79
</StackTrace>
        </ErrorInfo>
      </Output>
    </UnitTestResult>
    <UnitTestResult executionId="dfa2133f-7078-451a-8bfa-5f861cd14e46" testId="2b4886cd-7a6e-4213-cc1a-793bf0ca436e" testName="GetAccountBalanceTest" computerName="PATRICIA-LAPTOP" duration="00:00:00.0011848" startTime="2013-03-30T09:58:52.8586509+13:00" endTime="2013-03-30T09:58:52.8636511+13:00" testType="13cdc9d9-ddb5-4fa4-a97d-d965ccfc6d4b" outcome="Passed" testListId="8c84fa94-04c1-424b-9868-57a2d4851a1d" relativeResultsDirectory="dfa2133f-7078-451a-8bfa-5f861cd14e46">
    </UnitTestResult>
  </Results>
</TestRun>