<?xml version="1.0" encoding="UTF-8"?>
<TestRun id="cd26f70f-98d0-4bad-937d-b41237403805" name="Patricia@PATRICIA-LAPTOP 2013-03-30 10:14:22" runUser="Patricia-Laptop\Patricia" xmlns="http://microsoft.com/schemas/VisualStudio/TeamTest/2010">
  <TestSettings name="Local" id="a96afccd-8255-4800-ab31-fa7b7837bac7">
    <Description>These are default test settings for a local test run.</Description>
    <Deployment enabled="false" runDeploymentRoot="Patricia_PATRICIA-LAPTOP 2013-03-30 10_14_22">
      <DeploymentItem filename="C:\Users\Patricia\Desktop\Garden Reporter 2013\Garden Reporter 2013\bin\Debug\Garden Reporter 2013.exe" />
    </Deployment>
    <Execution>
      <TestTypeSpecific />
      <AgentRule name="Execution Agents">
      </AgentRule>
    </Execution>
  </TestSettings>
  <Times creation="2013-03-30T10:14:22.4311019+13:00" queuing="2013-03-30T10:14:22.4779019+13:00" start="2013-03-30T10:14:22.5091020+13:00" finish="2013-03-30T10:14:22.8523026+13:00" />
  <ResultSummary outcome="Failed">
    <Counters total="3" executed="3" passed="2" error="0" failed="1" timeout="0" aborted="0" inconclusive="0" passedButRunAborted="0" notRunnable="0" notExecuted="0" disconnected="0" warning="0" completed="0" inProgress="0" pending="0" />
  </ResultSummary>
  <TestDefinitions>
    <UnitTest name="GetAccountBalanceTest" storage="c:\users\patricia\desktop\garden reporter 2013\testproject1\bin\debug\testproject1.dll" id="2b4886cd-7a6e-4213-cc1a-793bf0ca436e">
      <Execution id="c62046a9-bef2-4462-b7b6-6c185a284ff8" />
      <TestMethod codeBase="C:/Users/Patricia/Desktop/Garden Reporter 2013/TestProject1/bin/Debug/TestProject1.DLL" adapterTypeName="Microsoft.VisualStudio.TestTools.TestTypes.Unit.UnitTestAdapter, Microsoft.VisualStudio.QualityTools.Tips.UnitTest.Adapter, Version=10.0.0.0, Culture=neutral, PublicKeyToken=b03f5f7f11d50a3a" className="TestProject1.GardenTest, TestProject1, Version=1.0.0.0, Culture=neutral, PublicKeyToken=null" name="GetAccountBalanceTest" />
    </UnitTest>
    <UnitTest name="AreaReporterTest" storage="c:\users\patricia\desktop\garden reporter 2013\testproject1\bin\debug\testproject1.dll" id="06a8ada6-0fb0-5b91-271b-dac93b9ac4c8">
      <Execution id="9cff89ee-9ab8-4a4a-88fe-43afea349ee0" />
      <TestMethod codeBase="C:/Users/Patricia/Desktop/Garden Reporter 2013/TestProject1/bin/Debug/TestProject1.DLL" adapterTypeName="Microsoft.VisualStudio.TestTools.TestTypes.Unit.UnitTestAdapter, Microsoft.VisualStudio.QualityTools.Tips.UnitTest.Adapter, Version=10.0.0.0, Culture=neutral, PublicKeyToken=b03f5f7f11d50a3a" className="TestProject1.GardenManagerTest, TestProject1, Version=1.0.0.0, Culture=neutral, PublicKeyToken=null" name="AreaReporterTest" />
    </UnitTest>
    <UnitTest name="ChargesReporterTest" storage="c:\users\patricia\desktop\garden reporter 2013\testproject1\bin\debug\testproject1.dll" id="77b73c43-4e9e-e9c1-9ea9-f3f25923e04a">
      <Execution id="40539e82-2ab2-4e0f-bf05-309858e5afab" />
      <TestMethod codeBase="C:/Users/Patricia/Desktop/Garden Reporter 2013/TestProject1/bin/Debug/TestProject1.DLL" adapterTypeName="Microsoft.VisualStudio.TestTools.TestTypes.Unit.UnitTestAdapter, Microsoft.VisualStudio.QualityTools.Tips.UnitTest.Adapter, Version=10.0.0.0, Culture=neutral, PublicKeyToken=b03f5f7f11d50a3a" className="TestProject1.GardenManagerTest, TestProject1, Version=1.0.0.0, Culture=neutral, PublicKeyToken=null" name="ChargesReporterTest" />
    </UnitTest>
  </TestDefinitions>
  <TestLists>
    <TestList name="Results Not in a List" id="8c84fa94-04c1-424b-9868-57a2d4851a1d" />
    <TestList name="All Loaded Results" id="19431567-8539-422a-85d7-44ee4e166bda" />
  </TestLists>
  <TestEntries>
    <TestEntry testId="06a8ada6-0fb0-5b91-271b-dac93b9ac4c8" executionId="9cff89ee-9ab8-4a4a-88fe-43afea349ee0" testListId="8c84fa94-04c1-424b-9868-57a2d4851a1d" />
    <TestEntry testId="2b4886cd-7a6e-4213-cc1a-793bf0ca436e" executionId="c62046a9-bef2-4462-b7b6-6c185a284ff8" testListId="8c84fa94-04c1-424b-9868-57a2d4851a1d" />
    <TestEntry testId="77b73c43-4e9e-e9c1-9ea9-f3f25923e04a" executionId="40539e82-2ab2-4e0f-bf05-309858e5afab" testListId="8c84fa94-04c1-424b-9868-57a2d4851a1d" />
  </TestEntries>
  <Results>
    <UnitTestResult executionId="9cff89ee-9ab8-4a4a-88fe-43afea349ee0" testId="06a8ada6-0fb0-5b91-271b-dac93b9ac4c8" testName="AreaReporterTest" computerName="PATRICIA-LAPTOP" duration="00:00:00.0329205" startTime="2013-03-30T10:14:22.5247020+13:00" endTime="2013-03-30T10:14:22.7899025+13:00" testType="13cdc9d9-ddb5-4fa4-a97d-d965ccfc6d4b" outcome="Failed" testListId="8c84fa94-04c1-424b-9868-57a2d4851a1d" relativeResultsDirectory="9cff89ee-9ab8-4a4a-88fe-43afea349ee0">
      <Output>
        <ErrorInfo>
          <Message>Assert.AreEqual failed. Expected:&lt;Bob                 :  200.00&gt;. Actual:&lt;Bob             :  200.00&gt;. </Message>
          <StackTrace>   at TestProject1.GardenManagerTest.AreaReporterTest() in C:\Users\Patricia\Desktop\Garden Reporter 2013\TestProject1\GardenManagerTest.cs:line 79
</StackTrace>
        </ErrorInfo>
      </Output>
    </UnitTestResult>
    <UnitTestResult executionId="c62046a9-bef2-4462-b7b6-6c185a284ff8" testId="2b4886cd-7a6e-4213-cc1a-793bf0ca436e" testName="GetAccountBalanceTest" computerName="PATRICIA-LAPTOP" duration="00:00:00.0007212" startTime="2013-03-30T10:14:22.8055025+13:00" endTime="2013-03-30T10:14:22.8055025+13:00" testType="13cdc9d9-ddb5-4fa4-a97d-d965ccfc6d4b" outcome="Passed" testListId="8c84fa94-04c1-424b-9868-57a2d4851a1d" relativeResultsDirectory="c62046a9-bef2-4462-b7b6-6c185a284ff8">
    </UnitTestResult>
    <UnitTestResult executionId="40539e82-2ab2-4e0f-bf05-309858e5afab" testId="77b73c43-4e9e-e9c1-9ea9-f3f25923e04a" testName="ChargesReporterTest" computerName="PATRICIA-LAPTOP" duration="00:00:00.0004104" startTime="2013-03-30T10:14:22.8055025+13:00" endTime="2013-03-30T10:14:22.8211025+13:00" testType="13cdc9d9-ddb5-4fa4-a97d-d965ccfc6d4b" outcome="Passed" testListId="8c84fa94-04c1-424b-9868-57a2d4851a1d" relativeResultsDirectory="40539e82-2ab2-4e0f-bf05-309858e5afab">
    </UnitTestResult>
  </Results>
</TestRun>