<?xml version="1.0" encoding="UTF-8"?>
<TestRun id="3d075b15-f7e5-4ad7-a326-fec3f06c635c" name="rndm@RNDM-VM 2014-04-02 13:56:23" runUser="RNDM-VM\rndm" xmlns="http://microsoft.com/schemas/VisualStudio/TeamTest/2010">
  <TestSettings name="Local" id="a96afccd-8255-4800-ab31-fa7b7837bac7">
    <Description>These are default test settings for a local test run.</Description>
    <Deployment enabled="false" runDeploymentRoot="rndm_RNDM-VM 2014-04-02 13_56_23">
      <DeploymentItem filename="V:\C-\Garden Reporter Skeleton 2014\Garden Reporter 2013\bin\Debug\Garden Reporter 2013.exe" />
    </Deployment>
    <Execution>
      <TestTypeSpecific />
      <AgentRule name="Execution Agents">
      </AgentRule>
    </Execution>
  </TestSettings>
  <Times creation="2014-04-02T13:56:23.2408963+13:00" queuing="2014-04-02T13:56:23.3033280+13:00" start="2014-04-02T13:56:23.3033280+13:00" finish="2014-04-02T13:56:23.6314894+13:00" />
  <ResultSummary outcome="Failed">
    <Counters total="3" executed="3" passed="2" error="0" failed="1" timeout="0" aborted="0" inconclusive="0" passedButRunAborted="0" notRunnable="0" notExecuted="0" disconnected="0" warning="0" completed="0" inProgress="0" pending="0" />
  </ResultSummary>
  <TestDefinitions>
    <UnitTest name="GetAccountBalanceTest" storage="v:\c-\garden reporter skeleton 2014\testproject1\bin\x86\debug\testproject1.dll" id="2b4886cd-7a6e-4213-cc1a-793bf0ca436e">
      <Execution id="244f30a8-7d2f-4518-9a27-9afe4e23443b" />
      <TestMethod codeBase="V:/C-/Garden Reporter Skeleton 2014/TestProject1/bin/x86/Debug/TestProject1.DLL" adapterTypeName="Microsoft.VisualStudio.TestTools.TestTypes.Unit.UnitTestAdapter, Microsoft.VisualStudio.QualityTools.Tips.UnitTest.Adapter, Version=10.0.0.0, Culture=neutral, PublicKeyToken=b03f5f7f11d50a3a" className="TestProject1.GardenTest, TestProject1, Version=1.0.0.0, Culture=neutral, PublicKeyToken=null" name="GetAccountBalanceTest" />
    </UnitTest>
    <UnitTest name="AreaReporterTest" storage="v:\c-\garden reporter skeleton 2014\testproject1\bin\x86\debug\testproject1.dll" id="06a8ada6-0fb0-5b91-271b-dac93b9ac4c8">
      <Execution id="3c20f6ff-4854-4c08-aeab-acd7114a5980" />
      <TestMethod codeBase="V:/C-/Garden Reporter Skeleton 2014/TestProject1/bin/x86/Debug/TestProject1.DLL" adapterTypeName="Microsoft.VisualStudio.TestTools.TestTypes.Unit.UnitTestAdapter, Microsoft.VisualStudio.QualityTools.Tips.UnitTest.Adapter, Version=10.0.0.0, Culture=neutral, PublicKeyToken=b03f5f7f11d50a3a" className="TestProject1.GardenManagerTest, TestProject1, Version=1.0.0.0, Culture=neutral, PublicKeyToken=null" name="AreaReporterTest" />
    </UnitTest>
    <UnitTest name="ChargesReporterTest" storage="v:\c-\garden reporter skeleton 2014\testproject1\bin\x86\debug\testproject1.dll" id="77b73c43-4e9e-e9c1-9ea9-f3f25923e04a">
      <Execution id="187770b7-f5f3-43bc-abde-1ad110a8a256" />
      <TestMethod codeBase="V:/C-/Garden Reporter Skeleton 2014/TestProject1/bin/x86/Debug/TestProject1.DLL" adapterTypeName="Microsoft.VisualStudio.TestTools.TestTypes.Unit.UnitTestAdapter, Microsoft.VisualStudio.QualityTools.Tips.UnitTest.Adapter, Version=10.0.0.0, Culture=neutral, PublicKeyToken=b03f5f7f11d50a3a" className="TestProject1.GardenManagerTest, TestProject1, Version=1.0.0.0, Culture=neutral, PublicKeyToken=null" name="ChargesReporterTest" />
    </UnitTest>
  </TestDefinitions>
  <TestLists>
    <TestList name="Results Not in a List" id="8c84fa94-04c1-424b-9868-57a2d4851a1d" />
    <TestList name="All Loaded Results" id="19431567-8539-422a-85d7-44ee4e166bda" />
  </TestLists>
  <TestEntries>
    <TestEntry testId="06a8ada6-0fb0-5b91-271b-dac93b9ac4c8" executionId="3c20f6ff-4854-4c08-aeab-acd7114a5980" testListId="8c84fa94-04c1-424b-9868-57a2d4851a1d" />
    <TestEntry testId="2b4886cd-7a6e-4213-cc1a-793bf0ca436e" executionId="244f30a8-7d2f-4518-9a27-9afe4e23443b" testListId="8c84fa94-04c1-424b-9868-57a2d4851a1d" />
    <TestEntry testId="77b73c43-4e9e-e9c1-9ea9-f3f25923e04a" executionId="187770b7-f5f3-43bc-abde-1ad110a8a256" testListId="8c84fa94-04c1-424b-9868-57a2d4851a1d" />
  </TestEntries>
  <Results>
    <UnitTestResult executionId="3c20f6ff-4854-4c08-aeab-acd7114a5980" testId="06a8ada6-0fb0-5b91-271b-dac93b9ac4c8" testName="AreaReporterTest" computerName="RNDM-VM" duration="00:00:00.0264679" startTime="2014-04-02T13:56:23.3189577+13:00" endTime="2014-04-02T13:56:23.5689623+13:00" testType="13cdc9d9-ddb5-4fa4-a97d-d965ccfc6d4b" outcome="Passed" testListId="8c84fa94-04c1-424b-9868-57a2d4851a1d" relativeResultsDirectory="3c20f6ff-4854-4c08-aeab-acd7114a5980">
    </UnitTestResult>
    <UnitTestResult executionId="244f30a8-7d2f-4518-9a27-9afe4e23443b" testId="2b4886cd-7a6e-4213-cc1a-793bf0ca436e" testName="GetAccountBalanceTest" computerName="RNDM-VM" duration="00:00:00.0006920" startTime="2014-04-02T13:56:23.5689623+13:00" endTime="2014-04-02T13:56:23.5846393+13:00" testType="13cdc9d9-ddb5-4fa4-a97d-d965ccfc6d4b" outcome="Passed" testListId="8c84fa94-04c1-424b-9868-57a2d4851a1d" relativeResultsDirectory="244f30a8-7d2f-4518-9a27-9afe4e23443b">
    </UnitTestResult>
    <UnitTestResult executionId="187770b7-f5f3-43bc-abde-1ad110a8a256" testId="77b73c43-4e9e-e9c1-9ea9-f3f25923e04a" testName="ChargesReporterTest" computerName="RNDM-VM" duration="00:00:00.0184876" startTime="2014-04-02T13:56:23.5846393+13:00" endTime="2014-04-02T13:56:23.6002102+13:00" testType="13cdc9d9-ddb5-4fa4-a97d-d965ccfc6d4b" outcome="Failed" testListId="8c84fa94-04c1-424b-9868-57a2d4851a1d" relativeResultsDirectory="187770b7-f5f3-43bc-abde-1ad110a8a256">
      <Output>
        <ErrorInfo>
          <Message>Assert.AreEqual failed. Expected:&lt;Bob           :   $802.35&gt;. Actual:&lt;Bob           : $802.35&gt;. </Message>
          <StackTrace>   at TestProject1.GardenManagerTest.ChargesReporterTest() in V:\C-\Garden Reporter Skeleton 2014\TestProject1\GardenManagerTest.cs:line 95
</StackTrace>
        </ErrorInfo>
      </Output>
    </UnitTestResult>
  </Results>
</TestRun>