<?xml version="1.0" encoding="UTF-8"?>
<TestRun id="fef9e245-411b-4654-9d11-df1f91b6f114" name="rndm@RNDM-VM 2014-04-02 13:56:55" runUser="RNDM-VM\rndm" xmlns="http://microsoft.com/schemas/VisualStudio/TeamTest/2010">
  <TestSettings name="Local" id="a96afccd-8255-4800-ab31-fa7b7837bac7">
    <Description>These are default test settings for a local test run.</Description>
    <Deployment enabled="false" runDeploymentRoot="rndm_RNDM-VM 2014-04-02 13_56_55">
      <DeploymentItem filename="V:\C-\Garden Reporter Skeleton 2014\Garden Reporter 2013\bin\Debug\Garden Reporter 2013.exe" />
    </Deployment>
    <Execution>
      <TestTypeSpecific />
      <AgentRule name="Execution Agents">
      </AgentRule>
    </Execution>
  </TestSettings>
  <Times creation="2014-04-02T13:56:55.9631033+13:00" queuing="2014-04-02T13:56:56.0255415+13:00" start="2014-04-02T13:56:56.0255415+13:00" finish="2014-04-02T13:56:56.3693040+13:00" />
  <ResultSummary outcome="Failed">
    <Counters total="3" executed="3" passed="1" error="0" failed="2" timeout="0" aborted="0" inconclusive="0" passedButRunAborted="0" notRunnable="0" notExecuted="0" disconnected="0" warning="0" completed="0" inProgress="0" pending="0" />
  </ResultSummary>
  <TestDefinitions>
    <UnitTest name="GetAccountBalanceTest" storage="v:\c-\garden reporter skeleton 2014\testproject1\bin\x86\debug\testproject1.dll" id="2b4886cd-7a6e-4213-cc1a-793bf0ca436e">
      <Execution id="a07abf18-c9a7-465f-ac26-5c59dc59036d" />
      <TestMethod codeBase="V:/C-/Garden Reporter Skeleton 2014/TestProject1/bin/x86/Debug/TestProject1.DLL" adapterTypeName="Microsoft.VisualStudio.TestTools.TestTypes.Unit.UnitTestAdapter, Microsoft.VisualStudio.QualityTools.Tips.UnitTest.Adapter, Version=10.0.0.0, Culture=neutral, PublicKeyToken=b03f5f7f11d50a3a" className="TestProject1.GardenTest, TestProject1, Version=1.0.0.0, Culture=neutral, PublicKeyToken=null" name="GetAccountBalanceTest" />
    </UnitTest>
    <UnitTest name="AreaReporterTest" storage="v:\c-\garden reporter skeleton 2014\testproject1\bin\x86\debug\testproject1.dll" id="06a8ada6-0fb0-5b91-271b-dac93b9ac4c8">
      <Execution id="025d18ed-5d05-4fe5-93df-2e50cd9e1b6a" />
      <TestMethod codeBase="V:/C-/Garden Reporter Skeleton 2014/TestProject1/bin/x86/Debug/TestProject1.DLL" adapterTypeName="Microsoft.VisualStudio.TestTools.TestTypes.Unit.UnitTestAdapter, Microsoft.VisualStudio.QualityTools.Tips.UnitTest.Adapter, Version=10.0.0.0, Culture=neutral, PublicKeyToken=b03f5f7f11d50a3a" className="TestProject1.GardenManagerTest, TestProject1, Version=1.0.0.0, Culture=neutral, PublicKeyToken=null" name="AreaReporterTest" />
    </UnitTest>
    <UnitTest name="ChargesReporterTest" storage="v:\c-\garden reporter skeleton 2014\testproject1\bin\x86\debug\testproject1.dll" id="77b73c43-4e9e-e9c1-9ea9-f3f25923e04a">
      <Execution id="c702c33e-0a5d-4905-a926-b015d4ba0b20" />
      <TestMethod codeBase="V:/C-/Garden Reporter Skeleton 2014/TestProject1/bin/x86/Debug/TestProject1.DLL" adapterTypeName="Microsoft.VisualStudio.TestTools.TestTypes.Unit.UnitTestAdapter, Microsoft.VisualStudio.QualityTools.Tips.UnitTest.Adapter, Version=10.0.0.0, Culture=neutral, PublicKeyToken=b03f5f7f11d50a3a" className="TestProject1.GardenManagerTest, TestProject1, Version=1.0.0.0, Culture=neutral, PublicKeyToken=null" name="ChargesReporterTest" />
    </UnitTest>
  </TestDefinitions>
  <TestLists>
    <TestList name="Results Not in a List" id="8c84fa94-04c1-424b-9868-57a2d4851a1d" />
    <TestList name="All Loaded Results" id="19431567-8539-422a-85d7-44ee4e166bda" />
  </TestLists>
  <TestEntries>
    <TestEntry testId="06a8ada6-0fb0-5b91-271b-dac93b9ac4c8" executionId="025d18ed-5d05-4fe5-93df-2e50cd9e1b6a" testListId="8c84fa94-04c1-424b-9868-57a2d4851a1d" />
    <TestEntry testId="2b4886cd-7a6e-4213-cc1a-793bf0ca436e" executionId="a07abf18-c9a7-465f-ac26-5c59dc59036d" testListId="8c84fa94-04c1-424b-9868-57a2d4851a1d" />
    <TestEntry testId="77b73c43-4e9e-e9c1-9ea9-f3f25923e04a" executionId="c702c33e-0a5d-4905-a926-b015d4ba0b20" testListId="8c84fa94-04c1-424b-9868-57a2d4851a1d" />
  </TestEntries>
  <Results>
    <UnitTestResult executionId="025d18ed-5d05-4fe5-93df-2e50cd9e1b6a" testId="06a8ada6-0fb0-5b91-271b-dac93b9ac4c8" testName="AreaReporterTest" computerName="RNDM-VM" duration="00:00:00.0489870" startTime="2014-04-02T13:56:56.0255415+13:00" endTime="2014-04-02T13:56:56.3067984+13:00" testType="13cdc9d9-ddb5-4fa4-a97d-d965ccfc6d4b" outcome="Failed" testListId="8c84fa94-04c1-424b-9868-57a2d4851a1d" relativeResultsDirectory="025d18ed-5d05-4fe5-93df-2e50cd9e1b6a">
      <Output>
        <ErrorInfo>
          <Message>Assert.AreEqual failed. Expected:&lt;Bob           :  200.00&gt;. Actual:&lt;Bob           :     200.00&gt;. </Message>
          <StackTrace>   at TestProject1.GardenManagerTest.AreaReporterTest() in V:\C-\Garden Reporter Skeleton 2014\TestProject1\GardenManagerTest.cs:line 79
</StackTrace>
        </ErrorInfo>
      </Output>
    </UnitTestResult>
    <UnitTestResult executionId="a07abf18-c9a7-465f-ac26-5c59dc59036d" testId="2b4886cd-7a6e-4213-cc1a-793bf0ca436e" testName="GetAccountBalanceTest" computerName="RNDM-VM" duration="00:00:00.0007000" startTime="2014-04-02T13:56:56.3067984+13:00" endTime="2014-04-02T13:56:56.3224388+13:00" testType="13cdc9d9-ddb5-4fa4-a97d-d965ccfc6d4b" outcome="Passed" testListId="8c84fa94-04c1-424b-9868-57a2d4851a1d" relativeResultsDirectory="a07abf18-c9a7-465f-ac26-5c59dc59036d">
    </UnitTestResult>
    <UnitTestResult executionId="c702c33e-0a5d-4905-a926-b015d4ba0b20" testId="77b73c43-4e9e-e9c1-9ea9-f3f25923e04a" testName="ChargesReporterTest" computerName="RNDM-VM" duration="00:00:00.0027427" startTime="2014-04-02T13:56:56.3224388+13:00" endTime="2014-04-02T13:56:56.3380549+13:00" testType="13cdc9d9-ddb5-4fa4-a97d-d965ccfc6d4b" outcome="Failed" testListId="8c84fa94-04c1-424b-9868-57a2d4851a1d" relativeResultsDirectory="c702c33e-0a5d-4905-a926-b015d4ba0b20">
      <Output>
        <ErrorInfo>
          <Message>Assert.AreEqual failed. Expected:&lt;Bob           :   $802.35&gt;. Actual:&lt;Bob           :    $802.35&gt;. </Message>
          <StackTrace>   at TestProject1.GardenManagerTest.ChargesReporterTest() in V:\C-\Garden Reporter Skeleton 2014\TestProject1\GardenManagerTest.cs:line 95
</StackTrace>
        </ErrorInfo>
      </Output>
    </UnitTestResult>
  </Results>
</TestRun>