<?xml version="1.0" encoding="UTF-8"?>
<TestRun id="4e1821ce-906f-4fe1-aafc-49ccdbff3698" name="rndm@RNDM-VM 2014-04-02 13:53:18" runUser="RNDM-VM\rndm" xmlns="http://microsoft.com/schemas/VisualStudio/TeamTest/2010">
  <TestSettings name="Local" id="a96afccd-8255-4800-ab31-fa7b7837bac7">
    <Description>These are default test settings for a local test run.</Description>
    <Deployment enabled="false" runDeploymentRoot="rndm_RNDM-VM 2014-04-02 13_53_18">
      <DeploymentItem filename="V:\C-\Garden Reporter Skeleton 2014\Garden Reporter 2013\bin\Debug\Garden Reporter 2013.exe" />
    </Deployment>
    <Execution>
      <TestTypeSpecific />
      <AgentRule name="Execution Agents">
      </AgentRule>
    </Execution>
  </TestSettings>
  <Times creation="2014-04-02T13:53:18.5230672+13:00" queuing="2014-04-02T13:53:19.4918036+13:00" start="2014-04-02T13:53:19.6011776+13:00" finish="2014-04-02T13:53:40.3513859+13:00" />
  <ResultSummary outcome="Error">
    <Counters total="3" executed="3" passed="2" error="0" failed="0" timeout="0" aborted="1" inconclusive="0" passedButRunAborted="0" notRunnable="0" notExecuted="0" disconnected="0" warning="0" completed="0" inProgress="0" pending="0" />
    <RunInfos>
      <RunInfo computerName="RNDM-VM" outcome="Error" timestamp="2014-04-02T13:53:40.3513859+13:00">
        <Text>Test host process exited unexpectedly.</Text>
      </RunInfo>
    </RunInfos>
  </ResultSummary>
  <TestDefinitions>
    <UnitTest name="GetAccountBalanceTest" storage="v:\c-\garden reporter skeleton 2014\testproject1\bin\x86\debug\testproject1.dll" id="2b4886cd-7a6e-4213-cc1a-793bf0ca436e">
      <Execution id="b23a7f8c-aa59-49ff-8ee6-2e11ecce65b8" />
      <TestMethod codeBase="V:/C-/Garden Reporter Skeleton 2014/TestProject1/bin/x86/Debug/TestProject1.DLL" adapterTypeName="Microsoft.VisualStudio.TestTools.TestTypes.Unit.UnitTestAdapter, Microsoft.VisualStudio.QualityTools.Tips.UnitTest.Adapter, Version=10.0.0.0, Culture=neutral, PublicKeyToken=b03f5f7f11d50a3a" className="TestProject1.GardenTest, TestProject1, Version=1.0.0.0, Culture=neutral, PublicKeyToken=null" name="GetAccountBalanceTest" />
    </UnitTest>
    <UnitTest name="AreaReporterTest" storage="v:\c-\garden reporter skeleton 2014\testproject1\bin\x86\debug\testproject1.dll" id="06a8ada6-0fb0-5b91-271b-dac93b9ac4c8">
      <Execution id="a881c22b-df9c-4cc3-8740-c21fcb4c84c0" />
      <TestMethod codeBase="V:/C-/Garden Reporter Skeleton 2014/TestProject1/bin/x86/Debug/TestProject1.DLL" adapterTypeName="Microsoft.VisualStudio.TestTools.TestTypes.Unit.UnitTestAdapter, Microsoft.VisualStudio.QualityTools.Tips.UnitTest.Adapter, Version=10.0.0.0, Culture=neutral, PublicKeyToken=b03f5f7f11d50a3a" className="TestProject1.GardenManagerTest, TestProject1, Version=1.0.0.0, Culture=neutral, PublicKeyToken=null" name="AreaReporterTest" />
    </UnitTest>
    <UnitTest name="ChargesReporterTest" storage="v:\c-\garden reporter skeleton 2014\testproject1\bin\x86\debug\testproject1.dll" id="77b73c43-4e9e-e9c1-9ea9-f3f25923e04a">
      <Execution id="532f07d4-e772-4b23-9a8c-fb2ac882f40e" />
      <TestMethod codeBase="V:/C-/Garden Reporter Skeleton 2014/TestProject1/bin/x86/Debug/TestProject1.DLL" adapterTypeName="Microsoft.VisualStudio.TestTools.TestTypes.Unit.UnitTestAdapter, Microsoft.VisualStudio.QualityTools.Tips.UnitTest.Adapter, Version=10.0.0.0, Culture=neutral, PublicKeyToken=b03f5f7f11d50a3a" className="TestProject1.GardenManagerTest, TestProject1, Version=1.0.0.0, Culture=neutral, PublicKeyToken=null" name="ChargesReporterTest" />
    </UnitTest>
  </TestDefinitions>
  <TestLists>
    <TestList name="Results Not in a List" id="8c84fa94-04c1-424b-9868-57a2d4851a1d" />
    <TestList name="All Loaded Results" id="19431567-8539-422a-85d7-44ee4e166bda" />
  </TestLists>
  <TestEntries>
    <TestEntry testId="2b4886cd-7a6e-4213-cc1a-793bf0ca436e" executionId="b23a7f8c-aa59-49ff-8ee6-2e11ecce65b8" testListId="8c84fa94-04c1-424b-9868-57a2d4851a1d" />
    <TestEntry testId="06a8ada6-0fb0-5b91-271b-dac93b9ac4c8" executionId="a881c22b-df9c-4cc3-8740-c21fcb4c84c0" testListId="8c84fa94-04c1-424b-9868-57a2d4851a1d" />
    <TestEntry testId="77b73c43-4e9e-e9c1-9ea9-f3f25923e04a" executionId="532f07d4-e772-4b23-9a8c-fb2ac882f40e" testListId="8c84fa94-04c1-424b-9868-57a2d4851a1d" />
  </TestEntries>
  <Results>
    <UnitTestResult executionId="b23a7f8c-aa59-49ff-8ee6-2e11ecce65b8" testId="2b4886cd-7a6e-4213-cc1a-793bf0ca436e" testName="GetAccountBalanceTest" computerName="RNDM-VM" duration="00:00:00.0352588" startTime="2014-04-02T13:53:19.6324288+13:00" endTime="2014-04-02T13:53:20.2887213+13:00" testType="13cdc9d9-ddb5-4fa4-a97d-d965ccfc6d4b" outcome="Passed" testListId="8c84fa94-04c1-424b-9868-57a2d4851a1d" relativeResultsDirectory="b23a7f8c-aa59-49ff-8ee6-2e11ecce65b8">
    </UnitTestResult>
    <UnitTestResult executionId="a881c22b-df9c-4cc3-8740-c21fcb4c84c0" testId="06a8ada6-0fb0-5b91-271b-dac93b9ac4c8" testName="AreaReporterTest" computerName="RNDM-VM" duration="00:00:00.0016551" startTime="2014-04-02T13:53:20.3043068+13:00" endTime="2014-04-02T13:53:20.3200658+13:00" testType="13cdc9d9-ddb5-4fa4-a97d-d965ccfc6d4b" outcome="Passed" testListId="8c84fa94-04c1-424b-9868-57a2d4851a1d" relativeResultsDirectory="a881c22b-df9c-4cc3-8740-c21fcb4c84c0">
    </UnitTestResult>
    <UnitTestResult executionId="532f07d4-e772-4b23-9a8c-fb2ac882f40e" testId="77b73c43-4e9e-e9c1-9ea9-f3f25923e04a" testName="ChargesReporterTest" computerName="RNDM-VM" duration="00:00:20.0158247" startTime="2014-04-02T13:53:20.3355612+13:00" endTime="2014-04-02T13:53:40.3513859+13:00" testType="13cdc9d9-ddb5-4fa4-a97d-d965ccfc6d4b" outcome="Aborted" testListId="8c84fa94-04c1-424b-9868-57a2d4851a1d" relativeResultsDirectory="532f07d4-e772-4b23-9a8c-fb2ac882f40e">
    </UnitTestResult>
  </Results>
</TestRun>