<?xml version="1.0" encoding="UTF-8"?>
<TestRun id="4138345f-6cfd-406f-93b4-845e7f9ffdb0" name="rndm@RNDM-VM 2014-04-02 13:57:45" runUser="RNDM-VM\rndm" xmlns="http://microsoft.com/schemas/VisualStudio/TeamTest/2010">
  <TestSettings name="Local" id="a96afccd-8255-4800-ab31-fa7b7837bac7">
    <Description>These are default test settings for a local test run.</Description>
    <Deployment enabled="false" runDeploymentRoot="rndm_RNDM-VM 2014-04-02 13_57_45">
      <DeploymentItem filename="V:\C-\Garden Reporter Skeleton 2014\Garden Reporter 2013\bin\Debug\Garden Reporter 2013.exe" />
    </Deployment>
    <Execution>
      <TestTypeSpecific />
      <AgentRule name="Execution Agents">
      </AgentRule>
    </Execution>
  </TestSettings>
  <Times creation="2014-04-02T13:57:45.7022415+13:00" queuing="2014-04-02T13:57:45.7647439+13:00" start="2014-04-02T13:57:45.7803697+13:00" finish="2014-04-02T13:57:46.1085015+13:00" />
  <ResultSummary outcome="Completed">
    <Counters total="3" executed="3" passed="3" error="0" failed="0" timeout="0" aborted="0" inconclusive="0" passedButRunAborted="0" notRunnable="0" notExecuted="0" disconnected="0" warning="0" completed="0" inProgress="0" pending="0" />
  </ResultSummary>
  <TestDefinitions>
    <UnitTest name="GetAccountBalanceTest" storage="v:\c-\garden reporter skeleton 2014\testproject1\bin\x86\debug\testproject1.dll" id="2b4886cd-7a6e-4213-cc1a-793bf0ca436e">
      <Execution id="8fe684ac-b491-447e-ab1e-3e0931b2819f" />
      <TestMethod codeBase="V:/C-/Garden Reporter Skeleton 2014/TestProject1/bin/x86/Debug/TestProject1.DLL" adapterTypeName="Microsoft.VisualStudio.TestTools.TestTypes.Unit.UnitTestAdapter, Microsoft.VisualStudio.QualityTools.Tips.UnitTest.Adapter, Version=10.0.0.0, Culture=neutral, PublicKeyToken=b03f5f7f11d50a3a" className="TestProject1.GardenTest, TestProject1, Version=1.0.0.0, Culture=neutral, PublicKeyToken=null" name="GetAccountBalanceTest" />
    </UnitTest>
    <UnitTest name="AreaReporterTest" storage="v:\c-\garden reporter skeleton 2014\testproject1\bin\x86\debug\testproject1.dll" id="06a8ada6-0fb0-5b91-271b-dac93b9ac4c8">
      <Execution id="dd1250e7-1c46-4ab5-b845-4a6b8484b2d1" />
      <TestMethod codeBase="V:/C-/Garden Reporter Skeleton 2014/TestProject1/bin/x86/Debug/TestProject1.DLL" adapterTypeName="Microsoft.VisualStudio.TestTools.TestTypes.Unit.UnitTestAdapter, Microsoft.VisualStudio.QualityTools.Tips.UnitTest.Adapter, Version=10.0.0.0, Culture=neutral, PublicKeyToken=b03f5f7f11d50a3a" className="TestProject1.GardenManagerTest, TestProject1, Version=1.0.0.0, Culture=neutral, PublicKeyToken=null" name="AreaReporterTest" />
    </UnitTest>
    <UnitTest name="ChargesReporterTest" storage="v:\c-\garden reporter skeleton 2014\testproject1\bin\x86\debug\testproject1.dll" id="77b73c43-4e9e-e9c1-9ea9-f3f25923e04a">
      <Execution id="ee1308fd-c0ca-418f-80ae-24f8a2e45bec" />
      <TestMethod codeBase="V:/C-/Garden Reporter Skeleton 2014/TestProject1/bin/x86/Debug/TestProject1.DLL" adapterTypeName="Microsoft.VisualStudio.TestTools.TestTypes.Unit.UnitTestAdapter, Microsoft.VisualStudio.QualityTools.Tips.UnitTest.Adapter, Version=10.0.0.0, Culture=neutral, PublicKeyToken=b03f5f7f11d50a3a" className="TestProject1.GardenManagerTest, TestProject1, Version=1.0.0.0, Culture=neutral, PublicKeyToken=null" name="ChargesReporterTest" />
    </UnitTest>
  </TestDefinitions>
  <TestLists>
    <TestList name="Results Not in a List" id="8c84fa94-04c1-424b-9868-57a2d4851a1d" />
    <TestList name="All Loaded Results" id="19431567-8539-422a-85d7-44ee4e166bda" />
  </TestLists>
  <TestEntries>
    <TestEntry testId="06a8ada6-0fb0-5b91-271b-dac93b9ac4c8" executionId="dd1250e7-1c46-4ab5-b845-4a6b8484b2d1" testListId="8c84fa94-04c1-424b-9868-57a2d4851a1d" />
    <TestEntry testId="2b4886cd-7a6e-4213-cc1a-793bf0ca436e" executionId="8fe684ac-b491-447e-ab1e-3e0931b2819f" testListId="8c84fa94-04c1-424b-9868-57a2d4851a1d" />
    <TestEntry testId="77b73c43-4e9e-e9c1-9ea9-f3f25923e04a" executionId="ee1308fd-c0ca-418f-80ae-24f8a2e45bec" testListId="8c84fa94-04c1-424b-9868-57a2d4851a1d" />
  </TestEntries>
  <Results>
    <UnitTestResult executionId="dd1250e7-1c46-4ab5-b845-4a6b8484b2d1" testId="06a8ada6-0fb0-5b91-271b-dac93b9ac4c8" testName="AreaReporterTest" computerName="RNDM-VM" duration="00:00:00.0305677" startTime="2014-04-02T13:57:45.7803697+13:00" endTime="2014-04-02T13:57:46.0460670+13:00" testType="13cdc9d9-ddb5-4fa4-a97d-d965ccfc6d4b" outcome="Passed" testListId="8c84fa94-04c1-424b-9868-57a2d4851a1d" relativeResultsDirectory="dd1250e7-1c46-4ab5-b845-4a6b8484b2d1">
    </UnitTestResult>
    <UnitTestResult executionId="8fe684ac-b491-447e-ab1e-3e0931b2819f" testId="2b4886cd-7a6e-4213-cc1a-793bf0ca436e" testName="GetAccountBalanceTest" computerName="RNDM-VM" duration="00:00:00.0011377" startTime="2014-04-02T13:57:46.0616260+13:00" endTime="2014-04-02T13:57:46.0772481+13:00" testType="13cdc9d9-ddb5-4fa4-a97d-d965ccfc6d4b" outcome="Passed" testListId="8c84fa94-04c1-424b-9868-57a2d4851a1d" relativeResultsDirectory="8fe684ac-b491-447e-ab1e-3e0931b2819f">
    </UnitTestResult>
    <UnitTestResult executionId="ee1308fd-c0ca-418f-80ae-24f8a2e45bec" testId="77b73c43-4e9e-e9c1-9ea9-f3f25923e04a" testName="ChargesReporterTest" computerName="RNDM-VM" duration="00:00:00.0003907" startTime="2014-04-02T13:57:46.0772481+13:00" endTime="2014-04-02T13:57:46.0772481+13:00" testType="13cdc9d9-ddb5-4fa4-a97d-d965ccfc6d4b" outcome="Passed" testListId="8c84fa94-04c1-424b-9868-57a2d4851a1d" relativeResultsDirectory="ee1308fd-c0ca-418f-80ae-24f8a2e45bec">
    </UnitTestResult>
  </Results>
</TestRun>