<?xml version="1.0" encoding="UTF-8"?>
<TestRun id="072f8461-ca0c-4fd2-aed0-da7c83c8edad" name="rndm@RNDM-VM 2014-04-02 13:29:06" runUser="RNDM-VM\rndm" xmlns="http://microsoft.com/schemas/VisualStudio/TeamTest/2010">
  <TestSettings name="Local" id="a96afccd-8255-4800-ab31-fa7b7837bac7">
    <Description>These are default test settings for a local test run.</Description>
    <Deployment enabled="false" runDeploymentRoot="rndm_RNDM-VM 2014-04-02 13_29_06">
      <DeploymentItem filename="V:\C-\Garden Reporter Skeleton 2014\Garden Reporter 2013\bin\Debug\Garden Reporter 2013.exe" />
    </Deployment>
    <Execution>
      <TestTypeSpecific />
      <AgentRule name="Execution Agents">
      </AgentRule>
    </Execution>
  </TestSettings>
  <Times creation="2014-04-02T13:29:06.2131348+13:00" queuing="2014-04-02T13:29:07.8381034+13:00" start="2014-04-02T13:29:08.0099809+13:00" finish="2014-04-02T13:29:42.6474311+13:00" />
  <ResultSummary outcome="Error">
    <Counters total="3" executed="2" passed="1" error="0" failed="0" timeout="0" aborted="1" inconclusive="0" passedButRunAborted="0" notRunnable="0" notExecuted="1" disconnected="0" warning="0" completed="0" inProgress="0" pending="0" />
    <RunInfos>
      <RunInfo computerName="RNDM-VM" outcome="Error" timestamp="2014-04-02T13:29:42.6454526+13:00">
        <Text>Test host process exited unexpectedly.</Text>
      </RunInfo>
    </RunInfos>
  </ResultSummary>
  <TestDefinitions>
    <UnitTest name="GetAccountBalanceTest" storage="v:\c-\garden reporter skeleton 2014\testproject1\bin\x86\debug\testproject1.dll" id="2b4886cd-7a6e-4213-cc1a-793bf0ca436e">
      <Execution id="ac0a7404-ba06-4b0c-bcf0-6d7c0464b59c" />
      <TestMethod codeBase="V:/C-/Garden Reporter Skeleton 2014/TestProject1/bin/x86/Debug/TestProject1.DLL" adapterTypeName="Microsoft.VisualStudio.TestTools.TestTypes.Unit.UnitTestAdapter, Microsoft.VisualStudio.QualityTools.Tips.UnitTest.Adapter, Version=10.0.0.0, Culture=neutral, PublicKeyToken=b03f5f7f11d50a3a" className="TestProject1.GardenTest, TestProject1, Version=1.0.0.0, Culture=neutral, PublicKeyToken=null" name="GetAccountBalanceTest" />
    </UnitTest>
    <UnitTest name="AreaReporterTest" storage="v:\c-\garden reporter skeleton 2014\testproject1\bin\x86\debug\testproject1.dll" id="06a8ada6-0fb0-5b91-271b-dac93b9ac4c8">
      <Execution id="93a8c5ea-9761-4e87-86ee-5842903baced" />
      <TestMethod codeBase="V:/C-/Garden Reporter Skeleton 2014/TestProject1/bin/x86/Debug/TestProject1.DLL" adapterTypeName="Microsoft.VisualStudio.TestTools.TestTypes.Unit.UnitTestAdapter, Microsoft.VisualStudio.QualityTools.Tips.UnitTest.Adapter, Version=10.0.0.0, Culture=neutral, PublicKeyToken=b03f5f7f11d50a3a" className="TestProject1.GardenManagerTest, TestProject1, Version=1.0.0.0, Culture=neutral, PublicKeyToken=null" name="AreaReporterTest" />
    </UnitTest>
    <UnitTest name="ChargesReporterTest" storage="v:\c-\garden reporter skeleton 2014\testproject1\bin\x86\debug\testproject1.dll" id="77b73c43-4e9e-e9c1-9ea9-f3f25923e04a">
      <Execution id="05299ad4-8d30-43df-8013-a227b0c7342f" />
      <TestMethod codeBase="V:/C-/Garden Reporter Skeleton 2014/TestProject1/bin/x86/Debug/TestProject1.DLL" adapterTypeName="Microsoft.VisualStudio.TestTools.TestTypes.Unit.UnitTestAdapter, Microsoft.VisualStudio.QualityTools.Tips.UnitTest.Adapter, Version=10.0.0.0, Culture=neutral, PublicKeyToken=b03f5f7f11d50a3a" className="TestProject1.GardenManagerTest, TestProject1, Version=1.0.0.0, Culture=neutral, PublicKeyToken=null" name="ChargesReporterTest" />
    </UnitTest>
  </TestDefinitions>
  <TestLists>
    <TestList name="Results Not in a List" id="8c84fa94-04c1-424b-9868-57a2d4851a1d" />
    <TestList name="All Loaded Results" id="19431567-8539-422a-85d7-44ee4e166bda" />
  </TestLists>
  <TestEntries>
    <TestEntry testId="2b4886cd-7a6e-4213-cc1a-793bf0ca436e" executionId="ac0a7404-ba06-4b0c-bcf0-6d7c0464b59c" testListId="8c84fa94-04c1-424b-9868-57a2d4851a1d" />
    <TestEntry testId="06a8ada6-0fb0-5b91-271b-dac93b9ac4c8" executionId="93a8c5ea-9761-4e87-86ee-5842903baced" testListId="8c84fa94-04c1-424b-9868-57a2d4851a1d" />
    <TestEntry testId="77b73c43-4e9e-e9c1-9ea9-f3f25923e04a" executionId="05299ad4-8d30-43df-8013-a227b0c7342f" testListId="8c84fa94-04c1-424b-9868-57a2d4851a1d" />
  </TestEntries>
  <Results>
    <UnitTestResult executionId="ac0a7404-ba06-4b0c-bcf0-6d7c0464b59c" testId="2b4886cd-7a6e-4213-cc1a-793bf0ca436e" testName="GetAccountBalanceTest" computerName="RNDM-VM" duration="00:00:00.0406348" startTime="2014-04-02T13:29:08.1193894+13:00" endTime="2014-04-02T13:29:08.8381131+13:00" testType="13cdc9d9-ddb5-4fa4-a97d-d965ccfc6d4b" outcome="Passed" testListId="8c84fa94-04c1-424b-9868-57a2d4851a1d" relativeResultsDirectory="ac0a7404-ba06-4b0c-bcf0-6d7c0464b59c">
    </UnitTestResult>
    <UnitTestResult executionId="93a8c5ea-9761-4e87-86ee-5842903baced" testId="06a8ada6-0fb0-5b91-271b-dac93b9ac4c8" testName="AreaReporterTest" computerName="RNDM-VM" duration="00:00:33.7780706" startTime="2014-04-02T13:29:08.8693605+13:00" endTime="2014-04-02T13:29:42.6474311+13:00" testType="13cdc9d9-ddb5-4fa4-a97d-d965ccfc6d4b" outcome="Aborted" testListId="8c84fa94-04c1-424b-9868-57a2d4851a1d" relativeResultsDirectory="93a8c5ea-9761-4e87-86ee-5842903baced">
    </UnitTestResult>
    <UnitTestResult executionId="05299ad4-8d30-43df-8013-a227b0c7342f" testId="77b73c43-4e9e-e9c1-9ea9-f3f25923e04a" testName="ChargesReporterTest" computerName="RNDM-VM" testType="13cdc9d9-ddb5-4fa4-a97d-d965ccfc6d4b" outcome="NotExecuted" testListId="8c84fa94-04c1-424b-9868-57a2d4851a1d" relativeResultsDirectory="05299ad4-8d30-43df-8013-a227b0c7342f">
    </UnitTestResult>
  </Results>
</TestRun>