<?xml version="1.0" encoding="UTF-8"?>
<TestRun id="3cf3905f-c4c4-404b-9630-dd6088086484" name="rndm@RNDM-VM 2014-03-18 08:40:25" runUser="RNDM-VM\rndm" xmlns="http://microsoft.com/schemas/VisualStudio/TeamTest/2010">
  <TestSettings name="Local" id="70407aa8-e9e1-4d54-b511-0019737484e1">
    <Description>These are default test settings for a local test run.</Description>
    <Deployment enabled="false" runDeploymentRoot="rndm_RNDM-VM 2014-03-18 08_40_25">
      <DeploymentItem filename="Z:\Work\C-\Animal Shelter\Animal Shelter\bin\Debug\Animal Shelter.exe" />
    </Deployment>
    <Execution>
      <TestTypeSpecific />
      <AgentRule name="Execution Agents">
      </AgentRule>
    </Execution>
  </TestSettings>
  <Times creation="2014-03-18T08:40:25.9112659+13:00" queuing="2014-03-18T08:40:26.4742309+13:00" start="2014-03-18T08:40:26.5762106+13:00" finish="2014-03-18T08:40:27.0562073+13:00" />
  <ResultSummary outcome="Failed">
    <Counters total="2" executed="2" error="0" failed="1" timeout="0" aborted="0" inconclusive="1" passedButRunAborted="0" notRunnable="0" notExecuted="0" disconnected="0" warning="0" passed="0" completed="0" inProgress="0" pending="0" />
  </ResultSummary>
  <TestDefinitions>
    <UnitTest name="displayTest" storage="z:\work\c-\animal shelter\animalsheltertests\bin\debug\animalsheltertests.dll" id="7ac1f416-386e-67d4-ad86-cb97eb76ff61">
      <Execution id="20fc07f4-ff52-406b-b74b-6213f3457927" />
      <TestMethod codeBase="Z:/Work/C-/Animal Shelter/AnimalShelterTests/bin/Debug/AnimalShelterTests.DLL" adapterTypeName="Microsoft.VisualStudio.TestTools.TestTypes.Unit.UnitTestAdapter, Microsoft.VisualStudio.QualityTools.Tips.UnitTest.Adapter, Version=10.0.0.0, Culture=neutral, PublicKeyToken=b03f5f7f11d50a3a" className="AnimalShelterTests.DisplayPictureTest, AnimalShelterTests, Version=1.0.0.0, Culture=neutral, PublicKeyToken=null" name="displayTest" />
    </UnitTest>
    <UnitTest name="DisplayPictureConstructorTest" storage="z:\work\c-\animal shelter\animalsheltertests\bin\debug\animalsheltertests.dll" id="c9cba322-0f81-6bfe-2803-295345d010a8">
      <Execution id="3197b679-65b0-419c-8758-8b32b70f52c1" />
      <TestMethod codeBase="Z:/Work/C-/Animal Shelter/AnimalShelterTests/bin/Debug/AnimalShelterTests.DLL" adapterTypeName="Microsoft.VisualStudio.TestTools.TestTypes.Unit.UnitTestAdapter, Microsoft.VisualStudio.QualityTools.Tips.UnitTest.Adapter, Version=10.0.0.0, Culture=neutral, PublicKeyToken=b03f5f7f11d50a3a" className="AnimalShelterTests.DisplayPictureTest, AnimalShelterTests, Version=1.0.0.0, Culture=neutral, PublicKeyToken=null" name="DisplayPictureConstructorTest" />
    </UnitTest>
  </TestDefinitions>
  <TestLists>
    <TestList name="Results Not in a List" id="8c84fa94-04c1-424b-9868-57a2d4851a1d" />
    <TestList name="All Loaded Results" id="19431567-8539-422a-85d7-44ee4e166bda" />
  </TestLists>
  <TestEntries>
    <TestEntry testId="7ac1f416-386e-67d4-ad86-cb97eb76ff61" executionId="20fc07f4-ff52-406b-b74b-6213f3457927" testListId="8c84fa94-04c1-424b-9868-57a2d4851a1d" />
    <TestEntry testId="c9cba322-0f81-6bfe-2803-295345d010a8" executionId="3197b679-65b0-419c-8758-8b32b70f52c1" testListId="8c84fa94-04c1-424b-9868-57a2d4851a1d" />
  </TestEntries>
  <Results>
    <UnitTestResult executionId="20fc07f4-ff52-406b-b74b-6213f3457927" testId="7ac1f416-386e-67d4-ad86-cb97eb76ff61" testName="displayTest" computerName="RNDM-VM" duration="00:00:00.0795589" startTime="2014-03-18T08:40:26.5952112+13:00" endTime="2014-03-18T08:40:27.0072757+13:00" testType="13cdc9d9-ddb5-4fa4-a97d-d965ccfc6d4b" outcome="Failed" testListId="8c84fa94-04c1-424b-9868-57a2d4851a1d" relativeResultsDirectory="20fc07f4-ff52-406b-b74b-6213f3457927">
      <Output>
        <ErrorInfo>
          <Message>Test method AnimalShelterTests.DisplayPictureTest.displayTest threw exception: 
System.IO.FileNotFoundException: images/Spike.jpg</Message>
          <StackTrace>    at System.Drawing.Image.FromFile(String filename, Boolean useEmbeddedColorManagement)
   at System.Drawing.Image.FromFile(String filename)
   at Animal_Shelter.Animal..ctor(String[] animalData) in Z:\Work\C-\Animal Shelter\Animal Shelter\Animal.cs:line 54
   at AnimalShelterTests.DisplayPictureTest.displayTest() in Z:\Work\C-\Animal Shelter\AnimalShelterTests\DisplayPictureTest.cs:line 90
</StackTrace>
        </ErrorInfo>
      </Output>
    </UnitTestResult>
    <UnitTestResult executionId="3197b679-65b0-419c-8758-8b32b70f52c1" testId="c9cba322-0f81-6bfe-2803-295345d010a8" testName="DisplayPictureConstructorTest" computerName="RNDM-VM" duration="00:00:00.0039887" startTime="2014-03-18T08:40:27.0142076+13:00" endTime="2014-03-18T08:40:27.0252712+13:00" testType="13cdc9d9-ddb5-4fa4-a97d-d965ccfc6d4b" outcome="Inconclusive" testListId="8c84fa94-04c1-424b-9868-57a2d4851a1d" relativeResultsDirectory="3197b679-65b0-419c-8758-8b32b70f52c1">
      <Output>
        <ErrorInfo>
          <Message>Assert.Inconclusive failed. TODO: Implement code to verify target</Message>
          <StackTrace>   at AnimalShelterTests.DisplayPictureTest.DisplayPictureConstructorTest() in Z:\Work\C-\Animal Shelter\AnimalShelterTests\DisplayPictureTest.cs:line 77
</StackTrace>
        </ErrorInfo>
      </Output>
    </UnitTestResult>
  </Results>
</TestRun>