<?xml version="1.0" encoding="UTF-8"?>
<TestRun id="4d8ee62e-4ba7-4098-889d-10e2b15dc365" name="rndm@RNDM-VM 2014-03-09 21:23:21" runUser="RNDM-VM\rndm" xmlns="http://microsoft.com/schemas/VisualStudio/TeamTest/2010">
  <TestSettings name="Local" id="ab684e55-41fe-4872-9932-1149f5004a7c">
    <Description>These are default test settings for a local test run.</Description>
    <Deployment runDeploymentRoot="rndm_RNDM-VM 2014-03-09 21_23_21">
      <DeploymentItem filename="Z:\Work\C-\Stack Unit Testing\Stack Unit Testing\bin\Debug\Stack Unit Testing.exe" />
    </Deployment>
    <Execution>
      <TestTypeSpecific>
        <UnitTestRunConfig testTypeId="13cdc9d9-ddb5-4fa4-a97d-d965ccfc6d4b">
          <AssemblyResolution>
            <TestDirectory useLoadContext="true" />
          </AssemblyResolution>
        </UnitTestRunConfig>
        <WebTestRunConfiguration testTypeId="4e7599fa-5ecb-43e9-a887-cd63cf72d207">
          <Browser name="Internet Explorer 7.0">
            <Headers>
              <Header name="User-Agent" value="Mozilla/4.0 (compatible; MSIE 7.0; Windows NT 5.1)" />
              <Header name="Accept" value="*/*" />
              <Header name="Accept-Language" value="{{$IEAcceptLanguage}}" />
              <Header name="Accept-Encoding" value="GZIP" />
            </Headers>
          </Browser>
        </WebTestRunConfiguration>
      </TestTypeSpecific>
      <AgentRule name="LocalMachineDefaultRole">
      </AgentRule>
    </Execution>
  </TestSettings>
  <Times creation="2014-03-09T21:23:21.6582016+13:00" queuing="2014-03-09T21:23:21.8591538+13:00" start="2014-03-09T21:23:21.8741489+13:00" finish="2014-03-09T21:23:22.4041518+13:00" />
  <ResultSummary outcome="Failed">
    <Counters total="25" executed="25" passed="22" error="0" failed="3" timeout="0" aborted="0" inconclusive="0" passedButRunAborted="0" notRunnable="0" notExecuted="0" disconnected="0" warning="0" completed="0" inProgress="0" pending="0" />
  </ResultSummary>
  <TestDefinitions>
    <UnitTest name="PushTestEmptyStack" storage="z:\work\c-\stack unit testing\stack unit testing tests\bin\debug\stack unit testing tests.dll" id="191a40ab-4423-431d-aa2a-72f4d5a00a72">
      <DeploymentItems>
        <DeploymentItem filename="Stack Unit Testing.exe" />
      </DeploymentItems>
      <Execution id="9fbe5d0d-21c5-4f92-8119-60182faa26f6" />
      <TestMethod codeBase="Z:/Work/C-/Stack Unit Testing/Stack Unit Testing Tests/bin/Debug/Stack Unit Testing Tests.DLL" adapterTypeName="Microsoft.VisualStudio.TestTools.TestTypes.Unit.UnitTestAdapter, Microsoft.VisualStudio.QualityTools.Tips.UnitTest.Adapter, Version=10.0.0.0, Culture=neutral, PublicKeyToken=b03f5f7f11d50a3a" className="Stack_Unit_Testing_Tests.StackTest, Stack Unit Testing Tests, Version=1.0.0.0, Culture=neutral, PublicKeyToken=null" name="PushTestEmptyStack" />
    </UnitTest>
    <UnitTest name="StackConstructorTestInt" storage="z:\work\c-\stack unit testing\stack unit testing tests\bin\debug\stack unit testing tests.dll" id="f32f5769-b613-09c1-73f2-5e3fc8469d55">
      <DeploymentItems>
        <DeploymentItem filename="Stack Unit Testing.exe" />
      </DeploymentItems>
      <Execution id="64a10205-4bca-4e3c-8f59-36a2f433989c" />
      <TestMethod codeBase="Z:/Work/C-/Stack Unit Testing/Stack Unit Testing Tests/bin/Debug/Stack Unit Testing Tests.DLL" adapterTypeName="Microsoft.VisualStudio.TestTools.TestTypes.Unit.UnitTestAdapter, Microsoft.VisualStudio.QualityTools.Tips.UnitTest.Adapter, Version=10.0.0.0, Culture=neutral, PublicKeyToken=b03f5f7f11d50a3a" className="Stack_Unit_Testing_Tests.StackTest, Stack Unit Testing Tests, Version=1.0.0.0, Culture=neutral, PublicKeyToken=null" name="StackConstructorTestInt" />
    </UnitTest>
    <UnitTest name="PeekTestFullStack" storage="z:\work\c-\stack unit testing\stack unit testing tests\bin\debug\stack unit testing tests.dll" id="7fc471fb-1bdb-a100-f4a2-cad93ff0122c">
      <DeploymentItems>
        <DeploymentItem filename="Stack Unit Testing.exe" />
      </DeploymentItems>
      <Execution id="86ca4291-00c3-4390-a877-8772315f9d43" />
      <TestMethod codeBase="Z:/Work/C-/Stack Unit Testing/Stack Unit Testing Tests/bin/Debug/Stack Unit Testing Tests.DLL" adapterTypeName="Microsoft.VisualStudio.TestTools.TestTypes.Unit.UnitTestAdapter, Microsoft.VisualStudio.QualityTools.Tips.UnitTest.Adapter, Version=10.0.0.0, Culture=neutral, PublicKeyToken=b03f5f7f11d50a3a" className="Stack_Unit_Testing_Tests.StackTest, Stack Unit Testing Tests, Version=1.0.0.0, Culture=neutral, PublicKeyToken=null" name="PeekTestFullStack" />
    </UnitTest>
    <UnitTest name="PushTestPushNullFullStack" storage="z:\work\c-\stack unit testing\stack unit testing tests\bin\debug\stack unit testing tests.dll" id="41fac766-54a9-7ba7-1de8-eb9165ed613e">
      <DeploymentItems>
        <DeploymentItem filename="Stack Unit Testing.exe" />
      </DeploymentItems>
      <Execution id="c6e5e702-2743-4d44-bbd0-5bb9febaf13f" />
      <TestMethod codeBase="Z:/Work/C-/Stack Unit Testing/Stack Unit Testing Tests/bin/Debug/Stack Unit Testing Tests.DLL" adapterTypeName="Microsoft.VisualStudio.TestTools.TestTypes.Unit.UnitTestAdapter, Microsoft.VisualStudio.QualityTools.Tips.UnitTest.Adapter, Version=10.0.0.0, Culture=neutral, PublicKeyToken=b03f5f7f11d50a3a" className="Stack_Unit_Testing_Tests.StackTest, Stack Unit Testing Tests, Version=1.0.0.0, Culture=neutral, PublicKeyToken=null" name="PushTestPushNullFullStack" />
    </UnitTest>
    <UnitTest name="CountTestEmptyStack" storage="z:\work\c-\stack unit testing\stack unit testing tests\bin\debug\stack unit testing tests.dll" id="820c65c9-3833-e6b0-bb49-8afe247a01bb">
      <DeploymentItems>
        <DeploymentItem filename="Stack Unit Testing.exe" />
      </DeploymentItems>
      <Execution id="941c8444-eec7-4964-af02-19376beab07d" />
      <TestMethod codeBase="Z:/Work/C-/Stack Unit Testing/Stack Unit Testing Tests/bin/Debug/Stack Unit Testing Tests.DLL" adapterTypeName="Microsoft.VisualStudio.TestTools.TestTypes.Unit.UnitTestAdapter, Microsoft.VisualStudio.QualityTools.Tips.UnitTest.Adapter, Version=10.0.0.0, Culture=neutral, PublicKeyToken=b03f5f7f11d50a3a" className="Stack_Unit_Testing_Tests.StackTest, Stack Unit Testing Tests, Version=1.0.0.0, Culture=neutral, PublicKeyToken=null" name="CountTestEmptyStack" />
    </UnitTest>
    <UnitTest name="IsEmptyTestStackEmpty" storage="z:\work\c-\stack unit testing\stack unit testing tests\bin\debug\stack unit testing tests.dll" id="61e1c6ab-3d6a-0658-7312-ea878f4b1bc3">
      <DeploymentItems>
        <DeploymentItem filename="Stack Unit Testing.exe" />
      </DeploymentItems>
      <Execution id="55274435-d156-40a6-9302-51b7b44cfcd1" />
      <TestMethod codeBase="Z:/Work/C-/Stack Unit Testing/Stack Unit Testing Tests/bin/Debug/Stack Unit Testing Tests.DLL" adapterTypeName="Microsoft.VisualStudio.TestTools.TestTypes.Unit.UnitTestAdapter, Microsoft.VisualStudio.QualityTools.Tips.UnitTest.Adapter, Version=10.0.0.0, Culture=neutral, PublicKeyToken=b03f5f7f11d50a3a" className="Stack_Unit_Testing_Tests.StackTest, Stack Unit Testing Tests, Version=1.0.0.0, Culture=neutral, PublicKeyToken=null" name="IsEmptyTestStackEmpty" />
    </UnitTest>
    <UnitTest name="PeekTestCheckDoesntRemoveItem" storage="z:\work\c-\stack unit testing\stack unit testing tests\bin\debug\stack unit testing tests.dll" id="3410c63c-7184-40ea-224e-b18bdcd38d3c">
      <DeploymentItems>
        <DeploymentItem filename="Stack Unit Testing.exe" />
      </DeploymentItems>
      <Execution id="b0980e5d-45f2-4a00-8253-fad95ad4ff21" />
      <TestMethod codeBase="Z:/Work/C-/Stack Unit Testing/Stack Unit Testing Tests/bin/Debug/Stack Unit Testing Tests.DLL" adapterTypeName="Microsoft.VisualStudio.TestTools.TestTypes.Unit.UnitTestAdapter, Microsoft.VisualStudio.QualityTools.Tips.UnitTest.Adapter, Version=10.0.0.0, Culture=neutral, PublicKeyToken=b03f5f7f11d50a3a" className="Stack_Unit_Testing_Tests.StackTest, Stack Unit Testing Tests, Version=1.0.0.0, Culture=neutral, PublicKeyToken=null" name="PeekTestCheckDoesntRemoveItem" />
    </UnitTest>
    <UnitTest name="CountTestDefault" storage="z:\work\c-\stack unit testing\stack unit testing tests\bin\debug\stack unit testing tests.dll" id="6ebd3136-4d71-3c7c-96c2-a536d4b45671">
      <DeploymentItems>
        <DeploymentItem filename="Stack Unit Testing.exe" />
      </DeploymentItems>
      <Execution id="5626e229-b99b-4fc0-aaec-ad4fa61b2d11" />
      <TestMethod codeBase="Z:/Work/C-/Stack Unit Testing/Stack Unit Testing Tests/bin/Debug/Stack Unit Testing Tests.DLL" adapterTypeName="Microsoft.VisualStudio.TestTools.TestTypes.Unit.UnitTestAdapter, Microsoft.VisualStudio.QualityTools.Tips.UnitTest.Adapter, Version=10.0.0.0, Culture=neutral, PublicKeyToken=b03f5f7f11d50a3a" className="Stack_Unit_Testing_Tests.StackTest, Stack Unit Testing Tests, Version=1.0.0.0, Culture=neutral, PublicKeyToken=null" name="CountTestDefault" />
    </UnitTest>
    <UnitTest name="IsEmptyTestAfterItemsPopped" storage="z:\work\c-\stack unit testing\stack unit testing tests\bin\debug\stack unit testing tests.dll" id="5e258829-cc77-e96d-b472-cbc97488bf7e">
      <DeploymentItems>
        <DeploymentItem filename="Stack Unit Testing.exe" />
      </DeploymentItems>
      <Execution id="195ce5ed-869c-4902-8775-0360913708d3" />
      <TestMethod codeBase="Z:/Work/C-/Stack Unit Testing/Stack Unit Testing Tests/bin/Debug/Stack Unit Testing Tests.DLL" adapterTypeName="Microsoft.VisualStudio.TestTools.TestTypes.Unit.UnitTestAdapter, Microsoft.VisualStudio.QualityTools.Tips.UnitTest.Adapter, Version=10.0.0.0, Culture=neutral, PublicKeyToken=b03f5f7f11d50a3a" className="Stack_Unit_Testing_Tests.StackTest, Stack Unit Testing Tests, Version=1.0.0.0, Culture=neutral, PublicKeyToken=null" name="IsEmptyTestAfterItemsPopped" />
    </UnitTest>
    <UnitTest name="PeekTestEmptyStack" storage="z:\work\c-\stack unit testing\stack unit testing tests\bin\debug\stack unit testing tests.dll" id="5acfe1ea-6f45-add4-d3f4-173f208845e1">
      <DeploymentItems>
        <DeploymentItem filename="Stack Unit Testing.exe" />
      </DeploymentItems>
      <Execution id="169350a4-c9db-4e2e-b074-a7ee25423e52" />
      <TestMethod codeBase="Z:/Work/C-/Stack Unit Testing/Stack Unit Testing Tests/bin/Debug/Stack Unit Testing Tests.DLL" adapterTypeName="Microsoft.VisualStudio.TestTools.TestTypes.Unit.UnitTestAdapter, Microsoft.VisualStudio.QualityTools.Tips.UnitTest.Adapter, Version=10.0.0.0, Culture=neutral, PublicKeyToken=b03f5f7f11d50a3a" className="Stack_Unit_Testing_Tests.StackTest, Stack Unit Testing Tests, Version=1.0.0.0, Culture=neutral, PublicKeyToken=null" name="PeekTestEmptyStack" />
    </UnitTest>
    <UnitTest name="PushTestPushCastsStack" storage="z:\work\c-\stack unit testing\stack unit testing tests\bin\debug\stack unit testing tests.dll" id="5f0fbed1-753d-5c2e-7054-b46567138854">
      <DeploymentItems>
        <DeploymentItem filename="Stack Unit Testing.exe" />
      </DeploymentItems>
      <Execution id="b874c1bd-1a62-48dd-92b2-6dc36cdd9a49" />
      <TestMethod codeBase="Z:/Work/C-/Stack Unit Testing/Stack Unit Testing Tests/bin/Debug/Stack Unit Testing Tests.DLL" adapterTypeName="Microsoft.VisualStudio.TestTools.TestTypes.Unit.UnitTestAdapter, Microsoft.VisualStudio.QualityTools.Tips.UnitTest.Adapter, Version=10.0.0.0, Culture=neutral, PublicKeyToken=b03f5f7f11d50a3a" className="Stack_Unit_Testing_Tests.StackTest, Stack Unit Testing Tests, Version=1.0.0.0, Culture=neutral, PublicKeyToken=null" name="PushTestPushCastsStack" />
    </UnitTest>
    <UnitTest name="PopTestEmptyStack" storage="z:\work\c-\stack unit testing\stack unit testing tests\bin\debug\stack unit testing tests.dll" id="44ee2b87-7353-582f-c9be-19c3ef4480b9">
      <Execution id="7fb8ce96-521b-4cff-ad81-d1235e7fcf21" />
      <TestMethod codeBase="Z:/Work/C-/Stack Unit Testing/Stack Unit Testing Tests/bin/Debug/Stack Unit Testing Tests.DLL" adapterTypeName="Microsoft.VisualStudio.TestTools.TestTypes.Unit.UnitTestAdapter, Microsoft.VisualStudio.QualityTools.Tips.UnitTest.Adapter, Version=10.0.0.0, Culture=neutral, PublicKeyToken=b03f5f7f11d50a3a" className="Stack_Unit_Testing_Tests.StackTest, Stack Unit Testing Tests, Version=1.0.0.0, Culture=neutral, PublicKeyToken=null" name="PopTestEmptyStack" />
    </UnitTest>
    <UnitTest name="PopTestDefault" storage="z:\work\c-\stack unit testing\stack unit testing tests\bin\debug\stack unit testing tests.dll" id="e38817d2-8ab1-b8ee-2b1a-ae48d2250d61">
      <DeploymentItems>
        <DeploymentItem filename="Stack Unit Testing.exe" />
      </DeploymentItems>
      <Execution id="7f5738f8-ed14-47dd-b53c-dd619622a38b" />
      <TestMethod codeBase="Z:/Work/C-/Stack Unit Testing/Stack Unit Testing Tests/bin/Debug/Stack Unit Testing Tests.DLL" adapterTypeName="Microsoft.VisualStudio.TestTools.TestTypes.Unit.UnitTestAdapter, Microsoft.VisualStudio.QualityTools.Tips.UnitTest.Adapter, Version=10.0.0.0, Culture=neutral, PublicKeyToken=b03f5f7f11d50a3a" className="Stack_Unit_Testing_Tests.StackTest, Stack Unit Testing Tests, Version=1.0.0.0, Culture=neutral, PublicKeyToken=null" name="PopTestDefault" />
    </UnitTest>
    <UnitTest name="IsEmptyTestAfterFillingStackThenPoppingStack" storage="z:\work\c-\stack unit testing\stack unit testing tests\bin\debug\stack unit testing tests.dll" id="e5535dc2-7316-e1a1-30d2-d3ba312de76b">
      <DeploymentItems>
        <DeploymentItem filename="Stack Unit Testing.exe" />
      </DeploymentItems>
      <Execution id="9cdd48f4-50ff-46f1-9b7a-510ac3ad15fb" />
      <TestMethod codeBase="Z:/Work/C-/Stack Unit Testing/Stack Unit Testing Tests/bin/Debug/Stack Unit Testing Tests.DLL" adapterTypeName="Microsoft.VisualStudio.TestTools.TestTypes.Unit.UnitTestAdapter, Microsoft.VisualStudio.QualityTools.Tips.UnitTest.Adapter, Version=10.0.0.0, Culture=neutral, PublicKeyToken=b03f5f7f11d50a3a" className="Stack_Unit_Testing_Tests.StackTest, Stack Unit Testing Tests, Version=1.0.0.0, Culture=neutral, PublicKeyToken=null" name="IsEmptyTestAfterFillingStackThenPoppingStack" />
    </UnitTest>
    <UnitTest name="CountTestFullStack" storage="z:\work\c-\stack unit testing\stack unit testing tests\bin\debug\stack unit testing tests.dll" id="4048ccfa-25fd-673c-3d3f-3fe1e5c1ac1c">
      <DeploymentItems>
        <DeploymentItem filename="Stack Unit Testing.exe" />
      </DeploymentItems>
      <Execution id="dda9f9d5-6345-4ad1-8b1f-22b69f775934" />
      <TestMethod codeBase="Z:/Work/C-/Stack Unit Testing/Stack Unit Testing Tests/bin/Debug/Stack Unit Testing Tests.DLL" adapterTypeName="Microsoft.VisualStudio.TestTools.TestTypes.Unit.UnitTestAdapter, Microsoft.VisualStudio.QualityTools.Tips.UnitTest.Adapter, Version=10.0.0.0, Culture=neutral, PublicKeyToken=b03f5f7f11d50a3a" className="Stack_Unit_Testing_Tests.StackTest, Stack Unit Testing Tests, Version=1.0.0.0, Culture=neutral, PublicKeyToken=null" name="CountTestFullStack" />
    </UnitTest>
    <UnitTest name="PopTestFullStack" storage="z:\work\c-\stack unit testing\stack unit testing tests\bin\debug\stack unit testing tests.dll" id="8df35220-232b-2878-7d78-b522bb84d71c">
      <DeploymentItems>
        <DeploymentItem filename="Stack Unit Testing.exe" />
      </DeploymentItems>
      <Execution id="4ab9fe2d-0f18-4275-96b7-ff75a55d31bc" />
      <TestMethod codeBase="Z:/Work/C-/Stack Unit Testing/Stack Unit Testing Tests/bin/Debug/Stack Unit Testing Tests.DLL" adapterTypeName="Microsoft.VisualStudio.TestTools.TestTypes.Unit.UnitTestAdapter, Microsoft.VisualStudio.QualityTools.Tips.UnitTest.Adapter, Version=10.0.0.0, Culture=neutral, PublicKeyToken=b03f5f7f11d50a3a" className="Stack_Unit_Testing_Tests.StackTest, Stack Unit Testing Tests, Version=1.0.0.0, Culture=neutral, PublicKeyToken=null" name="PopTestFullStack" />
    </UnitTest>
    <UnitTest name="PopTestFullNullStack" storage="z:\work\c-\stack unit testing\stack unit testing tests\bin\debug\stack unit testing tests.dll" id="04a3547c-fbd0-7b1c-cefb-711b8011586c">
      <DeploymentItems>
        <DeploymentItem filename="Stack Unit Testing.exe" />
      </DeploymentItems>
      <Execution id="cc74dd63-3990-4d1b-bfbe-1bac0ea69b66" />
      <TestMethod codeBase="Z:/Work/C-/Stack Unit Testing/Stack Unit Testing Tests/bin/Debug/Stack Unit Testing Tests.DLL" adapterTypeName="Microsoft.VisualStudio.TestTools.TestTypes.Unit.UnitTestAdapter, Microsoft.VisualStudio.QualityTools.Tips.UnitTest.Adapter, Version=10.0.0.0, Culture=neutral, PublicKeyToken=b03f5f7f11d50a3a" className="Stack_Unit_Testing_Tests.StackTest, Stack Unit Testing Tests, Version=1.0.0.0, Culture=neutral, PublicKeyToken=null" name="PopTestFullNullStack" />
    </UnitTest>
    <UnitTest name="IsEmptyTestStackHasItem" storage="z:\work\c-\stack unit testing\stack unit testing tests\bin\debug\stack unit testing tests.dll" id="88237b91-80b2-6cb4-d6aa-be7ec347b5c2">
      <DeploymentItems>
        <DeploymentItem filename="Stack Unit Testing.exe" />
      </DeploymentItems>
      <Execution id="afd1cf15-1f30-4b06-8508-f34cfb523361" />
      <TestMethod codeBase="Z:/Work/C-/Stack Unit Testing/Stack Unit Testing Tests/bin/Debug/Stack Unit Testing Tests.DLL" adapterTypeName="Microsoft.VisualStudio.TestTools.TestTypes.Unit.UnitTestAdapter, Microsoft.VisualStudio.QualityTools.Tips.UnitTest.Adapter, Version=10.0.0.0, Culture=neutral, PublicKeyToken=b03f5f7f11d50a3a" className="Stack_Unit_Testing_Tests.StackTest, Stack Unit Testing Tests, Version=1.0.0.0, Culture=neutral, PublicKeyToken=null" name="IsEmptyTestStackHasItem" />
    </UnitTest>
    <UnitTest name="PeekTestHelperDefault" storage="z:\work\c-\stack unit testing\stack unit testing tests\bin\debug\stack unit testing tests.dll" id="29d7a5f9-3970-194f-2682-903bcf519ef2">
      <DeploymentItems>
        <DeploymentItem filename="Stack Unit Testing.exe" />
      </DeploymentItems>
      <Execution id="075577c0-8c72-42e3-a655-d8c9c47f1bd9" />
      <TestMethod codeBase="Z:/Work/C-/Stack Unit Testing/Stack Unit Testing Tests/bin/Debug/Stack Unit Testing Tests.DLL" adapterTypeName="Microsoft.VisualStudio.TestTools.TestTypes.Unit.UnitTestAdapter, Microsoft.VisualStudio.QualityTools.Tips.UnitTest.Adapter, Version=10.0.0.0, Culture=neutral, PublicKeyToken=b03f5f7f11d50a3a" className="Stack_Unit_Testing_Tests.StackTest, Stack Unit Testing Tests, Version=1.0.0.0, Culture=neutral, PublicKeyToken=null" name="PeekTestHelperDefault" />
    </UnitTest>
    <UnitTest name="PopTestEmptyStackThenPush" storage="z:\work\c-\stack unit testing\stack unit testing tests\bin\debug\stack unit testing tests.dll" id="1422b94e-4575-c4b8-584e-a8452e706be7">
      <DeploymentItems>
        <DeploymentItem filename="Stack Unit Testing.exe" />
      </DeploymentItems>
      <Execution id="83b14016-6b1e-4e53-925f-a1e5f8cce06d" />
      <TestMethod codeBase="Z:/Work/C-/Stack Unit Testing/Stack Unit Testing Tests/bin/Debug/Stack Unit Testing Tests.DLL" adapterTypeName="Microsoft.VisualStudio.TestTools.TestTypes.Unit.UnitTestAdapter, Microsoft.VisualStudio.QualityTools.Tips.UnitTest.Adapter, Version=10.0.0.0, Culture=neutral, PublicKeyToken=b03f5f7f11d50a3a" className="Stack_Unit_Testing_Tests.StackTest, Stack Unit Testing Tests, Version=1.0.0.0, Culture=neutral, PublicKeyToken=null" name="PopTestEmptyStackThenPush" />
    </UnitTest>
    <UnitTest name="PopTestEmptyStackMultipleTimes" storage="z:\work\c-\stack unit testing\stack unit testing tests\bin\debug\stack unit testing tests.dll" id="2092c165-ea5b-bef2-a186-abe14a38f351">
      <DeploymentItems>
        <DeploymentItem filename="Stack Unit Testing.exe" />
      </DeploymentItems>
      <Execution id="7711eb00-d48f-4258-8202-095d1f344b76" />
      <TestMethod codeBase="Z:/Work/C-/Stack Unit Testing/Stack Unit Testing Tests/bin/Debug/Stack Unit Testing Tests.DLL" adapterTypeName="Microsoft.VisualStudio.TestTools.TestTypes.Unit.UnitTestAdapter, Microsoft.VisualStudio.QualityTools.Tips.UnitTest.Adapter, Version=10.0.0.0, Culture=neutral, PublicKeyToken=b03f5f7f11d50a3a" className="Stack_Unit_Testing_Tests.StackTest, Stack Unit Testing Tests, Version=1.0.0.0, Culture=neutral, PublicKeyToken=null" name="PopTestEmptyStackMultipleTimes" />
    </UnitTest>
    <UnitTest name="PushTestFillStackWithStringArray" storage="z:\work\c-\stack unit testing\stack unit testing tests\bin\debug\stack unit testing tests.dll" id="07509e84-617b-ccec-1f9c-c0515e2b0b8a">
      <DeploymentItems>
        <DeploymentItem filename="Stack Unit Testing.exe" />
      </DeploymentItems>
      <Execution id="52b7fa3b-b81a-4053-8b00-c557d1f9dc5e" />
      <TestMethod codeBase="Z:/Work/C-/Stack Unit Testing/Stack Unit Testing Tests/bin/Debug/Stack Unit Testing Tests.DLL" adapterTypeName="Microsoft.VisualStudio.TestTools.TestTypes.Unit.UnitTestAdapter, Microsoft.VisualStudio.QualityTools.Tips.UnitTest.Adapter, Version=10.0.0.0, Culture=neutral, PublicKeyToken=b03f5f7f11d50a3a" className="Stack_Unit_Testing_Tests.StackTest, Stack Unit Testing Tests, Version=1.0.0.0, Culture=neutral, PublicKeyToken=null" name="PushTestFillStackWithStringArray" />
    </UnitTest>
    <UnitTest name="StackConstructorTestString" storage="z:\work\c-\stack unit testing\stack unit testing tests\bin\debug\stack unit testing tests.dll" id="6bb811b9-d4dc-2204-d9cf-46d1889ab054">
      <DeploymentItems>
        <DeploymentItem filename="Stack Unit Testing.exe" />
      </DeploymentItems>
      <Execution id="4dad2d73-fc72-4c78-a5ef-cf88d0102db2" />
      <TestMethod codeBase="Z:/Work/C-/Stack Unit Testing/Stack Unit Testing Tests/bin/Debug/Stack Unit Testing Tests.DLL" adapterTypeName="Microsoft.VisualStudio.TestTools.TestTypes.Unit.UnitTestAdapter, Microsoft.VisualStudio.QualityTools.Tips.UnitTest.Adapter, Version=10.0.0.0, Culture=neutral, PublicKeyToken=b03f5f7f11d50a3a" className="Stack_Unit_Testing_Tests.StackTest, Stack Unit Testing Tests, Version=1.0.0.0, Culture=neutral, PublicKeyToken=null" name="StackConstructorTestString" />
    </UnitTest>
    <UnitTest name="PushTestPushStackIsFullException" storage="z:\work\c-\stack unit testing\stack unit testing tests\bin\debug\stack unit testing tests.dll" id="6e2d0e9e-99e5-4678-fb3c-5436cacf6e8d">
      <Execution id="9cc487cf-368c-4822-9101-2dfea9f38a8c" />
      <TestMethod codeBase="Z:/Work/C-/Stack Unit Testing/Stack Unit Testing Tests/bin/Debug/Stack Unit Testing Tests.DLL" adapterTypeName="Microsoft.VisualStudio.TestTools.TestTypes.Unit.UnitTestAdapter, Microsoft.VisualStudio.QualityTools.Tips.UnitTest.Adapter, Version=10.0.0.0, Culture=neutral, PublicKeyToken=b03f5f7f11d50a3a" className="Stack_Unit_Testing_Tests.StackTest, Stack Unit Testing Tests, Version=1.0.0.0, Culture=neutral, PublicKeyToken=null" name="PushTestPushStackIsFullException" />
    </UnitTest>
    <UnitTest name="PushTestItemsInStack" storage="z:\work\c-\stack unit testing\stack unit testing tests\bin\debug\stack unit testing tests.dll" id="3a5b2cbc-24e5-5729-ebec-48dd90e9eb17">
      <DeploymentItems>
        <DeploymentItem filename="Stack Unit Testing.exe" />
      </DeploymentItems>
      <Execution id="dbbabb98-bb4f-4f84-947d-df364c68b30e" />
      <TestMethod codeBase="Z:/Work/C-/Stack Unit Testing/Stack Unit Testing Tests/bin/Debug/Stack Unit Testing Tests.DLL" adapterTypeName="Microsoft.VisualStudio.TestTools.TestTypes.Unit.UnitTestAdapter, Microsoft.VisualStudio.QualityTools.Tips.UnitTest.Adapter, Version=10.0.0.0, Culture=neutral, PublicKeyToken=b03f5f7f11d50a3a" className="Stack_Unit_Testing_Tests.StackTest, Stack Unit Testing Tests, Version=1.0.0.0, Culture=neutral, PublicKeyToken=null" name="PushTestItemsInStack" />
    </UnitTest>
  </TestDefinitions>
  <TestLists>
    <TestList name="Results Not in a List" id="8c84fa94-04c1-424b-9868-57a2d4851a1d" />
    <TestList name="All Loaded Results" id="19431567-8539-422a-85d7-44ee4e166bda" />
  </TestLists>
  <TestEntries>
    <TestEntry testId="04a3547c-fbd0-7b1c-cefb-711b8011586c" executionId="cc74dd63-3990-4d1b-bfbe-1bac0ea69b66" testListId="8c84fa94-04c1-424b-9868-57a2d4851a1d" />
    <TestEntry testId="07509e84-617b-ccec-1f9c-c0515e2b0b8a" executionId="52b7fa3b-b81a-4053-8b00-c557d1f9dc5e" testListId="8c84fa94-04c1-424b-9868-57a2d4851a1d" />
    <TestEntry testId="1422b94e-4575-c4b8-584e-a8452e706be7" executionId="83b14016-6b1e-4e53-925f-a1e5f8cce06d" testListId="8c84fa94-04c1-424b-9868-57a2d4851a1d" />
    <TestEntry testId="191a40ab-4423-431d-aa2a-72f4d5a00a72" executionId="9fbe5d0d-21c5-4f92-8119-60182faa26f6" testListId="8c84fa94-04c1-424b-9868-57a2d4851a1d" />
    <TestEntry testId="2092c165-ea5b-bef2-a186-abe14a38f351" executionId="7711eb00-d48f-4258-8202-095d1f344b76" testListId="8c84fa94-04c1-424b-9868-57a2d4851a1d" />
    <TestEntry testId="29d7a5f9-3970-194f-2682-903bcf519ef2" executionId="075577c0-8c72-42e3-a655-d8c9c47f1bd9" testListId="8c84fa94-04c1-424b-9868-57a2d4851a1d" />
    <TestEntry testId="3410c63c-7184-40ea-224e-b18bdcd38d3c" executionId="b0980e5d-45f2-4a00-8253-fad95ad4ff21" testListId="8c84fa94-04c1-424b-9868-57a2d4851a1d" />
    <TestEntry testId="3a5b2cbc-24e5-5729-ebec-48dd90e9eb17" executionId="dbbabb98-bb4f-4f84-947d-df364c68b30e" testListId="8c84fa94-04c1-424b-9868-57a2d4851a1d" />
    <TestEntry testId="4048ccfa-25fd-673c-3d3f-3fe1e5c1ac1c" executionId="dda9f9d5-6345-4ad1-8b1f-22b69f775934" testListId="8c84fa94-04c1-424b-9868-57a2d4851a1d" />
    <TestEntry testId="41fac766-54a9-7ba7-1de8-eb9165ed613e" executionId="c6e5e702-2743-4d44-bbd0-5bb9febaf13f" testListId="8c84fa94-04c1-424b-9868-57a2d4851a1d" />
    <TestEntry testId="44ee2b87-7353-582f-c9be-19c3ef4480b9" executionId="7fb8ce96-521b-4cff-ad81-d1235e7fcf21" testListId="8c84fa94-04c1-424b-9868-57a2d4851a1d" />
    <TestEntry testId="5acfe1ea-6f45-add4-d3f4-173f208845e1" executionId="169350a4-c9db-4e2e-b074-a7ee25423e52" testListId="8c84fa94-04c1-424b-9868-57a2d4851a1d" />
    <TestEntry testId="5e258829-cc77-e96d-b472-cbc97488bf7e" executionId="195ce5ed-869c-4902-8775-0360913708d3" testListId="8c84fa94-04c1-424b-9868-57a2d4851a1d" />
    <TestEntry testId="5f0fbed1-753d-5c2e-7054-b46567138854" executionId="b874c1bd-1a62-48dd-92b2-6dc36cdd9a49" testListId="8c84fa94-04c1-424b-9868-57a2d4851a1d" />
    <TestEntry testId="61e1c6ab-3d6a-0658-7312-ea878f4b1bc3" executionId="55274435-d156-40a6-9302-51b7b44cfcd1" testListId="8c84fa94-04c1-424b-9868-57a2d4851a1d" />
    <TestEntry testId="6bb811b9-d4dc-2204-d9cf-46d1889ab054" executionId="4dad2d73-fc72-4c78-a5ef-cf88d0102db2" testListId="8c84fa94-04c1-424b-9868-57a2d4851a1d" />
    <TestEntry testId="6e2d0e9e-99e5-4678-fb3c-5436cacf6e8d" executionId="9cc487cf-368c-4822-9101-2dfea9f38a8c" testListId="8c84fa94-04c1-424b-9868-57a2d4851a1d" />
    <TestEntry testId="6ebd3136-4d71-3c7c-96c2-a536d4b45671" executionId="5626e229-b99b-4fc0-aaec-ad4fa61b2d11" testListId="8c84fa94-04c1-424b-9868-57a2d4851a1d" />
    <TestEntry testId="7fc471fb-1bdb-a100-f4a2-cad93ff0122c" executionId="86ca4291-00c3-4390-a877-8772315f9d43" testListId="8c84fa94-04c1-424b-9868-57a2d4851a1d" />
    <TestEntry testId="820c65c9-3833-e6b0-bb49-8afe247a01bb" executionId="941c8444-eec7-4964-af02-19376beab07d" testListId="8c84fa94-04c1-424b-9868-57a2d4851a1d" />
    <TestEntry testId="88237b91-80b2-6cb4-d6aa-be7ec347b5c2" executionId="afd1cf15-1f30-4b06-8508-f34cfb523361" testListId="8c84fa94-04c1-424b-9868-57a2d4851a1d" />
    <TestEntry testId="8df35220-232b-2878-7d78-b522bb84d71c" executionId="4ab9fe2d-0f18-4275-96b7-ff75a55d31bc" testListId="8c84fa94-04c1-424b-9868-57a2d4851a1d" />
    <TestEntry testId="e38817d2-8ab1-b8ee-2b1a-ae48d2250d61" executionId="7f5738f8-ed14-47dd-b53c-dd619622a38b" testListId="8c84fa94-04c1-424b-9868-57a2d4851a1d" />
    <TestEntry testId="e5535dc2-7316-e1a1-30d2-d3ba312de76b" executionId="9cdd48f4-50ff-46f1-9b7a-510ac3ad15fb" testListId="8c84fa94-04c1-424b-9868-57a2d4851a1d" />
    <TestEntry testId="f32f5769-b613-09c1-73f2-5e3fc8469d55" executionId="64a10205-4bca-4e3c-8f59-36a2f433989c" testListId="8c84fa94-04c1-424b-9868-57a2d4851a1d" />
  </TestEntries>
  <Results>
    <UnitTestResult executionId="cc74dd63-3990-4d1b-bfbe-1bac0ea69b66" testId="04a3547c-fbd0-7b1c-cefb-711b8011586c" testName="PopTestFullNullStack" computerName="RNDM-VM" duration="00:00:00.0333225" startTime="2014-03-09T21:23:21.8791498+13:00" endTime="2014-03-09T21:23:22.1032180+13:00" testType="13cdc9d9-ddb5-4fa4-a97d-d965ccfc6d4b" outcome="Passed" testListId="8c84fa94-04c1-424b-9868-57a2d4851a1d" relativeResultsDirectory="cc74dd63-3990-4d1b-bfbe-1bac0ea69b66">
    </UnitTestResult>
    <UnitTestResult executionId="52b7fa3b-b81a-4053-8b00-c557d1f9dc5e" testId="07509e84-617b-ccec-1f9c-c0515e2b0b8a" testName="PushTestFillStackWithStringArray" computerName="RNDM-VM" duration="00:00:00.0014815" startTime="2014-03-09T21:23:22.1071512+13:00" endTime="2014-03-09T21:23:22.1221582+13:00" testType="13cdc9d9-ddb5-4fa4-a97d-d965ccfc6d4b" outcome="Passed" testListId="8c84fa94-04c1-424b-9868-57a2d4851a1d" relativeResultsDirectory="52b7fa3b-b81a-4053-8b00-c557d1f9dc5e">
    </UnitTestResult>
    <UnitTestResult executionId="83b14016-6b1e-4e53-925f-a1e5f8cce06d" testId="1422b94e-4575-c4b8-584e-a8452e706be7" testName="PopTestEmptyStackThenPush" computerName="RNDM-VM" duration="00:00:00.0374966" startTime="2014-03-09T21:23:22.1261523+13:00" endTime="2014-03-09T21:23:22.1672184+13:00" testType="13cdc9d9-ddb5-4fa4-a97d-d965ccfc6d4b" outcome="Failed" testListId="8c84fa94-04c1-424b-9868-57a2d4851a1d" relativeResultsDirectory="83b14016-6b1e-4e53-925f-a1e5f8cce06d">
      <Output>
        <ErrorInfo>
          <Message>Test method Stack_Unit_Testing_Tests.StackTest.PopTestEmptyStackThenPush threw exception: 
System.InvalidOperationException: Cannot pop an empty stack</Message>
          <StackTrace>   at Stack_Unit_Testing.Stack_Accessor`1.Pop()
   at Stack_Unit_Testing_Tests.StackTest.PopTestEmptyStackThenPush() in Z:\Work\C-\Stack Unit Testing\Stack Unit Testing Tests\StackTest.cs:line 315
</StackTrace>
        </ErrorInfo>
      </Output>
    </UnitTestResult>
    <UnitTestResult executionId="9fbe5d0d-21c5-4f92-8119-60182faa26f6" testId="191a40ab-4423-431d-aa2a-72f4d5a00a72" testName="PushTestEmptyStack" computerName="RNDM-VM" duration="00:00:00.0004570" startTime="2014-03-09T21:23:22.1701541+13:00" endTime="2014-03-09T21:23:22.1751609+13:00" testType="13cdc9d9-ddb5-4fa4-a97d-d965ccfc6d4b" outcome="Passed" testListId="8c84fa94-04c1-424b-9868-57a2d4851a1d" relativeResultsDirectory="9fbe5d0d-21c5-4f92-8119-60182faa26f6">
    </UnitTestResult>
    <UnitTestResult executionId="7711eb00-d48f-4258-8202-095d1f344b76" testId="2092c165-ea5b-bef2-a186-abe14a38f351" testName="PopTestEmptyStackMultipleTimes" computerName="RNDM-VM" duration="00:00:00.0044021" startTime="2014-03-09T21:23:22.1781542+13:00" endTime="2014-03-09T21:23:22.1861511+13:00" testType="13cdc9d9-ddb5-4fa4-a97d-d965ccfc6d4b" outcome="Failed" testListId="8c84fa94-04c1-424b-9868-57a2d4851a1d" relativeResultsDirectory="7711eb00-d48f-4258-8202-095d1f344b76">
      <Output>
        <ErrorInfo>
          <Message>Test method Stack_Unit_Testing_Tests.StackTest.PopTestEmptyStackMultipleTimes threw exception: 
System.InvalidOperationException: Cannot pop an empty stack</Message>
          <StackTrace>   at Stack_Unit_Testing.Stack_Accessor`1.Pop()
   at Stack_Unit_Testing_Tests.StackTest.PopTestEmptyStackMultipleTimes() in Z:\Work\C-\Stack Unit Testing\Stack Unit Testing Tests\StackTest.cs:line 332
</StackTrace>
        </ErrorInfo>
      </Output>
    </UnitTestResult>
    <UnitTestResult executionId="075577c0-8c72-42e3-a655-d8c9c47f1bd9" testId="29d7a5f9-3970-194f-2682-903bcf519ef2" testName="PeekTestHelperDefault" computerName="RNDM-VM" duration="00:00:00.0010358" startTime="2014-03-09T21:23:22.1881511+13:00" endTime="2014-03-09T21:23:22.1942105+13:00" testType="13cdc9d9-ddb5-4fa4-a97d-d965ccfc6d4b" outcome="Passed" testListId="8c84fa94-04c1-424b-9868-57a2d4851a1d" relativeResultsDirectory="075577c0-8c72-42e3-a655-d8c9c47f1bd9">
    </UnitTestResult>
    <UnitTestResult executionId="b0980e5d-45f2-4a00-8253-fad95ad4ff21" testId="3410c63c-7184-40ea-224e-b18bdcd38d3c" testName="PeekTestCheckDoesntRemoveItem" computerName="RNDM-VM" duration="00:00:00.0007944" startTime="2014-03-09T21:23:22.1961512+13:00" endTime="2014-03-09T21:23:22.1991693+13:00" testType="13cdc9d9-ddb5-4fa4-a97d-d965ccfc6d4b" outcome="Passed" testListId="8c84fa94-04c1-424b-9868-57a2d4851a1d" relativeResultsDirectory="b0980e5d-45f2-4a00-8253-fad95ad4ff21">
    </UnitTestResult>
    <UnitTestResult executionId="dbbabb98-bb4f-4f84-947d-df364c68b30e" testId="3a5b2cbc-24e5-5729-ebec-48dd90e9eb17" testName="PushTestItemsInStack" computerName="RNDM-VM" duration="00:00:00.0004634" startTime="2014-03-09T21:23:22.2091787+13:00" endTime="2014-03-09T21:23:22.2121693+13:00" testType="13cdc9d9-ddb5-4fa4-a97d-d965ccfc6d4b" outcome="Passed" testListId="8c84fa94-04c1-424b-9868-57a2d4851a1d" relativeResultsDirectory="dbbabb98-bb4f-4f84-947d-df364c68b30e">
    </UnitTestResult>
    <UnitTestResult executionId="dda9f9d5-6345-4ad1-8b1f-22b69f775934" testId="4048ccfa-25fd-673c-3d3f-3fe1e5c1ac1c" testName="CountTestFullStack" computerName="RNDM-VM" duration="00:00:00.0005739" startTime="2014-03-09T21:23:22.2151513+13:00" endTime="2014-03-09T21:23:22.2181613+13:00" testType="13cdc9d9-ddb5-4fa4-a97d-d965ccfc6d4b" outcome="Passed" testListId="8c84fa94-04c1-424b-9868-57a2d4851a1d" relativeResultsDirectory="dda9f9d5-6345-4ad1-8b1f-22b69f775934">
    </UnitTestResult>
    <UnitTestResult executionId="c6e5e702-2743-4d44-bbd0-5bb9febaf13f" testId="41fac766-54a9-7ba7-1de8-eb9165ed613e" testName="PushTestPushNullFullStack" computerName="RNDM-VM" duration="00:00:00.0007485" startTime="2014-03-09T21:23:22.2211503+13:00" endTime="2014-03-09T21:23:22.2261517+13:00" testType="13cdc9d9-ddb5-4fa4-a97d-d965ccfc6d4b" outcome="Passed" testListId="8c84fa94-04c1-424b-9868-57a2d4851a1d" relativeResultsDirectory="c6e5e702-2743-4d44-bbd0-5bb9febaf13f">
    </UnitTestResult>
    <UnitTestResult executionId="7fb8ce96-521b-4cff-ad81-d1235e7fcf21" testId="44ee2b87-7353-582f-c9be-19c3ef4480b9" testName="PopTestEmptyStack" computerName="RNDM-VM" duration="00:00:00.0033565" startTime="2014-03-09T21:23:22.2281512+13:00" endTime="2014-03-09T21:23:22.2351618+13:00" testType="13cdc9d9-ddb5-4fa4-a97d-d965ccfc6d4b" outcome="Passed" testListId="8c84fa94-04c1-424b-9868-57a2d4851a1d" relativeResultsDirectory="7fb8ce96-521b-4cff-ad81-d1235e7fcf21">
    </UnitTestResult>
    <UnitTestResult executionId="169350a4-c9db-4e2e-b074-a7ee25423e52" testId="5acfe1ea-6f45-add4-d3f4-173f208845e1" testName="PeekTestEmptyStack" computerName="RNDM-VM" duration="00:00:00.0053328" startTime="2014-03-09T21:23:22.2381476+13:00" endTime="2014-03-09T21:23:22.2462097+13:00" testType="13cdc9d9-ddb5-4fa4-a97d-d965ccfc6d4b" outcome="Failed" testListId="8c84fa94-04c1-424b-9868-57a2d4851a1d" relativeResultsDirectory="169350a4-c9db-4e2e-b074-a7ee25423e52">
      <Output>
        <ErrorInfo>
          <Message>Test method Stack_Unit_Testing_Tests.StackTest.PeekTestEmptyStack threw exception: 
System.InvalidOperationException: Cannot pop an empty stack</Message>
          <StackTrace>   at Stack_Unit_Testing.Stack_Accessor`1.Peek()
   at Stack_Unit_Testing_Tests.StackTest.PeekTestEmptyStack() in Z:\Work\C-\Stack Unit Testing\Stack Unit Testing Tests\StackTest.cs:line 196
</StackTrace>
        </ErrorInfo>
      </Output>
    </UnitTestResult>
    <UnitTestResult executionId="195ce5ed-869c-4902-8775-0360913708d3" testId="5e258829-cc77-e96d-b472-cbc97488bf7e" testName="IsEmptyTestAfterItemsPopped" computerName="RNDM-VM" duration="00:00:00.0006726" startTime="2014-03-09T21:23:22.2491523+13:00" endTime="2014-03-09T21:23:22.2551724+13:00" testType="13cdc9d9-ddb5-4fa4-a97d-d965ccfc6d4b" outcome="Passed" testListId="8c84fa94-04c1-424b-9868-57a2d4851a1d" relativeResultsDirectory="195ce5ed-869c-4902-8775-0360913708d3">
    </UnitTestResult>
    <UnitTestResult executionId="b874c1bd-1a62-48dd-92b2-6dc36cdd9a49" testId="5f0fbed1-753d-5c2e-7054-b46567138854" testName="PushTestPushCastsStack" computerName="RNDM-VM" duration="00:00:00.0014519" startTime="2014-03-09T21:23:22.2601490+13:00" endTime="2014-03-09T21:23:22.2681486+13:00" testType="13cdc9d9-ddb5-4fa4-a97d-d965ccfc6d4b" outcome="Passed" testListId="8c84fa94-04c1-424b-9868-57a2d4851a1d" relativeResultsDirectory="b874c1bd-1a62-48dd-92b2-6dc36cdd9a49">
    </UnitTestResult>
    <UnitTestResult executionId="55274435-d156-40a6-9302-51b7b44cfcd1" testId="61e1c6ab-3d6a-0658-7312-ea878f4b1bc3" testName="IsEmptyTestStackEmpty" computerName="RNDM-VM" duration="00:00:00.0003864" startTime="2014-03-09T21:23:22.2721605+13:00" endTime="2014-03-09T21:23:22.2782005+13:00" testType="13cdc9d9-ddb5-4fa4-a97d-d965ccfc6d4b" outcome="Passed" testListId="8c84fa94-04c1-424b-9868-57a2d4851a1d" relativeResultsDirectory="55274435-d156-40a6-9302-51b7b44cfcd1">
    </UnitTestResult>
    <UnitTestResult executionId="4dad2d73-fc72-4c78-a5ef-cf88d0102db2" testId="6bb811b9-d4dc-2204-d9cf-46d1889ab054" testName="StackConstructorTestString" computerName="RNDM-VM" duration="00:00:00.0003530" startTime="2014-03-09T21:23:22.2811550+13:00" endTime="2014-03-09T21:23:22.2842119+13:00" testType="13cdc9d9-ddb5-4fa4-a97d-d965ccfc6d4b" outcome="Passed" testListId="8c84fa94-04c1-424b-9868-57a2d4851a1d" relativeResultsDirectory="4dad2d73-fc72-4c78-a5ef-cf88d0102db2">
    </UnitTestResult>
    <UnitTestResult executionId="9cc487cf-368c-4822-9101-2dfea9f38a8c" testId="6e2d0e9e-99e5-4678-fb3c-5436cacf6e8d" testName="PushTestPushStackIsFullException" computerName="RNDM-VM" duration="00:00:00.0038890" startTime="2014-03-09T21:23:22.2941689+13:00" endTime="2014-03-09T21:23:22.3011548+13:00" testType="13cdc9d9-ddb5-4fa4-a97d-d965ccfc6d4b" outcome="Passed" testListId="8c84fa94-04c1-424b-9868-57a2d4851a1d" relativeResultsDirectory="9cc487cf-368c-4822-9101-2dfea9f38a8c">
    </UnitTestResult>
    <UnitTestResult executionId="5626e229-b99b-4fc0-aaec-ad4fa61b2d11" testId="6ebd3136-4d71-3c7c-96c2-a536d4b45671" testName="CountTestDefault" computerName="RNDM-VM" duration="00:00:00.0006801" startTime="2014-03-09T21:23:22.3031510+13:00" endTime="2014-03-09T21:23:22.3071532+13:00" testType="13cdc9d9-ddb5-4fa4-a97d-d965ccfc6d4b" outcome="Passed" testListId="8c84fa94-04c1-424b-9868-57a2d4851a1d" relativeResultsDirectory="5626e229-b99b-4fc0-aaec-ad4fa61b2d11">
    </UnitTestResult>
    <UnitTestResult executionId="86ca4291-00c3-4390-a877-8772315f9d43" testId="7fc471fb-1bdb-a100-f4a2-cad93ff0122c" testName="PeekTestFullStack" computerName="RNDM-VM" duration="00:00:00.0005556" startTime="2014-03-09T21:23:22.3101492+13:00" endTime="2014-03-09T21:23:22.3132083+13:00" testType="13cdc9d9-ddb5-4fa4-a97d-d965ccfc6d4b" outcome="Passed" testListId="8c84fa94-04c1-424b-9868-57a2d4851a1d" relativeResultsDirectory="86ca4291-00c3-4390-a877-8772315f9d43">
    </UnitTestResult>
    <UnitTestResult executionId="941c8444-eec7-4964-af02-19376beab07d" testId="820c65c9-3833-e6b0-bb49-8afe247a01bb" testName="CountTestEmptyStack" computerName="RNDM-VM" duration="00:00:00.0003745" startTime="2014-03-09T21:23:22.3161504+13:00" endTime="2014-03-09T21:23:22.3192106+13:00" testType="13cdc9d9-ddb5-4fa4-a97d-d965ccfc6d4b" outcome="Passed" testListId="8c84fa94-04c1-424b-9868-57a2d4851a1d" relativeResultsDirectory="941c8444-eec7-4964-af02-19376beab07d">
    </UnitTestResult>
    <UnitTestResult executionId="afd1cf15-1f30-4b06-8508-f34cfb523361" testId="88237b91-80b2-6cb4-d6aa-be7ec347b5c2" testName="IsEmptyTestStackHasItem" computerName="RNDM-VM" duration="00:00:00.0004160" startTime="2014-03-09T21:23:22.3211491+13:00" endTime="2014-03-09T21:23:22.3252193+13:00" testType="13cdc9d9-ddb5-4fa4-a97d-d965ccfc6d4b" outcome="Passed" testListId="8c84fa94-04c1-424b-9868-57a2d4851a1d" relativeResultsDirectory="afd1cf15-1f30-4b06-8508-f34cfb523361">
    </UnitTestResult>
    <UnitTestResult executionId="4ab9fe2d-0f18-4275-96b7-ff75a55d31bc" testId="8df35220-232b-2878-7d78-b522bb84d71c" testName="PopTestFullStack" computerName="RNDM-VM" duration="00:00:00.0004979" startTime="2014-03-09T21:23:22.3271525+13:00" endTime="2014-03-09T21:23:22.3311606+13:00" testType="13cdc9d9-ddb5-4fa4-a97d-d965ccfc6d4b" outcome="Passed" testListId="8c84fa94-04c1-424b-9868-57a2d4851a1d" relativeResultsDirectory="4ab9fe2d-0f18-4275-96b7-ff75a55d31bc">
    </UnitTestResult>
    <UnitTestResult executionId="7f5738f8-ed14-47dd-b53c-dd619622a38b" testId="e38817d2-8ab1-b8ee-2b1a-ae48d2250d61" testName="PopTestDefault" computerName="RNDM-VM" duration="00:00:00.0005400" startTime="2014-03-09T21:23:22.3351488+13:00" endTime="2014-03-09T21:23:22.3402085+13:00" testType="13cdc9d9-ddb5-4fa4-a97d-d965ccfc6d4b" outcome="Passed" testListId="8c84fa94-04c1-424b-9868-57a2d4851a1d" relativeResultsDirectory="7f5738f8-ed14-47dd-b53c-dd619622a38b">
    </UnitTestResult>
    <UnitTestResult executionId="9cdd48f4-50ff-46f1-9b7a-510ac3ad15fb" testId="e5535dc2-7316-e1a1-30d2-d3ba312de76b" testName="IsEmptyTestAfterFillingStackThenPoppingStack" computerName="RNDM-VM" duration="00:00:00.0006246" startTime="2014-03-09T21:23:22.3431495+13:00" endTime="2014-03-09T21:23:22.3461698+13:00" testType="13cdc9d9-ddb5-4fa4-a97d-d965ccfc6d4b" outcome="Passed" testListId="8c84fa94-04c1-424b-9868-57a2d4851a1d" relativeResultsDirectory="9cdd48f4-50ff-46f1-9b7a-510ac3ad15fb">
    </UnitTestResult>
    <UnitTestResult executionId="64a10205-4bca-4e3c-8f59-36a2f433989c" testId="f32f5769-b613-09c1-73f2-5e3fc8469d55" testName="StackConstructorTestInt" computerName="RNDM-VM" duration="00:00:00.0010336" startTime="2014-03-09T21:23:22.3491862+13:00" endTime="2014-03-09T21:23:22.3531642+13:00" testType="13cdc9d9-ddb5-4fa4-a97d-d965ccfc6d4b" outcome="Passed" testListId="8c84fa94-04c1-424b-9868-57a2d4851a1d" relativeResultsDirectory="64a10205-4bca-4e3c-8f59-36a2f433989c">
    </UnitTestResult>
  </Results>
</TestRun>