<?xml version="1.0" encoding="UTF-8"?>
<TestRun id="9cec1917-fee3-4534-b2ea-3db38826cf04" name="rNdm@RNDM-PC 2014-03-05 21:29:23" runUser="RNDM-PC\rNdm" xmlns="http://microsoft.com/schemas/VisualStudio/TeamTest/2010">
  <TestSettings name="Local" id="ab684e55-41fe-4872-9932-1149f5004a7c">
    <Description>These are default test settings for a local test run.</Description>
    <Deployment runDeploymentRoot="rNdm_RNDM-PC 2014-03-05 21_29_23">
      <DeploymentItem filename="E:\Work\C#\Stack Unit Testing\Stack Unit Testing\bin\Debug\Stack Unit Testing.exe" />
    </Deployment>
    <Execution>
      <TestTypeSpecific>
        <UnitTestRunConfig testTypeId="13cdc9d9-ddb5-4fa4-a97d-d965ccfc6d4b">
          <AssemblyResolution>
            <TestDirectory useLoadContext="true" />
          </AssemblyResolution>
        </UnitTestRunConfig>
        <WebTestRunConfiguration testTypeId="4e7599fa-5ecb-43e9-a887-cd63cf72d207">
          <Browser name="Internet Explorer 7.0">
            <Headers>
              <Header name="User-Agent" value="Mozilla/4.0 (compatible; MSIE 7.0; Windows NT 5.1)" />
              <Header name="Accept" value="*/*" />
              <Header name="Accept-Language" value="{{$IEAcceptLanguage}}" />
              <Header name="Accept-Encoding" value="GZIP" />
            </Headers>
          </Browser>
        </WebTestRunConfiguration>
      </TestTypeSpecific>
      <AgentRule name="LocalMachineDefaultRole">
      </AgentRule>
    </Execution>
  </TestSettings>
  <Times creation="2014-03-05T21:29:23.8178067+13:00" queuing="2014-03-05T21:29:23.9518136+13:00" start="2014-03-05T21:29:23.9568146+13:00" finish="2014-03-05T21:29:24.1408242+13:00" />
  <ResultSummary outcome="Completed">
    <Counters total="7" executed="7" passed="7" error="0" failed="0" timeout="0" aborted="0" inconclusive="0" passedButRunAborted="0" notRunnable="0" notExecuted="0" disconnected="0" warning="0" completed="0" inProgress="0" pending="0" />
  </ResultSummary>
  <TestDefinitions>
    <UnitTest name="PushTestHelperPushTillStackIsFullException" storage="e:\work\c#\stack unit testing\stack unit testing tests\bin\debug\stack unit testing tests.dll" id="b5b83ddb-b301-8aa9-f517-1e900714238f">
      <Execution id="48a3b0c8-05b1-4ed9-8347-00d038d052db" />
      <TestMethod codeBase="E:/Work/C#/Stack Unit Testing/Stack Unit Testing Tests/bin/Debug/Stack Unit Testing Tests.DLL" adapterTypeName="Microsoft.VisualStudio.TestTools.TestTypes.Unit.UnitTestAdapter, Microsoft.VisualStudio.QualityTools.Tips.UnitTest.Adapter, Version=10.0.0.0, Culture=neutral, PublicKeyToken=b03f5f7f11d50a3a" className="Stack_Unit_Testing_Tests.StackTest, Stack Unit Testing Tests, Version=1.0.0.0, Culture=neutral, PublicKeyToken=null" name="PushTestHelperPushTillStackIsFullException" />
    </UnitTest>
    <UnitTest name="PopTest" storage="e:\work\c#\stack unit testing\stack unit testing tests\bin\debug\stack unit testing tests.dll" id="a6d8d5a3-b15b-a6bf-942e-6276b5820c37">
      <DeploymentItems>
        <DeploymentItem filename="Stack Unit Testing.exe" />
      </DeploymentItems>
      <Execution id="6c533de4-ea09-4efa-ac87-e8643a4928a8" />
      <TestMethod codeBase="E:/Work/C#/Stack Unit Testing/Stack Unit Testing Tests/bin/Debug/Stack Unit Testing Tests.DLL" adapterTypeName="Microsoft.VisualStudio.TestTools.TestTypes.Unit.UnitTestAdapter, Microsoft.VisualStudio.QualityTools.Tips.UnitTest.Adapter, Version=10.0.0.0, Culture=neutral, PublicKeyToken=b03f5f7f11d50a3a" className="Stack_Unit_Testing_Tests.StackTest, Stack Unit Testing Tests, Version=1.0.0.0, Culture=neutral, PublicKeyToken=null" name="PopTest" />
    </UnitTest>
    <UnitTest name="PushTest" storage="e:\work\c#\stack unit testing\stack unit testing tests\bin\debug\stack unit testing tests.dll" id="4950bc99-cc0f-a83c-85ea-438fe2a2cc4c">
      <DeploymentItems>
        <DeploymentItem filename="Stack Unit Testing.exe" />
      </DeploymentItems>
      <Execution id="2fd4457c-0f7a-4c38-9b06-7ac534989299" />
      <TestMethod codeBase="E:/Work/C#/Stack Unit Testing/Stack Unit Testing Tests/bin/Debug/Stack Unit Testing Tests.DLL" adapterTypeName="Microsoft.VisualStudio.TestTools.TestTypes.Unit.UnitTestAdapter, Microsoft.VisualStudio.QualityTools.Tips.UnitTest.Adapter, Version=10.0.0.0, Culture=neutral, PublicKeyToken=b03f5f7f11d50a3a" className="Stack_Unit_Testing_Tests.StackTest, Stack Unit Testing Tests, Version=1.0.0.0, Culture=neutral, PublicKeyToken=null" name="PushTest" />
    </UnitTest>
    <UnitTest name="StackConstructorTest" storage="e:\work\c#\stack unit testing\stack unit testing tests\bin\debug\stack unit testing tests.dll" id="480b0ea4-f2b6-138f-8d27-f25cc30d63ce">
      <DeploymentItems>
        <DeploymentItem filename="Stack Unit Testing.exe" />
      </DeploymentItems>
      <Execution id="d0acbe33-1467-4457-b6e7-029beb1064d7" />
      <TestMethod codeBase="E:/Work/C#/Stack Unit Testing/Stack Unit Testing Tests/bin/Debug/Stack Unit Testing Tests.DLL" adapterTypeName="Microsoft.VisualStudio.TestTools.TestTypes.Unit.UnitTestAdapter, Microsoft.VisualStudio.QualityTools.Tips.UnitTest.Adapter, Version=10.0.0.0, Culture=neutral, PublicKeyToken=b03f5f7f11d50a3a" className="Stack_Unit_Testing_Tests.StackTest, Stack Unit Testing Tests, Version=1.0.0.0, Culture=neutral, PublicKeyToken=null" name="StackConstructorTest" />
    </UnitTest>
    <UnitTest name="CountTest" storage="e:\work\c#\stack unit testing\stack unit testing tests\bin\debug\stack unit testing tests.dll" id="f6a16e3b-46d3-cdfb-0603-80020653299b">
      <DeploymentItems>
        <DeploymentItem filename="Stack Unit Testing.exe" />
      </DeploymentItems>
      <Execution id="0b6a5318-fa70-48ca-9cb7-47ba141271c6" />
      <TestMethod codeBase="E:/Work/C#/Stack Unit Testing/Stack Unit Testing Tests/bin/Debug/Stack Unit Testing Tests.DLL" adapterTypeName="Microsoft.VisualStudio.TestTools.TestTypes.Unit.UnitTestAdapter, Microsoft.VisualStudio.QualityTools.Tips.UnitTest.Adapter, Version=10.0.0.0, Culture=neutral, PublicKeyToken=b03f5f7f11d50a3a" className="Stack_Unit_Testing_Tests.StackTest, Stack Unit Testing Tests, Version=1.0.0.0, Culture=neutral, PublicKeyToken=null" name="CountTest" />
    </UnitTest>
    <UnitTest name="IsEmptyTest" storage="e:\work\c#\stack unit testing\stack unit testing tests\bin\debug\stack unit testing tests.dll" id="070e84b6-40a6-f27e-45d8-01068f859e91">
      <DeploymentItems>
        <DeploymentItem filename="Stack Unit Testing.exe" />
      </DeploymentItems>
      <Execution id="04922c53-2118-400b-a2d9-f82dde2856b9" />
      <TestMethod codeBase="E:/Work/C#/Stack Unit Testing/Stack Unit Testing Tests/bin/Debug/Stack Unit Testing Tests.DLL" adapterTypeName="Microsoft.VisualStudio.TestTools.TestTypes.Unit.UnitTestAdapter, Microsoft.VisualStudio.QualityTools.Tips.UnitTest.Adapter, Version=10.0.0.0, Culture=neutral, PublicKeyToken=b03f5f7f11d50a3a" className="Stack_Unit_Testing_Tests.StackTest, Stack Unit Testing Tests, Version=1.0.0.0, Culture=neutral, PublicKeyToken=null" name="IsEmptyTest" />
    </UnitTest>
    <UnitTest name="PeekTest" storage="e:\work\c#\stack unit testing\stack unit testing tests\bin\debug\stack unit testing tests.dll" id="74e9a0d3-612d-34c2-9084-efc2a9f6953f">
      <DeploymentItems>
        <DeploymentItem filename="Stack Unit Testing.exe" />
      </DeploymentItems>
      <Execution id="8c932679-562e-4dea-a844-8686f5a5a543" />
      <TestMethod codeBase="E:/Work/C#/Stack Unit Testing/Stack Unit Testing Tests/bin/Debug/Stack Unit Testing Tests.DLL" adapterTypeName="Microsoft.VisualStudio.TestTools.TestTypes.Unit.UnitTestAdapter, Microsoft.VisualStudio.QualityTools.Tips.UnitTest.Adapter, Version=10.0.0.0, Culture=neutral, PublicKeyToken=b03f5f7f11d50a3a" className="Stack_Unit_Testing_Tests.StackTest, Stack Unit Testing Tests, Version=1.0.0.0, Culture=neutral, PublicKeyToken=null" name="PeekTest" />
    </UnitTest>
  </TestDefinitions>
  <TestLists>
    <TestList name="Results Not in a List" id="8c84fa94-04c1-424b-9868-57a2d4851a1d" />
    <TestList name="All Loaded Results" id="19431567-8539-422a-85d7-44ee4e166bda" />
  </TestLists>
  <TestEntries>
    <TestEntry testId="070e84b6-40a6-f27e-45d8-01068f859e91" executionId="04922c53-2118-400b-a2d9-f82dde2856b9" testListId="8c84fa94-04c1-424b-9868-57a2d4851a1d" />
    <TestEntry testId="480b0ea4-f2b6-138f-8d27-f25cc30d63ce" executionId="d0acbe33-1467-4457-b6e7-029beb1064d7" testListId="8c84fa94-04c1-424b-9868-57a2d4851a1d" />
    <TestEntry testId="4950bc99-cc0f-a83c-85ea-438fe2a2cc4c" executionId="2fd4457c-0f7a-4c38-9b06-7ac534989299" testListId="8c84fa94-04c1-424b-9868-57a2d4851a1d" />
    <TestEntry testId="74e9a0d3-612d-34c2-9084-efc2a9f6953f" executionId="8c932679-562e-4dea-a844-8686f5a5a543" testListId="8c84fa94-04c1-424b-9868-57a2d4851a1d" />
    <TestEntry testId="a6d8d5a3-b15b-a6bf-942e-6276b5820c37" executionId="6c533de4-ea09-4efa-ac87-e8643a4928a8" testListId="8c84fa94-04c1-424b-9868-57a2d4851a1d" />
    <TestEntry testId="b5b83ddb-b301-8aa9-f517-1e900714238f" executionId="48a3b0c8-05b1-4ed9-8347-00d038d052db" testListId="8c84fa94-04c1-424b-9868-57a2d4851a1d" />
    <TestEntry testId="f6a16e3b-46d3-cdfb-0603-80020653299b" executionId="0b6a5318-fa70-48ca-9cb7-47ba141271c6" testListId="8c84fa94-04c1-424b-9868-57a2d4851a1d" />
  </TestEntries>
  <Results>
    <UnitTestResult executionId="04922c53-2118-400b-a2d9-f82dde2856b9" testId="070e84b6-40a6-f27e-45d8-01068f859e91" testName="IsEmptyTest" computerName="RNDM-PC" duration="00:00:00.0144795" startTime="2014-03-05T21:29:23.9578144+13:00" endTime="2014-03-05T21:29:24.1148227+13:00" testType="13cdc9d9-ddb5-4fa4-a97d-d965ccfc6d4b" outcome="Passed" testListId="8c84fa94-04c1-424b-9868-57a2d4851a1d" relativeResultsDirectory="04922c53-2118-400b-a2d9-f82dde2856b9">
    </UnitTestResult>
    <UnitTestResult executionId="d0acbe33-1467-4457-b6e7-029beb1064d7" testId="480b0ea4-f2b6-138f-8d27-f25cc30d63ce" testName="StackConstructorTest" computerName="RNDM-PC" duration="00:00:00.0002251" startTime="2014-03-05T21:29:24.1158229+13:00" endTime="2014-03-05T21:29:24.1168239+13:00" testType="13cdc9d9-ddb5-4fa4-a97d-d965ccfc6d4b" outcome="Passed" testListId="8c84fa94-04c1-424b-9868-57a2d4851a1d" relativeResultsDirectory="d0acbe33-1467-4457-b6e7-029beb1064d7">
    </UnitTestResult>
    <UnitTestResult executionId="2fd4457c-0f7a-4c38-9b06-7ac534989299" testId="4950bc99-cc0f-a83c-85ea-438fe2a2cc4c" testName="PushTest" computerName="RNDM-PC" duration="00:00:00.0002753" startTime="2014-03-05T21:29:24.1178234+13:00" endTime="2014-03-05T21:29:24.1198249+13:00" testType="13cdc9d9-ddb5-4fa4-a97d-d965ccfc6d4b" outcome="Passed" testListId="8c84fa94-04c1-424b-9868-57a2d4851a1d" relativeResultsDirectory="2fd4457c-0f7a-4c38-9b06-7ac534989299">
    </UnitTestResult>
    <UnitTestResult executionId="8c932679-562e-4dea-a844-8686f5a5a543" testId="74e9a0d3-612d-34c2-9084-efc2a9f6953f" testName="PeekTest" computerName="RNDM-PC" duration="00:00:00.0011894" startTime="2014-03-05T21:29:24.1198249+13:00" endTime="2014-03-05T21:29:24.1218236+13:00" testType="13cdc9d9-ddb5-4fa4-a97d-d965ccfc6d4b" outcome="Passed" testListId="8c84fa94-04c1-424b-9868-57a2d4851a1d" relativeResultsDirectory="8c932679-562e-4dea-a844-8686f5a5a543">
    </UnitTestResult>
    <UnitTestResult executionId="6c533de4-ea09-4efa-ac87-e8643a4928a8" testId="a6d8d5a3-b15b-a6bf-942e-6276b5820c37" testName="PopTest" computerName="RNDM-PC" duration="00:00:00.0005330" startTime="2014-03-05T21:29:24.1228235+13:00" endTime="2014-03-05T21:29:24.1248237+13:00" testType="13cdc9d9-ddb5-4fa4-a97d-d965ccfc6d4b" outcome="Passed" testListId="8c84fa94-04c1-424b-9868-57a2d4851a1d" relativeResultsDirectory="6c533de4-ea09-4efa-ac87-e8643a4928a8">
    </UnitTestResult>
    <UnitTestResult executionId="48a3b0c8-05b1-4ed9-8347-00d038d052db" testId="b5b83ddb-b301-8aa9-f517-1e900714238f" testName="PushTestHelperPushTillStackIsFullException" computerName="RNDM-PC" duration="00:00:00.0039567" startTime="2014-03-05T21:29:24.1248237+13:00" endTime="2014-03-05T21:29:24.1308239+13:00" testType="13cdc9d9-ddb5-4fa4-a97d-d965ccfc6d4b" outcome="Passed" testListId="8c84fa94-04c1-424b-9868-57a2d4851a1d" relativeResultsDirectory="48a3b0c8-05b1-4ed9-8347-00d038d052db">
    </UnitTestResult>
    <UnitTestResult executionId="0b6a5318-fa70-48ca-9cb7-47ba141271c6" testId="f6a16e3b-46d3-cdfb-0603-80020653299b" testName="CountTest" computerName="RNDM-PC" duration="00:00:00.0003622" startTime="2014-03-05T21:29:24.1308239+13:00" endTime="2014-03-05T21:29:24.1328241+13:00" testType="13cdc9d9-ddb5-4fa4-a97d-d965ccfc6d4b" outcome="Passed" testListId="8c84fa94-04c1-424b-9868-57a2d4851a1d" relativeResultsDirectory="0b6a5318-fa70-48ca-9cb7-47ba141271c6">
    </UnitTestResult>
  </Results>
</TestRun>