<?xml version="1.0" encoding="UTF-8"?>
<TestRun id="01557c4e-6dc6-4587-a66b-d6c0b3afbbc3" name="rNdm@RNDM-PC 2014-03-05 21:46:24" runUser="RNDM-PC\rNdm" xmlns="http://microsoft.com/schemas/VisualStudio/TeamTest/2010">
  <TestSettings name="Local" id="ab684e55-41fe-4872-9932-1149f5004a7c">
    <Description>These are default test settings for a local test run.</Description>
    <Deployment runDeploymentRoot="rNdm_RNDM-PC 2014-03-05 21_46_24">
      <DeploymentItem filename="E:\Work\C#\Stack Unit Testing\Stack Unit Testing\bin\Debug\Stack Unit Testing.exe" />
    </Deployment>
    <Execution>
      <TestTypeSpecific>
        <UnitTestRunConfig testTypeId="13cdc9d9-ddb5-4fa4-a97d-d965ccfc6d4b">
          <AssemblyResolution>
            <TestDirectory useLoadContext="true" />
          </AssemblyResolution>
        </UnitTestRunConfig>
        <WebTestRunConfiguration testTypeId="4e7599fa-5ecb-43e9-a887-cd63cf72d207">
          <Browser name="Internet Explorer 7.0">
            <Headers>
              <Header name="User-Agent" value="Mozilla/4.0 (compatible; MSIE 7.0; Windows NT 5.1)" />
              <Header name="Accept" value="*/*" />
              <Header name="Accept-Language" value="{{$IEAcceptLanguage}}" />
              <Header name="Accept-Encoding" value="GZIP" />
            </Headers>
          </Browser>
        </WebTestRunConfiguration>
      </TestTypeSpecific>
      <AgentRule name="LocalMachineDefaultRole">
      </AgentRule>
    </Execution>
  </TestSettings>
  <Times creation="2014-03-05T21:46:24.2365099+13:00" queuing="2014-03-05T21:46:24.7605389+13:00" start="2014-03-05T21:46:24.7715094+13:00" finish="2014-03-05T21:46:24.9385190+13:00" />
  <ResultSummary outcome="Completed">
    <Counters total="11" executed="11" passed="11" error="0" failed="0" timeout="0" aborted="0" inconclusive="0" passedButRunAborted="0" notRunnable="0" notExecuted="0" disconnected="0" warning="0" completed="0" inProgress="0" pending="0" />
  </ResultSummary>
  <TestDefinitions>
    <UnitTest name="PushTestHelperPushTillStackIsFullException" storage="e:\work\c#\stack unit testing\stack unit testing tests\bin\debug\stack unit testing tests.dll" id="b5b83ddb-b301-8aa9-f517-1e900714238f">
      <Execution id="9ef34e88-0158-45ba-b17b-7abad985da33" />
      <TestMethod codeBase="E:/Work/C#/Stack Unit Testing/Stack Unit Testing Tests/bin/Debug/Stack Unit Testing Tests.DLL" adapterTypeName="Microsoft.VisualStudio.TestTools.TestTypes.Unit.UnitTestAdapter, Microsoft.VisualStudio.QualityTools.Tips.UnitTest.Adapter, Version=10.0.0.0, Culture=neutral, PublicKeyToken=b03f5f7f11d50a3a" className="Stack_Unit_Testing_Tests.StackTest, Stack Unit Testing Tests, Version=1.0.0.0, Culture=neutral, PublicKeyToken=null" name="PushTestHelperPushTillStackIsFullException" />
    </UnitTest>
    <UnitTest name="IsEmptyTestHelperFalse" storage="e:\work\c#\stack unit testing\stack unit testing tests\bin\debug\stack unit testing tests.dll" id="30478b2b-0337-381a-a03f-215419e77da5">
      <DeploymentItems>
        <DeploymentItem filename="Stack Unit Testing.exe" />
      </DeploymentItems>
      <Execution id="6a8b6d90-f624-49eb-b4a8-65fbff2e9dc3" />
      <TestMethod codeBase="E:/Work/C#/Stack Unit Testing/Stack Unit Testing Tests/bin/Debug/Stack Unit Testing Tests.DLL" adapterTypeName="Microsoft.VisualStudio.TestTools.TestTypes.Unit.UnitTestAdapter, Microsoft.VisualStudio.QualityTools.Tips.UnitTest.Adapter, Version=10.0.0.0, Culture=neutral, PublicKeyToken=b03f5f7f11d50a3a" className="Stack_Unit_Testing_Tests.StackTest, Stack Unit Testing Tests, Version=1.0.0.0, Culture=neutral, PublicKeyToken=null" name="IsEmptyTestHelperFalse" />
    </UnitTest>
    <UnitTest name="PeekTestHelperDoesntRemoveItemTrue" storage="e:\work\c#\stack unit testing\stack unit testing tests\bin\debug\stack unit testing tests.dll" id="a64e7c77-a8a1-e145-70a4-72fe1550366a">
      <DeploymentItems>
        <DeploymentItem filename="Stack Unit Testing.exe" />
      </DeploymentItems>
      <Execution id="2d0dc7ad-9b0c-4115-9bcf-e75313438055" />
      <TestMethod codeBase="E:/Work/C#/Stack Unit Testing/Stack Unit Testing Tests/bin/Debug/Stack Unit Testing Tests.DLL" adapterTypeName="Microsoft.VisualStudio.TestTools.TestTypes.Unit.UnitTestAdapter, Microsoft.VisualStudio.QualityTools.Tips.UnitTest.Adapter, Version=10.0.0.0, Culture=neutral, PublicKeyToken=b03f5f7f11d50a3a" className="Stack_Unit_Testing_Tests.StackTest, Stack Unit Testing Tests, Version=1.0.0.0, Culture=neutral, PublicKeyToken=null" name="PeekTestHelperDoesntRemoveItemTrue" />
    </UnitTest>
    <UnitTest name="PushTest" storage="e:\work\c#\stack unit testing\stack unit testing tests\bin\debug\stack unit testing tests.dll" id="4950bc99-cc0f-a83c-85ea-438fe2a2cc4c">
      <DeploymentItems>
        <DeploymentItem filename="Stack Unit Testing.exe" />
      </DeploymentItems>
      <Execution id="baea1415-7d95-49df-92a1-5af64ced3be1" />
      <TestMethod codeBase="E:/Work/C#/Stack Unit Testing/Stack Unit Testing Tests/bin/Debug/Stack Unit Testing Tests.DLL" adapterTypeName="Microsoft.VisualStudio.TestTools.TestTypes.Unit.UnitTestAdapter, Microsoft.VisualStudio.QualityTools.Tips.UnitTest.Adapter, Version=10.0.0.0, Culture=neutral, PublicKeyToken=b03f5f7f11d50a3a" className="Stack_Unit_Testing_Tests.StackTest, Stack Unit Testing Tests, Version=1.0.0.0, Culture=neutral, PublicKeyToken=null" name="PushTest" />
    </UnitTest>
    <UnitTest name="StackConstructorTest" storage="e:\work\c#\stack unit testing\stack unit testing tests\bin\debug\stack unit testing tests.dll" id="480b0ea4-f2b6-138f-8d27-f25cc30d63ce">
      <DeploymentItems>
        <DeploymentItem filename="Stack Unit Testing.exe" />
      </DeploymentItems>
      <Execution id="b1dc638a-bc9b-408e-9af6-78d47584dfc9" />
      <TestMethod codeBase="E:/Work/C#/Stack Unit Testing/Stack Unit Testing Tests/bin/Debug/Stack Unit Testing Tests.DLL" adapterTypeName="Microsoft.VisualStudio.TestTools.TestTypes.Unit.UnitTestAdapter, Microsoft.VisualStudio.QualityTools.Tips.UnitTest.Adapter, Version=10.0.0.0, Culture=neutral, PublicKeyToken=b03f5f7f11d50a3a" className="Stack_Unit_Testing_Tests.StackTest, Stack Unit Testing Tests, Version=1.0.0.0, Culture=neutral, PublicKeyToken=null" name="StackConstructorTest" />
    </UnitTest>
    <UnitTest name="CountTest" storage="e:\work\c#\stack unit testing\stack unit testing tests\bin\debug\stack unit testing tests.dll" id="f6a16e3b-46d3-cdfb-0603-80020653299b">
      <DeploymentItems>
        <DeploymentItem filename="Stack Unit Testing.exe" />
      </DeploymentItems>
      <Execution id="65b5c214-e7f8-4bda-a3d3-e911d5d94aa6" />
      <TestMethod codeBase="E:/Work/C#/Stack Unit Testing/Stack Unit Testing Tests/bin/Debug/Stack Unit Testing Tests.DLL" adapterTypeName="Microsoft.VisualStudio.TestTools.TestTypes.Unit.UnitTestAdapter, Microsoft.VisualStudio.QualityTools.Tips.UnitTest.Adapter, Version=10.0.0.0, Culture=neutral, PublicKeyToken=b03f5f7f11d50a3a" className="Stack_Unit_Testing_Tests.StackTest, Stack Unit Testing Tests, Version=1.0.0.0, Culture=neutral, PublicKeyToken=null" name="CountTest" />
    </UnitTest>
    <UnitTest name="PopTest" storage="e:\work\c#\stack unit testing\stack unit testing tests\bin\debug\stack unit testing tests.dll" id="a6d8d5a3-b15b-a6bf-942e-6276b5820c37">
      <DeploymentItems>
        <DeploymentItem filename="Stack Unit Testing.exe" />
      </DeploymentItems>
      <Execution id="02264184-4249-48a2-9aa1-631e5f187919" />
      <TestMethod codeBase="E:/Work/C#/Stack Unit Testing/Stack Unit Testing Tests/bin/Debug/Stack Unit Testing Tests.DLL" adapterTypeName="Microsoft.VisualStudio.TestTools.TestTypes.Unit.UnitTestAdapter, Microsoft.VisualStudio.QualityTools.Tips.UnitTest.Adapter, Version=10.0.0.0, Culture=neutral, PublicKeyToken=b03f5f7f11d50a3a" className="Stack_Unit_Testing_Tests.StackTest, Stack Unit Testing Tests, Version=1.0.0.0, Culture=neutral, PublicKeyToken=null" name="PopTest" />
    </UnitTest>
    <UnitTest name="PeekTestHelperEmptyStackTrue" storage="e:\work\c#\stack unit testing\stack unit testing tests\bin\debug\stack unit testing tests.dll" id="65690538-7b69-c615-ce70-9c6f2a87d103">
      <DeploymentItems>
        <DeploymentItem filename="Stack Unit Testing.exe" />
      </DeploymentItems>
      <Execution id="9851fc7c-9d61-4af9-a869-5984b83dee0e" />
      <TestMethod codeBase="E:/Work/C#/Stack Unit Testing/Stack Unit Testing Tests/bin/Debug/Stack Unit Testing Tests.DLL" adapterTypeName="Microsoft.VisualStudio.TestTools.TestTypes.Unit.UnitTestAdapter, Microsoft.VisualStudio.QualityTools.Tips.UnitTest.Adapter, Version=10.0.0.0, Culture=neutral, PublicKeyToken=b03f5f7f11d50a3a" className="Stack_Unit_Testing_Tests.StackTest, Stack Unit Testing Tests, Version=1.0.0.0, Culture=neutral, PublicKeyToken=null" name="PeekTestHelperEmptyStackTrue" />
    </UnitTest>
    <UnitTest name="PeekTestHelperDefault" storage="e:\work\c#\stack unit testing\stack unit testing tests\bin\debug\stack unit testing tests.dll" id="29d7a5f9-3970-194f-2682-903bcf519ef2">
      <DeploymentItems>
        <DeploymentItem filename="Stack Unit Testing.exe" />
      </DeploymentItems>
      <Execution id="cdf7cf1a-b8d3-47e5-b444-969116753858" />
      <TestMethod codeBase="E:/Work/C#/Stack Unit Testing/Stack Unit Testing Tests/bin/Debug/Stack Unit Testing Tests.DLL" adapterTypeName="Microsoft.VisualStudio.TestTools.TestTypes.Unit.UnitTestAdapter, Microsoft.VisualStudio.QualityTools.Tips.UnitTest.Adapter, Version=10.0.0.0, Culture=neutral, PublicKeyToken=b03f5f7f11d50a3a" className="Stack_Unit_Testing_Tests.StackTest, Stack Unit Testing Tests, Version=1.0.0.0, Culture=neutral, PublicKeyToken=null" name="PeekTestHelperDefault" />
    </UnitTest>
    <UnitTest name="IsEmptyTestHelperTrue" storage="e:\work\c#\stack unit testing\stack unit testing tests\bin\debug\stack unit testing tests.dll" id="12a16b75-0f11-f887-c517-beef22b149c1">
      <DeploymentItems>
        <DeploymentItem filename="Stack Unit Testing.exe" />
      </DeploymentItems>
      <Execution id="86e4a7ad-d855-4a1c-bfc4-5bf0b8b1babb" />
      <TestMethod codeBase="E:/Work/C#/Stack Unit Testing/Stack Unit Testing Tests/bin/Debug/Stack Unit Testing Tests.DLL" adapterTypeName="Microsoft.VisualStudio.TestTools.TestTypes.Unit.UnitTestAdapter, Microsoft.VisualStudio.QualityTools.Tips.UnitTest.Adapter, Version=10.0.0.0, Culture=neutral, PublicKeyToken=b03f5f7f11d50a3a" className="Stack_Unit_Testing_Tests.StackTest, Stack Unit Testing Tests, Version=1.0.0.0, Culture=neutral, PublicKeyToken=null" name="IsEmptyTestHelperTrue" />
    </UnitTest>
    <UnitTest name="IsEmptyTestHelperItemsPoppedTrue" storage="e:\work\c#\stack unit testing\stack unit testing tests\bin\debug\stack unit testing tests.dll" id="492f29e3-8fee-a77b-5d75-9fbf26e7c9dd">
      <DeploymentItems>
        <DeploymentItem filename="Stack Unit Testing.exe" />
      </DeploymentItems>
      <Execution id="1bb44b2c-d999-4170-a371-6f33a5a6079b" />
      <TestMethod codeBase="E:/Work/C#/Stack Unit Testing/Stack Unit Testing Tests/bin/Debug/Stack Unit Testing Tests.DLL" adapterTypeName="Microsoft.VisualStudio.TestTools.TestTypes.Unit.UnitTestAdapter, Microsoft.VisualStudio.QualityTools.Tips.UnitTest.Adapter, Version=10.0.0.0, Culture=neutral, PublicKeyToken=b03f5f7f11d50a3a" className="Stack_Unit_Testing_Tests.StackTest, Stack Unit Testing Tests, Version=1.0.0.0, Culture=neutral, PublicKeyToken=null" name="IsEmptyTestHelperItemsPoppedTrue" />
    </UnitTest>
  </TestDefinitions>
  <TestLists>
    <TestList name="Results Not in a List" id="8c84fa94-04c1-424b-9868-57a2d4851a1d" />
    <TestList name="All Loaded Results" id="19431567-8539-422a-85d7-44ee4e166bda" />
  </TestLists>
  <TestEntries>
    <TestEntry testId="12a16b75-0f11-f887-c517-beef22b149c1" executionId="86e4a7ad-d855-4a1c-bfc4-5bf0b8b1babb" testListId="8c84fa94-04c1-424b-9868-57a2d4851a1d" />
    <TestEntry testId="29d7a5f9-3970-194f-2682-903bcf519ef2" executionId="cdf7cf1a-b8d3-47e5-b444-969116753858" testListId="8c84fa94-04c1-424b-9868-57a2d4851a1d" />
    <TestEntry testId="30478b2b-0337-381a-a03f-215419e77da5" executionId="6a8b6d90-f624-49eb-b4a8-65fbff2e9dc3" testListId="8c84fa94-04c1-424b-9868-57a2d4851a1d" />
    <TestEntry testId="480b0ea4-f2b6-138f-8d27-f25cc30d63ce" executionId="b1dc638a-bc9b-408e-9af6-78d47584dfc9" testListId="8c84fa94-04c1-424b-9868-57a2d4851a1d" />
    <TestEntry testId="492f29e3-8fee-a77b-5d75-9fbf26e7c9dd" executionId="1bb44b2c-d999-4170-a371-6f33a5a6079b" testListId="8c84fa94-04c1-424b-9868-57a2d4851a1d" />
    <TestEntry testId="4950bc99-cc0f-a83c-85ea-438fe2a2cc4c" executionId="baea1415-7d95-49df-92a1-5af64ced3be1" testListId="8c84fa94-04c1-424b-9868-57a2d4851a1d" />
    <TestEntry testId="65690538-7b69-c615-ce70-9c6f2a87d103" executionId="9851fc7c-9d61-4af9-a869-5984b83dee0e" testListId="8c84fa94-04c1-424b-9868-57a2d4851a1d" />
    <TestEntry testId="a64e7c77-a8a1-e145-70a4-72fe1550366a" executionId="2d0dc7ad-9b0c-4115-9bcf-e75313438055" testListId="8c84fa94-04c1-424b-9868-57a2d4851a1d" />
    <TestEntry testId="a6d8d5a3-b15b-a6bf-942e-6276b5820c37" executionId="02264184-4249-48a2-9aa1-631e5f187919" testListId="8c84fa94-04c1-424b-9868-57a2d4851a1d" />
    <TestEntry testId="b5b83ddb-b301-8aa9-f517-1e900714238f" executionId="9ef34e88-0158-45ba-b17b-7abad985da33" testListId="8c84fa94-04c1-424b-9868-57a2d4851a1d" />
    <TestEntry testId="f6a16e3b-46d3-cdfb-0603-80020653299b" executionId="65b5c214-e7f8-4bda-a3d3-e911d5d94aa6" testListId="8c84fa94-04c1-424b-9868-57a2d4851a1d" />
  </TestEntries>
  <Results>
    <UnitTestResult executionId="86e4a7ad-d855-4a1c-bfc4-5bf0b8b1babb" testId="12a16b75-0f11-f887-c517-beef22b149c1" testName="IsEmptyTestHelperTrue" computerName="RNDM-PC" duration="00:00:00.0132928" startTime="2014-03-05T21:46:24.7735102+13:00" endTime="2014-03-05T21:46:24.9035166+13:00" testType="13cdc9d9-ddb5-4fa4-a97d-d965ccfc6d4b" outcome="Passed" testListId="8c84fa94-04c1-424b-9868-57a2d4851a1d" relativeResultsDirectory="86e4a7ad-d855-4a1c-bfc4-5bf0b8b1babb">
    </UnitTestResult>
    <UnitTestResult executionId="cdf7cf1a-b8d3-47e5-b444-969116753858" testId="29d7a5f9-3970-194f-2682-903bcf519ef2" testName="PeekTestHelperDefault" computerName="RNDM-PC" duration="00:00:00.0009566" startTime="2014-03-05T21:46:24.9045164+13:00" endTime="2014-03-05T21:46:24.9065513+13:00" testType="13cdc9d9-ddb5-4fa4-a97d-d965ccfc6d4b" outcome="Passed" testListId="8c84fa94-04c1-424b-9868-57a2d4851a1d" relativeResultsDirectory="cdf7cf1a-b8d3-47e5-b444-969116753858">
    </UnitTestResult>
    <UnitTestResult executionId="6a8b6d90-f624-49eb-b4a8-65fbff2e9dc3" testId="30478b2b-0337-381a-a03f-215419e77da5" testName="IsEmptyTestHelperFalse" computerName="RNDM-PC" duration="00:00:00.0002072" startTime="2014-03-05T21:46:24.9075168+13:00" endTime="2014-03-05T21:46:24.9085777+13:00" testType="13cdc9d9-ddb5-4fa4-a97d-d965ccfc6d4b" outcome="Passed" testListId="8c84fa94-04c1-424b-9868-57a2d4851a1d" relativeResultsDirectory="6a8b6d90-f624-49eb-b4a8-65fbff2e9dc3">
    </UnitTestResult>
    <UnitTestResult executionId="b1dc638a-bc9b-408e-9af6-78d47584dfc9" testId="480b0ea4-f2b6-138f-8d27-f25cc30d63ce" testName="StackConstructorTest" computerName="RNDM-PC" duration="00:00:00.0002042" startTime="2014-03-05T21:46:24.9095165+13:00" endTime="2014-03-05T21:46:24.9105503+13:00" testType="13cdc9d9-ddb5-4fa4-a97d-d965ccfc6d4b" outcome="Passed" testListId="8c84fa94-04c1-424b-9868-57a2d4851a1d" relativeResultsDirectory="b1dc638a-bc9b-408e-9af6-78d47584dfc9">
    </UnitTestResult>
    <UnitTestResult executionId="1bb44b2c-d999-4170-a371-6f33a5a6079b" testId="492f29e3-8fee-a77b-5d75-9fbf26e7c9dd" testName="IsEmptyTestHelperItemsPoppedTrue" computerName="RNDM-PC" duration="00:00:00.0006068" startTime="2014-03-05T21:46:24.9115173+13:00" endTime="2014-03-05T21:46:24.9125488+13:00" testType="13cdc9d9-ddb5-4fa4-a97d-d965ccfc6d4b" outcome="Passed" testListId="8c84fa94-04c1-424b-9868-57a2d4851a1d" relativeResultsDirectory="1bb44b2c-d999-4170-a371-6f33a5a6079b">
    </UnitTestResult>
    <UnitTestResult executionId="baea1415-7d95-49df-92a1-5af64ced3be1" testId="4950bc99-cc0f-a83c-85ea-438fe2a2cc4c" testName="PushTest" computerName="RNDM-PC" duration="00:00:00.0002926" startTime="2014-03-05T21:46:24.9135173+13:00" endTime="2014-03-05T21:46:24.9155191+13:00" testType="13cdc9d9-ddb5-4fa4-a97d-d965ccfc6d4b" outcome="Passed" testListId="8c84fa94-04c1-424b-9868-57a2d4851a1d" relativeResultsDirectory="baea1415-7d95-49df-92a1-5af64ced3be1">
    </UnitTestResult>
    <UnitTestResult executionId="9851fc7c-9d61-4af9-a869-5984b83dee0e" testId="65690538-7b69-c615-ce70-9c6f2a87d103" testName="PeekTestHelperEmptyStackTrue" computerName="RNDM-PC" duration="00:00:00.0001729" startTime="2014-03-05T21:46:24.9155191+13:00" endTime="2014-03-05T21:46:24.9175190+13:00" testType="13cdc9d9-ddb5-4fa4-a97d-d965ccfc6d4b" outcome="Passed" testListId="8c84fa94-04c1-424b-9868-57a2d4851a1d" relativeResultsDirectory="9851fc7c-9d61-4af9-a869-5984b83dee0e">
    </UnitTestResult>
    <UnitTestResult executionId="2d0dc7ad-9b0c-4115-9bcf-e75313438055" testId="a64e7c77-a8a1-e145-70a4-72fe1550366a" testName="PeekTestHelperDoesntRemoveItemTrue" computerName="RNDM-PC" duration="00:00:00.0004236" startTime="2014-03-05T21:46:24.9175190+13:00" endTime="2014-03-05T21:46:24.9195190+13:00" testType="13cdc9d9-ddb5-4fa4-a97d-d965ccfc6d4b" outcome="Passed" testListId="8c84fa94-04c1-424b-9868-57a2d4851a1d" relativeResultsDirectory="2d0dc7ad-9b0c-4115-9bcf-e75313438055">
    </UnitTestResult>
    <UnitTestResult executionId="02264184-4249-48a2-9aa1-631e5f187919" testId="a6d8d5a3-b15b-a6bf-942e-6276b5820c37" testName="PopTest" computerName="RNDM-PC" duration="00:00:00.0002865" startTime="2014-03-05T21:46:24.9195190+13:00" endTime="2014-03-05T21:46:24.9215189+13:00" testType="13cdc9d9-ddb5-4fa4-a97d-d965ccfc6d4b" outcome="Passed" testListId="8c84fa94-04c1-424b-9868-57a2d4851a1d" relativeResultsDirectory="02264184-4249-48a2-9aa1-631e5f187919">
    </UnitTestResult>
    <UnitTestResult executionId="9ef34e88-0158-45ba-b17b-7abad985da33" testId="b5b83ddb-b301-8aa9-f517-1e900714238f" testName="PushTestHelperPushTillStackIsFullException" computerName="RNDM-PC" duration="00:00:00.0039026" startTime="2014-03-05T21:46:24.9215189+13:00" endTime="2014-03-05T21:46:24.9265180+13:00" testType="13cdc9d9-ddb5-4fa4-a97d-d965ccfc6d4b" outcome="Passed" testListId="8c84fa94-04c1-424b-9868-57a2d4851a1d" relativeResultsDirectory="9ef34e88-0158-45ba-b17b-7abad985da33">
    </UnitTestResult>
    <UnitTestResult executionId="65b5c214-e7f8-4bda-a3d3-e911d5d94aa6" testId="f6a16e3b-46d3-cdfb-0603-80020653299b" testName="CountTest" computerName="RNDM-PC" duration="00:00:00.0003813" startTime="2014-03-05T21:46:24.9275179+13:00" endTime="2014-03-05T21:46:24.9295522+13:00" testType="13cdc9d9-ddb5-4fa4-a97d-d965ccfc6d4b" outcome="Passed" testListId="8c84fa94-04c1-424b-9868-57a2d4851a1d" relativeResultsDirectory="65b5c214-e7f8-4bda-a3d3-e911d5d94aa6">
    </UnitTestResult>
  </Results>
</TestRun>