<?xml version="1.0" encoding="UTF-8"?>
<TestRun id="89057840-0132-47ef-a793-de6a376ec110" name="rndm@RNDM-VM 2014-03-09 21:12:04" runUser="RNDM-VM\rndm" xmlns="http://microsoft.com/schemas/VisualStudio/TeamTest/2010">
  <TestSettings name="Local" id="ab684e55-41fe-4872-9932-1149f5004a7c">
    <Description>These are default test settings for a local test run.</Description>
    <Deployment runDeploymentRoot="rndm_RNDM-VM 2014-03-09 21_12_04">
      <DeploymentItem filename="Z:\Work\C-\Stack Unit Testing\Stack Unit Testing\bin\Debug\Stack Unit Testing.exe" />
    </Deployment>
    <Execution>
      <TestTypeSpecific>
        <UnitTestRunConfig testTypeId="13cdc9d9-ddb5-4fa4-a97d-d965ccfc6d4b">
          <AssemblyResolution>
            <TestDirectory useLoadContext="true" />
          </AssemblyResolution>
        </UnitTestRunConfig>
        <WebTestRunConfiguration testTypeId="4e7599fa-5ecb-43e9-a887-cd63cf72d207">
          <Browser name="Internet Explorer 7.0">
            <Headers>
              <Header name="User-Agent" value="Mozilla/4.0 (compatible; MSIE 7.0; Windows NT 5.1)" />
              <Header name="Accept" value="*/*" />
              <Header name="Accept-Language" value="{{$IEAcceptLanguage}}" />
              <Header name="Accept-Encoding" value="GZIP" />
            </Headers>
          </Browser>
        </WebTestRunConfiguration>
      </TestTypeSpecific>
      <AgentRule name="LocalMachineDefaultRole">
      </AgentRule>
    </Execution>
  </TestSettings>
  <Times creation="2014-03-09T21:12:04.8800332+13:00" queuing="2014-03-09T21:12:05.0949759+13:00" start="2014-03-09T21:12:05.1142271+13:00" finish="2014-03-09T21:12:05.6629697+13:00" />
  <ResultSummary outcome="Failed">
    <Counters total="23" executed="23" passed="22" error="0" failed="1" timeout="0" aborted="0" inconclusive="0" passedButRunAborted="0" notRunnable="0" notExecuted="0" disconnected="0" warning="0" completed="0" inProgress="0" pending="0" />
  </ResultSummary>
  <TestDefinitions>
    <UnitTest name="PushTestEmptyStack" storage="z:\work\c-\stack unit testing\stack unit testing tests\bin\debug\stack unit testing tests.dll" id="191a40ab-4423-431d-aa2a-72f4d5a00a72">
      <DeploymentItems>
        <DeploymentItem filename="Stack Unit Testing.exe" />
      </DeploymentItems>
      <Execution id="e72e0df4-6833-4cc9-b67d-dcb2028ba66b" />
      <TestMethod codeBase="Z:/Work/C-/Stack Unit Testing/Stack Unit Testing Tests/bin/Debug/Stack Unit Testing Tests.DLL" adapterTypeName="Microsoft.VisualStudio.TestTools.TestTypes.Unit.UnitTestAdapter, Microsoft.VisualStudio.QualityTools.Tips.UnitTest.Adapter, Version=10.0.0.0, Culture=neutral, PublicKeyToken=b03f5f7f11d50a3a" className="Stack_Unit_Testing_Tests.StackTest, Stack Unit Testing Tests, Version=1.0.0.0, Culture=neutral, PublicKeyToken=null" name="PushTestEmptyStack" />
    </UnitTest>
    <UnitTest name="StackConstructorTestInt" storage="z:\work\c-\stack unit testing\stack unit testing tests\bin\debug\stack unit testing tests.dll" id="f32f5769-b613-09c1-73f2-5e3fc8469d55">
      <DeploymentItems>
        <DeploymentItem filename="Stack Unit Testing.exe" />
      </DeploymentItems>
      <Execution id="7a93dc9a-1f7c-4d83-96ee-113d3c749799" />
      <TestMethod codeBase="Z:/Work/C-/Stack Unit Testing/Stack Unit Testing Tests/bin/Debug/Stack Unit Testing Tests.DLL" adapterTypeName="Microsoft.VisualStudio.TestTools.TestTypes.Unit.UnitTestAdapter, Microsoft.VisualStudio.QualityTools.Tips.UnitTest.Adapter, Version=10.0.0.0, Culture=neutral, PublicKeyToken=b03f5f7f11d50a3a" className="Stack_Unit_Testing_Tests.StackTest, Stack Unit Testing Tests, Version=1.0.0.0, Culture=neutral, PublicKeyToken=null" name="StackConstructorTestInt" />
    </UnitTest>
    <UnitTest name="PeekTestFullStack" storage="z:\work\c-\stack unit testing\stack unit testing tests\bin\debug\stack unit testing tests.dll" id="7fc471fb-1bdb-a100-f4a2-cad93ff0122c">
      <DeploymentItems>
        <DeploymentItem filename="Stack Unit Testing.exe" />
      </DeploymentItems>
      <Execution id="cd8dfbb0-9071-44d3-ac59-d942d312e48a" />
      <TestMethod codeBase="Z:/Work/C-/Stack Unit Testing/Stack Unit Testing Tests/bin/Debug/Stack Unit Testing Tests.DLL" adapterTypeName="Microsoft.VisualStudio.TestTools.TestTypes.Unit.UnitTestAdapter, Microsoft.VisualStudio.QualityTools.Tips.UnitTest.Adapter, Version=10.0.0.0, Culture=neutral, PublicKeyToken=b03f5f7f11d50a3a" className="Stack_Unit_Testing_Tests.StackTest, Stack Unit Testing Tests, Version=1.0.0.0, Culture=neutral, PublicKeyToken=null" name="PeekTestFullStack" />
    </UnitTest>
    <UnitTest name="CountTestEmptyStack" storage="z:\work\c-\stack unit testing\stack unit testing tests\bin\debug\stack unit testing tests.dll" id="820c65c9-3833-e6b0-bb49-8afe247a01bb">
      <DeploymentItems>
        <DeploymentItem filename="Stack Unit Testing.exe" />
      </DeploymentItems>
      <Execution id="3b22cc03-2953-4a66-9aea-0bd087c7da38" />
      <TestMethod codeBase="Z:/Work/C-/Stack Unit Testing/Stack Unit Testing Tests/bin/Debug/Stack Unit Testing Tests.DLL" adapterTypeName="Microsoft.VisualStudio.TestTools.TestTypes.Unit.UnitTestAdapter, Microsoft.VisualStudio.QualityTools.Tips.UnitTest.Adapter, Version=10.0.0.0, Culture=neutral, PublicKeyToken=b03f5f7f11d50a3a" className="Stack_Unit_Testing_Tests.StackTest, Stack Unit Testing Tests, Version=1.0.0.0, Culture=neutral, PublicKeyToken=null" name="CountTestEmptyStack" />
    </UnitTest>
    <UnitTest name="IsEmptyTestStackEmpty" storage="z:\work\c-\stack unit testing\stack unit testing tests\bin\debug\stack unit testing tests.dll" id="61e1c6ab-3d6a-0658-7312-ea878f4b1bc3">
      <DeploymentItems>
        <DeploymentItem filename="Stack Unit Testing.exe" />
      </DeploymentItems>
      <Execution id="1df1998d-32f7-479a-ad77-3aee213c86ae" />
      <TestMethod codeBase="Z:/Work/C-/Stack Unit Testing/Stack Unit Testing Tests/bin/Debug/Stack Unit Testing Tests.DLL" adapterTypeName="Microsoft.VisualStudio.TestTools.TestTypes.Unit.UnitTestAdapter, Microsoft.VisualStudio.QualityTools.Tips.UnitTest.Adapter, Version=10.0.0.0, Culture=neutral, PublicKeyToken=b03f5f7f11d50a3a" className="Stack_Unit_Testing_Tests.StackTest, Stack Unit Testing Tests, Version=1.0.0.0, Culture=neutral, PublicKeyToken=null" name="IsEmptyTestStackEmpty" />
    </UnitTest>
    <UnitTest name="PeekTestCheckDoesntRemoveItem" storage="z:\work\c-\stack unit testing\stack unit testing tests\bin\debug\stack unit testing tests.dll" id="3410c63c-7184-40ea-224e-b18bdcd38d3c">
      <DeploymentItems>
        <DeploymentItem filename="Stack Unit Testing.exe" />
      </DeploymentItems>
      <Execution id="ceb500f3-f3d9-4e13-8d2a-7198786a49f6" />
      <TestMethod codeBase="Z:/Work/C-/Stack Unit Testing/Stack Unit Testing Tests/bin/Debug/Stack Unit Testing Tests.DLL" adapterTypeName="Microsoft.VisualStudio.TestTools.TestTypes.Unit.UnitTestAdapter, Microsoft.VisualStudio.QualityTools.Tips.UnitTest.Adapter, Version=10.0.0.0, Culture=neutral, PublicKeyToken=b03f5f7f11d50a3a" className="Stack_Unit_Testing_Tests.StackTest, Stack Unit Testing Tests, Version=1.0.0.0, Culture=neutral, PublicKeyToken=null" name="PeekTestCheckDoesntRemoveItem" />
    </UnitTest>
    <UnitTest name="CountTestDefault" storage="z:\work\c-\stack unit testing\stack unit testing tests\bin\debug\stack unit testing tests.dll" id="6ebd3136-4d71-3c7c-96c2-a536d4b45671">
      <DeploymentItems>
        <DeploymentItem filename="Stack Unit Testing.exe" />
      </DeploymentItems>
      <Execution id="b292802f-b09e-43f8-9137-fcc530759a0a" />
      <TestMethod codeBase="Z:/Work/C-/Stack Unit Testing/Stack Unit Testing Tests/bin/Debug/Stack Unit Testing Tests.DLL" adapterTypeName="Microsoft.VisualStudio.TestTools.TestTypes.Unit.UnitTestAdapter, Microsoft.VisualStudio.QualityTools.Tips.UnitTest.Adapter, Version=10.0.0.0, Culture=neutral, PublicKeyToken=b03f5f7f11d50a3a" className="Stack_Unit_Testing_Tests.StackTest, Stack Unit Testing Tests, Version=1.0.0.0, Culture=neutral, PublicKeyToken=null" name="CountTestDefault" />
    </UnitTest>
    <UnitTest name="IsEmptyTestAfterItemsPopped" storage="z:\work\c-\stack unit testing\stack unit testing tests\bin\debug\stack unit testing tests.dll" id="5e258829-cc77-e96d-b472-cbc97488bf7e">
      <DeploymentItems>
        <DeploymentItem filename="Stack Unit Testing.exe" />
      </DeploymentItems>
      <Execution id="f5000c27-4782-40ba-a7a2-ac7d9d7d75f0" />
      <TestMethod codeBase="Z:/Work/C-/Stack Unit Testing/Stack Unit Testing Tests/bin/Debug/Stack Unit Testing Tests.DLL" adapterTypeName="Microsoft.VisualStudio.TestTools.TestTypes.Unit.UnitTestAdapter, Microsoft.VisualStudio.QualityTools.Tips.UnitTest.Adapter, Version=10.0.0.0, Culture=neutral, PublicKeyToken=b03f5f7f11d50a3a" className="Stack_Unit_Testing_Tests.StackTest, Stack Unit Testing Tests, Version=1.0.0.0, Culture=neutral, PublicKeyToken=null" name="IsEmptyTestAfterItemsPopped" />
    </UnitTest>
    <UnitTest name="PeekTestEmptyStack" storage="z:\work\c-\stack unit testing\stack unit testing tests\bin\debug\stack unit testing tests.dll" id="5acfe1ea-6f45-add4-d3f4-173f208845e1">
      <DeploymentItems>
        <DeploymentItem filename="Stack Unit Testing.exe" />
      </DeploymentItems>
      <Execution id="38a96c12-df72-4778-95e1-5c60c0e8f5cd" />
      <TestMethod codeBase="Z:/Work/C-/Stack Unit Testing/Stack Unit Testing Tests/bin/Debug/Stack Unit Testing Tests.DLL" adapterTypeName="Microsoft.VisualStudio.TestTools.TestTypes.Unit.UnitTestAdapter, Microsoft.VisualStudio.QualityTools.Tips.UnitTest.Adapter, Version=10.0.0.0, Culture=neutral, PublicKeyToken=b03f5f7f11d50a3a" className="Stack_Unit_Testing_Tests.StackTest, Stack Unit Testing Tests, Version=1.0.0.0, Culture=neutral, PublicKeyToken=null" name="PeekTestEmptyStack" />
    </UnitTest>
    <UnitTest name="PopTestFullStack" storage="z:\work\c-\stack unit testing\stack unit testing tests\bin\debug\stack unit testing tests.dll" id="8df35220-232b-2878-7d78-b522bb84d71c">
      <DeploymentItems>
        <DeploymentItem filename="Stack Unit Testing.exe" />
      </DeploymentItems>
      <Execution id="a53ad2a7-64fd-4a47-a73a-fc88115d8410" />
      <TestMethod codeBase="Z:/Work/C-/Stack Unit Testing/Stack Unit Testing Tests/bin/Debug/Stack Unit Testing Tests.DLL" adapterTypeName="Microsoft.VisualStudio.TestTools.TestTypes.Unit.UnitTestAdapter, Microsoft.VisualStudio.QualityTools.Tips.UnitTest.Adapter, Version=10.0.0.0, Culture=neutral, PublicKeyToken=b03f5f7f11d50a3a" className="Stack_Unit_Testing_Tests.StackTest, Stack Unit Testing Tests, Version=1.0.0.0, Culture=neutral, PublicKeyToken=null" name="PopTestFullStack" />
    </UnitTest>
    <UnitTest name="PopTestEmptyStack" storage="z:\work\c-\stack unit testing\stack unit testing tests\bin\debug\stack unit testing tests.dll" id="44ee2b87-7353-582f-c9be-19c3ef4480b9">
      <DeploymentItems>
        <DeploymentItem filename="Stack Unit Testing.exe" />
      </DeploymentItems>
      <Execution id="99101be4-1126-481c-ae7a-457c19fdd136" />
      <TestMethod codeBase="Z:/Work/C-/Stack Unit Testing/Stack Unit Testing Tests/bin/Debug/Stack Unit Testing Tests.DLL" adapterTypeName="Microsoft.VisualStudio.TestTools.TestTypes.Unit.UnitTestAdapter, Microsoft.VisualStudio.QualityTools.Tips.UnitTest.Adapter, Version=10.0.0.0, Culture=neutral, PublicKeyToken=b03f5f7f11d50a3a" className="Stack_Unit_Testing_Tests.StackTest, Stack Unit Testing Tests, Version=1.0.0.0, Culture=neutral, PublicKeyToken=null" name="PopTestEmptyStack" />
    </UnitTest>
    <UnitTest name="PopTestDefault" storage="z:\work\c-\stack unit testing\stack unit testing tests\bin\debug\stack unit testing tests.dll" id="e38817d2-8ab1-b8ee-2b1a-ae48d2250d61">
      <DeploymentItems>
        <DeploymentItem filename="Stack Unit Testing.exe" />
      </DeploymentItems>
      <Execution id="54d2e959-9ced-4ed1-b6ca-ae0d214929fc" />
      <TestMethod codeBase="Z:/Work/C-/Stack Unit Testing/Stack Unit Testing Tests/bin/Debug/Stack Unit Testing Tests.DLL" adapterTypeName="Microsoft.VisualStudio.TestTools.TestTypes.Unit.UnitTestAdapter, Microsoft.VisualStudio.QualityTools.Tips.UnitTest.Adapter, Version=10.0.0.0, Culture=neutral, PublicKeyToken=b03f5f7f11d50a3a" className="Stack_Unit_Testing_Tests.StackTest, Stack Unit Testing Tests, Version=1.0.0.0, Culture=neutral, PublicKeyToken=null" name="PopTestDefault" />
    </UnitTest>
    <UnitTest name="IsEmptyTestAfterFillingStackThenPoppingStack" storage="z:\work\c-\stack unit testing\stack unit testing tests\bin\debug\stack unit testing tests.dll" id="e5535dc2-7316-e1a1-30d2-d3ba312de76b">
      <DeploymentItems>
        <DeploymentItem filename="Stack Unit Testing.exe" />
      </DeploymentItems>
      <Execution id="cec4b000-2340-440d-8757-54be645c0fd9" />
      <TestMethod codeBase="Z:/Work/C-/Stack Unit Testing/Stack Unit Testing Tests/bin/Debug/Stack Unit Testing Tests.DLL" adapterTypeName="Microsoft.VisualStudio.TestTools.TestTypes.Unit.UnitTestAdapter, Microsoft.VisualStudio.QualityTools.Tips.UnitTest.Adapter, Version=10.0.0.0, Culture=neutral, PublicKeyToken=b03f5f7f11d50a3a" className="Stack_Unit_Testing_Tests.StackTest, Stack Unit Testing Tests, Version=1.0.0.0, Culture=neutral, PublicKeyToken=null" name="IsEmptyTestAfterFillingStackThenPoppingStack" />
    </UnitTest>
    <UnitTest name="CountTestFullStack" storage="z:\work\c-\stack unit testing\stack unit testing tests\bin\debug\stack unit testing tests.dll" id="4048ccfa-25fd-673c-3d3f-3fe1e5c1ac1c">
      <DeploymentItems>
        <DeploymentItem filename="Stack Unit Testing.exe" />
      </DeploymentItems>
      <Execution id="46d41688-3594-4223-8c22-638cbe619453" />
      <TestMethod codeBase="Z:/Work/C-/Stack Unit Testing/Stack Unit Testing Tests/bin/Debug/Stack Unit Testing Tests.DLL" adapterTypeName="Microsoft.VisualStudio.TestTools.TestTypes.Unit.UnitTestAdapter, Microsoft.VisualStudio.QualityTools.Tips.UnitTest.Adapter, Version=10.0.0.0, Culture=neutral, PublicKeyToken=b03f5f7f11d50a3a" className="Stack_Unit_Testing_Tests.StackTest, Stack Unit Testing Tests, Version=1.0.0.0, Culture=neutral, PublicKeyToken=null" name="CountTestFullStack" />
    </UnitTest>
    <UnitTest name="PopTestFullNullStack" storage="z:\work\c-\stack unit testing\stack unit testing tests\bin\debug\stack unit testing tests.dll" id="04a3547c-fbd0-7b1c-cefb-711b8011586c">
      <DeploymentItems>
        <DeploymentItem filename="Stack Unit Testing.exe" />
      </DeploymentItems>
      <Execution id="ee092bf4-a803-4f2b-a742-5a2489239713" />
      <TestMethod codeBase="Z:/Work/C-/Stack Unit Testing/Stack Unit Testing Tests/bin/Debug/Stack Unit Testing Tests.DLL" adapterTypeName="Microsoft.VisualStudio.TestTools.TestTypes.Unit.UnitTestAdapter, Microsoft.VisualStudio.QualityTools.Tips.UnitTest.Adapter, Version=10.0.0.0, Culture=neutral, PublicKeyToken=b03f5f7f11d50a3a" className="Stack_Unit_Testing_Tests.StackTest, Stack Unit Testing Tests, Version=1.0.0.0, Culture=neutral, PublicKeyToken=null" name="PopTestFullNullStack" />
    </UnitTest>
    <UnitTest name="IsEmptyTestStackHasItem" storage="z:\work\c-\stack unit testing\stack unit testing tests\bin\debug\stack unit testing tests.dll" id="88237b91-80b2-6cb4-d6aa-be7ec347b5c2">
      <DeploymentItems>
        <DeploymentItem filename="Stack Unit Testing.exe" />
      </DeploymentItems>
      <Execution id="8f7f625f-ee04-4afd-a21b-56ad4e544a5c" />
      <TestMethod codeBase="Z:/Work/C-/Stack Unit Testing/Stack Unit Testing Tests/bin/Debug/Stack Unit Testing Tests.DLL" adapterTypeName="Microsoft.VisualStudio.TestTools.TestTypes.Unit.UnitTestAdapter, Microsoft.VisualStudio.QualityTools.Tips.UnitTest.Adapter, Version=10.0.0.0, Culture=neutral, PublicKeyToken=b03f5f7f11d50a3a" className="Stack_Unit_Testing_Tests.StackTest, Stack Unit Testing Tests, Version=1.0.0.0, Culture=neutral, PublicKeyToken=null" name="IsEmptyTestStackHasItem" />
    </UnitTest>
    <UnitTest name="PeekTestHelperDefault" storage="z:\work\c-\stack unit testing\stack unit testing tests\bin\debug\stack unit testing tests.dll" id="29d7a5f9-3970-194f-2682-903bcf519ef2">
      <DeploymentItems>
        <DeploymentItem filename="Stack Unit Testing.exe" />
      </DeploymentItems>
      <Execution id="8e442ae3-a286-48a9-b682-81d9998878a7" />
      <TestMethod codeBase="Z:/Work/C-/Stack Unit Testing/Stack Unit Testing Tests/bin/Debug/Stack Unit Testing Tests.DLL" adapterTypeName="Microsoft.VisualStudio.TestTools.TestTypes.Unit.UnitTestAdapter, Microsoft.VisualStudio.QualityTools.Tips.UnitTest.Adapter, Version=10.0.0.0, Culture=neutral, PublicKeyToken=b03f5f7f11d50a3a" className="Stack_Unit_Testing_Tests.StackTest, Stack Unit Testing Tests, Version=1.0.0.0, Culture=neutral, PublicKeyToken=null" name="PeekTestHelperDefault" />
    </UnitTest>
    <UnitTest name="PopTestEmptyStackThenPush" storage="z:\work\c-\stack unit testing\stack unit testing tests\bin\debug\stack unit testing tests.dll" id="1422b94e-4575-c4b8-584e-a8452e706be7">
      <DeploymentItems>
        <DeploymentItem filename="Stack Unit Testing.exe" />
      </DeploymentItems>
      <Execution id="a8ed5bfb-6475-49d9-bc71-44d539a57c8c" />
      <TestMethod codeBase="Z:/Work/C-/Stack Unit Testing/Stack Unit Testing Tests/bin/Debug/Stack Unit Testing Tests.DLL" adapterTypeName="Microsoft.VisualStudio.TestTools.TestTypes.Unit.UnitTestAdapter, Microsoft.VisualStudio.QualityTools.Tips.UnitTest.Adapter, Version=10.0.0.0, Culture=neutral, PublicKeyToken=b03f5f7f11d50a3a" className="Stack_Unit_Testing_Tests.StackTest, Stack Unit Testing Tests, Version=1.0.0.0, Culture=neutral, PublicKeyToken=null" name="PopTestEmptyStackThenPush" />
    </UnitTest>
    <UnitTest name="PopTestEmptyStackMultipleTimes" storage="z:\work\c-\stack unit testing\stack unit testing tests\bin\debug\stack unit testing tests.dll" id="2092c165-ea5b-bef2-a186-abe14a38f351">
      <DeploymentItems>
        <DeploymentItem filename="Stack Unit Testing.exe" />
      </DeploymentItems>
      <Execution id="edfabef0-1f2d-42c2-85de-48dac12c6c27" />
      <TestMethod codeBase="Z:/Work/C-/Stack Unit Testing/Stack Unit Testing Tests/bin/Debug/Stack Unit Testing Tests.DLL" adapterTypeName="Microsoft.VisualStudio.TestTools.TestTypes.Unit.UnitTestAdapter, Microsoft.VisualStudio.QualityTools.Tips.UnitTest.Adapter, Version=10.0.0.0, Culture=neutral, PublicKeyToken=b03f5f7f11d50a3a" className="Stack_Unit_Testing_Tests.StackTest, Stack Unit Testing Tests, Version=1.0.0.0, Culture=neutral, PublicKeyToken=null" name="PopTestEmptyStackMultipleTimes" />
    </UnitTest>
    <UnitTest name="PushTestFillStackWithStringArray" storage="z:\work\c-\stack unit testing\stack unit testing tests\bin\debug\stack unit testing tests.dll" id="07509e84-617b-ccec-1f9c-c0515e2b0b8a">
      <DeploymentItems>
        <DeploymentItem filename="Stack Unit Testing.exe" />
      </DeploymentItems>
      <Execution id="ea738a35-b0aa-4971-89e0-893989aae04f" />
      <TestMethod codeBase="Z:/Work/C-/Stack Unit Testing/Stack Unit Testing Tests/bin/Debug/Stack Unit Testing Tests.DLL" adapterTypeName="Microsoft.VisualStudio.TestTools.TestTypes.Unit.UnitTestAdapter, Microsoft.VisualStudio.QualityTools.Tips.UnitTest.Adapter, Version=10.0.0.0, Culture=neutral, PublicKeyToken=b03f5f7f11d50a3a" className="Stack_Unit_Testing_Tests.StackTest, Stack Unit Testing Tests, Version=1.0.0.0, Culture=neutral, PublicKeyToken=null" name="PushTestFillStackWithStringArray" />
    </UnitTest>
    <UnitTest name="StackConstructorTestString" storage="z:\work\c-\stack unit testing\stack unit testing tests\bin\debug\stack unit testing tests.dll" id="6bb811b9-d4dc-2204-d9cf-46d1889ab054">
      <DeploymentItems>
        <DeploymentItem filename="Stack Unit Testing.exe" />
      </DeploymentItems>
      <Execution id="4a656013-f96d-4c32-a4e1-5ea8d627f064" />
      <TestMethod codeBase="Z:/Work/C-/Stack Unit Testing/Stack Unit Testing Tests/bin/Debug/Stack Unit Testing Tests.DLL" adapterTypeName="Microsoft.VisualStudio.TestTools.TestTypes.Unit.UnitTestAdapter, Microsoft.VisualStudio.QualityTools.Tips.UnitTest.Adapter, Version=10.0.0.0, Culture=neutral, PublicKeyToken=b03f5f7f11d50a3a" className="Stack_Unit_Testing_Tests.StackTest, Stack Unit Testing Tests, Version=1.0.0.0, Culture=neutral, PublicKeyToken=null" name="StackConstructorTestString" />
    </UnitTest>
    <UnitTest name="PushTestPushStackIsFullException" storage="z:\work\c-\stack unit testing\stack unit testing tests\bin\debug\stack unit testing tests.dll" id="6e2d0e9e-99e5-4678-fb3c-5436cacf6e8d">
      <Execution id="d9f55c22-2561-40af-9c50-22f22dbc619b" />
      <TestMethod codeBase="Z:/Work/C-/Stack Unit Testing/Stack Unit Testing Tests/bin/Debug/Stack Unit Testing Tests.DLL" adapterTypeName="Microsoft.VisualStudio.TestTools.TestTypes.Unit.UnitTestAdapter, Microsoft.VisualStudio.QualityTools.Tips.UnitTest.Adapter, Version=10.0.0.0, Culture=neutral, PublicKeyToken=b03f5f7f11d50a3a" className="Stack_Unit_Testing_Tests.StackTest, Stack Unit Testing Tests, Version=1.0.0.0, Culture=neutral, PublicKeyToken=null" name="PushTestPushStackIsFullException" />
    </UnitTest>
    <UnitTest name="PushTestItemsInStack" storage="z:\work\c-\stack unit testing\stack unit testing tests\bin\debug\stack unit testing tests.dll" id="3a5b2cbc-24e5-5729-ebec-48dd90e9eb17">
      <DeploymentItems>
        <DeploymentItem filename="Stack Unit Testing.exe" />
      </DeploymentItems>
      <Execution id="af22667e-36cc-4a11-b165-7acc28d5ef5c" />
      <TestMethod codeBase="Z:/Work/C-/Stack Unit Testing/Stack Unit Testing Tests/bin/Debug/Stack Unit Testing Tests.DLL" adapterTypeName="Microsoft.VisualStudio.TestTools.TestTypes.Unit.UnitTestAdapter, Microsoft.VisualStudio.QualityTools.Tips.UnitTest.Adapter, Version=10.0.0.0, Culture=neutral, PublicKeyToken=b03f5f7f11d50a3a" className="Stack_Unit_Testing_Tests.StackTest, Stack Unit Testing Tests, Version=1.0.0.0, Culture=neutral, PublicKeyToken=null" name="PushTestItemsInStack" />
    </UnitTest>
  </TestDefinitions>
  <TestLists>
    <TestList name="Results Not in a List" id="8c84fa94-04c1-424b-9868-57a2d4851a1d" />
    <TestList name="All Loaded Results" id="19431567-8539-422a-85d7-44ee4e166bda" />
  </TestLists>
  <TestEntries>
    <TestEntry testId="04a3547c-fbd0-7b1c-cefb-711b8011586c" executionId="ee092bf4-a803-4f2b-a742-5a2489239713" testListId="8c84fa94-04c1-424b-9868-57a2d4851a1d" />
    <TestEntry testId="07509e84-617b-ccec-1f9c-c0515e2b0b8a" executionId="ea738a35-b0aa-4971-89e0-893989aae04f" testListId="8c84fa94-04c1-424b-9868-57a2d4851a1d" />
    <TestEntry testId="1422b94e-4575-c4b8-584e-a8452e706be7" executionId="a8ed5bfb-6475-49d9-bc71-44d539a57c8c" testListId="8c84fa94-04c1-424b-9868-57a2d4851a1d" />
    <TestEntry testId="191a40ab-4423-431d-aa2a-72f4d5a00a72" executionId="e72e0df4-6833-4cc9-b67d-dcb2028ba66b" testListId="8c84fa94-04c1-424b-9868-57a2d4851a1d" />
    <TestEntry testId="2092c165-ea5b-bef2-a186-abe14a38f351" executionId="edfabef0-1f2d-42c2-85de-48dac12c6c27" testListId="8c84fa94-04c1-424b-9868-57a2d4851a1d" />
    <TestEntry testId="29d7a5f9-3970-194f-2682-903bcf519ef2" executionId="8e442ae3-a286-48a9-b682-81d9998878a7" testListId="8c84fa94-04c1-424b-9868-57a2d4851a1d" />
    <TestEntry testId="3410c63c-7184-40ea-224e-b18bdcd38d3c" executionId="ceb500f3-f3d9-4e13-8d2a-7198786a49f6" testListId="8c84fa94-04c1-424b-9868-57a2d4851a1d" />
    <TestEntry testId="3a5b2cbc-24e5-5729-ebec-48dd90e9eb17" executionId="af22667e-36cc-4a11-b165-7acc28d5ef5c" testListId="8c84fa94-04c1-424b-9868-57a2d4851a1d" />
    <TestEntry testId="4048ccfa-25fd-673c-3d3f-3fe1e5c1ac1c" executionId="46d41688-3594-4223-8c22-638cbe619453" testListId="8c84fa94-04c1-424b-9868-57a2d4851a1d" />
    <TestEntry testId="44ee2b87-7353-582f-c9be-19c3ef4480b9" executionId="99101be4-1126-481c-ae7a-457c19fdd136" testListId="8c84fa94-04c1-424b-9868-57a2d4851a1d" />
    <TestEntry testId="5acfe1ea-6f45-add4-d3f4-173f208845e1" executionId="38a96c12-df72-4778-95e1-5c60c0e8f5cd" testListId="8c84fa94-04c1-424b-9868-57a2d4851a1d" />
    <TestEntry testId="5e258829-cc77-e96d-b472-cbc97488bf7e" executionId="f5000c27-4782-40ba-a7a2-ac7d9d7d75f0" testListId="8c84fa94-04c1-424b-9868-57a2d4851a1d" />
    <TestEntry testId="61e1c6ab-3d6a-0658-7312-ea878f4b1bc3" executionId="1df1998d-32f7-479a-ad77-3aee213c86ae" testListId="8c84fa94-04c1-424b-9868-57a2d4851a1d" />
    <TestEntry testId="6bb811b9-d4dc-2204-d9cf-46d1889ab054" executionId="4a656013-f96d-4c32-a4e1-5ea8d627f064" testListId="8c84fa94-04c1-424b-9868-57a2d4851a1d" />
    <TestEntry testId="6e2d0e9e-99e5-4678-fb3c-5436cacf6e8d" executionId="d9f55c22-2561-40af-9c50-22f22dbc619b" testListId="8c84fa94-04c1-424b-9868-57a2d4851a1d" />
    <TestEntry testId="6ebd3136-4d71-3c7c-96c2-a536d4b45671" executionId="b292802f-b09e-43f8-9137-fcc530759a0a" testListId="8c84fa94-04c1-424b-9868-57a2d4851a1d" />
    <TestEntry testId="7fc471fb-1bdb-a100-f4a2-cad93ff0122c" executionId="cd8dfbb0-9071-44d3-ac59-d942d312e48a" testListId="8c84fa94-04c1-424b-9868-57a2d4851a1d" />
    <TestEntry testId="820c65c9-3833-e6b0-bb49-8afe247a01bb" executionId="3b22cc03-2953-4a66-9aea-0bd087c7da38" testListId="8c84fa94-04c1-424b-9868-57a2d4851a1d" />
    <TestEntry testId="88237b91-80b2-6cb4-d6aa-be7ec347b5c2" executionId="8f7f625f-ee04-4afd-a21b-56ad4e544a5c" testListId="8c84fa94-04c1-424b-9868-57a2d4851a1d" />
    <TestEntry testId="8df35220-232b-2878-7d78-b522bb84d71c" executionId="a53ad2a7-64fd-4a47-a73a-fc88115d8410" testListId="8c84fa94-04c1-424b-9868-57a2d4851a1d" />
    <TestEntry testId="e38817d2-8ab1-b8ee-2b1a-ae48d2250d61" executionId="54d2e959-9ced-4ed1-b6ca-ae0d214929fc" testListId="8c84fa94-04c1-424b-9868-57a2d4851a1d" />
    <TestEntry testId="e5535dc2-7316-e1a1-30d2-d3ba312de76b" executionId="cec4b000-2340-440d-8757-54be645c0fd9" testListId="8c84fa94-04c1-424b-9868-57a2d4851a1d" />
    <TestEntry testId="f32f5769-b613-09c1-73f2-5e3fc8469d55" executionId="7a93dc9a-1f7c-4d83-96ee-113d3c749799" testListId="8c84fa94-04c1-424b-9868-57a2d4851a1d" />
  </TestEntries>
  <Results>
    <UnitTestResult executionId="ee092bf4-a803-4f2b-a742-5a2489239713" testId="04a3547c-fbd0-7b1c-cefb-711b8011586c" testName="PopTestFullNullStack" computerName="RNDM-VM" duration="00:00:00.0898882" startTime="2014-03-09T21:12:05.1249715+13:00" endTime="2014-03-09T21:12:05.4099902+13:00" testType="13cdc9d9-ddb5-4fa4-a97d-d965ccfc6d4b" outcome="Failed" testListId="8c84fa94-04c1-424b-9868-57a2d4851a1d" relativeResultsDirectory="ee092bf4-a803-4f2b-a742-5a2489239713">
      <Output>
        <ErrorInfo>
          <Message>Assert.AreEqual failed. Expected:&lt;4&gt;. Actual:&lt;0&gt;. </Message>
          <StackTrace>   at Stack_Unit_Testing_Tests.StackTest.PopTestFullNullStack() in Z:\Work\C-\Stack Unit Testing\Stack Unit Testing Tests\StackTest.cs:line 358
</StackTrace>
        </ErrorInfo>
      </Output>
    </UnitTestResult>
    <UnitTestResult executionId="ea738a35-b0aa-4971-89e0-893989aae04f" testId="07509e84-617b-ccec-1f9c-c0515e2b0b8a" testName="PushTestFillStackWithStringArray" computerName="RNDM-VM" duration="00:00:00.0007248" startTime="2014-03-09T21:12:05.4129749+13:00" endTime="2014-03-09T21:12:05.4189739+13:00" testType="13cdc9d9-ddb5-4fa4-a97d-d965ccfc6d4b" outcome="Passed" testListId="8c84fa94-04c1-424b-9868-57a2d4851a1d" relativeResultsDirectory="ea738a35-b0aa-4971-89e0-893989aae04f">
    </UnitTestResult>
    <UnitTestResult executionId="a8ed5bfb-6475-49d9-bc71-44d539a57c8c" testId="1422b94e-4575-c4b8-584e-a8452e706be7" testName="PopTestEmptyStackThenPush" computerName="RNDM-VM" duration="00:00:00.0013182" startTime="2014-03-09T21:12:05.4219743+13:00" endTime="2014-03-09T21:12:05.4259732+13:00" testType="13cdc9d9-ddb5-4fa4-a97d-d965ccfc6d4b" outcome="Passed" testListId="8c84fa94-04c1-424b-9868-57a2d4851a1d" relativeResultsDirectory="a8ed5bfb-6475-49d9-bc71-44d539a57c8c">
    </UnitTestResult>
    <UnitTestResult executionId="e72e0df4-6833-4cc9-b67d-dcb2028ba66b" testId="191a40ab-4423-431d-aa2a-72f4d5a00a72" testName="PushTestEmptyStack" computerName="RNDM-VM" duration="00:00:00.0003416" startTime="2014-03-09T21:12:05.4289709+13:00" endTime="2014-03-09T21:12:05.4330237+13:00" testType="13cdc9d9-ddb5-4fa4-a97d-d965ccfc6d4b" outcome="Passed" testListId="8c84fa94-04c1-424b-9868-57a2d4851a1d" relativeResultsDirectory="e72e0df4-6833-4cc9-b67d-dcb2028ba66b">
    </UnitTestResult>
    <UnitTestResult executionId="edfabef0-1f2d-42c2-85de-48dac12c6c27" testId="2092c165-ea5b-bef2-a186-abe14a38f351" testName="PopTestEmptyStackMultipleTimes" computerName="RNDM-VM" duration="00:00:00.0002948" startTime="2014-03-09T21:12:05.4349710+13:00" endTime="2014-03-09T21:12:05.4380413+13:00" testType="13cdc9d9-ddb5-4fa4-a97d-d965ccfc6d4b" outcome="Passed" testListId="8c84fa94-04c1-424b-9868-57a2d4851a1d" relativeResultsDirectory="edfabef0-1f2d-42c2-85de-48dac12c6c27">
    </UnitTestResult>
    <UnitTestResult executionId="8e442ae3-a286-48a9-b682-81d9998878a7" testId="29d7a5f9-3970-194f-2682-903bcf519ef2" testName="PeekTestHelperDefault" computerName="RNDM-VM" duration="00:00:00.0007372" startTime="2014-03-09T21:12:05.4409759+13:00" endTime="2014-03-09T21:12:05.4460716+13:00" testType="13cdc9d9-ddb5-4fa4-a97d-d965ccfc6d4b" outcome="Passed" testListId="8c84fa94-04c1-424b-9868-57a2d4851a1d" relativeResultsDirectory="8e442ae3-a286-48a9-b682-81d9998878a7">
    </UnitTestResult>
    <UnitTestResult executionId="ceb500f3-f3d9-4e13-8d2a-7198786a49f6" testId="3410c63c-7184-40ea-224e-b18bdcd38d3c" testName="PeekTestCheckDoesntRemoveItem" computerName="RNDM-VM" duration="00:00:00.0004823" startTime="2014-03-09T21:12:05.4489776+13:00" endTime="2014-03-09T21:12:05.4529745+13:00" testType="13cdc9d9-ddb5-4fa4-a97d-d965ccfc6d4b" outcome="Passed" testListId="8c84fa94-04c1-424b-9868-57a2d4851a1d" relativeResultsDirectory="ceb500f3-f3d9-4e13-8d2a-7198786a49f6">
    </UnitTestResult>
    <UnitTestResult executionId="af22667e-36cc-4a11-b165-7acc28d5ef5c" testId="3a5b2cbc-24e5-5729-ebec-48dd90e9eb17" testName="PushTestItemsInStack" computerName="RNDM-VM" duration="00:00:00.0004171" startTime="2014-03-09T21:12:05.4549729+13:00" endTime="2014-03-09T21:12:05.4589837+13:00" testType="13cdc9d9-ddb5-4fa4-a97d-d965ccfc6d4b" outcome="Passed" testListId="8c84fa94-04c1-424b-9868-57a2d4851a1d" relativeResultsDirectory="af22667e-36cc-4a11-b165-7acc28d5ef5c">
    </UnitTestResult>
    <UnitTestResult executionId="46d41688-3594-4223-8c22-638cbe619453" testId="4048ccfa-25fd-673c-3d3f-3fe1e5c1ac1c" testName="CountTestFullStack" computerName="RNDM-VM" duration="00:00:00.0005583" startTime="2014-03-09T21:12:05.4609714+13:00" endTime="2014-03-09T21:12:05.4640299+13:00" testType="13cdc9d9-ddb5-4fa4-a97d-d965ccfc6d4b" outcome="Passed" testListId="8c84fa94-04c1-424b-9868-57a2d4851a1d" relativeResultsDirectory="46d41688-3594-4223-8c22-638cbe619453">
    </UnitTestResult>
    <UnitTestResult executionId="99101be4-1126-481c-ae7a-457c19fdd136" testId="44ee2b87-7353-582f-c9be-19c3ef4480b9" testName="PopTestEmptyStack" computerName="RNDM-VM" duration="00:00:00.0003923" startTime="2014-03-09T21:12:05.4669709+13:00" endTime="2014-03-09T21:12:05.4699901+13:00" testType="13cdc9d9-ddb5-4fa4-a97d-d965ccfc6d4b" outcome="Passed" testListId="8c84fa94-04c1-424b-9868-57a2d4851a1d" relativeResultsDirectory="99101be4-1126-481c-ae7a-457c19fdd136">
    </UnitTestResult>
    <UnitTestResult executionId="38a96c12-df72-4778-95e1-5c60c0e8f5cd" testId="5acfe1ea-6f45-add4-d3f4-173f208845e1" testName="PeekTestEmptyStack" computerName="RNDM-VM" duration="00:00:00.0003497" startTime="2014-03-09T21:12:05.4729710+13:00" endTime="2014-03-09T21:12:05.4769819+13:00" testType="13cdc9d9-ddb5-4fa4-a97d-d965ccfc6d4b" outcome="Passed" testListId="8c84fa94-04c1-424b-9868-57a2d4851a1d" relativeResultsDirectory="38a96c12-df72-4778-95e1-5c60c0e8f5cd">
    </UnitTestResult>
    <UnitTestResult executionId="f5000c27-4782-40ba-a7a2-ac7d9d7d75f0" testId="5e258829-cc77-e96d-b472-cbc97488bf7e" testName="IsEmptyTestAfterItemsPopped" computerName="RNDM-VM" duration="00:00:00.0011910" startTime="2014-03-09T21:12:05.4789733+13:00" endTime="2014-03-09T21:12:05.4840022+13:00" testType="13cdc9d9-ddb5-4fa4-a97d-d965ccfc6d4b" outcome="Passed" testListId="8c84fa94-04c1-424b-9868-57a2d4851a1d" relativeResultsDirectory="f5000c27-4782-40ba-a7a2-ac7d9d7d75f0">
    </UnitTestResult>
    <UnitTestResult executionId="1df1998d-32f7-479a-ad77-3aee213c86ae" testId="61e1c6ab-3d6a-0658-7312-ea878f4b1bc3" testName="IsEmptyTestStackEmpty" computerName="RNDM-VM" duration="00:00:00.0005621" startTime="2014-03-09T21:12:05.4869766+13:00" endTime="2014-03-09T21:12:05.4920061+13:00" testType="13cdc9d9-ddb5-4fa4-a97d-d965ccfc6d4b" outcome="Passed" testListId="8c84fa94-04c1-424b-9868-57a2d4851a1d" relativeResultsDirectory="1df1998d-32f7-479a-ad77-3aee213c86ae">
    </UnitTestResult>
    <UnitTestResult executionId="4a656013-f96d-4c32-a4e1-5ea8d627f064" testId="6bb811b9-d4dc-2204-d9cf-46d1889ab054" testName="StackConstructorTestString" computerName="RNDM-VM" duration="00:00:00.0004845" startTime="2014-03-09T21:12:05.4959743+13:00" endTime="2014-03-09T21:12:05.5020122+13:00" testType="13cdc9d9-ddb5-4fa4-a97d-d965ccfc6d4b" outcome="Passed" testListId="8c84fa94-04c1-424b-9868-57a2d4851a1d" relativeResultsDirectory="4a656013-f96d-4c32-a4e1-5ea8d627f064">
    </UnitTestResult>
    <UnitTestResult executionId="d9f55c22-2561-40af-9c50-22f22dbc619b" testId="6e2d0e9e-99e5-4678-fb3c-5436cacf6e8d" testName="PushTestPushStackIsFullException" computerName="RNDM-VM" duration="00:00:00.0271020" startTime="2014-03-09T21:12:05.5039723+13:00" endTime="2014-03-09T21:12:05.5409737+13:00" testType="13cdc9d9-ddb5-4fa4-a97d-d965ccfc6d4b" outcome="Passed" testListId="8c84fa94-04c1-424b-9868-57a2d4851a1d" relativeResultsDirectory="d9f55c22-2561-40af-9c50-22f22dbc619b">
    </UnitTestResult>
    <UnitTestResult executionId="b292802f-b09e-43f8-9137-fcc530759a0a" testId="6ebd3136-4d71-3c7c-96c2-a536d4b45671" testName="CountTestDefault" computerName="RNDM-VM" duration="00:00:00.0008908" startTime="2014-03-09T21:12:05.5469732+13:00" endTime="2014-03-09T21:12:05.5539758+13:00" testType="13cdc9d9-ddb5-4fa4-a97d-d965ccfc6d4b" outcome="Passed" testListId="8c84fa94-04c1-424b-9868-57a2d4851a1d" relativeResultsDirectory="b292802f-b09e-43f8-9137-fcc530759a0a">
    </UnitTestResult>
    <UnitTestResult executionId="cd8dfbb0-9071-44d3-ac59-d942d312e48a" testId="7fc471fb-1bdb-a100-f4a2-cad93ff0122c" testName="PeekTestFullStack" computerName="RNDM-VM" duration="00:00:00.0012783" startTime="2014-03-09T21:12:05.5579726+13:00" endTime="2014-03-09T21:12:05.5650042+13:00" testType="13cdc9d9-ddb5-4fa4-a97d-d965ccfc6d4b" outcome="Passed" testListId="8c84fa94-04c1-424b-9868-57a2d4851a1d" relativeResultsDirectory="cd8dfbb0-9071-44d3-ac59-d942d312e48a">
    </UnitTestResult>
    <UnitTestResult executionId="3b22cc03-2953-4a66-9aea-0bd087c7da38" testId="820c65c9-3833-e6b0-bb49-8afe247a01bb" testName="CountTestEmptyStack" computerName="RNDM-VM" duration="00:00:00.0004758" startTime="2014-03-09T21:12:05.5679744+13:00" endTime="2014-03-09T21:12:05.5739788+13:00" testType="13cdc9d9-ddb5-4fa4-a97d-d965ccfc6d4b" outcome="Passed" testListId="8c84fa94-04c1-424b-9868-57a2d4851a1d" relativeResultsDirectory="3b22cc03-2953-4a66-9aea-0bd087c7da38">
    </UnitTestResult>
    <UnitTestResult executionId="8f7f625f-ee04-4afd-a21b-56ad4e544a5c" testId="88237b91-80b2-6cb4-d6aa-be7ec347b5c2" testName="IsEmptyTestStackHasItem" computerName="RNDM-VM" duration="00:00:00.0004430" startTime="2014-03-09T21:12:05.5779724+13:00" endTime="2014-03-09T21:12:05.5819789+13:00" testType="13cdc9d9-ddb5-4fa4-a97d-d965ccfc6d4b" outcome="Passed" testListId="8c84fa94-04c1-424b-9868-57a2d4851a1d" relativeResultsDirectory="8f7f625f-ee04-4afd-a21b-56ad4e544a5c">
    </UnitTestResult>
    <UnitTestResult executionId="a53ad2a7-64fd-4a47-a73a-fc88115d8410" testId="8df35220-232b-2878-7d78-b522bb84d71c" testName="PopTestFullStack" computerName="RNDM-VM" duration="00:00:00.0005044" startTime="2014-03-09T21:12:05.5849695+13:00" endTime="2014-03-09T21:12:05.5890095+13:00" testType="13cdc9d9-ddb5-4fa4-a97d-d965ccfc6d4b" outcome="Passed" testListId="8c84fa94-04c1-424b-9868-57a2d4851a1d" relativeResultsDirectory="a53ad2a7-64fd-4a47-a73a-fc88115d8410">
    </UnitTestResult>
    <UnitTestResult executionId="54d2e959-9ced-4ed1-b6ca-ae0d214929fc" testId="e38817d2-8ab1-b8ee-2b1a-ae48d2250d61" testName="PopTestDefault" computerName="RNDM-VM" duration="00:00:00.0004936" startTime="2014-03-09T21:12:05.5909712+13:00" endTime="2014-03-09T21:12:05.5949912+13:00" testType="13cdc9d9-ddb5-4fa4-a97d-d965ccfc6d4b" outcome="Passed" testListId="8c84fa94-04c1-424b-9868-57a2d4851a1d" relativeResultsDirectory="54d2e959-9ced-4ed1-b6ca-ae0d214929fc">
    </UnitTestResult>
    <UnitTestResult executionId="cec4b000-2340-440d-8757-54be645c0fd9" testId="e5535dc2-7316-e1a1-30d2-d3ba312de76b" testName="IsEmptyTestAfterFillingStackThenPoppingStack" computerName="RNDM-VM" duration="00:00:00.0006111" startTime="2014-03-09T21:12:05.5979722+13:00" endTime="2014-03-09T21:12:05.6010221+13:00" testType="13cdc9d9-ddb5-4fa4-a97d-d965ccfc6d4b" outcome="Passed" testListId="8c84fa94-04c1-424b-9868-57a2d4851a1d" relativeResultsDirectory="cec4b000-2340-440d-8757-54be645c0fd9">
    </UnitTestResult>
    <UnitTestResult executionId="7a93dc9a-1f7c-4d83-96ee-113d3c749799" testId="f32f5769-b613-09c1-73f2-5e3fc8469d55" testName="StackConstructorTestInt" computerName="RNDM-VM" duration="00:00:00.0010590" startTime="2014-03-09T21:12:05.6039852+13:00" endTime="2014-03-09T21:12:05.6080602+13:00" testType="13cdc9d9-ddb5-4fa4-a97d-d965ccfc6d4b" outcome="Passed" testListId="8c84fa94-04c1-424b-9868-57a2d4851a1d" relativeResultsDirectory="7a93dc9a-1f7c-4d83-96ee-113d3c749799">
    </UnitTestResult>
  </Results>
</TestRun>