<?xml version="1.0" encoding="UTF-8"?>
<TestRun id="aabc75cd-a895-49f6-94a4-c1b443cf051f" name="rNdm@RNDM-LAPTOP 2014-03-06 08:58:43" runUser="RNDM-LAPTOP\rNdm" xmlns="http://microsoft.com/schemas/VisualStudio/TeamTest/2010">
  <TestSettings name="Local" id="ab684e55-41fe-4872-9932-1149f5004a7c">
    <Description>These are default test settings for a local test run.</Description>
    <Deployment runDeploymentRoot="rNdm_RNDM-LAPTOP 2014-03-06 08_58_43">
      <DeploymentItem filename="C:\Users\rNdm\Work\C-\Stack Unit Testing\Stack Unit Testing\bin\Debug\Stack Unit Testing.exe" />
    </Deployment>
    <Execution>
      <TestTypeSpecific>
        <UnitTestRunConfig testTypeId="13cdc9d9-ddb5-4fa4-a97d-d965ccfc6d4b">
          <AssemblyResolution>
            <TestDirectory useLoadContext="true" />
          </AssemblyResolution>
        </UnitTestRunConfig>
        <WebTestRunConfiguration testTypeId="4e7599fa-5ecb-43e9-a887-cd63cf72d207">
          <Browser name="Internet Explorer 7.0">
            <Headers>
              <Header name="User-Agent" value="Mozilla/4.0 (compatible; MSIE 7.0; Windows NT 5.1)" />
              <Header name="Accept" value="*/*" />
              <Header name="Accept-Language" value="{{$IEAcceptLanguage}}" />
              <Header name="Accept-Encoding" value="GZIP" />
            </Headers>
          </Browser>
        </WebTestRunConfiguration>
      </TestTypeSpecific>
      <AgentRule name="LocalMachineDefaultRole">
      </AgentRule>
    </Execution>
  </TestSettings>
  <Times creation="2014-03-06T08:58:43.8611812+13:00" queuing="2014-03-06T08:58:45.9017229+13:00" start="2014-03-06T08:58:45.9107286+13:00" finish="2014-03-06T08:58:46.2349452+13:00" />
  <ResultSummary outcome="Completed">
    <Counters total="20" executed="20" passed="20" error="0" failed="0" timeout="0" aborted="0" inconclusive="0" passedButRunAborted="0" notRunnable="0" notExecuted="0" disconnected="0" warning="0" completed="0" inProgress="0" pending="0" />
  </ResultSummary>
  <TestDefinitions>
    <UnitTest name="PushTestEmptyStack" storage="c:\users\rndm\work\c-\stack unit testing\stack unit testing tests\bin\debug\stack unit testing tests.dll" id="191a40ab-4423-431d-aa2a-72f4d5a00a72">
      <DeploymentItems>
        <DeploymentItem filename="Stack Unit Testing.exe" />
      </DeploymentItems>
      <Execution id="89c0eba4-0d4a-4ec3-b195-469f0a387a59" />
      <TestMethod codeBase="C:/Users/rNdm/Work/C-/Stack Unit Testing/Stack Unit Testing Tests/bin/Debug/Stack Unit Testing Tests.DLL" adapterTypeName="Microsoft.VisualStudio.TestTools.TestTypes.Unit.UnitTestAdapter, Microsoft.VisualStudio.QualityTools.Tips.UnitTest.Adapter, Version=10.0.0.0, Culture=neutral, PublicKeyToken=b03f5f7f11d50a3a" className="Stack_Unit_Testing_Tests.StackTest, Stack Unit Testing Tests, Version=1.0.0.0, Culture=neutral, PublicKeyToken=null" name="PushTestEmptyStack" />
    </UnitTest>
    <UnitTest name="PeekTestFullStack" storage="c:\users\rndm\work\c-\stack unit testing\stack unit testing tests\bin\debug\stack unit testing tests.dll" id="7fc471fb-1bdb-a100-f4a2-cad93ff0122c">
      <DeploymentItems>
        <DeploymentItem filename="Stack Unit Testing.exe" />
      </DeploymentItems>
      <Execution id="8c43d3fb-ecf3-422c-b051-421e752b88e4" />
      <TestMethod codeBase="C:/Users/rNdm/Work/C-/Stack Unit Testing/Stack Unit Testing Tests/bin/Debug/Stack Unit Testing Tests.DLL" adapterTypeName="Microsoft.VisualStudio.TestTools.TestTypes.Unit.UnitTestAdapter, Microsoft.VisualStudio.QualityTools.Tips.UnitTest.Adapter, Version=10.0.0.0, Culture=neutral, PublicKeyToken=b03f5f7f11d50a3a" className="Stack_Unit_Testing_Tests.StackTest, Stack Unit Testing Tests, Version=1.0.0.0, Culture=neutral, PublicKeyToken=null" name="PeekTestFullStack" />
    </UnitTest>
    <UnitTest name="CountTestEmptyStack" storage="c:\users\rndm\work\c-\stack unit testing\stack unit testing tests\bin\debug\stack unit testing tests.dll" id="820c65c9-3833-e6b0-bb49-8afe247a01bb">
      <DeploymentItems>
        <DeploymentItem filename="Stack Unit Testing.exe" />
      </DeploymentItems>
      <Execution id="887236e5-e8e3-42ae-8793-9782005b8637" />
      <TestMethod codeBase="C:/Users/rNdm/Work/C-/Stack Unit Testing/Stack Unit Testing Tests/bin/Debug/Stack Unit Testing Tests.DLL" adapterTypeName="Microsoft.VisualStudio.TestTools.TestTypes.Unit.UnitTestAdapter, Microsoft.VisualStudio.QualityTools.Tips.UnitTest.Adapter, Version=10.0.0.0, Culture=neutral, PublicKeyToken=b03f5f7f11d50a3a" className="Stack_Unit_Testing_Tests.StackTest, Stack Unit Testing Tests, Version=1.0.0.0, Culture=neutral, PublicKeyToken=null" name="CountTestEmptyStack" />
    </UnitTest>
    <UnitTest name="PeekTestCheckDoesntRemoveItem" storage="c:\users\rndm\work\c-\stack unit testing\stack unit testing tests\bin\debug\stack unit testing tests.dll" id="3410c63c-7184-40ea-224e-b18bdcd38d3c">
      <DeploymentItems>
        <DeploymentItem filename="Stack Unit Testing.exe" />
      </DeploymentItems>
      <Execution id="916f0060-2a15-4222-b3bd-773695b5ddef" />
      <TestMethod codeBase="C:/Users/rNdm/Work/C-/Stack Unit Testing/Stack Unit Testing Tests/bin/Debug/Stack Unit Testing Tests.DLL" adapterTypeName="Microsoft.VisualStudio.TestTools.TestTypes.Unit.UnitTestAdapter, Microsoft.VisualStudio.QualityTools.Tips.UnitTest.Adapter, Version=10.0.0.0, Culture=neutral, PublicKeyToken=b03f5f7f11d50a3a" className="Stack_Unit_Testing_Tests.StackTest, Stack Unit Testing Tests, Version=1.0.0.0, Culture=neutral, PublicKeyToken=null" name="PeekTestCheckDoesntRemoveItem" />
    </UnitTest>
    <UnitTest name="CountTestDefault" storage="c:\users\rndm\work\c-\stack unit testing\stack unit testing tests\bin\debug\stack unit testing tests.dll" id="6ebd3136-4d71-3c7c-96c2-a536d4b45671">
      <DeploymentItems>
        <DeploymentItem filename="Stack Unit Testing.exe" />
      </DeploymentItems>
      <Execution id="253a9310-b51e-40aa-b62d-0f717868362f" />
      <TestMethod codeBase="C:/Users/rNdm/Work/C-/Stack Unit Testing/Stack Unit Testing Tests/bin/Debug/Stack Unit Testing Tests.DLL" adapterTypeName="Microsoft.VisualStudio.TestTools.TestTypes.Unit.UnitTestAdapter, Microsoft.VisualStudio.QualityTools.Tips.UnitTest.Adapter, Version=10.0.0.0, Culture=neutral, PublicKeyToken=b03f5f7f11d50a3a" className="Stack_Unit_Testing_Tests.StackTest, Stack Unit Testing Tests, Version=1.0.0.0, Culture=neutral, PublicKeyToken=null" name="CountTestDefault" />
    </UnitTest>
    <UnitTest name="IsEmptyTestAfterItemsPopped" storage="c:\users\rndm\work\c-\stack unit testing\stack unit testing tests\bin\debug\stack unit testing tests.dll" id="5e258829-cc77-e96d-b472-cbc97488bf7e">
      <DeploymentItems>
        <DeploymentItem filename="Stack Unit Testing.exe" />
      </DeploymentItems>
      <Execution id="95f3f2de-41ff-4480-9549-a686c7779f2e" />
      <TestMethod codeBase="C:/Users/rNdm/Work/C-/Stack Unit Testing/Stack Unit Testing Tests/bin/Debug/Stack Unit Testing Tests.DLL" adapterTypeName="Microsoft.VisualStudio.TestTools.TestTypes.Unit.UnitTestAdapter, Microsoft.VisualStudio.QualityTools.Tips.UnitTest.Adapter, Version=10.0.0.0, Culture=neutral, PublicKeyToken=b03f5f7f11d50a3a" className="Stack_Unit_Testing_Tests.StackTest, Stack Unit Testing Tests, Version=1.0.0.0, Culture=neutral, PublicKeyToken=null" name="IsEmptyTestAfterItemsPopped" />
    </UnitTest>
    <UnitTest name="PeekTestEmptyStack" storage="c:\users\rndm\work\c-\stack unit testing\stack unit testing tests\bin\debug\stack unit testing tests.dll" id="5acfe1ea-6f45-add4-d3f4-173f208845e1">
      <DeploymentItems>
        <DeploymentItem filename="Stack Unit Testing.exe" />
      </DeploymentItems>
      <Execution id="1dc196e6-4f29-4300-8238-667611045ef5" />
      <TestMethod codeBase="C:/Users/rNdm/Work/C-/Stack Unit Testing/Stack Unit Testing Tests/bin/Debug/Stack Unit Testing Tests.DLL" adapterTypeName="Microsoft.VisualStudio.TestTools.TestTypes.Unit.UnitTestAdapter, Microsoft.VisualStudio.QualityTools.Tips.UnitTest.Adapter, Version=10.0.0.0, Culture=neutral, PublicKeyToken=b03f5f7f11d50a3a" className="Stack_Unit_Testing_Tests.StackTest, Stack Unit Testing Tests, Version=1.0.0.0, Culture=neutral, PublicKeyToken=null" name="PeekTestEmptyStack" />
    </UnitTest>
    <UnitTest name="PopTestFullStack" storage="c:\users\rndm\work\c-\stack unit testing\stack unit testing tests\bin\debug\stack unit testing tests.dll" id="8df35220-232b-2878-7d78-b522bb84d71c">
      <DeploymentItems>
        <DeploymentItem filename="Stack Unit Testing.exe" />
      </DeploymentItems>
      <Execution id="fbe16af6-75a8-425b-9647-24054f47de5e" />
      <TestMethod codeBase="C:/Users/rNdm/Work/C-/Stack Unit Testing/Stack Unit Testing Tests/bin/Debug/Stack Unit Testing Tests.DLL" adapterTypeName="Microsoft.VisualStudio.TestTools.TestTypes.Unit.UnitTestAdapter, Microsoft.VisualStudio.QualityTools.Tips.UnitTest.Adapter, Version=10.0.0.0, Culture=neutral, PublicKeyToken=b03f5f7f11d50a3a" className="Stack_Unit_Testing_Tests.StackTest, Stack Unit Testing Tests, Version=1.0.0.0, Culture=neutral, PublicKeyToken=null" name="PopTestFullStack" />
    </UnitTest>
    <UnitTest name="PopTestEmptyStack" storage="c:\users\rndm\work\c-\stack unit testing\stack unit testing tests\bin\debug\stack unit testing tests.dll" id="44ee2b87-7353-582f-c9be-19c3ef4480b9">
      <DeploymentItems>
        <DeploymentItem filename="Stack Unit Testing.exe" />
      </DeploymentItems>
      <Execution id="f640a0ab-2ae4-4f29-81a6-8d1329bd4dae" />
      <TestMethod codeBase="C:/Users/rNdm/Work/C-/Stack Unit Testing/Stack Unit Testing Tests/bin/Debug/Stack Unit Testing Tests.DLL" adapterTypeName="Microsoft.VisualStudio.TestTools.TestTypes.Unit.UnitTestAdapter, Microsoft.VisualStudio.QualityTools.Tips.UnitTest.Adapter, Version=10.0.0.0, Culture=neutral, PublicKeyToken=b03f5f7f11d50a3a" className="Stack_Unit_Testing_Tests.StackTest, Stack Unit Testing Tests, Version=1.0.0.0, Culture=neutral, PublicKeyToken=null" name="PopTestEmptyStack" />
    </UnitTest>
    <UnitTest name="PopTestDefault" storage="c:\users\rndm\work\c-\stack unit testing\stack unit testing tests\bin\debug\stack unit testing tests.dll" id="e38817d2-8ab1-b8ee-2b1a-ae48d2250d61">
      <DeploymentItems>
        <DeploymentItem filename="Stack Unit Testing.exe" />
      </DeploymentItems>
      <Execution id="ba3d5ab6-5914-480b-a410-1bea4c56d537" />
      <TestMethod codeBase="C:/Users/rNdm/Work/C-/Stack Unit Testing/Stack Unit Testing Tests/bin/Debug/Stack Unit Testing Tests.DLL" adapterTypeName="Microsoft.VisualStudio.TestTools.TestTypes.Unit.UnitTestAdapter, Microsoft.VisualStudio.QualityTools.Tips.UnitTest.Adapter, Version=10.0.0.0, Culture=neutral, PublicKeyToken=b03f5f7f11d50a3a" className="Stack_Unit_Testing_Tests.StackTest, Stack Unit Testing Tests, Version=1.0.0.0, Culture=neutral, PublicKeyToken=null" name="PopTestDefault" />
    </UnitTest>
    <UnitTest name="IsEmptyTestAfterFillingStackThenPoppingStack" storage="c:\users\rndm\work\c-\stack unit testing\stack unit testing tests\bin\debug\stack unit testing tests.dll" id="e5535dc2-7316-e1a1-30d2-d3ba312de76b">
      <DeploymentItems>
        <DeploymentItem filename="Stack Unit Testing.exe" />
      </DeploymentItems>
      <Execution id="608cdc72-4e0f-4df7-8f5b-f0122eadb08a" />
      <TestMethod codeBase="C:/Users/rNdm/Work/C-/Stack Unit Testing/Stack Unit Testing Tests/bin/Debug/Stack Unit Testing Tests.DLL" adapterTypeName="Microsoft.VisualStudio.TestTools.TestTypes.Unit.UnitTestAdapter, Microsoft.VisualStudio.QualityTools.Tips.UnitTest.Adapter, Version=10.0.0.0, Culture=neutral, PublicKeyToken=b03f5f7f11d50a3a" className="Stack_Unit_Testing_Tests.StackTest, Stack Unit Testing Tests, Version=1.0.0.0, Culture=neutral, PublicKeyToken=null" name="IsEmptyTestAfterFillingStackThenPoppingStack" />
    </UnitTest>
    <UnitTest name="CountTestFullStack" storage="c:\users\rndm\work\c-\stack unit testing\stack unit testing tests\bin\debug\stack unit testing tests.dll" id="4048ccfa-25fd-673c-3d3f-3fe1e5c1ac1c">
      <DeploymentItems>
        <DeploymentItem filename="Stack Unit Testing.exe" />
      </DeploymentItems>
      <Execution id="335efa7f-44f6-4ba3-816a-67e9a20335ff" />
      <TestMethod codeBase="C:/Users/rNdm/Work/C-/Stack Unit Testing/Stack Unit Testing Tests/bin/Debug/Stack Unit Testing Tests.DLL" adapterTypeName="Microsoft.VisualStudio.TestTools.TestTypes.Unit.UnitTestAdapter, Microsoft.VisualStudio.QualityTools.Tips.UnitTest.Adapter, Version=10.0.0.0, Culture=neutral, PublicKeyToken=b03f5f7f11d50a3a" className="Stack_Unit_Testing_Tests.StackTest, Stack Unit Testing Tests, Version=1.0.0.0, Culture=neutral, PublicKeyToken=null" name="CountTestFullStack" />
    </UnitTest>
    <UnitTest name="StackConstructorTest" storage="c:\users\rndm\work\c-\stack unit testing\stack unit testing tests\bin\debug\stack unit testing tests.dll" id="480b0ea4-f2b6-138f-8d27-f25cc30d63ce">
      <DeploymentItems>
        <DeploymentItem filename="Stack Unit Testing.exe" />
      </DeploymentItems>
      <Execution id="2b704fb8-de67-47a4-babe-04f7e0bddd3b" />
      <TestMethod codeBase="C:/Users/rNdm/Work/C-/Stack Unit Testing/Stack Unit Testing Tests/bin/Debug/Stack Unit Testing Tests.DLL" adapterTypeName="Microsoft.VisualStudio.TestTools.TestTypes.Unit.UnitTestAdapter, Microsoft.VisualStudio.QualityTools.Tips.UnitTest.Adapter, Version=10.0.0.0, Culture=neutral, PublicKeyToken=b03f5f7f11d50a3a" className="Stack_Unit_Testing_Tests.StackTest, Stack Unit Testing Tests, Version=1.0.0.0, Culture=neutral, PublicKeyToken=null" name="StackConstructorTest" />
    </UnitTest>
    <UnitTest name="IsEmptyTestStackHasItem" storage="c:\users\rndm\work\c-\stack unit testing\stack unit testing tests\bin\debug\stack unit testing tests.dll" id="88237b91-80b2-6cb4-d6aa-be7ec347b5c2">
      <DeploymentItems>
        <DeploymentItem filename="Stack Unit Testing.exe" />
      </DeploymentItems>
      <Execution id="650dcda0-7b4a-4abc-8d4a-37ecd2a3d1ba" />
      <TestMethod codeBase="C:/Users/rNdm/Work/C-/Stack Unit Testing/Stack Unit Testing Tests/bin/Debug/Stack Unit Testing Tests.DLL" adapterTypeName="Microsoft.VisualStudio.TestTools.TestTypes.Unit.UnitTestAdapter, Microsoft.VisualStudio.QualityTools.Tips.UnitTest.Adapter, Version=10.0.0.0, Culture=neutral, PublicKeyToken=b03f5f7f11d50a3a" className="Stack_Unit_Testing_Tests.StackTest, Stack Unit Testing Tests, Version=1.0.0.0, Culture=neutral, PublicKeyToken=null" name="IsEmptyTestStackHasItem" />
    </UnitTest>
    <UnitTest name="PeekTestHelperDefault" storage="c:\users\rndm\work\c-\stack unit testing\stack unit testing tests\bin\debug\stack unit testing tests.dll" id="29d7a5f9-3970-194f-2682-903bcf519ef2">
      <DeploymentItems>
        <DeploymentItem filename="Stack Unit Testing.exe" />
      </DeploymentItems>
      <Execution id="274542b9-c257-4e8c-b9c1-88ddb6a1e4ff" />
      <TestMethod codeBase="C:/Users/rNdm/Work/C-/Stack Unit Testing/Stack Unit Testing Tests/bin/Debug/Stack Unit Testing Tests.DLL" adapterTypeName="Microsoft.VisualStudio.TestTools.TestTypes.Unit.UnitTestAdapter, Microsoft.VisualStudio.QualityTools.Tips.UnitTest.Adapter, Version=10.0.0.0, Culture=neutral, PublicKeyToken=b03f5f7f11d50a3a" className="Stack_Unit_Testing_Tests.StackTest, Stack Unit Testing Tests, Version=1.0.0.0, Culture=neutral, PublicKeyToken=null" name="PeekTestHelperDefault" />
    </UnitTest>
    <UnitTest name="PopTestEmptyStackThenPush" storage="c:\users\rndm\work\c-\stack unit testing\stack unit testing tests\bin\debug\stack unit testing tests.dll" id="1422b94e-4575-c4b8-584e-a8452e706be7">
      <DeploymentItems>
        <DeploymentItem filename="Stack Unit Testing.exe" />
      </DeploymentItems>
      <Execution id="2f15de1d-d853-420e-b10a-7dcb1e6ad710" />
      <TestMethod codeBase="C:/Users/rNdm/Work/C-/Stack Unit Testing/Stack Unit Testing Tests/bin/Debug/Stack Unit Testing Tests.DLL" adapterTypeName="Microsoft.VisualStudio.TestTools.TestTypes.Unit.UnitTestAdapter, Microsoft.VisualStudio.QualityTools.Tips.UnitTest.Adapter, Version=10.0.0.0, Culture=neutral, PublicKeyToken=b03f5f7f11d50a3a" className="Stack_Unit_Testing_Tests.StackTest, Stack Unit Testing Tests, Version=1.0.0.0, Culture=neutral, PublicKeyToken=null" name="PopTestEmptyStackThenPush" />
    </UnitTest>
    <UnitTest name="PopTestEmptyStackMultipleTimes" storage="c:\users\rndm\work\c-\stack unit testing\stack unit testing tests\bin\debug\stack unit testing tests.dll" id="2092c165-ea5b-bef2-a186-abe14a38f351">
      <DeploymentItems>
        <DeploymentItem filename="Stack Unit Testing.exe" />
      </DeploymentItems>
      <Execution id="0401db79-9366-46d2-a174-11e6b8c6ad9a" />
      <TestMethod codeBase="C:/Users/rNdm/Work/C-/Stack Unit Testing/Stack Unit Testing Tests/bin/Debug/Stack Unit Testing Tests.DLL" adapterTypeName="Microsoft.VisualStudio.TestTools.TestTypes.Unit.UnitTestAdapter, Microsoft.VisualStudio.QualityTools.Tips.UnitTest.Adapter, Version=10.0.0.0, Culture=neutral, PublicKeyToken=b03f5f7f11d50a3a" className="Stack_Unit_Testing_Tests.StackTest, Stack Unit Testing Tests, Version=1.0.0.0, Culture=neutral, PublicKeyToken=null" name="PopTestEmptyStackMultipleTimes" />
    </UnitTest>
    <UnitTest name="IsEmptyTestStackEmpty" storage="c:\users\rndm\work\c-\stack unit testing\stack unit testing tests\bin\debug\stack unit testing tests.dll" id="61e1c6ab-3d6a-0658-7312-ea878f4b1bc3">
      <DeploymentItems>
        <DeploymentItem filename="Stack Unit Testing.exe" />
      </DeploymentItems>
      <Execution id="e1e38206-634f-44f1-9afa-fd2976cd09f3" />
      <TestMethod codeBase="C:/Users/rNdm/Work/C-/Stack Unit Testing/Stack Unit Testing Tests/bin/Debug/Stack Unit Testing Tests.DLL" adapterTypeName="Microsoft.VisualStudio.TestTools.TestTypes.Unit.UnitTestAdapter, Microsoft.VisualStudio.QualityTools.Tips.UnitTest.Adapter, Version=10.0.0.0, Culture=neutral, PublicKeyToken=b03f5f7f11d50a3a" className="Stack_Unit_Testing_Tests.StackTest, Stack Unit Testing Tests, Version=1.0.0.0, Culture=neutral, PublicKeyToken=null" name="IsEmptyTestStackEmpty" />
    </UnitTest>
    <UnitTest name="PushTestPushStackIsFullException" storage="c:\users\rndm\work\c-\stack unit testing\stack unit testing tests\bin\debug\stack unit testing tests.dll" id="6e2d0e9e-99e5-4678-fb3c-5436cacf6e8d">
      <Execution id="6d51c1b3-c1d5-46db-921b-01a934a334da" />
      <TestMethod codeBase="C:/Users/rNdm/Work/C-/Stack Unit Testing/Stack Unit Testing Tests/bin/Debug/Stack Unit Testing Tests.DLL" adapterTypeName="Microsoft.VisualStudio.TestTools.TestTypes.Unit.UnitTestAdapter, Microsoft.VisualStudio.QualityTools.Tips.UnitTest.Adapter, Version=10.0.0.0, Culture=neutral, PublicKeyToken=b03f5f7f11d50a3a" className="Stack_Unit_Testing_Tests.StackTest, Stack Unit Testing Tests, Version=1.0.0.0, Culture=neutral, PublicKeyToken=null" name="PushTestPushStackIsFullException" />
    </UnitTest>
    <UnitTest name="PushTestItemsInStack" storage="c:\users\rndm\work\c-\stack unit testing\stack unit testing tests\bin\debug\stack unit testing tests.dll" id="3a5b2cbc-24e5-5729-ebec-48dd90e9eb17">
      <DeploymentItems>
        <DeploymentItem filename="Stack Unit Testing.exe" />
      </DeploymentItems>
      <Execution id="55dec581-9d8c-4e90-b03b-3f2353f94ccc" />
      <TestMethod codeBase="C:/Users/rNdm/Work/C-/Stack Unit Testing/Stack Unit Testing Tests/bin/Debug/Stack Unit Testing Tests.DLL" adapterTypeName="Microsoft.VisualStudio.TestTools.TestTypes.Unit.UnitTestAdapter, Microsoft.VisualStudio.QualityTools.Tips.UnitTest.Adapter, Version=10.0.0.0, Culture=neutral, PublicKeyToken=b03f5f7f11d50a3a" className="Stack_Unit_Testing_Tests.StackTest, Stack Unit Testing Tests, Version=1.0.0.0, Culture=neutral, PublicKeyToken=null" name="PushTestItemsInStack" />
    </UnitTest>
  </TestDefinitions>
  <TestLists>
    <TestList name="Results Not in a List" id="8c84fa94-04c1-424b-9868-57a2d4851a1d" />
    <TestList name="All Loaded Results" id="19431567-8539-422a-85d7-44ee4e166bda" />
  </TestLists>
  <TestEntries>
    <TestEntry testId="1422b94e-4575-c4b8-584e-a8452e706be7" executionId="2f15de1d-d853-420e-b10a-7dcb1e6ad710" testListId="8c84fa94-04c1-424b-9868-57a2d4851a1d" />
    <TestEntry testId="191a40ab-4423-431d-aa2a-72f4d5a00a72" executionId="89c0eba4-0d4a-4ec3-b195-469f0a387a59" testListId="8c84fa94-04c1-424b-9868-57a2d4851a1d" />
    <TestEntry testId="2092c165-ea5b-bef2-a186-abe14a38f351" executionId="0401db79-9366-46d2-a174-11e6b8c6ad9a" testListId="8c84fa94-04c1-424b-9868-57a2d4851a1d" />
    <TestEntry testId="29d7a5f9-3970-194f-2682-903bcf519ef2" executionId="274542b9-c257-4e8c-b9c1-88ddb6a1e4ff" testListId="8c84fa94-04c1-424b-9868-57a2d4851a1d" />
    <TestEntry testId="3410c63c-7184-40ea-224e-b18bdcd38d3c" executionId="916f0060-2a15-4222-b3bd-773695b5ddef" testListId="8c84fa94-04c1-424b-9868-57a2d4851a1d" />
    <TestEntry testId="3a5b2cbc-24e5-5729-ebec-48dd90e9eb17" executionId="55dec581-9d8c-4e90-b03b-3f2353f94ccc" testListId="8c84fa94-04c1-424b-9868-57a2d4851a1d" />
    <TestEntry testId="4048ccfa-25fd-673c-3d3f-3fe1e5c1ac1c" executionId="335efa7f-44f6-4ba3-816a-67e9a20335ff" testListId="8c84fa94-04c1-424b-9868-57a2d4851a1d" />
    <TestEntry testId="44ee2b87-7353-582f-c9be-19c3ef4480b9" executionId="f640a0ab-2ae4-4f29-81a6-8d1329bd4dae" testListId="8c84fa94-04c1-424b-9868-57a2d4851a1d" />
    <TestEntry testId="480b0ea4-f2b6-138f-8d27-f25cc30d63ce" executionId="2b704fb8-de67-47a4-babe-04f7e0bddd3b" testListId="8c84fa94-04c1-424b-9868-57a2d4851a1d" />
    <TestEntry testId="5acfe1ea-6f45-add4-d3f4-173f208845e1" executionId="1dc196e6-4f29-4300-8238-667611045ef5" testListId="8c84fa94-04c1-424b-9868-57a2d4851a1d" />
    <TestEntry testId="5e258829-cc77-e96d-b472-cbc97488bf7e" executionId="95f3f2de-41ff-4480-9549-a686c7779f2e" testListId="8c84fa94-04c1-424b-9868-57a2d4851a1d" />
    <TestEntry testId="61e1c6ab-3d6a-0658-7312-ea878f4b1bc3" executionId="e1e38206-634f-44f1-9afa-fd2976cd09f3" testListId="8c84fa94-04c1-424b-9868-57a2d4851a1d" />
    <TestEntry testId="6e2d0e9e-99e5-4678-fb3c-5436cacf6e8d" executionId="6d51c1b3-c1d5-46db-921b-01a934a334da" testListId="8c84fa94-04c1-424b-9868-57a2d4851a1d" />
    <TestEntry testId="6ebd3136-4d71-3c7c-96c2-a536d4b45671" executionId="253a9310-b51e-40aa-b62d-0f717868362f" testListId="8c84fa94-04c1-424b-9868-57a2d4851a1d" />
    <TestEntry testId="7fc471fb-1bdb-a100-f4a2-cad93ff0122c" executionId="8c43d3fb-ecf3-422c-b051-421e752b88e4" testListId="8c84fa94-04c1-424b-9868-57a2d4851a1d" />
    <TestEntry testId="820c65c9-3833-e6b0-bb49-8afe247a01bb" executionId="887236e5-e8e3-42ae-8793-9782005b8637" testListId="8c84fa94-04c1-424b-9868-57a2d4851a1d" />
    <TestEntry testId="88237b91-80b2-6cb4-d6aa-be7ec347b5c2" executionId="650dcda0-7b4a-4abc-8d4a-37ecd2a3d1ba" testListId="8c84fa94-04c1-424b-9868-57a2d4851a1d" />
    <TestEntry testId="8df35220-232b-2878-7d78-b522bb84d71c" executionId="fbe16af6-75a8-425b-9647-24054f47de5e" testListId="8c84fa94-04c1-424b-9868-57a2d4851a1d" />
    <TestEntry testId="e38817d2-8ab1-b8ee-2b1a-ae48d2250d61" executionId="ba3d5ab6-5914-480b-a410-1bea4c56d537" testListId="8c84fa94-04c1-424b-9868-57a2d4851a1d" />
    <TestEntry testId="e5535dc2-7316-e1a1-30d2-d3ba312de76b" executionId="608cdc72-4e0f-4df7-8f5b-f0122eadb08a" testListId="8c84fa94-04c1-424b-9868-57a2d4851a1d" />
  </TestEntries>
  <Results>
    <UnitTestResult executionId="2f15de1d-d853-420e-b10a-7dcb1e6ad710" testId="1422b94e-4575-c4b8-584e-a8452e706be7" testName="PopTestEmptyStackThenPush" computerName="RNDM-LAPTOP" duration="00:00:00.0240235" startTime="2014-03-06T08:58:45.9147318+13:00" endTime="2014-03-06T08:58:46.1218692+13:00" testType="13cdc9d9-ddb5-4fa4-a97d-d965ccfc6d4b" outcome="Passed" testListId="8c84fa94-04c1-424b-9868-57a2d4851a1d" relativeResultsDirectory="2f15de1d-d853-420e-b10a-7dcb1e6ad710">
    </UnitTestResult>
    <UnitTestResult executionId="89c0eba4-0d4a-4ec3-b195-469f0a387a59" testId="191a40ab-4423-431d-aa2a-72f4d5a00a72" testName="PushTestEmptyStack" computerName="RNDM-LAPTOP" duration="00:00:00.0005024" startTime="2014-03-06T08:58:46.1248741+13:00" endTime="2014-03-06T08:58:46.1278754+13:00" testType="13cdc9d9-ddb5-4fa4-a97d-d965ccfc6d4b" outcome="Passed" testListId="8c84fa94-04c1-424b-9868-57a2d4851a1d" relativeResultsDirectory="89c0eba4-0d4a-4ec3-b195-469f0a387a59">
    </UnitTestResult>
    <UnitTestResult executionId="0401db79-9366-46d2-a174-11e6b8c6ad9a" testId="2092c165-ea5b-bef2-a186-abe14a38f351" testName="PopTestEmptyStackMultipleTimes" computerName="RNDM-LAPTOP" duration="00:00:00.0004203" startTime="2014-03-06T08:58:46.1308754+13:00" endTime="2014-03-06T08:58:46.1328776+13:00" testType="13cdc9d9-ddb5-4fa4-a97d-d965ccfc6d4b" outcome="Passed" testListId="8c84fa94-04c1-424b-9868-57a2d4851a1d" relativeResultsDirectory="0401db79-9366-46d2-a174-11e6b8c6ad9a">
    </UnitTestResult>
    <UnitTestResult executionId="274542b9-c257-4e8c-b9c1-88ddb6a1e4ff" testId="29d7a5f9-3970-194f-2682-903bcf519ef2" testName="PeekTestHelperDefault" computerName="RNDM-LAPTOP" duration="00:00:00.0003592" startTime="2014-03-06T08:58:46.1358825+13:00" endTime="2014-03-06T08:58:46.1378803+13:00" testType="13cdc9d9-ddb5-4fa4-a97d-d965ccfc6d4b" outcome="Passed" testListId="8c84fa94-04c1-424b-9868-57a2d4851a1d" relativeResultsDirectory="274542b9-c257-4e8c-b9c1-88ddb6a1e4ff">
    </UnitTestResult>
    <UnitTestResult executionId="916f0060-2a15-4222-b3bd-773695b5ddef" testId="3410c63c-7184-40ea-224e-b18bdcd38d3c" testName="PeekTestCheckDoesntRemoveItem" computerName="RNDM-LAPTOP" duration="00:00:00.0013087" startTime="2014-03-06T08:58:46.1408825+13:00" endTime="2014-03-06T08:58:46.1438839+13:00" testType="13cdc9d9-ddb5-4fa4-a97d-d965ccfc6d4b" outcome="Passed" testListId="8c84fa94-04c1-424b-9868-57a2d4851a1d" relativeResultsDirectory="916f0060-2a15-4222-b3bd-773695b5ddef">
    </UnitTestResult>
    <UnitTestResult executionId="55dec581-9d8c-4e90-b03b-3f2353f94ccc" testId="3a5b2cbc-24e5-5729-ebec-48dd90e9eb17" testName="PushTestItemsInStack" computerName="RNDM-LAPTOP" duration="00:00:00.0003770" startTime="2014-03-06T08:58:46.1468861+13:00" endTime="2014-03-06T08:58:46.1488874+13:00" testType="13cdc9d9-ddb5-4fa4-a97d-d965ccfc6d4b" outcome="Passed" testListId="8c84fa94-04c1-424b-9868-57a2d4851a1d" relativeResultsDirectory="55dec581-9d8c-4e90-b03b-3f2353f94ccc">
    </UnitTestResult>
    <UnitTestResult executionId="335efa7f-44f6-4ba3-816a-67e9a20335ff" testId="4048ccfa-25fd-673c-3d3f-3fe1e5c1ac1c" testName="CountTestFullStack" computerName="RNDM-LAPTOP" duration="00:00:00.0004823" startTime="2014-03-06T08:58:46.1518901+13:00" endTime="2014-03-06T08:58:46.1538910+13:00" testType="13cdc9d9-ddb5-4fa4-a97d-d965ccfc6d4b" outcome="Passed" testListId="8c84fa94-04c1-424b-9868-57a2d4851a1d" relativeResultsDirectory="335efa7f-44f6-4ba3-816a-67e9a20335ff">
    </UnitTestResult>
    <UnitTestResult executionId="f640a0ab-2ae4-4f29-81a6-8d1329bd4dae" testId="44ee2b87-7353-582f-c9be-19c3ef4480b9" testName="PopTestEmptyStack" computerName="RNDM-LAPTOP" duration="00:00:00.0003159" startTime="2014-03-06T08:58:46.1558919+13:00" endTime="2014-03-06T08:58:46.1588945+13:00" testType="13cdc9d9-ddb5-4fa4-a97d-d965ccfc6d4b" outcome="Passed" testListId="8c84fa94-04c1-424b-9868-57a2d4851a1d" relativeResultsDirectory="f640a0ab-2ae4-4f29-81a6-8d1329bd4dae">
    </UnitTestResult>
    <UnitTestResult executionId="2b704fb8-de67-47a4-babe-04f7e0bddd3b" testId="480b0ea4-f2b6-138f-8d27-f25cc30d63ce" testName="StackConstructorTest" computerName="RNDM-LAPTOP" duration="00:00:00.0002530" startTime="2014-03-06T08:58:46.1608963+13:00" endTime="2014-03-06T08:58:46.1628972+13:00" testType="13cdc9d9-ddb5-4fa4-a97d-d965ccfc6d4b" outcome="Passed" testListId="8c84fa94-04c1-424b-9868-57a2d4851a1d" relativeResultsDirectory="2b704fb8-de67-47a4-babe-04f7e0bddd3b">
    </UnitTestResult>
    <UnitTestResult executionId="1dc196e6-4f29-4300-8238-667611045ef5" testId="5acfe1ea-6f45-add4-d3f4-173f208845e1" testName="PeekTestEmptyStack" computerName="RNDM-LAPTOP" duration="00:00:00.0002846" startTime="2014-03-06T08:58:46.1658990+13:00" endTime="2014-03-06T08:58:46.1689008+13:00" testType="13cdc9d9-ddb5-4fa4-a97d-d965ccfc6d4b" outcome="Passed" testListId="8c84fa94-04c1-424b-9868-57a2d4851a1d" relativeResultsDirectory="1dc196e6-4f29-4300-8238-667611045ef5">
    </UnitTestResult>
    <UnitTestResult executionId="95f3f2de-41ff-4480-9549-a686c7779f2e" testId="5e258829-cc77-e96d-b472-cbc97488bf7e" testName="IsEmptyTestAfterItemsPopped" computerName="RNDM-LAPTOP" duration="00:00:00.0012088" startTime="2014-03-06T08:58:46.1709025+13:00" endTime="2014-03-06T08:58:46.1739039+13:00" testType="13cdc9d9-ddb5-4fa4-a97d-d965ccfc6d4b" outcome="Passed" testListId="8c84fa94-04c1-424b-9868-57a2d4851a1d" relativeResultsDirectory="95f3f2de-41ff-4480-9549-a686c7779f2e">
    </UnitTestResult>
    <UnitTestResult executionId="e1e38206-634f-44f1-9afa-fd2976cd09f3" testId="61e1c6ab-3d6a-0658-7312-ea878f4b1bc3" testName="IsEmptyTestStackEmpty" computerName="RNDM-LAPTOP" duration="00:00:00.0002909" startTime="2014-03-06T08:58:46.1769061+13:00" endTime="2014-03-06T08:58:46.1789079+13:00" testType="13cdc9d9-ddb5-4fa4-a97d-d965ccfc6d4b" outcome="Passed" testListId="8c84fa94-04c1-424b-9868-57a2d4851a1d" relativeResultsDirectory="e1e38206-634f-44f1-9afa-fd2976cd09f3">
    </UnitTestResult>
    <UnitTestResult executionId="6d51c1b3-c1d5-46db-921b-01a934a334da" testId="6e2d0e9e-99e5-4678-fb3c-5436cacf6e8d" testName="PushTestPushStackIsFullException" computerName="RNDM-LAPTOP" duration="00:00:00.0054953" startTime="2014-03-06T08:58:46.1809092+13:00" endTime="2014-03-06T08:58:46.1889141+13:00" testType="13cdc9d9-ddb5-4fa4-a97d-d965ccfc6d4b" outcome="Passed" testListId="8c84fa94-04c1-424b-9868-57a2d4851a1d" relativeResultsDirectory="6d51c1b3-c1d5-46db-921b-01a934a334da">
    </UnitTestResult>
    <UnitTestResult executionId="253a9310-b51e-40aa-b62d-0f717868362f" testId="6ebd3136-4d71-3c7c-96c2-a536d4b45671" testName="CountTestDefault" computerName="RNDM-LAPTOP" duration="00:00:00.0004047" startTime="2014-03-06T08:58:46.1909159+13:00" endTime="2014-03-06T08:58:46.1939181+13:00" testType="13cdc9d9-ddb5-4fa4-a97d-d965ccfc6d4b" outcome="Passed" testListId="8c84fa94-04c1-424b-9868-57a2d4851a1d" relativeResultsDirectory="253a9310-b51e-40aa-b62d-0f717868362f">
    </UnitTestResult>
    <UnitTestResult executionId="8c43d3fb-ecf3-422c-b051-421e752b88e4" testId="7fc471fb-1bdb-a100-f4a2-cad93ff0122c" testName="PeekTestFullStack" computerName="RNDM-LAPTOP" duration="00:00:00.0004596" startTime="2014-03-06T08:58:46.1959190+13:00" endTime="2014-03-06T08:58:46.1989208+13:00" testType="13cdc9d9-ddb5-4fa4-a97d-d965ccfc6d4b" outcome="Passed" testListId="8c84fa94-04c1-424b-9868-57a2d4851a1d" relativeResultsDirectory="8c43d3fb-ecf3-422c-b051-421e752b88e4">
    </UnitTestResult>
    <UnitTestResult executionId="887236e5-e8e3-42ae-8793-9782005b8637" testId="820c65c9-3833-e6b0-bb49-8afe247a01bb" testName="CountTestEmptyStack" computerName="RNDM-LAPTOP" duration="00:00:00.0002788" startTime="2014-03-06T08:58:46.2009221+13:00" endTime="2014-03-06T08:58:46.2039243+13:00" testType="13cdc9d9-ddb5-4fa4-a97d-d965ccfc6d4b" outcome="Passed" testListId="8c84fa94-04c1-424b-9868-57a2d4851a1d" relativeResultsDirectory="887236e5-e8e3-42ae-8793-9782005b8637">
    </UnitTestResult>
    <UnitTestResult executionId="650dcda0-7b4a-4abc-8d4a-37ecd2a3d1ba" testId="88237b91-80b2-6cb4-d6aa-be7ec347b5c2" testName="IsEmptyTestStackHasItem" computerName="RNDM-LAPTOP" duration="00:00:00.0003427" startTime="2014-03-06T08:58:46.2059261+13:00" endTime="2014-03-06T08:58:46.2079274+13:00" testType="13cdc9d9-ddb5-4fa4-a97d-d965ccfc6d4b" outcome="Passed" testListId="8c84fa94-04c1-424b-9868-57a2d4851a1d" relativeResultsDirectory="650dcda0-7b4a-4abc-8d4a-37ecd2a3d1ba">
    </UnitTestResult>
    <UnitTestResult executionId="fbe16af6-75a8-425b-9647-24054f47de5e" testId="8df35220-232b-2878-7d78-b522bb84d71c" testName="PopTestFullStack" computerName="RNDM-LAPTOP" duration="00:00:00.0004805" startTime="2014-03-06T08:58:46.2109283+13:00" endTime="2014-03-06T08:58:46.2129310+13:00" testType="13cdc9d9-ddb5-4fa4-a97d-d965ccfc6d4b" outcome="Passed" testListId="8c84fa94-04c1-424b-9868-57a2d4851a1d" relativeResultsDirectory="fbe16af6-75a8-425b-9647-24054f47de5e">
    </UnitTestResult>
    <UnitTestResult executionId="ba3d5ab6-5914-480b-a410-1bea4c56d537" testId="e38817d2-8ab1-b8ee-2b1a-ae48d2250d61" testName="PopTestDefault" computerName="RNDM-LAPTOP" duration="00:00:00.0004457" startTime="2014-03-06T08:58:46.2159328+13:00" endTime="2014-03-06T08:58:46.2179332+13:00" testType="13cdc9d9-ddb5-4fa4-a97d-d965ccfc6d4b" outcome="Passed" testListId="8c84fa94-04c1-424b-9868-57a2d4851a1d" relativeResultsDirectory="ba3d5ab6-5914-480b-a410-1bea4c56d537">
    </UnitTestResult>
    <UnitTestResult executionId="608cdc72-4e0f-4df7-8f5b-f0122eadb08a" testId="e5535dc2-7316-e1a1-30d2-d3ba312de76b" testName="IsEmptyTestAfterFillingStackThenPoppingStack" computerName="RNDM-LAPTOP" duration="00:00:00.0005296" startTime="2014-03-06T08:58:46.2209355+13:00" endTime="2014-03-06T08:58:46.2229368+13:00" testType="13cdc9d9-ddb5-4fa4-a97d-d965ccfc6d4b" outcome="Passed" testListId="8c84fa94-04c1-424b-9868-57a2d4851a1d" relativeResultsDirectory="608cdc72-4e0f-4df7-8f5b-f0122eadb08a">
    </UnitTestResult>
  </Results>
</TestRun>