<?xml version="1.0" encoding="UTF-8"?>
<TestRun id="c394bcdf-b272-4dbc-b010-ae7f04e55440" name="rNdm@RNDM-PC 2014-03-05 21:10:38" runUser="RNDM-PC\rNdm" xmlns="http://microsoft.com/schemas/VisualStudio/TeamTest/2010">
  <TestSettings name="Local" id="ab684e55-41fe-4872-9932-1149f5004a7c">
    <Description>These are default test settings for a local test run.</Description>
    <Deployment runDeploymentRoot="rNdm_RNDM-PC 2014-03-05 21_10_38">
      <DeploymentItem filename="E:\Work\C#\Stack Unit Testing\Stack Unit Testing\bin\Debug\Stack Unit Testing.exe" />
    </Deployment>
    <Execution>
      <TestTypeSpecific>
        <UnitTestRunConfig testTypeId="13cdc9d9-ddb5-4fa4-a97d-d965ccfc6d4b">
          <AssemblyResolution>
            <TestDirectory useLoadContext="true" />
          </AssemblyResolution>
        </UnitTestRunConfig>
        <WebTestRunConfiguration testTypeId="4e7599fa-5ecb-43e9-a887-cd63cf72d207">
          <Browser name="Internet Explorer 7.0">
            <Headers>
              <Header name="User-Agent" value="Mozilla/4.0 (compatible; MSIE 7.0; Windows NT 5.1)" />
              <Header name="Accept" value="*/*" />
              <Header name="Accept-Language" value="{{$IEAcceptLanguage}}" />
              <Header name="Accept-Encoding" value="GZIP" />
            </Headers>
          </Browser>
        </WebTestRunConfiguration>
      </TestTypeSpecific>
      <AgentRule name="LocalMachineDefaultRole">
      </AgentRule>
    </Execution>
  </TestSettings>
  <Times creation="2014-03-05T21:10:38.8813807+13:00" queuing="2014-03-05T21:10:38.9843730+13:00" start="2014-03-05T21:10:38.9893660+13:00" finish="2014-03-05T21:10:39.1493434+13:00" />
  <ResultSummary outcome="Completed">
    <Counters total="6" executed="6" passed="6" error="0" failed="0" timeout="0" aborted="0" inconclusive="0" passedButRunAborted="0" notRunnable="0" notExecuted="0" disconnected="0" warning="0" completed="0" inProgress="0" pending="0" />
  </ResultSummary>
  <TestDefinitions>
    <UnitTest name="PopTest" storage="e:\work\c#\stack unit testing\stack unit testing tests\bin\debug\stack unit testing tests.dll" id="a6d8d5a3-b15b-a6bf-942e-6276b5820c37">
      <DeploymentItems>
        <DeploymentItem filename="Stack Unit Testing.exe" />
      </DeploymentItems>
      <Execution id="bc4e006f-ae41-4ffb-ac5e-025fe2e7f9f9" />
      <TestMethod codeBase="E:/Work/C#/Stack Unit Testing/Stack Unit Testing Tests/bin/Debug/Stack Unit Testing Tests.DLL" adapterTypeName="Microsoft.VisualStudio.TestTools.TestTypes.Unit.UnitTestAdapter, Microsoft.VisualStudio.QualityTools.Tips.UnitTest.Adapter, Version=10.0.0.0, Culture=neutral, PublicKeyToken=b03f5f7f11d50a3a" className="Stack_Unit_Testing_Tests.StackTest, Stack Unit Testing Tests, Version=1.0.0.0, Culture=neutral, PublicKeyToken=null" name="PopTest" />
    </UnitTest>
    <UnitTest name="PushTest" storage="e:\work\c#\stack unit testing\stack unit testing tests\bin\debug\stack unit testing tests.dll" id="4950bc99-cc0f-a83c-85ea-438fe2a2cc4c">
      <DeploymentItems>
        <DeploymentItem filename="Stack Unit Testing.exe" />
      </DeploymentItems>
      <Execution id="1b07cf65-7492-40b2-8722-d8850c02010a" />
      <TestMethod codeBase="E:/Work/C#/Stack Unit Testing/Stack Unit Testing Tests/bin/Debug/Stack Unit Testing Tests.DLL" adapterTypeName="Microsoft.VisualStudio.TestTools.TestTypes.Unit.UnitTestAdapter, Microsoft.VisualStudio.QualityTools.Tips.UnitTest.Adapter, Version=10.0.0.0, Culture=neutral, PublicKeyToken=b03f5f7f11d50a3a" className="Stack_Unit_Testing_Tests.StackTest, Stack Unit Testing Tests, Version=1.0.0.0, Culture=neutral, PublicKeyToken=null" name="PushTest" />
    </UnitTest>
    <UnitTest name="StackConstructorTest" storage="e:\work\c#\stack unit testing\stack unit testing tests\bin\debug\stack unit testing tests.dll" id="480b0ea4-f2b6-138f-8d27-f25cc30d63ce">
      <DeploymentItems>
        <DeploymentItem filename="Stack Unit Testing.exe" />
      </DeploymentItems>
      <Execution id="913fdfe9-7e3a-485e-aa49-2303d0ae6901" />
      <TestMethod codeBase="E:/Work/C#/Stack Unit Testing/Stack Unit Testing Tests/bin/Debug/Stack Unit Testing Tests.DLL" adapterTypeName="Microsoft.VisualStudio.TestTools.TestTypes.Unit.UnitTestAdapter, Microsoft.VisualStudio.QualityTools.Tips.UnitTest.Adapter, Version=10.0.0.0, Culture=neutral, PublicKeyToken=b03f5f7f11d50a3a" className="Stack_Unit_Testing_Tests.StackTest, Stack Unit Testing Tests, Version=1.0.0.0, Culture=neutral, PublicKeyToken=null" name="StackConstructorTest" />
    </UnitTest>
    <UnitTest name="CountTest" storage="e:\work\c#\stack unit testing\stack unit testing tests\bin\debug\stack unit testing tests.dll" id="f6a16e3b-46d3-cdfb-0603-80020653299b">
      <DeploymentItems>
        <DeploymentItem filename="Stack Unit Testing.exe" />
      </DeploymentItems>
      <Execution id="302fd134-c44b-4632-b213-42444ecb2463" />
      <TestMethod codeBase="E:/Work/C#/Stack Unit Testing/Stack Unit Testing Tests/bin/Debug/Stack Unit Testing Tests.DLL" adapterTypeName="Microsoft.VisualStudio.TestTools.TestTypes.Unit.UnitTestAdapter, Microsoft.VisualStudio.QualityTools.Tips.UnitTest.Adapter, Version=10.0.0.0, Culture=neutral, PublicKeyToken=b03f5f7f11d50a3a" className="Stack_Unit_Testing_Tests.StackTest, Stack Unit Testing Tests, Version=1.0.0.0, Culture=neutral, PublicKeyToken=null" name="CountTest" />
    </UnitTest>
    <UnitTest name="IsEmptyTest" storage="e:\work\c#\stack unit testing\stack unit testing tests\bin\debug\stack unit testing tests.dll" id="070e84b6-40a6-f27e-45d8-01068f859e91">
      <DeploymentItems>
        <DeploymentItem filename="Stack Unit Testing.exe" />
      </DeploymentItems>
      <Execution id="0db0b743-6f06-4268-a63b-c5936137e034" />
      <TestMethod codeBase="E:/Work/C#/Stack Unit Testing/Stack Unit Testing Tests/bin/Debug/Stack Unit Testing Tests.DLL" adapterTypeName="Microsoft.VisualStudio.TestTools.TestTypes.Unit.UnitTestAdapter, Microsoft.VisualStudio.QualityTools.Tips.UnitTest.Adapter, Version=10.0.0.0, Culture=neutral, PublicKeyToken=b03f5f7f11d50a3a" className="Stack_Unit_Testing_Tests.StackTest, Stack Unit Testing Tests, Version=1.0.0.0, Culture=neutral, PublicKeyToken=null" name="IsEmptyTest" />
    </UnitTest>
    <UnitTest name="PeekTest" storage="e:\work\c#\stack unit testing\stack unit testing tests\bin\debug\stack unit testing tests.dll" id="74e9a0d3-612d-34c2-9084-efc2a9f6953f">
      <DeploymentItems>
        <DeploymentItem filename="Stack Unit Testing.exe" />
      </DeploymentItems>
      <Execution id="6182ab5f-2bea-461f-9c8a-ee456206f7ea" />
      <TestMethod codeBase="E:/Work/C#/Stack Unit Testing/Stack Unit Testing Tests/bin/Debug/Stack Unit Testing Tests.DLL" adapterTypeName="Microsoft.VisualStudio.TestTools.TestTypes.Unit.UnitTestAdapter, Microsoft.VisualStudio.QualityTools.Tips.UnitTest.Adapter, Version=10.0.0.0, Culture=neutral, PublicKeyToken=b03f5f7f11d50a3a" className="Stack_Unit_Testing_Tests.StackTest, Stack Unit Testing Tests, Version=1.0.0.0, Culture=neutral, PublicKeyToken=null" name="PeekTest" />
    </UnitTest>
  </TestDefinitions>
  <TestLists>
    <TestList name="Results Not in a List" id="8c84fa94-04c1-424b-9868-57a2d4851a1d" />
    <TestList name="All Loaded Results" id="19431567-8539-422a-85d7-44ee4e166bda" />
  </TestLists>
  <TestEntries>
    <TestEntry testId="070e84b6-40a6-f27e-45d8-01068f859e91" executionId="0db0b743-6f06-4268-a63b-c5936137e034" testListId="8c84fa94-04c1-424b-9868-57a2d4851a1d" />
    <TestEntry testId="480b0ea4-f2b6-138f-8d27-f25cc30d63ce" executionId="913fdfe9-7e3a-485e-aa49-2303d0ae6901" testListId="8c84fa94-04c1-424b-9868-57a2d4851a1d" />
    <TestEntry testId="4950bc99-cc0f-a83c-85ea-438fe2a2cc4c" executionId="1b07cf65-7492-40b2-8722-d8850c02010a" testListId="8c84fa94-04c1-424b-9868-57a2d4851a1d" />
    <TestEntry testId="74e9a0d3-612d-34c2-9084-efc2a9f6953f" executionId="6182ab5f-2bea-461f-9c8a-ee456206f7ea" testListId="8c84fa94-04c1-424b-9868-57a2d4851a1d" />
    <TestEntry testId="a6d8d5a3-b15b-a6bf-942e-6276b5820c37" executionId="bc4e006f-ae41-4ffb-ac5e-025fe2e7f9f9" testListId="8c84fa94-04c1-424b-9868-57a2d4851a1d" />
    <TestEntry testId="f6a16e3b-46d3-cdfb-0603-80020653299b" executionId="302fd134-c44b-4632-b213-42444ecb2463" testListId="8c84fa94-04c1-424b-9868-57a2d4851a1d" />
  </TestEntries>
  <Results>
    <UnitTestResult executionId="0db0b743-6f06-4268-a63b-c5936137e034" testId="070e84b6-40a6-f27e-45d8-01068f859e91" testName="IsEmptyTest" computerName="RNDM-PC" duration="00:00:00.0144777" startTime="2014-03-05T21:10:38.9903358+13:00" endTime="2014-03-05T21:10:39.1233419+13:00" testType="13cdc9d9-ddb5-4fa4-a97d-d965ccfc6d4b" outcome="Passed" testListId="8c84fa94-04c1-424b-9868-57a2d4851a1d" relativeResultsDirectory="0db0b743-6f06-4268-a63b-c5936137e034">
    </UnitTestResult>
    <UnitTestResult executionId="913fdfe9-7e3a-485e-aa49-2303d0ae6901" testId="480b0ea4-f2b6-138f-8d27-f25cc30d63ce" testName="StackConstructorTest" computerName="RNDM-PC" duration="00:00:00.0002215" startTime="2014-03-05T21:10:39.1243424+13:00" endTime="2014-03-05T21:10:39.1263420+13:00" testType="13cdc9d9-ddb5-4fa4-a97d-d965ccfc6d4b" outcome="Passed" testListId="8c84fa94-04c1-424b-9868-57a2d4851a1d" relativeResultsDirectory="913fdfe9-7e3a-485e-aa49-2303d0ae6901">
    </UnitTestResult>
    <UnitTestResult executionId="1b07cf65-7492-40b2-8722-d8850c02010a" testId="4950bc99-cc0f-a83c-85ea-438fe2a2cc4c" testName="PushTest" computerName="RNDM-PC" duration="00:00:00.0003558" startTime="2014-03-05T21:10:39.1263420+13:00" endTime="2014-03-05T21:10:39.1283754+13:00" testType="13cdc9d9-ddb5-4fa4-a97d-d965ccfc6d4b" outcome="Passed" testListId="8c84fa94-04c1-424b-9868-57a2d4851a1d" relativeResultsDirectory="1b07cf65-7492-40b2-8722-d8850c02010a">
    </UnitTestResult>
    <UnitTestResult executionId="6182ab5f-2bea-461f-9c8a-ee456206f7ea" testId="74e9a0d3-612d-34c2-9084-efc2a9f6953f" testName="PeekTest" computerName="RNDM-PC" duration="00:00:00.0010265" startTime="2014-03-05T21:10:39.1293427+13:00" endTime="2014-03-05T21:10:39.1313724+13:00" testType="13cdc9d9-ddb5-4fa4-a97d-d965ccfc6d4b" outcome="Passed" testListId="8c84fa94-04c1-424b-9868-57a2d4851a1d" relativeResultsDirectory="6182ab5f-2bea-461f-9c8a-ee456206f7ea">
    </UnitTestResult>
    <UnitTestResult executionId="bc4e006f-ae41-4ffb-ac5e-025fe2e7f9f9" testId="a6d8d5a3-b15b-a6bf-942e-6276b5820c37" testName="PopTest" computerName="RNDM-PC" duration="00:00:00.0003464" startTime="2014-03-05T21:10:39.1323428+13:00" endTime="2014-03-05T21:10:39.1333444+13:00" testType="13cdc9d9-ddb5-4fa4-a97d-d965ccfc6d4b" outcome="Passed" testListId="8c84fa94-04c1-424b-9868-57a2d4851a1d" relativeResultsDirectory="bc4e006f-ae41-4ffb-ac5e-025fe2e7f9f9">
    </UnitTestResult>
    <UnitTestResult executionId="302fd134-c44b-4632-b213-42444ecb2463" testId="f6a16e3b-46d3-cdfb-0603-80020653299b" testName="CountTest" computerName="RNDM-PC" duration="00:00:00.0003117" startTime="2014-03-05T21:10:39.1343446+13:00" endTime="2014-03-05T21:10:39.1353930+13:00" testType="13cdc9d9-ddb5-4fa4-a97d-d965ccfc6d4b" outcome="Passed" testListId="8c84fa94-04c1-424b-9868-57a2d4851a1d" relativeResultsDirectory="302fd134-c44b-4632-b213-42444ecb2463">
    </UnitTestResult>
  </Results>
</TestRun>