<?xml version="1.0" encoding="UTF-8"?>
<TestRun id="6bb1f282-ecaa-41a2-9c79-fce7cb26dea8" name="rndm@RNDM-VM 2014-03-15 23:59:43" runUser="RNDM-VM\rndm" xmlns="http://microsoft.com/schemas/VisualStudio/TeamTest/2010">
  <TestSettings name="Local" id="c7899930-c836-44cf-ba38-cbb517c7b731">
    <Description>These are default test settings for a local test run.</Description>
    <Deployment enabled="false" runDeploymentRoot="rndm_RNDM-VM 2014-03-15 23_59_43">
      <DeploymentItem filename="Z:\Work\C-\Text Encryptor\Text Encryptor\Text Encryptor\bin\Debug\Text Encryptor.exe" />
    </Deployment>
    <Execution>
      <TestTypeSpecific />
      <AgentRule name="Execution Agents">
      </AgentRule>
    </Execution>
  </TestSettings>
  <Times creation="2014-03-15T23:59:43.9005794+13:00" queuing="2014-03-15T23:59:43.9786221+13:00" start="2014-03-15T23:59:43.9786221+13:00" finish="2014-03-15T23:59:44.2754987+13:00" />
  <ResultSummary outcome="Inconclusive">
    <Counters total="2" executed="2" error="0" failed="0" timeout="0" aborted="0" inconclusive="2" passedButRunAborted="0" notRunnable="0" notExecuted="0" disconnected="0" warning="0" passed="0" completed="0" inProgress="0" pending="0" />
    <RunInfos>
      <RunInfo computerName="RNDM-VM" outcome="Warning" timestamp="2014-03-15T23:59:43.9786221+13:00">
        <Text>Deployment is currently disabled. The deployment item 'Text Encryptor.exe' on test 'Text_Encyptor_Tests.Rot13Test.Rot13ConstructorTest' was not deployed.</Text>
      </RunInfo>
    </RunInfos>
  </ResultSummary>
  <TestDefinitions>
    <UnitTest name="Rot13ConstructorTest" storage="z:\work\c-\text encryptor\text encryptor\text encyptor tests\bin\debug\text encyptor tests.dll" id="a8376afc-1c19-14d8-4ad9-b6f9c169d8b9">
      <DeploymentItems>
        <DeploymentItem filename="Text Encryptor.exe" />
      </DeploymentItems>
      <Execution id="07ba4beb-4e00-4597-bc90-73c0da6d31a7" />
      <TestMethod codeBase="Z:/Work/C-/Text Encryptor/Text Encryptor/Text Encyptor Tests/bin/Debug/Text Encyptor Tests.DLL" adapterTypeName="Microsoft.VisualStudio.TestTools.TestTypes.Unit.UnitTestAdapter, Microsoft.VisualStudio.QualityTools.Tips.UnitTest.Adapter, Version=10.0.0.0, Culture=neutral, PublicKeyToken=b03f5f7f11d50a3a" className="Text_Encyptor_Tests.Rot13Test, Text Encyptor Tests, Version=1.0.0.0, Culture=neutral, PublicKeyToken=null" name="Rot13ConstructorTest" />
    </UnitTest>
    <UnitTest name="EncryptTest" storage="z:\work\c-\text encryptor\text encryptor\text encyptor tests\bin\debug\text encyptor tests.dll" id="7f91310e-fb83-794d-7a4e-eb2b227296d0">
      <DeploymentItems>
        <DeploymentItem filename="Text Encryptor.exe" />
      </DeploymentItems>
      <Execution id="f74d7835-29e8-49cd-8bd4-8d130a232c72" />
      <TestMethod codeBase="Z:/Work/C-/Text Encryptor/Text Encryptor/Text Encyptor Tests/bin/Debug/Text Encyptor Tests.DLL" adapterTypeName="Microsoft.VisualStudio.TestTools.TestTypes.Unit.UnitTestAdapter, Microsoft.VisualStudio.QualityTools.Tips.UnitTest.Adapter, Version=10.0.0.0, Culture=neutral, PublicKeyToken=b03f5f7f11d50a3a" className="Text_Encyptor_Tests.Rot13Test, Text Encyptor Tests, Version=1.0.0.0, Culture=neutral, PublicKeyToken=null" name="EncryptTest" />
    </UnitTest>
  </TestDefinitions>
  <TestLists>
    <TestList name="Results Not in a List" id="8c84fa94-04c1-424b-9868-57a2d4851a1d" />
    <TestList name="All Loaded Results" id="19431567-8539-422a-85d7-44ee4e166bda" />
  </TestLists>
  <TestEntries>
    <TestEntry testId="7f91310e-fb83-794d-7a4e-eb2b227296d0" executionId="f74d7835-29e8-49cd-8bd4-8d130a232c72" testListId="8c84fa94-04c1-424b-9868-57a2d4851a1d" />
    <TestEntry testId="a8376afc-1c19-14d8-4ad9-b6f9c169d8b9" executionId="07ba4beb-4e00-4597-bc90-73c0da6d31a7" testListId="8c84fa94-04c1-424b-9868-57a2d4851a1d" />
  </TestEntries>
  <Results>
    <UnitTestResult executionId="f74d7835-29e8-49cd-8bd4-8d130a232c72" testId="7f91310e-fb83-794d-7a4e-eb2b227296d0" testName="EncryptTest" computerName="RNDM-VM" duration="00:00:00.0402792" startTime="2014-03-15T23:59:43.9942499+13:00" endTime="2014-03-15T23:59:44.2442554+13:00" testType="13cdc9d9-ddb5-4fa4-a97d-d965ccfc6d4b" outcome="Inconclusive" testListId="8c84fa94-04c1-424b-9868-57a2d4851a1d" relativeResultsDirectory="f74d7835-29e8-49cd-8bd4-8d130a232c72">
      <Output>
        <ErrorInfo>
          <Message>Assert.Inconclusive failed. Verify the correctness of this test method.</Message>
          <StackTrace>   at Text_Encyptor_Tests.Rot13Test.EncryptTest() in Z:\Work\C-\Text Encryptor\Text Encryptor\Text Encyptor Tests\Rot13Test.cs:line 91
</StackTrace>
        </ErrorInfo>
      </Output>
    </UnitTestResult>
    <UnitTestResult executionId="07ba4beb-4e00-4597-bc90-73c0da6d31a7" testId="a8376afc-1c19-14d8-4ad9-b6f9c169d8b9" testName="Rot13ConstructorTest" computerName="RNDM-VM" duration="00:00:00.0009178" startTime="2014-03-15T23:59:44.2442554+13:00" endTime="2014-03-15T23:59:44.2442554+13:00" testType="13cdc9d9-ddb5-4fa4-a97d-d965ccfc6d4b" outcome="Inconclusive" testListId="8c84fa94-04c1-424b-9868-57a2d4851a1d" relativeResultsDirectory="07ba4beb-4e00-4597-bc90-73c0da6d31a7">
      <Output>
        <ErrorInfo>
          <Message>Assert.Inconclusive failed. TODO: Implement code to verify target</Message>
          <StackTrace>   at Text_Encyptor_Tests.Rot13Test.Rot13ConstructorTest() in Z:\Work\C-\Text Encryptor\Text Encryptor\Text Encyptor Tests\Rot13Test.cs:line 75
</StackTrace>
        </ErrorInfo>
      </Output>
    </UnitTestResult>
  </Results>
</TestRun>